<?xml version="1.0" encoding="UTF-8"?>
<testsuite xmlns:xsi="http://www.w3.org/2001/XMLSchema-instance" xsi:noNamespaceSchemaLocation="https://maven.apache.org/surefire/maven-surefire-plugin/xsd/surefire-test-report-3.0.xsd" version="3.0" name="TestSuite" time="38.099" tests="2" errors="0" skipped="0" failures="0">
  <properties>
    <property name="sun.desktop" value="windows"/>
    <property name="awt.toolkit" value="sun.awt.windows.WToolkit"/>
    <property name="file.encoding.pkg" value="sun.io"/>
    <property name="java.specification.version" value="1.8"/>
    <property name="sun.cpu.isalist" value="amd64"/>
    <property name="sun.jnu.encoding" value="Cp1252"/>
    <property name="java.class.path" value="C:\Users\maliniv\Desktop\Technology Upgrade\Appium\MobileBasics\JavaUnderstand\Framework\target\test-classes;C:\Users\maliniv\Desktop\Technology Upgrade\Appium\MobileBasics\JavaUnderstand\Framework\target\classes;C:\Users\maliniv\.m2\repository\io\appium\java-client\7.3.0\java-client-7.3.0.jar;C:\Users\maliniv\.m2\repository\org\seleniumhq\selenium\selenium-support\3.141.59\selenium-support-3.141.59.jar;C:\Users\maliniv\.m2\repository\org\seleniumhq\selenium\selenium-api\3.141.59\selenium-api-3.141.59.jar;C:\Users\maliniv\.m2\repository\com\google\code\gson\gson\2.8.5\gson-2.8.5.jar;C:\Users\maliniv\.m2\repository\org\apache\httpcomponents\httpclient\4.5.9\httpclient-4.5.9.jar;C:\Users\maliniv\.m2\repository\org\apache\httpcomponents\httpcore\4.4.11\httpcore-4.4.11.jar;C:\Users\maliniv\.m2\repository\commons-codec\commons-codec\1.11\commons-codec-1.11.jar;C:\Users\maliniv\.m2\repository\cglib\cglib\3.2.12\cglib-3.2.12.jar;C:\Users\maliniv\.m2\repository\org\ow2\asm\asm\7.1\asm-7.1.jar;C:\Users\maliniv\.m2\repository\org\springframework\spring-context\5.1.8.RELEASE\spring-context-5.1.8.RELEASE.jar;C:\Users\maliniv\.m2\repository\org\springframework\spring-aop\5.1.8.RELEASE\spring-aop-5.1.8.RELEASE.jar;C:\Users\maliniv\.m2\repository\org\springframework\spring-beans\5.1.8.RELEASE\spring-beans-5.1.8.RELEASE.jar;C:\Users\maliniv\.m2\repository\org\springframework\spring-core\5.1.8.RELEASE\spring-core-5.1.8.RELEASE.jar;C:\Users\maliniv\.m2\repository\org\springframework\spring-jcl\5.1.8.RELEASE\spring-jcl-5.1.8.RELEASE.jar;C:\Users\maliniv\.m2\repository\org\springframework\spring-expression\5.1.8.RELEASE\spring-expression-5.1.8.RELEASE.jar;C:\Users\maliniv\.m2\repository\org\aspectj\aspectjweaver\1.9.4\aspectjweaver-1.9.4.jar;C:\Users\maliniv\.m2\repository\org\seleniumhq\selenium\selenium-java\3.141.59\selenium-java-3.141.59.jar;C:\Users\maliniv\.m2\repository\org\seleniumhq\selenium\selenium-chrome-driver\3.141.59\selenium-chrome-driver-3.141.59.jar;C:\Users\maliniv\.m2\repository\org\seleniumhq\selenium\selenium-edge-driver\3.141.59\selenium-edge-driver-3.141.59.jar;C:\Users\maliniv\.m2\repository\org\seleniumhq\selenium\selenium-firefox-driver\3.141.59\selenium-firefox-driver-3.141.59.jar;C:\Users\maliniv\.m2\repository\org\seleniumhq\selenium\selenium-ie-driver\3.141.59\selenium-ie-driver-3.141.59.jar;C:\Users\maliniv\.m2\repository\org\seleniumhq\selenium\selenium-opera-driver\3.141.59\selenium-opera-driver-3.141.59.jar;C:\Users\maliniv\.m2\repository\org\seleniumhq\selenium\selenium-remote-driver\3.141.59\selenium-remote-driver-3.141.59.jar;C:\Users\maliniv\.m2\repository\org\seleniumhq\selenium\selenium-safari-driver\3.141.59\selenium-safari-driver-3.141.59.jar;C:\Users\maliniv\.m2\repository\net\bytebuddy\byte-buddy\1.8.15\byte-buddy-1.8.15.jar;C:\Users\maliniv\.m2\repository\org\apache\commons\commons-exec\1.3\commons-exec-1.3.jar;C:\Users\maliniv\.m2\repository\com\google\guava\guava\25.0-jre\guava-25.0-jre.jar;C:\Users\maliniv\.m2\repository\com\google\code\findbugs\jsr305\1.3.9\jsr305-1.3.9.jar;C:\Users\maliniv\.m2\repository\org\checkerframework\checker-compat-qual\2.0.0\checker-compat-qual-2.0.0.jar;C:\Users\maliniv\.m2\repository\com\google\errorprone\error_prone_annotations\2.1.3\error_prone_annotations-2.1.3.jar;C:\Users\maliniv\.m2\repository\com\google\j2objc\j2objc-annotations\1.1\j2objc-annotations-1.1.jar;C:\Users\maliniv\.m2\repository\org\codehaus\mojo\animal-sniffer-annotations\1.14\animal-sniffer-annotations-1.14.jar;C:\Users\maliniv\.m2\repository\com\squareup\okhttp3\okhttp\3.11.0\okhttp-3.11.0.jar;C:\Users\maliniv\.m2\repository\com\squareup\okio\okio\1.14.0\okio-1.14.0.jar;C:\Users\maliniv\.m2\repository\org\apache\commons\commons-lang3\3.11\commons-lang3-3.11.jar;C:\Users\maliniv\.m2\repository\commons-validator\commons-validator\1.6\commons-validator-1.6.jar;C:\Users\maliniv\.m2\repository\commons-beanutils\commons-beanutils\1.9.2\commons-beanutils-1.9.2.jar;C:\Users\maliniv\.m2\repository\commons-digester\commons-digester\1.8.1\commons-digester-1.8.1.jar;C:\Users\maliniv\.m2\repository\commons-logging\commons-logging\1.2\commons-logging-1.2.jar;C:\Users\maliniv\.m2\repository\commons-collections\commons-collections\3.2.2\commons-collections-3.2.2.jar;C:\Users\maliniv\.m2\repository\commons-io\commons-io\2.7\commons-io-2.7.jar;C:\Users\maliniv\.m2\repository\org\testng\testng\6.14.3\testng-6.14.3.jar;C:\Users\maliniv\.m2\repository\com\beust\jcommander\1.72\jcommander-1.72.jar;C:\Users\maliniv\.m2\repository\org\apache-extras\beanshell\bsh\2.0b6\bsh-2.0b6.jar;C:\Users\maliniv\.m2\repository\com\aventstack\extentreports\4.0.0\extentreports-4.0.0.jar;C:\Users\maliniv\.m2\repository\org\freemarker\freemarker\2.3.23\freemarker-2.3.23.jar;C:\Users\maliniv\.m2\repository\org\mongodb\mongodb-driver\3.3.0\mongodb-driver-3.3.0.jar;C:\Users\maliniv\.m2\repository\org\mongodb\mongodb-driver-core\3.3.0\mongodb-driver-core-3.3.0.jar;C:\Users\maliniv\.m2\repository\org\mongodb\bson\3.3.0\bson-3.3.0.jar;C:\Users\maliniv\.m2\repository\org\apache\httpcomponents\httpmime\4.5.2\httpmime-4.5.2.jar;C:\Users\maliniv\.m2\repository\org\slf4j\slf4j-simple\1.7.30\slf4j-simple-1.7.30.jar;C:\Users\maliniv\.m2\repository\org\slf4j\slf4j-api\1.7.30\slf4j-api-1.7.30.jar;C:\Users\maliniv\.m2\repository\log4j\log4j\1.2.14\log4j-1.2.14.jar;"/>
    <property name="java.vm.vendor" value="Oracle Corporation"/>
    <property name="deviceName" value="GalaxyS10e"/>
    <property name="sun.arch.data.model" value="64"/>
    <property name="user.variant" value=""/>
    <property name="java.vendor.url" value="http://java.oracle.com/"/>
    <property name="user.timezone" value="Australia/Brisbane"/>
    <property name="java.vm.specification.version" value="1.8"/>
    <property name="os.name" value="Windows 8.1"/>
    <property name="user.country" value="US"/>
    <property name="sun.java.launcher" value="SUN_STANDARD"/>
    <property name="sun.boot.library.path" value="C:\Program Files\Java\jdk1.8.0_121\jre\bin"/>
    <property name="sun.java.command" value="C:\Users\maliniv\AppData\Local\Temp\surefire6512853674294167108\surefirebooter6260341117750322477.jar C:\Users\maliniv\AppData\Local\Temp\surefire6512853674294167108 2020-12-26T19-33-54_408-jvmRun1 surefire8187088583775052122tmp surefire_0571421610859551051tmp"/>
    <property name="surefire.test.class.path" value="C:\Users\maliniv\Desktop\Technology Upgrade\Appium\MobileBasics\JavaUnderstand\Framework\target\test-classes;C:\Users\maliniv\Desktop\Technology Upgrade\Appium\MobileBasics\JavaUnderstand\Framework\target\classes;C:\Users\maliniv\.m2\repository\io\appium\java-client\7.3.0\java-client-7.3.0.jar;C:\Users\maliniv\.m2\repository\org\seleniumhq\selenium\selenium-support\3.141.59\selenium-support-3.141.59.jar;C:\Users\maliniv\.m2\repository\org\seleniumhq\selenium\selenium-api\3.141.59\selenium-api-3.141.59.jar;C:\Users\maliniv\.m2\repository\com\google\code\gson\gson\2.8.5\gson-2.8.5.jar;C:\Users\maliniv\.m2\repository\org\apache\httpcomponents\httpclient\4.5.9\httpclient-4.5.9.jar;C:\Users\maliniv\.m2\repository\org\apache\httpcomponents\httpcore\4.4.11\httpcore-4.4.11.jar;C:\Users\maliniv\.m2\repository\commons-codec\commons-codec\1.11\commons-codec-1.11.jar;C:\Users\maliniv\.m2\repository\cglib\cglib\3.2.12\cglib-3.2.12.jar;C:\Users\maliniv\.m2\repository\org\ow2\asm\asm\7.1\asm-7.1.jar;C:\Users\maliniv\.m2\repository\org\springframework\spring-context\5.1.8.RELEASE\spring-context-5.1.8.RELEASE.jar;C:\Users\maliniv\.m2\repository\org\springframework\spring-aop\5.1.8.RELEASE\spring-aop-5.1.8.RELEASE.jar;C:\Users\maliniv\.m2\repository\org\springframework\spring-beans\5.1.8.RELEASE\spring-beans-5.1.8.RELEASE.jar;C:\Users\maliniv\.m2\repository\org\springframework\spring-core\5.1.8.RELEASE\spring-core-5.1.8.RELEASE.jar;C:\Users\maliniv\.m2\repository\org\springframework\spring-jcl\5.1.8.RELEASE\spring-jcl-5.1.8.RELEASE.jar;C:\Users\maliniv\.m2\repository\org\springframework\spring-expression\5.1.8.RELEASE\spring-expression-5.1.8.RELEASE.jar;C:\Users\maliniv\.m2\repository\org\aspectj\aspectjweaver\1.9.4\aspectjweaver-1.9.4.jar;C:\Users\maliniv\.m2\repository\org\seleniumhq\selenium\selenium-java\3.141.59\selenium-java-3.141.59.jar;C:\Users\maliniv\.m2\repository\org\seleniumhq\selenium\selenium-chrome-driver\3.141.59\selenium-chrome-driver-3.141.59.jar;C:\Users\maliniv\.m2\repository\org\seleniumhq\selenium\selenium-edge-driver\3.141.59\selenium-edge-driver-3.141.59.jar;C:\Users\maliniv\.m2\repository\org\seleniumhq\selenium\selenium-firefox-driver\3.141.59\selenium-firefox-driver-3.141.59.jar;C:\Users\maliniv\.m2\repository\org\seleniumhq\selenium\selenium-ie-driver\3.141.59\selenium-ie-driver-3.141.59.jar;C:\Users\maliniv\.m2\repository\org\seleniumhq\selenium\selenium-opera-driver\3.141.59\selenium-opera-driver-3.141.59.jar;C:\Users\maliniv\.m2\repository\org\seleniumhq\selenium\selenium-remote-driver\3.141.59\selenium-remote-driver-3.141.59.jar;C:\Users\maliniv\.m2\repository\org\seleniumhq\selenium\selenium-safari-driver\3.141.59\selenium-safari-driver-3.141.59.jar;C:\Users\maliniv\.m2\repository\net\bytebuddy\byte-buddy\1.8.15\byte-buddy-1.8.15.jar;C:\Users\maliniv\.m2\repository\org\apache\commons\commons-exec\1.3\commons-exec-1.3.jar;C:\Users\maliniv\.m2\repository\com\google\guava\guava\25.0-jre\guava-25.0-jre.jar;C:\Users\maliniv\.m2\repository\com\google\code\findbugs\jsr305\1.3.9\jsr305-1.3.9.jar;C:\Users\maliniv\.m2\repository\org\checkerframework\checker-compat-qual\2.0.0\checker-compat-qual-2.0.0.jar;C:\Users\maliniv\.m2\repository\com\google\errorprone\error_prone_annotations\2.1.3\error_prone_annotations-2.1.3.jar;C:\Users\maliniv\.m2\repository\com\google\j2objc\j2objc-annotations\1.1\j2objc-annotations-1.1.jar;C:\Users\maliniv\.m2\repository\org\codehaus\mojo\animal-sniffer-annotations\1.14\animal-sniffer-annotations-1.14.jar;C:\Users\maliniv\.m2\repository\com\squareup\okhttp3\okhttp\3.11.0\okhttp-3.11.0.jar;C:\Users\maliniv\.m2\repository\com\squareup\okio\okio\1.14.0\okio-1.14.0.jar;C:\Users\maliniv\.m2\repository\org\apache\commons\commons-lang3\3.11\commons-lang3-3.11.jar;C:\Users\maliniv\.m2\repository\commons-validator\commons-validator\1.6\commons-validator-1.6.jar;C:\Users\maliniv\.m2\repository\commons-beanutils\commons-beanutils\1.9.2\commons-beanutils-1.9.2.jar;C:\Users\maliniv\.m2\repository\commons-digester\commons-digester\1.8.1\commons-digester-1.8.1.jar;C:\Users\maliniv\.m2\repository\commons-logging\commons-logging\1.2\commons-logging-1.2.jar;C:\Users\maliniv\.m2\repository\commons-collections\commons-collections\3.2.2\commons-collections-3.2.2.jar;C:\Users\maliniv\.m2\repository\commons-io\commons-io\2.7\commons-io-2.7.jar;C:\Users\maliniv\.m2\repository\org\testng\testng\6.14.3\testng-6.14.3.jar;C:\Users\maliniv\.m2\repository\com\beust\jcommander\1.72\jcommander-1.72.jar;C:\Users\maliniv\.m2\repository\org\apache-extras\beanshell\bsh\2.0b6\bsh-2.0b6.jar;C:\Users\maliniv\.m2\repository\com\aventstack\extentreports\4.0.0\extentreports-4.0.0.jar;C:\Users\maliniv\.m2\repository\org\freemarker\freemarker\2.3.23\freemarker-2.3.23.jar;C:\Users\maliniv\.m2\repository\org\mongodb\mongodb-driver\3.3.0\mongodb-driver-3.3.0.jar;C:\Users\maliniv\.m2\repository\org\mongodb\mongodb-driver-core\3.3.0\mongodb-driver-core-3.3.0.jar;C:\Users\maliniv\.m2\repository\org\mongodb\bson\3.3.0\bson-3.3.0.jar;C:\Users\maliniv\.m2\repository\org\apache\httpcomponents\httpmime\4.5.2\httpmime-4.5.2.jar;C:\Users\maliniv\.m2\repository\org\slf4j\slf4j-simple\1.7.30\slf4j-simple-1.7.30.jar;C:\Users\maliniv\.m2\repository\org\slf4j\slf4j-api\1.7.30\slf4j-api-1.7.30.jar;C:\Users\maliniv\.m2\repository\log4j\log4j\1.2.14\log4j-1.2.14.jar;"/>
    <property name="sun.cpu.endian" value="little"/>
    <property name="user.home" value="C:\Users\maliniv"/>
    <property name="user.language" value="en"/>
    <property name="java.specification.vendor" value="Oracle Corporation"/>
    <property name="java.home" value="C:\Program Files\Java\jdk1.8.0_121\jre"/>
    <property name="basedir" value="C:\Users\maliniv\Desktop\Technology Upgrade\Appium\MobileBasics\JavaUnderstand\Framework"/>
    <property name="file.separator" value="\"/>
    <property name="line.separator" value="&#10;"/>
    <property name="java.vm.specification.vendor" value="Oracle Corporation"/>
    <property name="java.specification.name" value="Java Platform API Specification"/>
    <property name="java.awt.graphicsenv" value="sun.awt.Win32GraphicsEnvironment"/>
    <property name="surefire.real.class.path" value="C:\Users\maliniv\AppData\Local\Temp\surefire6512853674294167108\surefirebooter6260341117750322477.jar"/>
    <property name="sun.boot.class.path" value="C:\Program Files\Java\jdk1.8.0_121\jre\lib\resources.jar;C:\Program Files\Java\jdk1.8.0_121\jre\lib\rt.jar;C:\Program Files\Java\jdk1.8.0_121\jre\lib\sunrsasign.jar;C:\Program Files\Java\jdk1.8.0_121\jre\lib\jsse.jar;C:\Program Files\Java\jdk1.8.0_121\jre\lib\jce.jar;C:\Program Files\Java\jdk1.8.0_121\jre\lib\charsets.jar;C:\Program Files\Java\jdk1.8.0_121\jre\lib\jfr.jar;C:\Program Files\Java\jdk1.8.0_121\jre\classes"/>
    <property name="user.script" value=""/>
    <property name="sun.management.compiler" value="HotSpot 64-Bit Tiered Compilers"/>
    <property name="java.runtime.version" value="1.8.0_121-b13"/>
    <property name="user.name" value="maliniv"/>
    <property name="path.separator" value=";"/>
    <property name="os.version" value="6.3"/>
    <property name="java.endorsed.dirs" value="C:\Program Files\Java\jdk1.8.0_121\jre\lib\endorsed"/>
    <property name="java.runtime.name" value="Java(TM) SE Runtime Environment"/>
    <property name="file.encoding" value="Cp1252"/>
    <property name="java.vm.name" value="Java HotSpot(TM) 64-Bit Server VM"/>
    <property name="localRepository" value="C:\Users\maliniv\.m2\repository"/>
    <property name="java.vendor.url.bug" value="http://bugreport.sun.com/bugreport/"/>
    <property name="java.io.tmpdir" value="C:\Users\maliniv\AppData\Local\Temp\"/>
    <property name="java.version" value="1.8.0_121"/>
    <property name="user.dir" value="C:\Users\maliniv\Desktop\Technology Upgrade\Appium\MobileBasics\JavaUnderstand\Framework"/>
    <property name="os.arch" value="amd64"/>
    <property name="java.vm.specification.name" value="Java Virtual Machine Specification"/>
    <property name="java.awt.printerjob" value="sun.awt.windows.WPrinterJob"/>
    <property name="sun.os.patch.level" value=""/>
    <property name="java.library.path" value="C:\Program Files\Java\jdk1.8.0_121\jre\bin;C:\Windows\Sun\Java\bin;C:\Windows\system32;C:\Windows;C:/Program Files/Java/jre1.8.0_121/bin/server;C:/Program Files/Java/jre1.8.0_121/bin;C:/Program Files/Java/jre1.8.0_121/lib/amd64;C:\ProgramData\Oracle\Java\javapath;C:\Program Files (x86)\Intel\iCLS Client\;C:\Program Files\Intel\iCLS Client\;C:\Windows\system32;C:\Windows;C:\Windows\System32\Wbem;%ANT_HOME%\bin;C:\Users\maliniv\AppData\Local\Android\Sdk\tools;C:\Users\maliniv\Desktop\Technology Upgrade\MAVEN\apache-maven-3.6.3-bin\apache-maven-3.6.3\bin;C:\Program Files\Java\jdk1.8.0_121\bin;C:\Windows\System32\WindowsPowerShell\v1.0\;C:\Program Files\Intel\Intel(R) Management Engine Components\DAL;C:\Program Files (x86)\Intel\Intel(R) Management Engine Components\DAL;C:\Program Files\Intel\Intel(R) Management Engine Components\IPT;C:\Program Files (x86)\Intel\Intel(R) Management Engine Components\IPT;C:\Program Files\Intel\WiFi\bin\;C:\Program Files\Common Files\Intel\WirelessCommon\;C:\Program Files (x86)\Google\Google Apps Sync\;C:\Program Files (x86)\Google\Google Apps Migration\;C:\Program Files\Symantec.cloud\PlatformAgent\;C:\Program Files (x86)\Skype\Phone\;C:\Program Files\nodejs\;C:\Users\maliniv\AppData\Local\Android\Sdk\tools\bin;C:\Users\maliniv\AppData\Local\Android\Sdk\tools;C:\Users\maliniv\AppData\Local\Android\Sdk\platform-tools;C:\Program Files\nodejs\node_modules\npm\bin;C:\Users\maliniv\AppData\Local\Programs\Fiddler;C:\Users\maliniv\AppData\Roaming\npm;C:\Users\maliniv\Desktop\Technology Upgrade;;."/>
    <property name="java.vm.info" value="mixed mode"/>
    <property name="java.vendor" value="Oracle Corporation"/>
    <property name="java.vm.version" value="25.121-b13"/>
    <property name="java.ext.dirs" value="C:\Program Files\Java\jdk1.8.0_121\jre\lib\ext;C:\Windows\Sun\Java\lib\ext"/>
    <property name="sun.io.unicode.encoding" value="UnicodeLittle"/>
    <property name="java.class.version" value="52.0"/>
  </properties>
  <testcase name="writeMobileCalculatorTestScenarios[TestData1](1)" classname="Java.Framework.MobileCalculatorTestScenarios" time="7.783">
    <system-out><![CDATA[******URL + PORT *****http://0.0.0.0:24925/wd/hub
STRING : http://0.0.0.0:24925/wd/hub
URL  : 24925
PORT USED  : 24925
&amp#27;[35m[Appium]&amp#27;[39m Welcome to Appium v1.18.3
&amp#27;[35m[Appium]&amp#27;[39m Non-default server args:
&amp#27;[35m[Appium]&amp#27;[39m   port: 24925
&amp#27;[35m[Appium]&amp#27;[39m Appium REST http interface listener started on 0.0.0.0:24925
&amp#27;[35m[HTTP]&amp#27;[39m &amp#27;[37m-->&amp#27;[39m &amp#27;[37mGET&amp#27;[39m &amp#27;[37m/wd/hub/status&amp#27;[39m
&amp#27;[35m[HTTP]&amp#27;[39m &amp#27;[90m{}&amp#27;[39m
[debug] &amp#27;[35m[GENERIC]&amp#27;[39m Calling AppiumDriver.getStatus() with args: []
[debug] &amp#27;[35m[GENERIC]&amp#27;[39m Responding to client with driver.getStatus() result: {"build":{"version":"1.18.3"}}
&amp#27;[35m[HTTP]&amp#27;[39m &amp#27;[37m<-- GET /wd/hub/status &amp#27;[39m&amp#27;[32m200&amp#27;[39m &amp#27;[90m15 ms - 68&amp#27;[39m
&amp#27;[35m[HTTP]&amp#27;[39m &amp#27;[90m&amp#27;[39m
GalaxyS10e
&amp#27;[35m[HTTP]&amp#27;[39m &amp#27;[37m-->&amp#27;[39m &amp#27;[37mGET&amp#27;[39m &amp#27;[37m/wd/hub/status&amp#27;[39m
&amp#27;[35m[HTTP]&amp#27;[39m &amp#27;[90m{}&amp#27;[39m
[debug] &amp#27;[35m[GENERIC]&amp#27;[39m Calling AppiumDriver.getStatus() with args: []
[debug] &amp#27;[35m[GENERIC]&amp#27;[39m Responding to client with driver.getStatus() result: {"build":{"version":"1.18.3"}}
&amp#27;[35m[HTTP]&amp#27;[39m &amp#27;[37m<-- GET /wd/hub/status &amp#27;[39m&amp#27;[32m200&amp#27;[39m &amp#27;[90m3 ms - 68&amp#27;[39m
&amp#27;[35m[HTTP]&amp#27;[39m &amp#27;[90m&amp#27;[39m
&amp#27;[35m[HTTP]&amp#27;[39m &amp#27;[37m-->&amp#27;[39m &amp#27;[37mPOST&amp#27;[39m &amp#27;[37m/wd/hub/session&amp#27;[39m
&amp#27;[35m[HTTP]&amp#27;[39m &amp#27;[90m{"desiredCapabilities":{"appActivity":"com.sec.android.app.popupcalculator.Calculator","appPackage":"com.sec.android.app.popupcalculator","newCommandTimeout":"10000","platformVersion":"10","automationName":"UiAutomator2","platformName":"Android","deviceName":"GalaxyS10e"},"capabilities":{"firstMatch":[{"appium:appActivity":"com.sec.android.app.popupcalculator.Calculator","appium:appPackage":"com.sec.android.app.popupcalculator","appium:automationName":"UiAutomator2","appium:deviceName":"GalaxyS10e","appium:newCommandTimeout":"10000","platformName":"android","appium:platformVersion":"10"}]}}&amp#27;[39m
[debug] &amp#27;[35m[W3C]&amp#27;[39m Calling AppiumDriver.createSession() with args: [{"appActivity":"com.sec.android.app.popupcalculator.Calculator","appPackage":"com.sec.android.app.popupcalculator","newCommandTimeout":"10000","platformVersion":"10","automationName":"UiAutomator2","platformName":"Android","deviceName":"GalaxyS10e"},null,{"firstMatch":[{"appium:appActivity":"com.sec.android.app.popupcalculator.Calculator","appium:appPackage":"com.sec.android.app.popupcalculator","appium:automationName":"UiAutomator2","appium:deviceName":"GalaxyS10e","appium:newCommandTimeout":"10000","platformName":"android","appium:platformVersion":"10"}]}]
[debug] &amp#27;[35m[BaseDriver]&amp#27;[39m Event 'newSessionRequested' logged at 1608975242173 (19:34:02 GMT+1000 (Australian Eastern Standard Time))
&amp#27;[35m[BaseDriver]&amp#27;[39m Number capability passed in as string. Functionality may be compromised.
&amp#27;[35m[Appium]&amp#27;[39m Appium v1.18.3 creating new AndroidUiautomator2Driver (v1.56.1) session
[debug] &amp#27;[35m[BaseDriver]&amp#27;[39m W3C capabilities and MJSONWP desired capabilities were provided
[debug] &amp#27;[35m[BaseDriver]&amp#27;[39m Creating session with W3C capabilities: {
[debug] &amp#27;[35m[BaseDriver]&amp#27;[39m   "alwaysMatch": {
[debug] &amp#27;[35m[BaseDriver]&amp#27;[39m     "platformName": "android",
[debug] &amp#27;[35m[BaseDriver]&amp#27;[39m     "appium:appActivity": "com.sec.android.app.popupcalculator.Calculator",
[debug] &amp#27;[35m[BaseDriver]&amp#27;[39m     "appium:appPackage": "com.sec.android.app.popupcalculator",
[debug] &amp#27;[35m[BaseDriver]&amp#27;[39m     "appium:automationName": "UiAutomator2",
[debug] &amp#27;[35m[BaseDriver]&amp#27;[39m     "appium:deviceName": "GalaxyS10e",
[debug] &amp#27;[35m[BaseDriver]&amp#27;[39m     "appium:newCommandTimeout": "10000",
[debug] &amp#27;[35m[BaseDriver]&amp#27;[39m     "appium:platformVersion": "10"
[debug] &amp#27;[35m[BaseDriver]&amp#27;[39m   },
[debug] &amp#27;[35m[BaseDriver]&amp#27;[39m   "firstMatch": [
[debug] &amp#27;[35m[BaseDriver]&amp#27;[39m     {}
[debug] &amp#27;[35m[BaseDriver]&amp#27;[39m   ]
[debug] &amp#27;[35m[BaseDriver]&amp#27;[39m }
&amp#27;[35m[BaseDriver]&amp#27;[39m Number capability passed in as string. Functionality may be compromised.
&amp#27;[35m[BaseDriver]&amp#27;[39m Capability 'newCommandTimeout' changed from string ('10000') to integer (10000). This may cause unexpected behavior
&amp#27;[35m[BaseDriver]&amp#27;[39m Session created with session id: 9f10c821-02fd-4c14-91b6-cd5455bbe490
&amp#27;[35m[UiAutomator2]&amp#27;[39m Starting 'com.sec.android.app.popupcalculator' directly on the device
&amp#27;[35m[ADB]&amp#27;[39m Found 2 'build-tools' folders under 'C:\Users\maliniv\AppData\Local\Android\Sdk' (newest first):
&amp#27;[35m[ADB]&amp#27;[39m     C:/Users/maliniv/AppData/Local/Android/Sdk/build-tools/30.0.2
&amp#27;[35m[ADB]&amp#27;[39m     C:/Users/maliniv/AppData/Local/Android/Sdk/build-tools/29.0.2
&amp#27;[35m[ADB]&amp#27;[39m Using 'adb.exe' from 'C:\Users\maliniv\AppData\Local\Android\Sdk\platform-tools\adb.exe'
[debug] &amp#27;[35m[ADB]&amp#27;[39m Running 'C:\Users\maliniv\AppData\Local\Android\Sdk\platform-tools\adb.exe -P 5037 start-server'
&amp#27;[35m[AndroidDriver]&amp#27;[39m Retrieving device list
[debug] &amp#27;[35m[ADB]&amp#27;[39m Trying to find a connected android device
[debug] &amp#27;[35m[ADB]&amp#27;[39m Getting connected devices
[debug] &amp#27;[35m[ADB]&amp#27;[39m Connected devices: [{"udid":"192.168.1.107:5555","state":"device"}]
&amp#27;[35m[AndroidDriver]&amp#27;[39m Looking for a device with Android '10.0.0'
[debug] &amp#27;[35m[ADB]&amp#27;[39m Setting device id to 192.168.1.107:5555
&amp#27;[35m[ADB]&amp#27;[39m Getting device platform version
[debug] &amp#27;[35m[ADB]&amp#27;[39m Running 'C:\Users\maliniv\AppData\Local\Android\Sdk\platform-tools\adb.exe -P 5037 -s 192.168.1.107\:5555 shell getprop ro.build.version.release'
[debug] &amp#27;[35m[ADB]&amp#27;[39m Current device property 'ro.build.version.release': 10
&amp#27;[35m[AndroidDriver]&amp#27;[39m Using device: 192.168.1.107:5555
&amp#27;[35m[ADB]&amp#27;[39m Using 'adb.exe' from 'C:\Users\maliniv\AppData\Local\Android\Sdk\platform-tools\adb.exe'
[debug] &amp#27;[35m[ADB]&amp#27;[39m Running 'C:\Users\maliniv\AppData\Local\Android\Sdk\platform-tools\adb.exe -P 5037 start-server'
[debug] &amp#27;[35m[ADB]&amp#27;[39m Setting device id to 192.168.1.107:5555
[debug] &amp#27;[35m[ADB]&amp#27;[39m Running 'C:\Users\maliniv\AppData\Local\Android\Sdk\platform-tools\adb.exe -P 5037 -s 192.168.1.107\:5555 shell getprop ro.build.version.sdk'
[debug] &amp#27;[35m[ADB]&amp#27;[39m Current device property 'ro.build.version.sdk': 29
&amp#27;[35m[ADB]&amp#27;[39m Getting device platform version
[debug] &amp#27;[35m[ADB]&amp#27;[39m Running 'C:\Users\maliniv\AppData\Local\Android\Sdk\platform-tools\adb.exe -P 5037 -s 192.168.1.107\:5555 shell getprop ro.build.version.release'
[debug] &amp#27;[35m[ADB]&amp#27;[39m Current device property 'ro.build.version.release': 10
[debug] &amp#27;[35m[ADB]&amp#27;[39m Device API level: 29
&amp#27;[35m[UiAutomator2]&amp#27;[39m Relaxing hidden api policy
[debug] &amp#27;[35m[ADB]&amp#27;[39m Running 'C:\Users\maliniv\AppData\Local\Android\Sdk\platform-tools\adb.exe -P 5037 -s 192.168.1.107\:5555 shell 'settings put global hidden_api_policy_pre_p_apps 1;settings put global hidden_api_policy_p_apps 1;settings put global hidden_api_policy 1''
&amp#27;[35m[AndroidDriver]&amp#27;[39m No app sent in, not parsing package/activity
[debug] &amp#27;[35m[ADB]&amp#27;[39m Running 'C:\Users\maliniv\AppData\Local\Android\Sdk\platform-tools\adb.exe -P 5037 -s 192.168.1.107\:5555 wait-for-device'
[debug] &amp#27;[35m[ADB]&amp#27;[39m Running 'C:\Users\maliniv\AppData\Local\Android\Sdk\platform-tools\adb.exe -P 5037 -s 192.168.1.107\:5555 shell echo ping'
[debug] &amp#27;[35m[AndroidDriver]&amp#27;[39m Pushing settings apk to device...
[debug] &amp#27;[35m[ADB]&amp#27;[39m Getting install status for io.appium.settings
[debug] &amp#27;[35m[ADB]&amp#27;[39m Running 'C:\Users\maliniv\AppData\Local\Android\Sdk\platform-tools\adb.exe -P 5037 -s 192.168.1.107\:5555 shell dumpsys package io.appium.settings'
[debug] &amp#27;[35m[ADB]&amp#27;[39m 'io.appium.settings' is installed
[debug] &amp#27;[35m[ADB]&amp#27;[39m Getting package info for 'io.appium.settings'
[debug] &amp#27;[35m[ADB]&amp#27;[39m Running 'C:\Users\maliniv\AppData\Local\Android\Sdk\platform-tools\adb.exe -P 5037 -s 192.168.1.107\:5555 shell dumpsys package io.appium.settings'
[debug] &amp#27;[35m[ADB]&amp#27;[39m The version name of the installed 'io.appium.settings' is greater or equal to the application version name ('3.2.0' >= '3.2.0')
[debug] &amp#27;[35m[ADB]&amp#27;[39m There is no need to install/upgrade 'C:\Users\maliniv\AppData\Roaming\npm\node_modules\appium\node_modules\io.appium.settings\apks\settings_apk-debug.apk'
[debug] &amp#27;[35m[ADB]&amp#27;[39m Getting IDs of all 'io.appium.settings' processes
[debug] &amp#27;[35m[ADB]&amp#27;[39m Running 'C:\Users\maliniv\AppData\Local\Android\Sdk\platform-tools\adb.exe -P 5037 -s 192.168.1.107\:5555 shell 'pgrep --help; echo $?''
[debug] &amp#27;[35m[ADB]&amp#27;[39m Running 'C:\Users\maliniv\AppData\Local\Android\Sdk\platform-tools\adb.exe -P 5037 -s 192.168.1.107\:5555 shell pgrep -f io\\.appium\\.settings'
[debug] &amp#27;[35m[AndroidDriver]&amp#27;[39m io.appium.settings is already running. There is no need to reset its permissions.
[debug] &amp#27;[35m[ADB]&amp#27;[39m Running 'C:\Users\maliniv\AppData\Local\Android\Sdk\platform-tools\adb.exe -P 5037 -s 192.168.1.107\:5555 shell appops set io.appium.settings android\:mock_location allow'
[debug] &amp#27;[35m[Logcat]&amp#27;[39m Starting logs capture with command: C:\\Users\\maliniv\\AppData\\Local\\Android\\Sdk\\platform-tools\\adb.exe -P 5037 -s 192.168.1.107\:5555 logcat -v threadtime
[debug] &amp#27;[35m[UiAutomator2]&amp#27;[39m Forwarding UiAutomator2 Server port 6790 to 8201
[debug] &amp#27;[35m[ADB]&amp#27;[39m Forwarding system: 8201 to device: 6790
[debug] &amp#27;[35m[ADB]&amp#27;[39m Running 'C:\Users\maliniv\AppData\Local\Android\Sdk\platform-tools\adb.exe -P 5037 -s 192.168.1.107\:5555 forward tcp\:8201 tcp\:6790'
[debug] &amp#27;[35m[ADB]&amp#27;[39m Getting install status for io.appium.uiautomator2.server
[debug] &amp#27;[35m[ADB]&amp#27;[39m Running 'C:\Users\maliniv\AppData\Local\Android\Sdk\platform-tools\adb.exe -P 5037 -s 192.168.1.107\:5555 shell dumpsys package io.appium.uiautomator2.server'
[debug] &amp#27;[35m[ADB]&amp#27;[39m 'io.appium.uiautomator2.server' is installed
[debug] &amp#27;[35m[ADB]&amp#27;[39m Getting package info for 'io.appium.uiautomator2.server'
[debug] &amp#27;[35m[ADB]&amp#27;[39m Running 'C:\Users\maliniv\AppData\Local\Android\Sdk\platform-tools\adb.exe -P 5037 -s 192.168.1.107\:5555 shell dumpsys package io.appium.uiautomator2.server'
[debug] &amp#27;[35m[ADB]&amp#27;[39m The version name of the installed 'io.appium.uiautomator2.server' is greater or equal to the application version name ('4.12.2' >= '4.12.2')
[debug] &amp#27;[35m[UiAutomator2]&amp#27;[39m io.appium.uiautomator2.server installation state: sameVersionInstalled
[debug] &amp#27;[35m[ADB]&amp#27;[39m Checking app cert for C:\Users\maliniv\AppData\Roaming\npm\node_modules\appium\node_modules\appium-uiautomator2-server\apks\appium-uiautomator2-server-v4.12.2.apk
&amp#27;[35m[ADB]&amp#27;[39m Using 'apksigner.jar' from 'C:\Users\maliniv\AppData\Local\Android\Sdk\build-tools\30.0.2\lib\apksigner.jar'
[debug] &amp#27;[35m[ADB]&amp#27;[39m Starting apksigner: 'C:\\Program Files\\Java\\jdk1.8.0_121\\bin\\java.exe' -Xmx1024M -Xss1m -jar C:\\Users\\maliniv\\AppData\\Local\\Android\\Sdk\\build-tools\\30.0.2\\lib\\apksigner.jar verify --print-certs C:\\Users\\maliniv\\AppData\\Roaming\\npm\\node_modules\\appium\\node_modules\\appium-uiautomator2-server\\apks\\appium-uiautomator2-server-v4.12.2.apk
[debug] &amp#27;[35m[ADB]&amp#27;[39m apksigner stdout: Signer #1 certificate DN: EMAILADDRESS=android@android.com, CN=Android, OU=Android, O=Android, L=Mountain View, ST=California, C=US
[debug] &amp#27;[35m[ADB]&amp#27;[39m Signer #1 certificate SHA-256 digest: a40da80a59d170caa950cf15c18c454d47a39b26989d8b640ecd745ba71bf5dc
[debug] &amp#27;[35m[ADB]&amp#27;[39m Signer #1 certificate SHA-1 digest: 61ed377e85d386a8dfee6b864bd85b0bfaa5af81
[debug] &amp#27;[35m[ADB]&amp#27;[39m Signer #1 certificate MD5 digest: e89b158e4bcf988ebd09eb83f5378e87
[debug] &amp#27;[35m[ADB]&amp#27;[39m 
[debug] &amp#27;[35m[ADB]&amp#27;[39m 'C:\Users\maliniv\AppData\Roaming\npm\node_modules\appium\node_modules\appium-uiautomator2-server\apks\appium-uiautomator2-server-v4.12.2.apk' is signed with the default certificate
[debug] &amp#27;[35m[ADB]&amp#27;[39m Getting install status for io.appium.uiautomator2.server.test
[debug] &amp#27;[35m[ADB]&amp#27;[39m Running 'C:\Users\maliniv\AppData\Local\Android\Sdk\platform-tools\adb.exe -P 5037 -s 192.168.1.107\:5555 shell dumpsys package io.appium.uiautomator2.server.test'
[debug] &amp#27;[35m[ADB]&amp#27;[39m 'io.appium.uiautomator2.server.test' is installed
[debug] &amp#27;[35m[ADB]&amp#27;[39m Checking app cert for C:\Users\maliniv\AppData\Roaming\npm\node_modules\appium\node_modules\appium-uiautomator2-server\apks\appium-uiautomator2-server-debug-androidTest.apk
[debug] &amp#27;[35m[ADB]&amp#27;[39m Starting apksigner: 'C:\\Program Files\\Java\\jdk1.8.0_121\\bin\\java.exe' -Xmx1024M -Xss1m -jar C:\\Users\\maliniv\\AppData\\Local\\Android\\Sdk\\build-tools\\30.0.2\\lib\\apksigner.jar verify --print-certs C:\\Users\\maliniv\\AppData\\Roaming\\npm\\node_modules\\appium\\node_modules\\appium-uiautomator2-server\\apks\\appium-uiautomator2-server-debug-androidTest.apk
[debug] &amp#27;[35m[ADB]&amp#27;[39m apksigner stdout: Signer #1 certificate DN: EMAILADDRESS=android@android.com, CN=Android, OU=Android, O=Android, L=Mountain View, ST=California, C=US
[debug] &amp#27;[35m[ADB]&amp#27;[39m Signer #1 certificate SHA-256 digest: a40da80a59d170caa950cf15c18c454d47a39b26989d8b640ecd745ba71bf5dc
[debug] &amp#27;[35m[ADB]&amp#27;[39m Signer #1 certificate SHA-1 digest: 61ed377e85d386a8dfee6b864bd85b0bfaa5af81
[debug] &amp#27;[35m[ADB]&amp#27;[39m Signer #1 certificate MD5 digest: e89b158e4bcf988ebd09eb83f5378e87
[debug] &amp#27;[35m[ADB]&amp#27;[39m 
[debug] &amp#27;[35m[ADB]&amp#27;[39m 'C:\Users\maliniv\AppData\Roaming\npm\node_modules\appium\node_modules\appium-uiautomator2-server\apks\appium-uiautomator2-server-debug-androidTest.apk' is signed with the default certificate
&amp#27;[35m[UiAutomator2]&amp#27;[39m Server packages are not going to be (re)installed
[debug] &amp#27;[35m[UiAutomator2]&amp#27;[39m Waiting up to 30000ms for services to be available
[debug] &amp#27;[35m[ADB]&amp#27;[39m Running 'C:\Users\maliniv\AppData\Local\Android\Sdk\platform-tools\adb.exe -P 5037 -s 192.168.1.107\:5555 shell pm list instrumentation'
[debug] &amp#27;[35m[UiAutomator2]&amp#27;[39m Instrumentation target 'io.appium.uiautomator2.server.test/androidx.test.runner.AndroidJUnitRunner' is available
[debug] &amp#27;[35m[UiAutomator2]&amp#27;[39m No app capability. Assuming it is already on the device
[debug] &amp#27;[35m[ADB]&amp#27;[39m Getting install status for com.sec.android.app.popupcalculator
[debug] &amp#27;[35m[ADB]&amp#27;[39m Running 'C:\Users\maliniv\AppData\Local\Android\Sdk\platform-tools\adb.exe -P 5037 -s 192.168.1.107\:5555 shell dumpsys package com.sec.android.app.popupcalculator'
[debug] &amp#27;[35m[ADB]&amp#27;[39m 'com.sec.android.app.popupcalculator' is installed
[debug] &amp#27;[35m[ADB]&amp#27;[39m Running 'C:\Users\maliniv\AppData\Local\Android\Sdk\platform-tools\adb.exe -P 5037 -s 192.168.1.107\:5555 shell am force-stop com.sec.android.app.popupcalculator'
[debug] &amp#27;[35m[ADB]&amp#27;[39m Running 'C:\Users\maliniv\AppData\Local\Android\Sdk\platform-tools\adb.exe -P 5037 -s 192.168.1.107\:5555 shell pm clear com.sec.android.app.popupcalculator'
[debug] &amp#27;[35m[AndroidDriver]&amp#27;[39m Performed fast reset on the installed 'com.sec.android.app.popupcalculator' application (stop and clear)
[debug] &amp#27;[35m[UiAutomator2]&amp#27;[39m Performing shallow cleanup of automation leftovers
[debug] &amp#27;[35m[UiAutomator2]&amp#27;[39m No obsolete sessions have been detected (timeout of 500ms exceeded)
[debug] &amp#27;[35m[ADB]&amp#27;[39m Running 'C:\Users\maliniv\AppData\Local\Android\Sdk\platform-tools\adb.exe -P 5037 -s 192.168.1.107\:5555 shell am force-stop io.appium.uiautomator2.server.test'
&amp#27;[35m[UiAutomator2]&amp#27;[39m Starting UIAutomator2 server 4.12.2
&amp#27;[35m[UiAutomator2]&amp#27;[39m Using UIAutomator2 server from 'C:\Users\maliniv\AppData\Roaming\npm\node_modules\appium\node_modules\appium-uiautomator2-server\apks\appium-uiautomator2-server-v4.12.2.apk' and test from 'C:\Users\maliniv\AppData\Roaming\npm\node_modules\appium\node_modules\appium-uiautomator2-server\apks\appium-uiautomator2-server-debug-androidTest.apk'
&amp#27;[35m[UiAutomator2]&amp#27;[39m Waiting up to 30000ms for UiAutomator2 to be online...
[debug] &amp#27;[35m[ADB]&amp#27;[39m Creating ADB subprocess with args: ["-P",5037,"-s","192.168.1.107:5555","shell","am","instrument","-w","io.appium.uiautomator2.server.test/androidx.test.runner.AndroidJUnitRunner"]
[debug] &amp#27;[35m[Instrumentation]&amp#27;[39m io.appium.uiautomator2.server.test.AppiumUiAutomator2Server:
[debug] &amp#27;[35m[WD Proxy]&amp#27;[39m Matched '/status' to command name 'getStatus'
[debug] &amp#27;[35m[WD Proxy]&amp#27;[39m Proxying [GET /status] to [GET http://127.0.0.1:8201/wd/hub/status] with no body
&amp#27;[35m[WD Proxy]&amp#27;[39m socket hang up
[debug] &amp#27;[35m[WD Proxy]&amp#27;[39m Matched '/status' to command name 'getStatus'
[debug] &amp#27;[35m[WD Proxy]&amp#27;[39m Proxying [GET /status] to [GET http://127.0.0.1:8201/wd/hub/status] with no body
[debug] &amp#27;[35m[WD Proxy]&amp#27;[39m Got response with status 200: {"sessionId":"None","value":{"message":"UiAutomator2 Server is ready to accept commands","ready":true}}
[debug] &amp#27;[35m[UiAutomator2]&amp#27;[39m The initialization of the instrumentation process took 2233ms
[debug] &amp#27;[35m[WD Proxy]&amp#27;[39m Matched '/session' to command name 'createSession'
[debug] &amp#27;[35m[WD Proxy]&amp#27;[39m Proxying [POST /session] to [POST http://127.0.0.1:8201/wd/hub/session] with body: {"capabilities":{"firstMatch":[{"platform":"LINUX","webStorageEnabled":false,"takesScreenshot":true,"javascriptEnabled":true,"databaseEnabled":false,"networkConnectionEnabled":true,"locationContextEnabled":false,"warnings":{},"desired":{"platformName":"android","appActivity":"com.sec.android.app.popupcalculator.Calculator","appPackage":"com.sec.android.app.popupcalculator","automationName":"UiAutomator2","deviceName":"GalaxyS10e","newCommandTimeout":10000,"platformVersion":"10"},"platformName":"android","appActivity":"com.sec.android.app.popupcalculator.Calculator","appPackage":"com.sec.android.app.popupcalculator","automationName":"UiAutomator2","deviceName":"192.168.1.107:5555","newCommandTimeout":10000,"platformVersion":"10","deviceUDID":"192.168.1.107:5555"}],"alwaysMatch":{}}}
[debug] &amp#27;[35m[WD Proxy]&amp#27;[39m Got response with status 200: {"sessionId":"9e0f2244-4896-42ef-b657-4e6f8b85bd46","value":{"capabilities":{"firstMatch":[{"platform":"LINUX","webStorageEnabled":false,"takesScreenshot":true,"javascriptEnabled":true,"databaseEnabled":false,"networkConnectionEnabled":true,"locationContextEnabled":false,"warnings":{},"desired":{"platformName":"android","appActivity":"com.sec.android.app.popupcalculator.Calculator","appPackage":"com.sec.android.app.popupcalculator","automationName":"UiAutomator2","deviceName":"GalaxyS10e","newCommandTimeout":10000,"platformVersion":"10"},"platformName":"android","appActivity":"com.sec.android.app.popupcalculator.Calculator","appPackage":"com.sec.android.app.popupcalculator","automationName":"UiAutomator2","deviceName":"192.168.1.107:5555","newCommandTimeout":10000,"platformVersion":"10","deviceUDID":"192.168.1.107:5555"}],"alwaysMatch":{}},"sessionId":"9e0f2244-4896-42ef-b657-4e6f8b85bd46"}}
&amp#27;[35m[WD Proxy]&amp#27;[39m Determined the downstream protocol as 'W3C'
[debug] &amp#27;[35m[WD Proxy]&amp#27;[39m Proxying [GET /appium/device/info] to [GET http://127.0.0.1:8201/wd/hub/session/9e0f2244-4896-42ef-b657-4e6f8b85bd46/appium/device/info] with no body
[debug] &amp#27;[35m[WD Proxy]&amp#27;[39m Got response with status 200: {"sessionId":"9e0f2244-4896-42ef-b657-4e6f8b85bd46","value":{"androidId":"62f0e43bb0e2450e","apiVersion":"29","bluetooth":{"state":"ON"},"brand":"samsung","carrierName":"Vodafone AU","displayDensity":480,"locale":"en_AU","manufacturer":"samsung","model":"SM-G970F","networks":[{"capabilities":{"SSID":null,"linkDownBandwidthKbps":102400,"linkUpstreamBandwidthKbps":51200,"networkCapabilities":"NET_CAPABILITY_IMS,NET_CAPABILITY_NOT_METERED,NET_CAPABILITY_TRUSTED,NET_CAPABILITY_NOT_VPN,NET_CAPABILITY_VALIDATED,NET_CAPABILITY_NOT_ROAMING,NET_CAPABILITY_FOREGROUND,NET_CAPABILITY_NOT_CONGESTED,NET_CAPABILITY_NOT_SUSPENDED","signalStrength":-2147483648,"transportTypes":"TRANSPORT_CELLULAR"},"detailedState":"CONNECTED","extraInfo":"IMS","isAvailable":true,"isConnected":true,"isFailover":false,"isRoaming":false,"state":"CONNECTED","subtype":13,"subtypeName":"LTE","type":0,"typeName":"MOBILE"},{"capabilities":{"SSID":null,"linkDownBandwidthKbps":1048576,"linkUpstreamBandwidthKbps":1048576,"networkCapabilities":"NET_CA...
[debug] &amp#27;[35m[ADB]&amp#27;[39m Running 'C:\Users\maliniv\AppData\Local\Android\Sdk\platform-tools\adb.exe -P 5037 -s 192.168.1.107\:5555 shell dumpsys window'
&amp#27;[35m[AndroidDriver]&amp#27;[39m Screen already unlocked, doing nothing
&amp#27;[35m[UiAutomator2]&amp#27;[39m Starting 'com.sec.android.app.popupcalculator/com.sec.android.app.popupcalculator.Calculator and waiting for 'com.sec.android.app.popupcalculator/com.sec.android.app.popupcalculator.Calculator'
[debug] &amp#27;[35m[ADB]&amp#27;[39m Running 'C:\Users\maliniv\AppData\Local\Android\Sdk\platform-tools\adb.exe -P 5037 -s 192.168.1.107\:5555 shell am start -W -n com.sec.android.app.popupcalculator/com.sec.android.app.popupcalculator.Calculator -S -a android.intent.action.MAIN -c android.intent.category.LAUNCHER -f 0x10200000'
[debug] &amp#27;[35m[WD Proxy]&amp#27;[39m Proxying [GET /appium/device/pixel_ratio] to [GET http://127.0.0.1:8201/wd/hub/session/9e0f2244-4896-42ef-b657-4e6f8b85bd46/appium/device/pixel_ratio] with no body
[debug] &amp#27;[35m[WD Proxy]&amp#27;[39m Got response with status 200: {"sessionId":"9e0f2244-4896-42ef-b657-4e6f8b85bd46","value":3}
[debug] &amp#27;[35m[WD Proxy]&amp#27;[39m Matched '/appium/device/system_bars' to command name 'getSystemBars'
[debug] &amp#27;[35m[WD Proxy]&amp#27;[39m Proxying [GET /appium/device/system_bars] to [GET http://127.0.0.1:8201/wd/hub/session/9e0f2244-4896-42ef-b657-4e6f8b85bd46/appium/device/system_bars] with no body
[debug] &amp#27;[35m[WD Proxy]&amp#27;[39m Got response with status 200: {"sessionId":"9e0f2244-4896-42ef-b657-4e6f8b85bd46","value":{"statusBar":117}}
[debug] &amp#27;[35m[WD Proxy]&amp#27;[39m Matched '/window/current/size' to command name 'getWindowSize'
[debug] &amp#27;[35m[WD Proxy]&amp#27;[39m Proxying [GET /window/current/size] to [GET http://127.0.0.1:8201/wd/hub/session/9e0f2244-4896-42ef-b657-4e6f8b85bd46/window/current/size] with no body
[debug] &amp#27;[35m[WD Proxy]&amp#27;[39m Got response with status 200: {"sessionId":"9e0f2244-4896-42ef-b657-4e6f8b85bd46","value":{"height":2020,"width":1080}}
&amp#27;[35m[Appium]&amp#27;[39m New AndroidUiautomator2Driver session created successfully, session 9f10c821-02fd-4c14-91b6-cd5455bbe490 added to master session list
[debug] &amp#27;[35m[BaseDriver]&amp#27;[39m Event 'newSessionStarted' logged at 1608975257464 (19:34:17 GMT+1000 (Australian Eastern Standard Time))
[debug] &amp#27;[35m[W3C (9f10c821)]&amp#27;[39m Cached the protocol value 'W3C' for the new session 9f10c821-02fd-4c14-91b6-cd5455bbe490
[debug] &amp#27;[35m[W3C (9f10c821)]&amp#27;[39m Responding to client with driver.createSession() result: {"capabilities":{"platform":"LINUX","webStorageEnabled":false,"takesScreenshot":true,"javascriptEnabled":true,"databaseEnabled":false,"networkConnectionEnabled":true,"locationContextEnabled":false,"warnings":{},"desired":{"platformName":"android","appActivity":"com.sec.android.app.popupcalculator.Calculator","appPackage":"com.sec.android.app.popupcalculator","automationName":"UiAutomator2","deviceName":"GalaxyS10e","newCommandTimeout":10000,"platformVersion":"10"},"platformName":"android","appActivity":"com.sec.android.app.popupcalculator.Calculator","appPackage":"com.sec.android.app.popupcalculator","automationName":"UiAutomator2","deviceName":"192.168.1.107:5555","newCommandTimeout":10000,"platformVersion":"10","deviceUDID":"192.168.1.107:5555","deviceApiLevel":29,"deviceScreenSize":"1080x2280","deviceScreenDensity":480,"deviceModel":"SM-G970F","deviceManufacturer":"samsung","pixelRatio":3,"statBarHeight":117,"viewportRect":{"left":0,"top":117,"width":1080,"height":1903}}}
&amp#27;[35m[HTTP]&amp#27;[39m &amp#27;[37m<-- POST /wd/hub/session &amp#27;[39m&amp#27;[32m200&amp#27;[39m &amp#27;[90m15298 ms - 1050&amp#27;[39m
&amp#27;[35m[HTTP]&amp#27;[39m &amp#27;[90m&amp#27;[39m
&amp#27;[35m[HTTP]&amp#27;[39m &amp#27;[37m-->&amp#27;[39m &amp#27;[37mPOST&amp#27;[39m &amp#27;[37m/wd/hub/session/9f10c821-02fd-4c14-91b6-cd5455bbe490/timeouts&amp#27;[39m
&amp#27;[35m[HTTP]&amp#27;[39m &amp#27;[90m{"implicit":10000}&amp#27;[39m
[debug] &amp#27;[35m[W3C (9f10c821)]&amp#27;[39m Calling AppiumDriver.timeouts() with args: [null,null,null,null,10000,"9f10c821-02fd-4c14-91b6-cd5455bbe490"]
[debug] &amp#27;[35m[BaseDriver]&amp#27;[39m W3C timeout argument: {"implicit":10000}}
[debug] &amp#27;[35m[BaseDriver]&amp#27;[39m Set implicit wait to 10000ms
[debug] &amp#27;[35m[W3C (9f10c821)]&amp#27;[39m Responding to client with driver.timeouts() result: null
&amp#27;[35m[HTTP]&amp#27;[39m &amp#27;[37m<-- POST /wd/hub/session/9f10c821-02fd-4c14-91b6-cd5455bbe490/timeouts &amp#27;[39m&amp#27;[32m200&amp#27;[39m &amp#27;[90m8 ms - 14&amp#27;[39m
&amp#27;[35m[HTTP]&amp#27;[39m &amp#27;[90m&amp#27;[39m
&amp#27;[35m[HTTP]&amp#27;[39m &amp#27;[37m-->&amp#27;[39m &amp#27;[37mGET&amp#27;[39m &amp#27;[37m/wd/hub/session/9f10c821-02fd-4c14-91b6-cd5455bbe490/context&amp#27;[39m
&amp#27;[35m[HTTP]&amp#27;[39m &amp#27;[90m{}&amp#27;[39m
[debug] &amp#27;[35m[W3C (9f10c821)]&amp#27;[39m Calling AppiumDriver.getCurrentContext() with args: ["9f10c821-02fd-4c14-91b6-cd5455bbe490"]
[debug] &amp#27;[35m[W3C (9f10c821)]&amp#27;[39m Responding to client with driver.getCurrentContext() result: "NATIVE_APP"
&amp#27;[35m[HTTP]&amp#27;[39m &amp#27;[37m<-- GET /wd/hub/session/9f10c821-02fd-4c14-91b6-cd5455bbe490/context &amp#27;[39m&amp#27;[32m200&amp#27;[39m &amp#27;[90m10 ms - 22&amp#27;[39m
&amp#27;[35m[HTTP]&amp#27;[39m &amp#27;[90m&amp#27;[39m
&amp#27;[35m[HTTP]&amp#27;[39m &amp#27;[37m-->&amp#27;[39m &amp#27;[37mPOST&amp#27;[39m &amp#27;[37m/wd/hub/session/9f10c821-02fd-4c14-91b6-cd5455bbe490/elements&amp#27;[39m
&amp#27;[35m[HTTP]&amp#27;[39m &amp#27;[90m{"using":"class name","value":"android.widget.Button"}&amp#27;[39m
[debug] &amp#27;[35m[W3C (9f10c821)]&amp#27;[39m Calling AppiumDriver.findElements() with args: ["class name","android.widget.Button","9f10c821-02fd-4c14-91b6-cd5455bbe490"]
[debug] &amp#27;[35m[BaseDriver]&amp#27;[39m Valid locator strategies for this request: xpath, id, class name, accessibility id, -android uiautomator
[debug] &amp#27;[35m[BaseDriver]&amp#27;[39m Waiting up to 10000 ms for condition
[debug] &amp#27;[35m[WD Proxy]&amp#27;[39m Matched '/elements' to command name 'findElements'
[debug] &amp#27;[35m[WD Proxy]&amp#27;[39m Proxying [POST /elements] to [POST http://127.0.0.1:8201/wd/hub/session/9e0f2244-4896-42ef-b657-4e6f8b85bd46/elements] with body: {"strategy":"class name","selector":"android.widget.Button","context":"","multiple":true}
[debug] &amp#27;[35m[WD Proxy]&amp#27;[39m Got response with status 200: {"sessionId":"9e0f2244-4896-42ef-b657-4e6f8b85bd46","value":[{"ELEMENT":"865a246c-7c2d-466f-a407-756a0bc877aa","element-6066-11e4-a52e-4f735466cecf":"865a246c-7c2d-466f-a407-756a0bc877aa"},{"ELEMENT":"05bb1a9b-ecca-4e11-b979-9b8974bfd02a","element-6066-11e4-a52e-4f735466cecf":"05bb1a9b-ecca-4e11-b979-9b8974bfd02a"},{"ELEMENT":"4f93b873-3153-4551-af7e-767ce4a25926","element-6066-11e4-a52e-4f735466cecf":"4f93b873-3153-4551-af7e-767ce4a25926"},{"ELEMENT":"0c0e90af-7b46-4855-83d1-69be1124e25a","element-6066-11e4-a52e-4f735466cecf":"0c0e90af-7b46-4855-83d1-69be1124e25a"},{"ELEMENT":"e5737b57-378c-43e1-907f-dcde5aa1c2d0","element-6066-11e4-a52e-4f735466cecf":"e5737b57-378c-43e1-907f-dcde5aa1c2d0"},{"ELEMENT":"f7f4967c-9196-4bc9-9d33-ca0ca32ba2dd","element-6066-11e4-a52e-4f735466cecf":"f7f4967c-9196-4bc9-9d33-ca0ca32ba2dd"},{"ELEMENT":"07896ac1-5204-4ebc-bf13-2b7a81e18dab","element-6066-11e4-a52e-4f735466cecf":"07896ac1-5204-4ebc-bf13-2b7a81e18dab"},{"ELEMENT":"c4b1aa89-a23c-4af8-8681-92340b3641c0","element-6066-...
[debug] &amp#27;[35m[W3C (9f10c821)]&amp#27;[39m Responding to client with driver.findElements() result: [{"element-6066-11e4-a52e-4f735466cecf":"865a246c-7c2d-466f-a407-756a0bc877aa","ELEMENT":"865a246c-7c2d-466f-a407-756a0bc877aa"},{"element-6066-11e4-a52e-4f735466cecf":"05bb1a9b-ecca-4e11-b979-9b8974bfd02a","ELEMENT":"05bb1a9b-ecca-4e11-b979-9b8974bfd02a"},{"element-6066-11e4-a52e-4f735466cecf":"4f93b873-3153-4551-af7e-767ce4a25926","ELEMENT":"4f93b873-3153-4551-af7e-767ce4a25926"},{"element-6066-11e4-a52e-4f735466cecf":"0c0e90af-7b46-4855-83d1-69be1124e25a","ELEMENT":"0c0e90af-7b46-4855-83d1-69be1124e25a"},{"element-6066-11e4-a52e-4f735466cecf":"e5737b57-378c-43e1-907f-dcde5aa1c2d0","ELEMENT":"e5737b57-378c-43e1-907f-dcde5aa1c2d0"},{"element-6066-11e4-a52e-4f735466cecf":"f7f4967c-9196-4bc9-9d33-ca0ca32ba2dd","ELEMENT":"f7f4967c-9196-4bc9-9d33-ca0ca32ba2dd"},{"element-6066-11e4-a52e-4f735466cecf":"07896ac1-5204-4ebc-bf13-2b7a81e18dab","ELEMENT":"07896ac1-5204-4ebc-bf13-2b7a81e18dab"},{"element-6066-11e4-a52e-4f735466cecf":"c4b1aa89-a23c-4af8-8681-92340b3641c0","ELEMENT":"c4b1aa89-a23c-4af8-8681-92340b3641c...
&amp#27;[35m[HTTP]&amp#27;[39m &amp#27;[37m<-- POST /wd/hub/session/9f10c821-02fd-4c14-91b6-cd5455bbe490/elements &amp#27;[39m&amp#27;[32m200&amp#27;[39m &amp#27;[90m281 ms - 2571&amp#27;[39m
&amp#27;[35m[HTTP]&amp#27;[39m &amp#27;[90m&amp#27;[39m
&amp#27;[35m[HTTP]&amp#27;[39m &amp#27;[37m-->&amp#27;[39m &amp#27;[37mPOST&amp#27;[39m &amp#27;[37m/wd/hub/session/9f10c821-02fd-4c14-91b6-cd5455bbe490/element/6058cc2d-fec6-4057-b85e-50a331bf7688/click&amp#27;[39m
&amp#27;[35m[HTTP]&amp#27;[39m &amp#27;[90m{"id":"6058cc2d-fec6-4057-b85e-50a331bf7688"}&amp#27;[39m
[debug] &amp#27;[35m[W3C (9f10c821)]&amp#27;[39m Calling AppiumDriver.click() with args: ["6058cc2d-fec6-4057-b85e-50a331bf7688","9f10c821-02fd-4c14-91b6-cd5455bbe490"]
[debug] &amp#27;[35m[WD Proxy]&amp#27;[39m Matched '/element/6058cc2d-fec6-4057-b85e-50a331bf7688/click' to command name 'click'
[debug] &amp#27;[35m[WD Proxy]&amp#27;[39m Proxying [POST /element/6058cc2d-fec6-4057-b85e-50a331bf7688/click] to [POST http://127.0.0.1:8201/wd/hub/session/9e0f2244-4896-42ef-b657-4e6f8b85bd46/element/6058cc2d-fec6-4057-b85e-50a331bf7688/click] with body: {"element":"6058cc2d-fec6-4057-b85e-50a331bf7688"}
[debug] &amp#27;[35m[WD Proxy]&amp#27;[39m Got response with status 200: {"sessionId":"9e0f2244-4896-42ef-b657-4e6f8b85bd46","value":null}
[debug] &amp#27;[35m[W3C (9f10c821)]&amp#27;[39m Responding to client with driver.click() result: null
&amp#27;[35m[HTTP]&amp#27;[39m &amp#27;[37m<-- POST /wd/hub/session/9f10c821-02fd-4c14-91b6-cd5455bbe490/element/6058cc2d-fec6-4057-b85e-50a331bf7688/click &amp#27;[39m&amp#27;[32m200&amp#27;[39m &amp#27;[90m480 ms - 14&amp#27;[39m
&amp#27;[35m[HTTP]&amp#27;[39m &amp#27;[90m&amp#27;[39m
&amp#27;[35m[HTTP]&amp#27;[39m &amp#27;[37m-->&amp#27;[39m &amp#27;[37mGET&amp#27;[39m &amp#27;[37m/wd/hub/session/9f10c821-02fd-4c14-91b6-cd5455bbe490/context&amp#27;[39m
&amp#27;[35m[HTTP]&amp#27;[39m &amp#27;[90m{}&amp#27;[39m
[debug] &amp#27;[35m[W3C (9f10c821)]&amp#27;[39m Calling AppiumDriver.getCurrentContext() with args: ["9f10c821-02fd-4c14-91b6-cd5455bbe490"]
[debug] &amp#27;[35m[W3C (9f10c821)]&amp#27;[39m Responding to client with driver.getCurrentContext() result: "NATIVE_APP"
&amp#27;[35m[HTTP]&amp#27;[39m &amp#27;[37m<-- GET /wd/hub/session/9f10c821-02fd-4c14-91b6-cd5455bbe490/context &amp#27;[39m&amp#27;[32m200&amp#27;[39m &amp#27;[90m3 ms - 22&amp#27;[39m
&amp#27;[35m[HTTP]&amp#27;[39m &amp#27;[90m&amp#27;[39m
&amp#27;[35m[HTTP]&amp#27;[39m &amp#27;[37m-->&amp#27;[39m &amp#27;[37mPOST&amp#27;[39m &amp#27;[37m/wd/hub/session/9f10c821-02fd-4c14-91b6-cd5455bbe490/elements&amp#27;[39m
&amp#27;[35m[HTTP]&amp#27;[39m &amp#27;[90m{"using":"class name","value":"android.widget.Button"}&amp#27;[39m
[debug] &amp#27;[35m[W3C (9f10c821)]&amp#27;[39m Calling AppiumDriver.findElements() with args: ["class name","android.widget.Button","9f10c821-02fd-4c14-91b6-cd5455bbe490"]
[debug] &amp#27;[35m[BaseDriver]&amp#27;[39m Valid locator strategies for this request: xpath, id, class name, accessibility id, -android uiautomator
[debug] &amp#27;[35m[BaseDriver]&amp#27;[39m Waiting up to 10000 ms for condition
[debug] &amp#27;[35m[WD Proxy]&amp#27;[39m Matched '/elements' to command name 'findElements'
[debug] &amp#27;[35m[WD Proxy]&amp#27;[39m Proxying [POST /elements] to [POST http://127.0.0.1:8201/wd/hub/session/9e0f2244-4896-42ef-b657-4e6f8b85bd46/elements] with body: {"strategy":"class name","selector":"android.widget.Button","context":"","multiple":true}
&amp#27;[35m[Logcat]&amp#27;[39m Logcat terminated with code 1, signal null
[debug] &amp#27;[35m[WD Proxy]&amp#27;[39m Got response with status 200: {"sessionId":"9e0f2244-4896-42ef-b657-4e6f8b85bd46","value":[{"ELEMENT":"0b9c9571-5fd7-492c-bc9b-ae0f3895384e","element-6066-11e4-a52e-4f735466cecf":"0b9c9571-5fd7-492c-bc9b-ae0f3895384e"},{"ELEMENT":"1a08f1a6-09b8-4537-8418-5c688115b6e3","element-6066-11e4-a52e-4f735466cecf":"1a08f1a6-09b8-4537-8418-5c688115b6e3"},{"ELEMENT":"7436829e-c89a-4f0d-9fce-316b82ffff05","element-6066-11e4-a52e-4f735466cecf":"7436829e-c89a-4f0d-9fce-316b82ffff05"},{"ELEMENT":"2cc67e6c-f478-46aa-98c3-7c10f0e0d568","element-6066-11e4-a52e-4f735466cecf":"2cc67e6c-f478-46aa-98c3-7c10f0e0d568"},{"ELEMENT":"2a663857-35db-4a42-85cc-ba1f603b5737","element-6066-11e4-a52e-4f735466cecf":"2a663857-35db-4a42-85cc-ba1f603b5737"},{"ELEMENT":"e577e288-bc77-471a-8c47-8dfccb760f02","element-6066-11e4-a52e-4f735466cecf":"e577e288-bc77-471a-8c47-8dfccb760f02"},{"ELEMENT":"9d813956-0183-4b04-aa2e-c95dafe44c8b","element-6066-11e4-a52e-4f735466cecf":"9d813956-0183-4b04-aa2e-c95dafe44c8b"},{"ELEMENT":"9a37fe67-a5b6-45ef-8153-2fd84df97f07","element-6066-...
[debug] &amp#27;[35m[W3C (9f10c821)]&amp#27;[39m Responding to client with driver.findElements() result: [{"element-6066-11e4-a52e-4f735466cecf":"0b9c9571-5fd7-492c-bc9b-ae0f3895384e","ELEMENT":"0b9c9571-5fd7-492c-bc9b-ae0f3895384e"},{"element-6066-11e4-a52e-4f735466cecf":"1a08f1a6-09b8-4537-8418-5c688115b6e3","ELEMENT":"1a08f1a6-09b8-4537-8418-5c688115b6e3"},{"element-6066-11e4-a52e-4f735466cecf":"7436829e-c89a-4f0d-9fce-316b82ffff05","ELEMENT":"7436829e-c89a-4f0d-9fce-316b82ffff05"},{"element-6066-11e4-a52e-4f735466cecf":"2cc67e6c-f478-46aa-98c3-7c10f0e0d568","ELEMENT":"2cc67e6c-f478-46aa-98c3-7c10f0e0d568"},{"element-6066-11e4-a52e-4f735466cecf":"2a663857-35db-4a42-85cc-ba1f603b5737","ELEMENT":"2a663857-35db-4a42-85cc-ba1f603b5737"},{"element-6066-11e4-a52e-4f735466cecf":"e577e288-bc77-471a-8c47-8dfccb760f02","ELEMENT":"e577e288-bc77-471a-8c47-8dfccb760f02"},{"element-6066-11e4-a52e-4f735466cecf":"9d813956-0183-4b04-aa2e-c95dafe44c8b","ELEMENT":"9d813956-0183-4b04-aa2e-c95dafe44c8b"},{"element-6066-11e4-a52e-4f735466cecf":"9a37fe67-a5b6-45ef-8153-2fd84df97f07","ELEMENT":"9a37fe67-a5b6-45ef-8153-2fd84df97f0...
&amp#27;[35m[HTTP]&amp#27;[39m &amp#27;[37m<-- POST /wd/hub/session/9f10c821-02fd-4c14-91b6-cd5455bbe490/elements &amp#27;[39m&amp#27;[32m200&amp#27;[39m &amp#27;[90m153 ms - 2571&amp#27;[39m
&amp#27;[35m[HTTP]&amp#27;[39m &amp#27;[90m&amp#27;[39m
&amp#27;[35m[HTTP]&amp#27;[39m &amp#27;[37m-->&amp#27;[39m &amp#27;[37mPOST&amp#27;[39m &amp#27;[37m/wd/hub/session/9f10c821-02fd-4c14-91b6-cd5455bbe490/element/8252d3ed-62c1-4ec6-a768-7a77f797bede/click&amp#27;[39m
&amp#27;[35m[HTTP]&amp#27;[39m &amp#27;[90m{"id":"8252d3ed-62c1-4ec6-a768-7a77f797bede"}&amp#27;[39m
[debug] &amp#27;[35m[W3C (9f10c821)]&amp#27;[39m Calling AppiumDriver.click() with args: ["8252d3ed-62c1-4ec6-a768-7a77f797bede","9f10c821-02fd-4c14-91b6-cd5455bbe490"]
[debug] &amp#27;[35m[WD Proxy]&amp#27;[39m Matched '/element/8252d3ed-62c1-4ec6-a768-7a77f797bede/click' to command name 'click'
[debug] &amp#27;[35m[WD Proxy]&amp#27;[39m Proxying [POST /element/8252d3ed-62c1-4ec6-a768-7a77f797bede/click] to [POST http://127.0.0.1:8201/wd/hub/session/9e0f2244-4896-42ef-b657-4e6f8b85bd46/element/8252d3ed-62c1-4ec6-a768-7a77f797bede/click] with body: {"element":"8252d3ed-62c1-4ec6-a768-7a77f797bede"}
[debug] &amp#27;[35m[WD Proxy]&amp#27;[39m Got response with status 200: {"sessionId":"9e0f2244-4896-42ef-b657-4e6f8b85bd46","value":null}
[debug] &amp#27;[35m[W3C (9f10c821)]&amp#27;[39m Responding to client with driver.click() result: null
&amp#27;[35m[HTTP]&amp#27;[39m &amp#27;[37m<-- POST /wd/hub/session/9f10c821-02fd-4c14-91b6-cd5455bbe490/element/8252d3ed-62c1-4ec6-a768-7a77f797bede/click &amp#27;[39m&amp#27;[32m200&amp#27;[39m &amp#27;[90m84 ms - 14&amp#27;[39m
&amp#27;[35m[HTTP]&amp#27;[39m &amp#27;[90m&amp#27;[39m
&amp#27;[35m[HTTP]&amp#27;[39m &amp#27;[37m-->&amp#27;[39m &amp#27;[37mGET&amp#27;[39m &amp#27;[37m/wd/hub/session/9f10c821-02fd-4c14-91b6-cd5455bbe490/context&amp#27;[39m
&amp#27;[35m[HTTP]&amp#27;[39m &amp#27;[90m{}&amp#27;[39m
[debug] &amp#27;[35m[W3C (9f10c821)]&amp#27;[39m Calling AppiumDriver.getCurrentContext() with args: ["9f10c821-02fd-4c14-91b6-cd5455bbe490"]
[debug] &amp#27;[35m[W3C (9f10c821)]&amp#27;[39m Responding to client with driver.getCurrentContext() result: "NATIVE_APP"
&amp#27;[35m[HTTP]&amp#27;[39m &amp#27;[37m<-- GET /wd/hub/session/9f10c821-02fd-4c14-91b6-cd5455bbe490/context &amp#27;[39m&amp#27;[32m200&amp#27;[39m &amp#27;[90m3 ms - 22&amp#27;[39m
&amp#27;[35m[HTTP]&amp#27;[39m &amp#27;[90m&amp#27;[39m
&amp#27;[35m[HTTP]&amp#27;[39m &amp#27;[37m-->&amp#27;[39m &amp#27;[37mPOST&amp#27;[39m &amp#27;[37m/wd/hub/session/9f10c821-02fd-4c14-91b6-cd5455bbe490/elements&amp#27;[39m
&amp#27;[35m[HTTP]&amp#27;[39m &amp#27;[90m{"using":"class name","value":"android.widget.Button"}&amp#27;[39m
[debug] &amp#27;[35m[W3C (9f10c821)]&amp#27;[39m Calling AppiumDriver.findElements() with args: ["class name","android.widget.Button","9f10c821-02fd-4c14-91b6-cd5455bbe490"]
[debug] &amp#27;[35m[BaseDriver]&amp#27;[39m Valid locator strategies for this request: xpath, id, class name, accessibility id, -android uiautomator
[debug] &amp#27;[35m[BaseDriver]&amp#27;[39m Waiting up to 10000 ms for condition
[debug] &amp#27;[35m[WD Proxy]&amp#27;[39m Matched '/elements' to command name 'findElements'
[debug] &amp#27;[35m[WD Proxy]&amp#27;[39m Proxying [POST /elements] to [POST http://127.0.0.1:8201/wd/hub/session/9e0f2244-4896-42ef-b657-4e6f8b85bd46/elements] with body: {"strategy":"class name","selector":"android.widget.Button","context":"","multiple":true}
[debug] &amp#27;[35m[WD Proxy]&amp#27;[39m Got response with status 200: {"sessionId":"9e0f2244-4896-42ef-b657-4e6f8b85bd46","value":[{"ELEMENT":"90b6d2b6-6b99-4126-930c-efa4cbf15003","element-6066-11e4-a52e-4f735466cecf":"90b6d2b6-6b99-4126-930c-efa4cbf15003"},{"ELEMENT":"8c64dc0a-1ea8-4ebc-848c-f6b6b0a689c9","element-6066-11e4-a52e-4f735466cecf":"8c64dc0a-1ea8-4ebc-848c-f6b6b0a689c9"},{"ELEMENT":"aa6d57d1-c3bd-4c61-ac65-1c78d4b12106","element-6066-11e4-a52e-4f735466cecf":"aa6d57d1-c3bd-4c61-ac65-1c78d4b12106"},{"ELEMENT":"2cd8faf1-ebae-4cb9-a64a-b93b274e8cc6","element-6066-11e4-a52e-4f735466cecf":"2cd8faf1-ebae-4cb9-a64a-b93b274e8cc6"},{"ELEMENT":"b8201ea0-41f7-4a6c-beb8-cb3e8f8b780f","element-6066-11e4-a52e-4f735466cecf":"b8201ea0-41f7-4a6c-beb8-cb3e8f8b780f"},{"ELEMENT":"7200ed2e-4d7e-4827-9cc9-acd20bb69780","element-6066-11e4-a52e-4f735466cecf":"7200ed2e-4d7e-4827-9cc9-acd20bb69780"},{"ELEMENT":"6ccbbbe4-bc89-460e-920a-41d73586b7c9","element-6066-11e4-a52e-4f735466cecf":"6ccbbbe4-bc89-460e-920a-41d73586b7c9"},{"ELEMENT":"ff4f0b91-a934-4c9d-88b3-e48a200353d7","element-6066-...
[debug] &amp#27;[35m[W3C (9f10c821)]&amp#27;[39m Responding to client with driver.findElements() result: [{"element-6066-11e4-a52e-4f735466cecf":"90b6d2b6-6b99-4126-930c-efa4cbf15003","ELEMENT":"90b6d2b6-6b99-4126-930c-efa4cbf15003"},{"element-6066-11e4-a52e-4f735466cecf":"8c64dc0a-1ea8-4ebc-848c-f6b6b0a689c9","ELEMENT":"8c64dc0a-1ea8-4ebc-848c-f6b6b0a689c9"},{"element-6066-11e4-a52e-4f735466cecf":"aa6d57d1-c3bd-4c61-ac65-1c78d4b12106","ELEMENT":"aa6d57d1-c3bd-4c61-ac65-1c78d4b12106"},{"element-6066-11e4-a52e-4f735466cecf":"2cd8faf1-ebae-4cb9-a64a-b93b274e8cc6","ELEMENT":"2cd8faf1-ebae-4cb9-a64a-b93b274e8cc6"},{"element-6066-11e4-a52e-4f735466cecf":"b8201ea0-41f7-4a6c-beb8-cb3e8f8b780f","ELEMENT":"b8201ea0-41f7-4a6c-beb8-cb3e8f8b780f"},{"element-6066-11e4-a52e-4f735466cecf":"7200ed2e-4d7e-4827-9cc9-acd20bb69780","ELEMENT":"7200ed2e-4d7e-4827-9cc9-acd20bb69780"},{"element-6066-11e4-a52e-4f735466cecf":"6ccbbbe4-bc89-460e-920a-41d73586b7c9","ELEMENT":"6ccbbbe4-bc89-460e-920a-41d73586b7c9"},{"element-6066-11e4-a52e-4f735466cecf":"ff4f0b91-a934-4c9d-88b3-e48a200353d7","ELEMENT":"ff4f0b91-a934-4c9d-88b3-e48a200353d...
&amp#27;[35m[HTTP]&amp#27;[39m &amp#27;[37m<-- POST /wd/hub/session/9f10c821-02fd-4c14-91b6-cd5455bbe490/elements &amp#27;[39m&amp#27;[32m200&amp#27;[39m &amp#27;[90m894 ms - 2571&amp#27;[39m
&amp#27;[35m[HTTP]&amp#27;[39m &amp#27;[90m&amp#27;[39m
&amp#27;[35m[HTTP]&amp#27;[39m &amp#27;[37m-->&amp#27;[39m &amp#27;[37mPOST&amp#27;[39m &amp#27;[37m/wd/hub/session/9f10c821-02fd-4c14-91b6-cd5455bbe490/element/531c8b86-91f7-4bdb-98a7-c0604033ebf7/click&amp#27;[39m
&amp#27;[35m[HTTP]&amp#27;[39m &amp#27;[90m{"id":"531c8b86-91f7-4bdb-98a7-c0604033ebf7"}&amp#27;[39m
[debug] &amp#27;[35m[W3C (9f10c821)]&amp#27;[39m Calling AppiumDriver.click() with args: ["531c8b86-91f7-4bdb-98a7-c0604033ebf7","9f10c821-02fd-4c14-91b6-cd5455bbe490"]
[debug] &amp#27;[35m[WD Proxy]&amp#27;[39m Matched '/element/531c8b86-91f7-4bdb-98a7-c0604033ebf7/click' to command name 'click'
[debug] &amp#27;[35m[WD Proxy]&amp#27;[39m Proxying [POST /element/531c8b86-91f7-4bdb-98a7-c0604033ebf7/click] to [POST http://127.0.0.1:8201/wd/hub/session/9e0f2244-4896-42ef-b657-4e6f8b85bd46/element/531c8b86-91f7-4bdb-98a7-c0604033ebf7/click] with body: {"element":"531c8b86-91f7-4bdb-98a7-c0604033ebf7"}
[debug] &amp#27;[35m[WD Proxy]&amp#27;[39m Got response with status 200: {"sessionId":"9e0f2244-4896-42ef-b657-4e6f8b85bd46","value":null}
[debug] &amp#27;[35m[W3C (9f10c821)]&amp#27;[39m Responding to client with driver.click() result: null
&amp#27;[35m[HTTP]&amp#27;[39m &amp#27;[37m<-- POST /wd/hub/session/9f10c821-02fd-4c14-91b6-cd5455bbe490/element/531c8b86-91f7-4bdb-98a7-c0604033ebf7/click &amp#27;[39m&amp#27;[32m200&amp#27;[39m &amp#27;[90m88 ms - 14&amp#27;[39m
&amp#27;[35m[HTTP]&amp#27;[39m &amp#27;[90m&amp#27;[39m
&amp#27;[35m[HTTP]&amp#27;[39m &amp#27;[37m-->&amp#27;[39m &amp#27;[37mGET&amp#27;[39m &amp#27;[37m/wd/hub/session/9f10c821-02fd-4c14-91b6-cd5455bbe490/context&amp#27;[39m
&amp#27;[35m[HTTP]&amp#27;[39m &amp#27;[90m{}&amp#27;[39m
[debug] &amp#27;[35m[W3C (9f10c821)]&amp#27;[39m Calling AppiumDriver.getCurrentContext() with args: ["9f10c821-02fd-4c14-91b6-cd5455bbe490"]
[debug] &amp#27;[35m[W3C (9f10c821)]&amp#27;[39m Responding to client with driver.getCurrentContext() result: "NATIVE_APP"
&amp#27;[35m[HTTP]&amp#27;[39m &amp#27;[37m<-- GET /wd/hub/session/9f10c821-02fd-4c14-91b6-cd5455bbe490/context &amp#27;[39m&amp#27;[32m200&amp#27;[39m &amp#27;[90m3 ms - 22&amp#27;[39m
&amp#27;[35m[HTTP]&amp#27;[39m &amp#27;[90m&amp#27;[39m
&amp#27;[35m[HTTP]&amp#27;[39m &amp#27;[37m-->&amp#27;[39m &amp#27;[37mPOST&amp#27;[39m &amp#27;[37m/wd/hub/session/9f10c821-02fd-4c14-91b6-cd5455bbe490/element&amp#27;[39m
&amp#27;[35m[HTTP]&amp#27;[39m &amp#27;[90m{"using":"id","value":"com.sec.android.app.popupcalculator:id/calc_edt_formula"}&amp#27;[39m
[debug] &amp#27;[35m[W3C (9f10c821)]&amp#27;[39m Calling AppiumDriver.findElement() with args: ["id","com.sec.android.app.popupcalculator:id/calc_edt_formula","9f10c821-02fd-4c14-91b6-cd5455bbe490"]
[debug] &amp#27;[35m[BaseDriver]&amp#27;[39m Valid locator strategies for this request: xpath, id, class name, accessibility id, -android uiautomator
[debug] &amp#27;[35m[BaseDriver]&amp#27;[39m Waiting up to 10000 ms for condition
[debug] &amp#27;[35m[WD Proxy]&amp#27;[39m Matched '/element' to command name 'findElement'
[debug] &amp#27;[35m[WD Proxy]&amp#27;[39m Proxying [POST /element] to [POST http://127.0.0.1:8201/wd/hub/session/9e0f2244-4896-42ef-b657-4e6f8b85bd46/element] with body: {"strategy":"id","selector":"com.sec.android.app.popupcalculator:id/calc_edt_formula","context":"","multiple":false}
[debug] &amp#27;[35m[WD Proxy]&amp#27;[39m Got response with status 200: {"sessionId":"9e0f2244-4896-42ef-b657-4e6f8b85bd46","value":{"ELEMENT":"51168bef-a8df-4288-a0a1-02f491483b39","element-6066-11e4-a52e-4f735466cecf":"51168bef-a8df-4288-a0a1-02f491483b39"}}
[debug] &amp#27;[35m[W3C (9f10c821)]&amp#27;[39m Responding to client with driver.findElement() result: {"element-6066-11e4-a52e-4f735466cecf":"51168bef-a8df-4288-a0a1-02f491483b39","ELEMENT":"51168bef-a8df-4288-a0a1-02f491483b39"}
&amp#27;[35m[HTTP]&amp#27;[39m &amp#27;[37m<-- POST /wd/hub/session/9f10c821-02fd-4c14-91b6-cd5455bbe490/element &amp#27;[39m&amp#27;[32m200&amp#27;[39m &amp#27;[90m525 ms - 137&amp#27;[39m
&amp#27;[35m[HTTP]&amp#27;[39m &amp#27;[90m&amp#27;[39m
&amp#27;[35m[HTTP]&amp#27;[39m &amp#27;[37m-->&amp#27;[39m &amp#27;[37mGET&amp#27;[39m &amp#27;[37m/wd/hub/session/9f10c821-02fd-4c14-91b6-cd5455bbe490/element/51168bef-a8df-4288-a0a1-02f491483b39/attribute/text&amp#27;[39m
&amp#27;[35m[HTTP]&amp#27;[39m &amp#27;[90m{}&amp#27;[39m
[debug] &amp#27;[35m[W3C (9f10c821)]&amp#27;[39m Calling AppiumDriver.getAttribute() with args: ["text","51168bef-a8df-4288-a0a1-02f491483b39","9f10c821-02fd-4c14-91b6-cd5455bbe490"]
[debug] &amp#27;[35m[WD Proxy]&amp#27;[39m Matched '/element/51168bef-a8df-4288-a0a1-02f491483b39/attribute/text' to command name 'getAttribute'
[debug] &amp#27;[35m[WD Proxy]&amp#27;[39m Proxying [GET /element/51168bef-a8df-4288-a0a1-02f491483b39/attribute/text] to [GET http://127.0.0.1:8201/wd/hub/session/9e0f2244-4896-42ef-b657-4e6f8b85bd46/element/51168bef-a8df-4288-a0a1-02f491483b39/attribute/text] with no body
[debug] &amp#27;[35m[WD Proxy]&amp#27;[39m Got response with status 200: {"sessionId":"9e0f2244-4896-42ef-b657-4e6f8b85bd46","value":"123"}
[debug] &amp#27;[35m[W3C (9f10c821)]&amp#27;[39m Responding to client with driver.getAttribute() result: "123"
&amp#27;[35m[HTTP]&amp#27;[39m &amp#27;[37m<-- GET /wd/hub/session/9f10c821-02fd-4c14-91b6-cd5455bbe490/element/51168bef-a8df-4288-a0a1-02f491483b39/attribute/text &amp#27;[39m&amp#27;[32m200&amp#27;[39m &amp#27;[90m48 ms - 15&amp#27;[39m
&amp#27;[35m[HTTP]&amp#27;[39m &amp#27;[90m&amp#27;[39m
&amp#27;[35m[HTTP]&amp#27;[39m &amp#27;[37m-->&amp#27;[39m &amp#27;[37mGET&amp#27;[39m &amp#27;[37m/wd/hub/session/9f10c821-02fd-4c14-91b6-cd5455bbe490/context&amp#27;[39m
&amp#27;[35m[HTTP]&amp#27;[39m &amp#27;[90m{}&amp#27;[39m
[debug] &amp#27;[35m[W3C (9f10c821)]&amp#27;[39m Calling AppiumDriver.getCurrentContext() with args: ["9f10c821-02fd-4c14-91b6-cd5455bbe490"]
[debug] &amp#27;[35m[W3C (9f10c821)]&amp#27;[39m Responding to client with driver.getCurrentContext() result: "NATIVE_APP"
&amp#27;[35m[HTTP]&amp#27;[39m &amp#27;[37m<-- GET /wd/hub/session/9f10c821-02fd-4c14-91b6-cd5455bbe490/context &amp#27;[39m&amp#27;[32m200&amp#27;[39m &amp#27;[90m3 ms - 22&amp#27;[39m
&amp#27;[35m[HTTP]&amp#27;[39m &amp#27;[90m&amp#27;[39m
&amp#27;[35m[HTTP]&amp#27;[39m &amp#27;[37m-->&amp#27;[39m &amp#27;[37mPOST&amp#27;[39m &amp#27;[37m/wd/hub/session/9f10c821-02fd-4c14-91b6-cd5455bbe490/elements&amp#27;[39m
&amp#27;[35m[HTTP]&amp#27;[39m &amp#27;[90m{"using":"class name","value":"android.widget.Button"}&amp#27;[39m
[debug] &amp#27;[35m[W3C (9f10c821)]&amp#27;[39m Calling AppiumDriver.findElements() with args: ["class name","android.widget.Button","9f10c821-02fd-4c14-91b6-cd5455bbe490"]
[debug] &amp#27;[35m[BaseDriver]&amp#27;[39m Valid locator strategies for this request: xpath, id, class name, accessibility id, -android uiautomator
[debug] &amp#27;[35m[BaseDriver]&amp#27;[39m Waiting up to 10000 ms for condition
[debug] &amp#27;[35m[WD Proxy]&amp#27;[39m Matched '/elements' to command name 'findElements'
[debug] &amp#27;[35m[WD Proxy]&amp#27;[39m Proxying [POST /elements] to [POST http://127.0.0.1:8201/wd/hub/session/9e0f2244-4896-42ef-b657-4e6f8b85bd46/elements] with body: {"strategy":"class name","selector":"android.widget.Button","context":"","multiple":true}
[debug] &amp#27;[35m[WD Proxy]&amp#27;[39m Got response with status 200: {"sessionId":"9e0f2244-4896-42ef-b657-4e6f8b85bd46","value":[{"ELEMENT":"eaea27e3-4d3f-4775-bb01-d2ce5617fb8c","element-6066-11e4-a52e-4f735466cecf":"eaea27e3-4d3f-4775-bb01-d2ce5617fb8c"},{"ELEMENT":"5c369a20-f66d-489c-a009-42f56a822345","element-6066-11e4-a52e-4f735466cecf":"5c369a20-f66d-489c-a009-42f56a822345"},{"ELEMENT":"b54dd430-84c1-40b6-9f20-015c2ff5ec7f","element-6066-11e4-a52e-4f735466cecf":"b54dd430-84c1-40b6-9f20-015c2ff5ec7f"},{"ELEMENT":"a75805ba-88ac-4a09-8186-9e28183ff13f","element-6066-11e4-a52e-4f735466cecf":"a75805ba-88ac-4a09-8186-9e28183ff13f"},{"ELEMENT":"835c64c4-d33c-445a-943f-735c68af2d70","element-6066-11e4-a52e-4f735466cecf":"835c64c4-d33c-445a-943f-735c68af2d70"},{"ELEMENT":"e8544855-2f97-435d-9668-df8b026224c8","element-6066-11e4-a52e-4f735466cecf":"e8544855-2f97-435d-9668-df8b026224c8"},{"ELEMENT":"f96e98c9-d241-4608-92b7-9be1f73758b8","element-6066-11e4-a52e-4f735466cecf":"f96e98c9-d241-4608-92b7-9be1f73758b8"},{"ELEMENT":"82990d40-c3b1-4fcc-9cd8-5f0bfd8b0d17","element-6066-...
[debug] &amp#27;[35m[W3C (9f10c821)]&amp#27;[39m Responding to client with driver.findElements() result: [{"element-6066-11e4-a52e-4f735466cecf":"eaea27e3-4d3f-4775-bb01-d2ce5617fb8c","ELEMENT":"eaea27e3-4d3f-4775-bb01-d2ce5617fb8c"},{"element-6066-11e4-a52e-4f735466cecf":"5c369a20-f66d-489c-a009-42f56a822345","ELEMENT":"5c369a20-f66d-489c-a009-42f56a822345"},{"element-6066-11e4-a52e-4f735466cecf":"b54dd430-84c1-40b6-9f20-015c2ff5ec7f","ELEMENT":"b54dd430-84c1-40b6-9f20-015c2ff5ec7f"},{"element-6066-11e4-a52e-4f735466cecf":"a75805ba-88ac-4a09-8186-9e28183ff13f","ELEMENT":"a75805ba-88ac-4a09-8186-9e28183ff13f"},{"element-6066-11e4-a52e-4f735466cecf":"835c64c4-d33c-445a-943f-735c68af2d70","ELEMENT":"835c64c4-d33c-445a-943f-735c68af2d70"},{"element-6066-11e4-a52e-4f735466cecf":"e8544855-2f97-435d-9668-df8b026224c8","ELEMENT":"e8544855-2f97-435d-9668-df8b026224c8"},{"element-6066-11e4-a52e-4f735466cecf":"f96e98c9-d241-4608-92b7-9be1f73758b8","ELEMENT":"f96e98c9-d241-4608-92b7-9be1f73758b8"},{"element-6066-11e4-a52e-4f735466cecf":"82990d40-c3b1-4fcc-9cd8-5f0bfd8b0d17","ELEMENT":"82990d40-c3b1-4fcc-9cd8-5f0bfd8b0d1...
&amp#27;[35m[HTTP]&amp#27;[39m &amp#27;[37m<-- POST /wd/hub/session/9f10c821-02fd-4c14-91b6-cd5455bbe490/elements &amp#27;[39m&amp#27;[32m200&amp#27;[39m &amp#27;[90m51 ms - 2571&amp#27;[39m
&amp#27;[35m[HTTP]&amp#27;[39m &amp#27;[90m&amp#27;[39m
&amp#27;[35m[HTTP]&amp#27;[39m &amp#27;[37m-->&amp#27;[39m &amp#27;[37mPOST&amp#27;[39m &amp#27;[37m/wd/hub/session/9f10c821-02fd-4c14-91b6-cd5455bbe490/element/50313d95-ca84-4dfd-b02e-0624b4d86ba3/click&amp#27;[39m
&amp#27;[35m[HTTP]&amp#27;[39m &amp#27;[90m{"id":"50313d95-ca84-4dfd-b02e-0624b4d86ba3"}&amp#27;[39m
[debug] &amp#27;[35m[W3C (9f10c821)]&amp#27;[39m Calling AppiumDriver.click() with args: ["50313d95-ca84-4dfd-b02e-0624b4d86ba3","9f10c821-02fd-4c14-91b6-cd5455bbe490"]
[debug] &amp#27;[35m[WD Proxy]&amp#27;[39m Matched '/element/50313d95-ca84-4dfd-b02e-0624b4d86ba3/click' to command name 'click'
[debug] &amp#27;[35m[WD Proxy]&amp#27;[39m Proxying [POST /element/50313d95-ca84-4dfd-b02e-0624b4d86ba3/click] to [POST http://127.0.0.1:8201/wd/hub/session/9e0f2244-4896-42ef-b657-4e6f8b85bd46/element/50313d95-ca84-4dfd-b02e-0624b4d86ba3/click] with body: {"element":"50313d95-ca84-4dfd-b02e-0624b4d86ba3"}
[debug] &amp#27;[35m[WD Proxy]&amp#27;[39m Got response with status 200: {"sessionId":"9e0f2244-4896-42ef-b657-4e6f8b85bd46","value":null}
[debug] &amp#27;[35m[W3C (9f10c821)]&amp#27;[39m Responding to client with driver.click() result: null
&amp#27;[35m[HTTP]&amp#27;[39m &amp#27;[37m<-- POST /wd/hub/session/9f10c821-02fd-4c14-91b6-cd5455bbe490/element/50313d95-ca84-4dfd-b02e-0624b4d86ba3/click &amp#27;[39m&amp#27;[32m200&amp#27;[39m &amp#27;[90m84 ms - 14&amp#27;[39m
&amp#27;[35m[HTTP]&amp#27;[39m &amp#27;[90m&amp#27;[39m
&amp#27;[35m[HTTP]&amp#27;[39m &amp#27;[37m-->&amp#27;[39m &amp#27;[37mGET&amp#27;[39m &amp#27;[37m/wd/hub/session/9f10c821-02fd-4c14-91b6-cd5455bbe490/context&amp#27;[39m
&amp#27;[35m[HTTP]&amp#27;[39m &amp#27;[90m{}&amp#27;[39m
[debug] &amp#27;[35m[W3C (9f10c821)]&amp#27;[39m Calling AppiumDriver.getCurrentContext() with args: ["9f10c821-02fd-4c14-91b6-cd5455bbe490"]
[debug] &amp#27;[35m[W3C (9f10c821)]&amp#27;[39m Responding to client with driver.getCurrentContext() result: "NATIVE_APP"
&amp#27;[35m[HTTP]&amp#27;[39m &amp#27;[37m<-- GET /wd/hub/session/9f10c821-02fd-4c14-91b6-cd5455bbe490/context &amp#27;[39m&amp#27;[32m200&amp#27;[39m &amp#27;[90m2 ms - 22&amp#27;[39m
&amp#27;[35m[HTTP]&amp#27;[39m &amp#27;[90m&amp#27;[39m
&amp#27;[35m[HTTP]&amp#27;[39m &amp#27;[37m-->&amp#27;[39m &amp#27;[37mPOST&amp#27;[39m &amp#27;[37m/wd/hub/session/9f10c821-02fd-4c14-91b6-cd5455bbe490/elements&amp#27;[39m
&amp#27;[35m[HTTP]&amp#27;[39m &amp#27;[90m{"using":"class name","value":"android.widget.Button"}&amp#27;[39m
[debug] &amp#27;[35m[W3C (9f10c821)]&amp#27;[39m Calling AppiumDriver.findElements() with args: ["class name","android.widget.Button","9f10c821-02fd-4c14-91b6-cd5455bbe490"]
[debug] &amp#27;[35m[BaseDriver]&amp#27;[39m Valid locator strategies for this request: xpath, id, class name, accessibility id, -android uiautomator
[debug] &amp#27;[35m[BaseDriver]&amp#27;[39m Waiting up to 10000 ms for condition
[debug] &amp#27;[35m[WD Proxy]&amp#27;[39m Matched '/elements' to command name 'findElements'
[debug] &amp#27;[35m[WD Proxy]&amp#27;[39m Proxying [POST /elements] to [POST http://127.0.0.1:8201/wd/hub/session/9e0f2244-4896-42ef-b657-4e6f8b85bd46/elements] with body: {"strategy":"class name","selector":"android.widget.Button","context":"","multiple":true}
[debug] &amp#27;[35m[WD Proxy]&amp#27;[39m Got response with status 200: {"sessionId":"9e0f2244-4896-42ef-b657-4e6f8b85bd46","value":[{"ELEMENT":"64324200-14e2-4ed8-a823-962b3543312c","element-6066-11e4-a52e-4f735466cecf":"64324200-14e2-4ed8-a823-962b3543312c"},{"ELEMENT":"0f963597-6b9f-4f7d-adab-52c86d48bb09","element-6066-11e4-a52e-4f735466cecf":"0f963597-6b9f-4f7d-adab-52c86d48bb09"},{"ELEMENT":"c3d20d90-7268-4822-a036-82c806928e60","element-6066-11e4-a52e-4f735466cecf":"c3d20d90-7268-4822-a036-82c806928e60"},{"ELEMENT":"e7bed7e8-ee81-4278-bb47-bf012dac3547","element-6066-11e4-a52e-4f735466cecf":"e7bed7e8-ee81-4278-bb47-bf012dac3547"},{"ELEMENT":"32d7c80c-1169-4dcb-945b-c88777f6b886","element-6066-11e4-a52e-4f735466cecf":"32d7c80c-1169-4dcb-945b-c88777f6b886"},{"ELEMENT":"9724302f-dd48-43da-a5b0-0ccf186d1a25","element-6066-11e4-a52e-4f735466cecf":"9724302f-dd48-43da-a5b0-0ccf186d1a25"},{"ELEMENT":"4741bffc-3d07-4699-8116-da408eb3ad0d","element-6066-11e4-a52e-4f735466cecf":"4741bffc-3d07-4699-8116-da408eb3ad0d"},{"ELEMENT":"4b6e3c75-1251-468c-b54c-782ec6431f57","element-6066-...
[debug] &amp#27;[35m[W3C (9f10c821)]&amp#27;[39m Responding to client with driver.findElements() result: [{"element-6066-11e4-a52e-4f735466cecf":"64324200-14e2-4ed8-a823-962b3543312c","ELEMENT":"64324200-14e2-4ed8-a823-962b3543312c"},{"element-6066-11e4-a52e-4f735466cecf":"0f963597-6b9f-4f7d-adab-52c86d48bb09","ELEMENT":"0f963597-6b9f-4f7d-adab-52c86d48bb09"},{"element-6066-11e4-a52e-4f735466cecf":"c3d20d90-7268-4822-a036-82c806928e60","ELEMENT":"c3d20d90-7268-4822-a036-82c806928e60"},{"element-6066-11e4-a52e-4f735466cecf":"e7bed7e8-ee81-4278-bb47-bf012dac3547","ELEMENT":"e7bed7e8-ee81-4278-bb47-bf012dac3547"},{"element-6066-11e4-a52e-4f735466cecf":"32d7c80c-1169-4dcb-945b-c88777f6b886","ELEMENT":"32d7c80c-1169-4dcb-945b-c88777f6b886"},{"element-6066-11e4-a52e-4f735466cecf":"9724302f-dd48-43da-a5b0-0ccf186d1a25","ELEMENT":"9724302f-dd48-43da-a5b0-0ccf186d1a25"},{"element-6066-11e4-a52e-4f735466cecf":"4741bffc-3d07-4699-8116-da408eb3ad0d","ELEMENT":"4741bffc-3d07-4699-8116-da408eb3ad0d"},{"element-6066-11e4-a52e-4f735466cecf":"4b6e3c75-1251-468c-b54c-782ec6431f57","ELEMENT":"4b6e3c75-1251-468c-b54c-782ec6431f5...
&amp#27;[35m[HTTP]&amp#27;[39m &amp#27;[37m<-- POST /wd/hub/session/9f10c821-02fd-4c14-91b6-cd5455bbe490/elements &amp#27;[39m&amp#27;[32m200&amp#27;[39m &amp#27;[90m815 ms - 2571&amp#27;[39m
&amp#27;[35m[HTTP]&amp#27;[39m &amp#27;[90m&amp#27;[39m
&amp#27;[35m[HTTP]&amp#27;[39m &amp#27;[37m-->&amp#27;[39m &amp#27;[37mPOST&amp#27;[39m &amp#27;[37m/wd/hub/session/9f10c821-02fd-4c14-91b6-cd5455bbe490/element/2dc138cc-3737-47d6-b4d8-79aefddefca8/click&amp#27;[39m
&amp#27;[35m[HTTP]&amp#27;[39m &amp#27;[90m{"id":"2dc138cc-3737-47d6-b4d8-79aefddefca8"}&amp#27;[39m
[debug] &amp#27;[35m[W3C (9f10c821)]&amp#27;[39m Calling AppiumDriver.click() with args: ["2dc138cc-3737-47d6-b4d8-79aefddefca8","9f10c821-02fd-4c14-91b6-cd5455bbe490"]
[debug] &amp#27;[35m[WD Proxy]&amp#27;[39m Matched '/element/2dc138cc-3737-47d6-b4d8-79aefddefca8/click' to command name 'click'
[debug] &amp#27;[35m[WD Proxy]&amp#27;[39m Proxying [POST /element/2dc138cc-3737-47d6-b4d8-79aefddefca8/click] to [POST http://127.0.0.1:8201/wd/hub/session/9e0f2244-4896-42ef-b657-4e6f8b85bd46/element/2dc138cc-3737-47d6-b4d8-79aefddefca8/click] with body: {"element":"2dc138cc-3737-47d6-b4d8-79aefddefca8"}
[debug] &amp#27;[35m[WD Proxy]&amp#27;[39m Got response with status 200: {"sessionId":"9e0f2244-4896-42ef-b657-4e6f8b85bd46","value":null}
[debug] &amp#27;[35m[W3C (9f10c821)]&amp#27;[39m Responding to client with driver.click() result: null
&amp#27;[35m[HTTP]&amp#27;[39m &amp#27;[37m<-- POST /wd/hub/session/9f10c821-02fd-4c14-91b6-cd5455bbe490/element/2dc138cc-3737-47d6-b4d8-79aefddefca8/click &amp#27;[39m&amp#27;[32m200&amp#27;[39m &amp#27;[90m219 ms - 14&amp#27;[39m
&amp#27;[35m[HTTP]&amp#27;[39m &amp#27;[90m&amp#27;[39m
&amp#27;[35m[HTTP]&amp#27;[39m &amp#27;[37m-->&amp#27;[39m &amp#27;[37mGET&amp#27;[39m &amp#27;[37m/wd/hub/session/9f10c821-02fd-4c14-91b6-cd5455bbe490/context&amp#27;[39m
&amp#27;[35m[HTTP]&amp#27;[39m &amp#27;[90m{}&amp#27;[39m
[debug] &amp#27;[35m[W3C (9f10c821)]&amp#27;[39m Calling AppiumDriver.getCurrentContext() with args: ["9f10c821-02fd-4c14-91b6-cd5455bbe490"]
[debug] &amp#27;[35m[W3C (9f10c821)]&amp#27;[39m Responding to client with driver.getCurrentContext() result: "NATIVE_APP"
&amp#27;[35m[HTTP]&amp#27;[39m &amp#27;[37m<-- GET /wd/hub/session/9f10c821-02fd-4c14-91b6-cd5455bbe490/context &amp#27;[39m&amp#27;[32m200&amp#27;[39m &amp#27;[90m3 ms - 22&amp#27;[39m
&amp#27;[35m[HTTP]&amp#27;[39m &amp#27;[90m&amp#27;[39m
&amp#27;[35m[HTTP]&amp#27;[39m &amp#27;[37m-->&amp#27;[39m &amp#27;[37mPOST&amp#27;[39m &amp#27;[37m/wd/hub/session/9f10c821-02fd-4c14-91b6-cd5455bbe490/elements&amp#27;[39m
&amp#27;[35m[HTTP]&amp#27;[39m &amp#27;[90m{"using":"class name","value":"android.widget.Button"}&amp#27;[39m
[debug] &amp#27;[35m[W3C (9f10c821)]&amp#27;[39m Calling AppiumDriver.findElements() with args: ["class name","android.widget.Button","9f10c821-02fd-4c14-91b6-cd5455bbe490"]
[debug] &amp#27;[35m[BaseDriver]&amp#27;[39m Valid locator strategies for this request: xpath, id, class name, accessibility id, -android uiautomator
[debug] &amp#27;[35m[BaseDriver]&amp#27;[39m Waiting up to 10000 ms for condition
[debug] &amp#27;[35m[WD Proxy]&amp#27;[39m Matched '/elements' to command name 'findElements'
[debug] &amp#27;[35m[WD Proxy]&amp#27;[39m Proxying [POST /elements] to [POST http://127.0.0.1:8201/wd/hub/session/9e0f2244-4896-42ef-b657-4e6f8b85bd46/elements] with body: {"strategy":"class name","selector":"android.widget.Button","context":"","multiple":true}
[debug] &amp#27;[35m[WD Proxy]&amp#27;[39m Got response with status 200: {"sessionId":"9e0f2244-4896-42ef-b657-4e6f8b85bd46","value":[{"ELEMENT":"2b080b16-fb43-448d-be96-cbe750a244fc","element-6066-11e4-a52e-4f735466cecf":"2b080b16-fb43-448d-be96-cbe750a244fc"},{"ELEMENT":"eebcf861-00ec-4834-9500-69d41fcf8610","element-6066-11e4-a52e-4f735466cecf":"eebcf861-00ec-4834-9500-69d41fcf8610"},{"ELEMENT":"a6b6a499-1a7d-46e9-a6e7-ba53b703c2ce","element-6066-11e4-a52e-4f735466cecf":"a6b6a499-1a7d-46e9-a6e7-ba53b703c2ce"},{"ELEMENT":"a17f2b89-f2cf-4296-ac57-918e0a19e7b5","element-6066-11e4-a52e-4f735466cecf":"a17f2b89-f2cf-4296-ac57-918e0a19e7b5"},{"ELEMENT":"e1a2b2eb-8b9a-46dc-8ba1-b37bc9fa948f","element-6066-11e4-a52e-4f735466cecf":"e1a2b2eb-8b9a-46dc-8ba1-b37bc9fa948f"},{"ELEMENT":"8603db9d-e6bc-4902-b4a0-f64c086b224a","element-6066-11e4-a52e-4f735466cecf":"8603db9d-e6bc-4902-b4a0-f64c086b224a"},{"ELEMENT":"838e5328-a042-448a-8163-978c6935f040","element-6066-11e4-a52e-4f735466cecf":"838e5328-a042-448a-8163-978c6935f040"},{"ELEMENT":"0a6fe095-dc4f-49eb-88e1-ef09bfaa1302","element-6066-...
[debug] &amp#27;[35m[W3C (9f10c821)]&amp#27;[39m Responding to client with driver.findElements() result: [{"element-6066-11e4-a52e-4f735466cecf":"2b080b16-fb43-448d-be96-cbe750a244fc","ELEMENT":"2b080b16-fb43-448d-be96-cbe750a244fc"},{"element-6066-11e4-a52e-4f735466cecf":"eebcf861-00ec-4834-9500-69d41fcf8610","ELEMENT":"eebcf861-00ec-4834-9500-69d41fcf8610"},{"element-6066-11e4-a52e-4f735466cecf":"a6b6a499-1a7d-46e9-a6e7-ba53b703c2ce","ELEMENT":"a6b6a499-1a7d-46e9-a6e7-ba53b703c2ce"},{"element-6066-11e4-a52e-4f735466cecf":"a17f2b89-f2cf-4296-ac57-918e0a19e7b5","ELEMENT":"a17f2b89-f2cf-4296-ac57-918e0a19e7b5"},{"element-6066-11e4-a52e-4f735466cecf":"e1a2b2eb-8b9a-46dc-8ba1-b37bc9fa948f","ELEMENT":"e1a2b2eb-8b9a-46dc-8ba1-b37bc9fa948f"},{"element-6066-11e4-a52e-4f735466cecf":"8603db9d-e6bc-4902-b4a0-f64c086b224a","ELEMENT":"8603db9d-e6bc-4902-b4a0-f64c086b224a"},{"element-6066-11e4-a52e-4f735466cecf":"838e5328-a042-448a-8163-978c6935f040","ELEMENT":"838e5328-a042-448a-8163-978c6935f040"},{"element-6066-11e4-a52e-4f735466cecf":"0a6fe095-dc4f-49eb-88e1-ef09bfaa1302","ELEMENT":"0a6fe095-dc4f-49eb-88e1-ef09bfaa130...
&amp#27;[35m[HTTP]&amp#27;[39m &amp#27;[37m<-- POST /wd/hub/session/9f10c821-02fd-4c14-91b6-cd5455bbe490/elements &amp#27;[39m&amp#27;[32m200&amp#27;[39m &amp#27;[90m557 ms - 2571&amp#27;[39m
&amp#27;[35m[HTTP]&amp#27;[39m &amp#27;[90m&amp#27;[39m
&amp#27;[35m[HTTP]&amp#27;[39m &amp#27;[37m-->&amp#27;[39m &amp#27;[37mPOST&amp#27;[39m &amp#27;[37m/wd/hub/session/9f10c821-02fd-4c14-91b6-cd5455bbe490/element/27f81e2b-344b-4760-888d-5a6a2574be9b/click&amp#27;[39m
&amp#27;[35m[HTTP]&amp#27;[39m &amp#27;[90m{"id":"27f81e2b-344b-4760-888d-5a6a2574be9b"}&amp#27;[39m
[debug] &amp#27;[35m[W3C (9f10c821)]&amp#27;[39m Calling AppiumDriver.click() with args: ["27f81e2b-344b-4760-888d-5a6a2574be9b","9f10c821-02fd-4c14-91b6-cd5455bbe490"]
[debug] &amp#27;[35m[WD Proxy]&amp#27;[39m Matched '/element/27f81e2b-344b-4760-888d-5a6a2574be9b/click' to command name 'click'
[debug] &amp#27;[35m[WD Proxy]&amp#27;[39m Proxying [POST /element/27f81e2b-344b-4760-888d-5a6a2574be9b/click] to [POST http://127.0.0.1:8201/wd/hub/session/9e0f2244-4896-42ef-b657-4e6f8b85bd46/element/27f81e2b-344b-4760-888d-5a6a2574be9b/click] with body: {"element":"27f81e2b-344b-4760-888d-5a6a2574be9b"}
[debug] &amp#27;[35m[WD Proxy]&amp#27;[39m Got response with status 200: {"sessionId":"9e0f2244-4896-42ef-b657-4e6f8b85bd46","value":null}
[debug] &amp#27;[35m[W3C (9f10c821)]&amp#27;[39m Responding to client with driver.click() result: null
&amp#27;[35m[HTTP]&amp#27;[39m &amp#27;[37m<-- POST /wd/hub/session/9f10c821-02fd-4c14-91b6-cd5455bbe490/element/27f81e2b-344b-4760-888d-5a6a2574be9b/click &amp#27;[39m&amp#27;[32m200&amp#27;[39m &amp#27;[90m223 ms - 14&amp#27;[39m
&amp#27;[35m[HTTP]&amp#27;[39m &amp#27;[90m&amp#27;[39m
&amp#27;[35m[HTTP]&amp#27;[39m &amp#27;[37m-->&amp#27;[39m &amp#27;[37mGET&amp#27;[39m &amp#27;[37m/wd/hub/session/9f10c821-02fd-4c14-91b6-cd5455bbe490/context&amp#27;[39m
&amp#27;[35m[HTTP]&amp#27;[39m &amp#27;[90m{}&amp#27;[39m
[debug] &amp#27;[35m[W3C (9f10c821)]&amp#27;[39m Calling AppiumDriver.getCurrentContext() with args: ["9f10c821-02fd-4c14-91b6-cd5455bbe490"]
[debug] &amp#27;[35m[W3C (9f10c821)]&amp#27;[39m Responding to client with driver.getCurrentContext() result: "NATIVE_APP"
&amp#27;[35m[HTTP]&amp#27;[39m &amp#27;[37m<-- GET /wd/hub/session/9f10c821-02fd-4c14-91b6-cd5455bbe490/context &amp#27;[39m&amp#27;[32m200&amp#27;[39m &amp#27;[90m2 ms - 22&amp#27;[39m
&amp#27;[35m[HTTP]&amp#27;[39m &amp#27;[90m&amp#27;[39m
&amp#27;[35m[HTTP]&amp#27;[39m &amp#27;[37m-->&amp#27;[39m &amp#27;[37mPOST&amp#27;[39m &amp#27;[37m/wd/hub/session/9f10c821-02fd-4c14-91b6-cd5455bbe490/elements&amp#27;[39m
&amp#27;[35m[HTTP]&amp#27;[39m &amp#27;[90m{"using":"class name","value":"android.widget.Button"}&amp#27;[39m
[debug] &amp#27;[35m[W3C (9f10c821)]&amp#27;[39m Calling AppiumDriver.findElements() with args: ["class name","android.widget.Button","9f10c821-02fd-4c14-91b6-cd5455bbe490"]
[debug] &amp#27;[35m[BaseDriver]&amp#27;[39m Valid locator strategies for this request: xpath, id, class name, accessibility id, -android uiautomator
[debug] &amp#27;[35m[BaseDriver]&amp#27;[39m Waiting up to 10000 ms for condition
[debug] &amp#27;[35m[WD Proxy]&amp#27;[39m Matched '/elements' to command name 'findElements'
[debug] &amp#27;[35m[WD Proxy]&amp#27;[39m Proxying [POST /elements] to [POST http://127.0.0.1:8201/wd/hub/session/9e0f2244-4896-42ef-b657-4e6f8b85bd46/elements] with body: {"strategy":"class name","selector":"android.widget.Button","context":"","multiple":true}
[debug] &amp#27;[35m[WD Proxy]&amp#27;[39m Got response with status 200: {"sessionId":"9e0f2244-4896-42ef-b657-4e6f8b85bd46","value":[{"ELEMENT":"f7db7906-9ff0-41ea-a79f-791fa6a78814","element-6066-11e4-a52e-4f735466cecf":"f7db7906-9ff0-41ea-a79f-791fa6a78814"},{"ELEMENT":"8b963245-12c8-463c-97f4-e60daf7b34e4","element-6066-11e4-a52e-4f735466cecf":"8b963245-12c8-463c-97f4-e60daf7b34e4"},{"ELEMENT":"ec0f071a-c7f4-48d5-a413-4bdff0f75cce","element-6066-11e4-a52e-4f735466cecf":"ec0f071a-c7f4-48d5-a413-4bdff0f75cce"},{"ELEMENT":"76d308e9-46ee-4a9d-939d-be3a2a74e3fa","element-6066-11e4-a52e-4f735466cecf":"76d308e9-46ee-4a9d-939d-be3a2a74e3fa"},{"ELEMENT":"813b86db-2a23-4c4d-85da-80cdaa1b9552","element-6066-11e4-a52e-4f735466cecf":"813b86db-2a23-4c4d-85da-80cdaa1b9552"},{"ELEMENT":"d917e359-24ce-4aba-93f6-3ceb31a67bd6","element-6066-11e4-a52e-4f735466cecf":"d917e359-24ce-4aba-93f6-3ceb31a67bd6"},{"ELEMENT":"5813863c-3e95-4421-bfa5-5bd8966f2f7c","element-6066-11e4-a52e-4f735466cecf":"5813863c-3e95-4421-bfa5-5bd8966f2f7c"},{"ELEMENT":"c3993c47-144b-4abd-af7f-bfa09981d40e","element-6066-...
[debug] &amp#27;[35m[W3C (9f10c821)]&amp#27;[39m Responding to client with driver.findElements() result: [{"element-6066-11e4-a52e-4f735466cecf":"f7db7906-9ff0-41ea-a79f-791fa6a78814","ELEMENT":"f7db7906-9ff0-41ea-a79f-791fa6a78814"},{"element-6066-11e4-a52e-4f735466cecf":"8b963245-12c8-463c-97f4-e60daf7b34e4","ELEMENT":"8b963245-12c8-463c-97f4-e60daf7b34e4"},{"element-6066-11e4-a52e-4f735466cecf":"ec0f071a-c7f4-48d5-a413-4bdff0f75cce","ELEMENT":"ec0f071a-c7f4-48d5-a413-4bdff0f75cce"},{"element-6066-11e4-a52e-4f735466cecf":"76d308e9-46ee-4a9d-939d-be3a2a74e3fa","ELEMENT":"76d308e9-46ee-4a9d-939d-be3a2a74e3fa"},{"element-6066-11e4-a52e-4f735466cecf":"813b86db-2a23-4c4d-85da-80cdaa1b9552","ELEMENT":"813b86db-2a23-4c4d-85da-80cdaa1b9552"},{"element-6066-11e4-a52e-4f735466cecf":"d917e359-24ce-4aba-93f6-3ceb31a67bd6","ELEMENT":"d917e359-24ce-4aba-93f6-3ceb31a67bd6"},{"element-6066-11e4-a52e-4f735466cecf":"5813863c-3e95-4421-bfa5-5bd8966f2f7c","ELEMENT":"5813863c-3e95-4421-bfa5-5bd8966f2f7c"},{"element-6066-11e4-a52e-4f735466cecf":"c3993c47-144b-4abd-af7f-bfa09981d40e","ELEMENT":"c3993c47-144b-4abd-af7f-bfa09981d40...
&amp#27;[35m[HTTP]&amp#27;[39m &amp#27;[37m<-- POST /wd/hub/session/9f10c821-02fd-4c14-91b6-cd5455bbe490/elements &amp#27;[39m&amp#27;[32m200&amp#27;[39m &amp#27;[90m528 ms - 2571&amp#27;[39m
&amp#27;[35m[HTTP]&amp#27;[39m &amp#27;[90m&amp#27;[39m
&amp#27;[35m[HTTP]&amp#27;[39m &amp#27;[37m-->&amp#27;[39m &amp#27;[37mPOST&amp#27;[39m &amp#27;[37m/wd/hub/session/9f10c821-02fd-4c14-91b6-cd5455bbe490/element/eb5e9f17-ca9f-473f-a40d-875281e7be98/click&amp#27;[39m
&amp#27;[35m[HTTP]&amp#27;[39m &amp#27;[90m{"id":"eb5e9f17-ca9f-473f-a40d-875281e7be98"}&amp#27;[39m
[debug] &amp#27;[35m[W3C (9f10c821)]&amp#27;[39m Calling AppiumDriver.click() with args: ["eb5e9f17-ca9f-473f-a40d-875281e7be98","9f10c821-02fd-4c14-91b6-cd5455bbe490"]
[debug] &amp#27;[35m[WD Proxy]&amp#27;[39m Matched '/element/eb5e9f17-ca9f-473f-a40d-875281e7be98/click' to command name 'click'
[debug] &amp#27;[35m[WD Proxy]&amp#27;[39m Proxying [POST /element/eb5e9f17-ca9f-473f-a40d-875281e7be98/click] to [POST http://127.0.0.1:8201/wd/hub/session/9e0f2244-4896-42ef-b657-4e6f8b85bd46/element/eb5e9f17-ca9f-473f-a40d-875281e7be98/click] with body: {"element":"eb5e9f17-ca9f-473f-a40d-875281e7be98"}
[debug] &amp#27;[35m[WD Proxy]&amp#27;[39m Got response with status 200: {"sessionId":"9e0f2244-4896-42ef-b657-4e6f8b85bd46","value":null}
[debug] &amp#27;[35m[W3C (9f10c821)]&amp#27;[39m Responding to client with driver.click() result: null
&amp#27;[35m[HTTP]&amp#27;[39m &amp#27;[37m<-- POST /wd/hub/session/9f10c821-02fd-4c14-91b6-cd5455bbe490/element/eb5e9f17-ca9f-473f-a40d-875281e7be98/click &amp#27;[39m&amp#27;[32m200&amp#27;[39m &amp#27;[90m220 ms - 14&amp#27;[39m
&amp#27;[35m[HTTP]&amp#27;[39m &amp#27;[90m&amp#27;[39m
&amp#27;[35m[HTTP]&amp#27;[39m &amp#27;[37m-->&amp#27;[39m &amp#27;[37mGET&amp#27;[39m &amp#27;[37m/wd/hub/session/9f10c821-02fd-4c14-91b6-cd5455bbe490/context&amp#27;[39m
&amp#27;[35m[HTTP]&amp#27;[39m &amp#27;[90m{}&amp#27;[39m
[debug] &amp#27;[35m[W3C (9f10c821)]&amp#27;[39m Calling AppiumDriver.getCurrentContext() with args: ["9f10c821-02fd-4c14-91b6-cd5455bbe490"]
[debug] &amp#27;[35m[W3C (9f10c821)]&amp#27;[39m Responding to client with driver.getCurrentContext() result: "NATIVE_APP"
&amp#27;[35m[HTTP]&amp#27;[39m &amp#27;[37m<-- GET /wd/hub/session/9f10c821-02fd-4c14-91b6-cd5455bbe490/context &amp#27;[39m&amp#27;[32m200&amp#27;[39m &amp#27;[90m2 ms - 22&amp#27;[39m
&amp#27;[35m[HTTP]&amp#27;[39m &amp#27;[90m&amp#27;[39m
&amp#27;[35m[HTTP]&amp#27;[39m &amp#27;[37m-->&amp#27;[39m &amp#27;[37mPOST&amp#27;[39m &amp#27;[37m/wd/hub/session/9f10c821-02fd-4c14-91b6-cd5455bbe490/element&amp#27;[39m
&amp#27;[35m[HTTP]&amp#27;[39m &amp#27;[90m{"using":"id","value":"com.sec.android.app.popupcalculator:id/calc_edt_formula"}&amp#27;[39m
[debug] &amp#27;[35m[W3C (9f10c821)]&amp#27;[39m Calling AppiumDriver.findElement() with args: ["id","com.sec.android.app.popupcalculator:id/calc_edt_formula","9f10c821-02fd-4c14-91b6-cd5455bbe490"]
[debug] &amp#27;[35m[BaseDriver]&amp#27;[39m Valid locator strategies for this request: xpath, id, class name, accessibility id, -android uiautomator
[debug] &amp#27;[35m[BaseDriver]&amp#27;[39m Waiting up to 10000 ms for condition
[debug] &amp#27;[35m[WD Proxy]&amp#27;[39m Matched '/element' to command name 'findElement'
[debug] &amp#27;[35m[WD Proxy]&amp#27;[39m Proxying [POST /element] to [POST http://127.0.0.1:8201/wd/hub/session/9e0f2244-4896-42ef-b657-4e6f8b85bd46/element] with body: {"strategy":"id","selector":"com.sec.android.app.popupcalculator:id/calc_edt_formula","context":"","multiple":false}
[debug] &amp#27;[35m[WD Proxy]&amp#27;[39m Got response with status 200: {"sessionId":"9e0f2244-4896-42ef-b657-4e6f8b85bd46","value":{"ELEMENT":"1fea9c18-03ee-499d-be07-64a7efb040e8","element-6066-11e4-a52e-4f735466cecf":"1fea9c18-03ee-499d-be07-64a7efb040e8"}}
[debug] &amp#27;[35m[W3C (9f10c821)]&amp#27;[39m Responding to client with driver.findElement() result: {"element-6066-11e4-a52e-4f735466cecf":"1fea9c18-03ee-499d-be07-64a7efb040e8","ELEMENT":"1fea9c18-03ee-499d-be07-64a7efb040e8"}
&amp#27;[35m[HTTP]&amp#27;[39m &amp#27;[37m<-- POST /wd/hub/session/9f10c821-02fd-4c14-91b6-cd5455bbe490/element &amp#27;[39m&amp#27;[32m200&amp#27;[39m &amp#27;[90m528 ms - 137&amp#27;[39m
&amp#27;[35m[HTTP]&amp#27;[39m &amp#27;[90m&amp#27;[39m
&amp#27;[35m[HTTP]&amp#27;[39m &amp#27;[37m-->&amp#27;[39m &amp#27;[37mGET&amp#27;[39m &amp#27;[37m/wd/hub/session/9f10c821-02fd-4c14-91b6-cd5455bbe490/element/1fea9c18-03ee-499d-be07-64a7efb040e8/attribute/text&amp#27;[39m
&amp#27;[35m[HTTP]&amp#27;[39m &amp#27;[90m{}&amp#27;[39m
[debug] &amp#27;[35m[W3C (9f10c821)]&amp#27;[39m Calling AppiumDriver.getAttribute() with args: ["text","1fea9c18-03ee-499d-be07-64a7efb040e8","9f10c821-02fd-4c14-91b6-cd5455bbe490"]
[debug] &amp#27;[35m[WD Proxy]&amp#27;[39m Matched '/element/1fea9c18-03ee-499d-be07-64a7efb040e8/attribute/text' to command name 'getAttribute'
[debug] &amp#27;[35m[WD Proxy]&amp#27;[39m Proxying [GET /element/1fea9c18-03ee-499d-be07-64a7efb040e8/attribute/text] to [GET http://127.0.0.1:8201/wd/hub/session/9e0f2244-4896-42ef-b657-4e6f8b85bd46/element/1fea9c18-03ee-499d-be07-64a7efb040e8/attribute/text] with no body
[debug] &amp#27;[35m[WD Proxy]&amp#27;[39m Got response with status 200: {"sessionId":"9e0f2244-4896-42ef-b657-4e6f8b85bd46","value":"123+456"}
[debug] &amp#27;[35m[W3C (9f10c821)]&amp#27;[39m Responding to client with driver.getAttribute() result: "123+456"
&amp#27;[35m[HTTP]&amp#27;[39m &amp#27;[37m<-- GET /wd/hub/session/9f10c821-02fd-4c14-91b6-cd5455bbe490/element/1fea9c18-03ee-499d-be07-64a7efb040e8/attribute/text &amp#27;[39m&amp#27;[32m200&amp#27;[39m &amp#27;[90m191 ms - 19&amp#27;[39m
&amp#27;[35m[HTTP]&amp#27;[39m &amp#27;[90m&amp#27;[39m
&amp#27;[35m[HTTP]&amp#27;[39m &amp#27;[37m-->&amp#27;[39m &amp#27;[37mGET&amp#27;[39m &amp#27;[37m/wd/hub/session/9f10c821-02fd-4c14-91b6-cd5455bbe490/context&amp#27;[39m
&amp#27;[35m[HTTP]&amp#27;[39m &amp#27;[90m{}&amp#27;[39m
[debug] &amp#27;[35m[W3C (9f10c821)]&amp#27;[39m Calling AppiumDriver.getCurrentContext() with args: ["9f10c821-02fd-4c14-91b6-cd5455bbe490"]
[debug] &amp#27;[35m[W3C (9f10c821)]&amp#27;[39m Responding to client with driver.getCurrentContext() result: "NATIVE_APP"
&amp#27;[35m[HTTP]&amp#27;[39m &amp#27;[37m<-- GET /wd/hub/session/9f10c821-02fd-4c14-91b6-cd5455bbe490/context &amp#27;[39m&amp#27;[32m200&amp#27;[39m &amp#27;[90m2 ms - 22&amp#27;[39m
&amp#27;[35m[HTTP]&amp#27;[39m &amp#27;[90m&amp#27;[39m
&amp#27;[35m[HTTP]&amp#27;[39m &amp#27;[37m-->&amp#27;[39m &amp#27;[37mPOST&amp#27;[39m &amp#27;[37m/wd/hub/session/9f10c821-02fd-4c14-91b6-cd5455bbe490/elements&amp#27;[39m
&amp#27;[35m[HTTP]&amp#27;[39m &amp#27;[90m{"using":"class name","value":"android.widget.Button"}&amp#27;[39m
[debug] &amp#27;[35m[W3C (9f10c821)]&amp#27;[39m Calling AppiumDriver.findElements() with args: ["class name","android.widget.Button","9f10c821-02fd-4c14-91b6-cd5455bbe490"]
[debug] &amp#27;[35m[BaseDriver]&amp#27;[39m Valid locator strategies for this request: xpath, id, class name, accessibility id, -android uiautomator
[debug] &amp#27;[35m[BaseDriver]&amp#27;[39m Waiting up to 10000 ms for condition
[debug] &amp#27;[35m[WD Proxy]&amp#27;[39m Matched '/elements' to command name 'findElements'
[debug] &amp#27;[35m[WD Proxy]&amp#27;[39m Proxying [POST /elements] to [POST http://127.0.0.1:8201/wd/hub/session/9e0f2244-4896-42ef-b657-4e6f8b85bd46/elements] with body: {"strategy":"class name","selector":"android.widget.Button","context":"","multiple":true}
[debug] &amp#27;[35m[WD Proxy]&amp#27;[39m Got response with status 200: {"sessionId":"9e0f2244-4896-42ef-b657-4e6f8b85bd46","value":[{"ELEMENT":"c3b958de-3979-4cf0-ba53-04e3b740dc00","element-6066-11e4-a52e-4f735466cecf":"c3b958de-3979-4cf0-ba53-04e3b740dc00"},{"ELEMENT":"87880698-0403-4a38-ab66-1997ca9e4373","element-6066-11e4-a52e-4f735466cecf":"87880698-0403-4a38-ab66-1997ca9e4373"},{"ELEMENT":"e5d0d7ba-6bfa-4e1a-9082-a14d4e648f67","element-6066-11e4-a52e-4f735466cecf":"e5d0d7ba-6bfa-4e1a-9082-a14d4e648f67"},{"ELEMENT":"e7718623-fa78-4639-ae85-a8de7e4209c6","element-6066-11e4-a52e-4f735466cecf":"e7718623-fa78-4639-ae85-a8de7e4209c6"},{"ELEMENT":"f2ca3011-69ec-45ce-934f-8bc3e0964fb6","element-6066-11e4-a52e-4f735466cecf":"f2ca3011-69ec-45ce-934f-8bc3e0964fb6"},{"ELEMENT":"1408f6df-943a-4153-a8e7-e72fa519a4ae","element-6066-11e4-a52e-4f735466cecf":"1408f6df-943a-4153-a8e7-e72fa519a4ae"},{"ELEMENT":"78c9a0f2-7499-4840-b25e-ce7ab3cfe043","element-6066-11e4-a52e-4f735466cecf":"78c9a0f2-7499-4840-b25e-ce7ab3cfe043"},{"ELEMENT":"cbf378d6-b065-4aaa-9b3b-82ff3b751f32","element-6066-...
[debug] &amp#27;[35m[W3C (9f10c821)]&amp#27;[39m Responding to client with driver.findElements() result: [{"element-6066-11e4-a52e-4f735466cecf":"c3b958de-3979-4cf0-ba53-04e3b740dc00","ELEMENT":"c3b958de-3979-4cf0-ba53-04e3b740dc00"},{"element-6066-11e4-a52e-4f735466cecf":"87880698-0403-4a38-ab66-1997ca9e4373","ELEMENT":"87880698-0403-4a38-ab66-1997ca9e4373"},{"element-6066-11e4-a52e-4f735466cecf":"e5d0d7ba-6bfa-4e1a-9082-a14d4e648f67","ELEMENT":"e5d0d7ba-6bfa-4e1a-9082-a14d4e648f67"},{"element-6066-11e4-a52e-4f735466cecf":"e7718623-fa78-4639-ae85-a8de7e4209c6","ELEMENT":"e7718623-fa78-4639-ae85-a8de7e4209c6"},{"element-6066-11e4-a52e-4f735466cecf":"f2ca3011-69ec-45ce-934f-8bc3e0964fb6","ELEMENT":"f2ca3011-69ec-45ce-934f-8bc3e0964fb6"},{"element-6066-11e4-a52e-4f735466cecf":"1408f6df-943a-4153-a8e7-e72fa519a4ae","ELEMENT":"1408f6df-943a-4153-a8e7-e72fa519a4ae"},{"element-6066-11e4-a52e-4f735466cecf":"78c9a0f2-7499-4840-b25e-ce7ab3cfe043","ELEMENT":"78c9a0f2-7499-4840-b25e-ce7ab3cfe043"},{"element-6066-11e4-a52e-4f735466cecf":"cbf378d6-b065-4aaa-9b3b-82ff3b751f32","ELEMENT":"cbf378d6-b065-4aaa-9b3b-82ff3b751f3...
&amp#27;[35m[HTTP]&amp#27;[39m &amp#27;[37m<-- POST /wd/hub/session/9f10c821-02fd-4c14-91b6-cd5455bbe490/elements &amp#27;[39m&amp#27;[32m200&amp#27;[39m &amp#27;[90m51 ms - 2571&amp#27;[39m
&amp#27;[35m[HTTP]&amp#27;[39m &amp#27;[90m&amp#27;[39m
&amp#27;[35m[HTTP]&amp#27;[39m &amp#27;[37m-->&amp#27;[39m &amp#27;[37mPOST&amp#27;[39m &amp#27;[37m/wd/hub/session/9f10c821-02fd-4c14-91b6-cd5455bbe490/element/2234056f-dd2e-4870-9b67-a7d6ea960d48/click&amp#27;[39m
&amp#27;[35m[HTTP]&amp#27;[39m &amp#27;[90m{"id":"2234056f-dd2e-4870-9b67-a7d6ea960d48"}&amp#27;[39m
[debug] &amp#27;[35m[W3C (9f10c821)]&amp#27;[39m Calling AppiumDriver.click() with args: ["2234056f-dd2e-4870-9b67-a7d6ea960d48","9f10c821-02fd-4c14-91b6-cd5455bbe490"]
[debug] &amp#27;[35m[WD Proxy]&amp#27;[39m Matched '/element/2234056f-dd2e-4870-9b67-a7d6ea960d48/click' to command name 'click'
[debug] &amp#27;[35m[WD Proxy]&amp#27;[39m Proxying [POST /element/2234056f-dd2e-4870-9b67-a7d6ea960d48/click] to [POST http://127.0.0.1:8201/wd/hub/session/9e0f2244-4896-42ef-b657-4e6f8b85bd46/element/2234056f-dd2e-4870-9b67-a7d6ea960d48/click] with body: {"element":"2234056f-dd2e-4870-9b67-a7d6ea960d48"}
[debug] &amp#27;[35m[WD Proxy]&amp#27;[39m Got response with status 200: {"sessionId":"9e0f2244-4896-42ef-b657-4e6f8b85bd46","value":null}
[debug] &amp#27;[35m[W3C (9f10c821)]&amp#27;[39m Responding to client with driver.click() result: null
&amp#27;[35m[HTTP]&amp#27;[39m &amp#27;[37m<-- POST /wd/hub/session/9f10c821-02fd-4c14-91b6-cd5455bbe490/element/2234056f-dd2e-4870-9b67-a7d6ea960d48/click &amp#27;[39m&amp#27;[32m200&amp#27;[39m &amp#27;[90m457 ms - 14&amp#27;[39m
&amp#27;[35m[HTTP]&amp#27;[39m &amp#27;[90m&amp#27;[39m
&amp#27;[35m[HTTP]&amp#27;[39m &amp#27;[37m-->&amp#27;[39m &amp#27;[37mGET&amp#27;[39m &amp#27;[37m/wd/hub/session/9f10c821-02fd-4c14-91b6-cd5455bbe490/context&amp#27;[39m
&amp#27;[35m[HTTP]&amp#27;[39m &amp#27;[90m{}&amp#27;[39m
[debug] &amp#27;[35m[W3C (9f10c821)]&amp#27;[39m Calling AppiumDriver.getCurrentContext() with args: ["9f10c821-02fd-4c14-91b6-cd5455bbe490"]
[debug] &amp#27;[35m[W3C (9f10c821)]&amp#27;[39m Responding to client with driver.getCurrentContext() result: "NATIVE_APP"
&amp#27;[35m[HTTP]&amp#27;[39m &amp#27;[37m<-- GET /wd/hub/session/9f10c821-02fd-4c14-91b6-cd5455bbe490/context &amp#27;[39m&amp#27;[32m200&amp#27;[39m &amp#27;[90m6 ms - 22&amp#27;[39m
&amp#27;[35m[HTTP]&amp#27;[39m &amp#27;[90m&amp#27;[39m
&amp#27;[35m[HTTP]&amp#27;[39m &amp#27;[37m-->&amp#27;[39m &amp#27;[37mPOST&amp#27;[39m &amp#27;[37m/wd/hub/session/9f10c821-02fd-4c14-91b6-cd5455bbe490/element&amp#27;[39m
&amp#27;[35m[HTTP]&amp#27;[39m &amp#27;[90m{"using":"id","value":"com.sec.android.app.popupcalculator:id/calc_edt_formula"}&amp#27;[39m
[debug] &amp#27;[35m[W3C (9f10c821)]&amp#27;[39m Calling AppiumDriver.findElement() with args: ["id","com.sec.android.app.popupcalculator:id/calc_edt_formula","9f10c821-02fd-4c14-91b6-cd5455bbe490"]
[debug] &amp#27;[35m[BaseDriver]&amp#27;[39m Valid locator strategies for this request: xpath, id, class name, accessibility id, -android uiautomator
[debug] &amp#27;[35m[BaseDriver]&amp#27;[39m Waiting up to 10000 ms for condition
[debug] &amp#27;[35m[WD Proxy]&amp#27;[39m Matched '/element' to command name 'findElement'
[debug] &amp#27;[35m[WD Proxy]&amp#27;[39m Proxying [POST /element] to [POST http://127.0.0.1:8201/wd/hub/session/9e0f2244-4896-42ef-b657-4e6f8b85bd46/element] with body: {"strategy":"id","selector":"com.sec.android.app.popupcalculator:id/calc_edt_formula","context":"","multiple":false}
[debug] &amp#27;[35m[WD Proxy]&amp#27;[39m Got response with status 200: {"sessionId":"9e0f2244-4896-42ef-b657-4e6f8b85bd46","value":{"ELEMENT":"41b3adf4-0495-4dbe-860a-1383e92b4afb","element-6066-11e4-a52e-4f735466cecf":"41b3adf4-0495-4dbe-860a-1383e92b4afb"}}
[debug] &amp#27;[35m[W3C (9f10c821)]&amp#27;[39m Responding to client with driver.findElement() result: {"element-6066-11e4-a52e-4f735466cecf":"41b3adf4-0495-4dbe-860a-1383e92b4afb","ELEMENT":"41b3adf4-0495-4dbe-860a-1383e92b4afb"}
&amp#27;[35m[HTTP]&amp#27;[39m &amp#27;[37m<-- POST /wd/hub/session/9f10c821-02fd-4c14-91b6-cd5455bbe490/element &amp#27;[39m&amp#27;[32m200&amp#27;[39m &amp#27;[90m603 ms - 137&amp#27;[39m
&amp#27;[35m[HTTP]&amp#27;[39m &amp#27;[90m&amp#27;[39m
&amp#27;[35m[HTTP]&amp#27;[39m &amp#27;[37m-->&amp#27;[39m &amp#27;[37mGET&amp#27;[39m &amp#27;[37m/wd/hub/session/9f10c821-02fd-4c14-91b6-cd5455bbe490/element/41b3adf4-0495-4dbe-860a-1383e92b4afb/attribute/text&amp#27;[39m
&amp#27;[35m[HTTP]&amp#27;[39m &amp#27;[90m{}&amp#27;[39m
[debug] &amp#27;[35m[W3C (9f10c821)]&amp#27;[39m Calling AppiumDriver.getAttribute() with args: ["text","41b3adf4-0495-4dbe-860a-1383e92b4afb","9f10c821-02fd-4c14-91b6-cd5455bbe490"]
[debug] &amp#27;[35m[WD Proxy]&amp#27;[39m Matched '/element/41b3adf4-0495-4dbe-860a-1383e92b4afb/attribute/text' to command name 'getAttribute'
[debug] &amp#27;[35m[WD Proxy]&amp#27;[39m Proxying [GET /element/41b3adf4-0495-4dbe-860a-1383e92b4afb/attribute/text] to [GET http://127.0.0.1:8201/wd/hub/session/9e0f2244-4896-42ef-b657-4e6f8b85bd46/element/41b3adf4-0495-4dbe-860a-1383e92b4afb/attribute/text] with no body
[debug] &amp#27;[35m[WD Proxy]&amp#27;[39m Got response with status 200: {"sessionId":"9e0f2244-4896-42ef-b657-4e6f8b85bd46","value":"579"}
[debug] &amp#27;[35m[W3C (9f10c821)]&amp#27;[39m Responding to client with driver.getAttribute() result: "579"
579
123+456
[Ljava.lang.String;@53941c2f
579
579
TestData1
&amp#27;[35m[HTTP]&amp#27;[39m &amp#27;[37m<-- GET /wd/hub/session/9f10c821-02fd-4c14-91b6-cd5455bbe490/element/41b3adf4-0495-4dbe-860a-1383e92b4afb/attribute/text &amp#27;[39m&amp#27;[32m200&amp#27;[39m &amp#27;[90m36 ms - 15&amp#27;[39m
&amp#27;[35m[HTTP]&amp#27;[39m &amp#27;[90m&amp#27;[39m
]]></system-out>
    <system-err><![CDATA[log4j:WARN No appenders could be found for logger (devpinoyLogger).
log4j:WARN Please initialize the log4j system properly.
Dec 26, 2020 7:34:17 PM io.appium.java_client.remote.AppiumCommandExecutor$1 lambda$0
INFO: Detected dialect: W3C
]]></system-err>
  </testcase>
  <testcase name="writeMobileCalculatorTestScenarios[TestData2](2)" classname="Java.Framework.MobileCalculatorTestScenarios" time="7.207">
    <system-out><![CDATA[&amp#27;[35m[HTTP]&amp#27;[39m &amp#27;[37m-->&amp#27;[39m &amp#27;[37mGET&amp#27;[39m &amp#27;[37m/wd/hub/session/9f10c821-02fd-4c14-91b6-cd5455bbe490/context&amp#27;[39m
&amp#27;[35m[HTTP]&amp#27;[39m &amp#27;[90m{}&amp#27;[39m
[debug] &amp#27;[35m[W3C (9f10c821)]&amp#27;[39m Calling AppiumDriver.getCurrentContext() with args: ["9f10c821-02fd-4c14-91b6-cd5455bbe490"]
[debug] &amp#27;[35m[W3C (9f10c821)]&amp#27;[39m Responding to client with driver.getCurrentContext() result: "NATIVE_APP"
&amp#27;[35m[HTTP]&amp#27;[39m &amp#27;[37m<-- GET /wd/hub/session/9f10c821-02fd-4c14-91b6-cd5455bbe490/context &amp#27;[39m&amp#27;[32m200&amp#27;[39m &amp#27;[90m2 ms - 22&amp#27;[39m
&amp#27;[35m[HTTP]&amp#27;[39m &amp#27;[90m&amp#27;[39m
&amp#27;[35m[HTTP]&amp#27;[39m &amp#27;[37m-->&amp#27;[39m &amp#27;[37mPOST&amp#27;[39m &amp#27;[37m/wd/hub/session/9f10c821-02fd-4c14-91b6-cd5455bbe490/elements&amp#27;[39m
&amp#27;[35m[HTTP]&amp#27;[39m &amp#27;[90m{"using":"class name","value":"android.widget.Button"}&amp#27;[39m
[debug] &amp#27;[35m[W3C (9f10c821)]&amp#27;[39m Calling AppiumDriver.findElements() with args: ["class name","android.widget.Button","9f10c821-02fd-4c14-91b6-cd5455bbe490"]
[debug] &amp#27;[35m[BaseDriver]&amp#27;[39m Valid locator strategies for this request: xpath, id, class name, accessibility id, -android uiautomator
[debug] &amp#27;[35m[BaseDriver]&amp#27;[39m Waiting up to 10000 ms for condition
[debug] &amp#27;[35m[WD Proxy]&amp#27;[39m Matched '/elements' to command name 'findElements'
[debug] &amp#27;[35m[WD Proxy]&amp#27;[39m Proxying [POST /elements] to [POST http://127.0.0.1:8201/wd/hub/session/9e0f2244-4896-42ef-b657-4e6f8b85bd46/elements] with body: {"strategy":"class name","selector":"android.widget.Button","context":"","multiple":true}
[debug] &amp#27;[35m[WD Proxy]&amp#27;[39m Got response with status 200: {"sessionId":"9e0f2244-4896-42ef-b657-4e6f8b85bd46","value":[{"ELEMENT":"942c4500-9a02-4ac7-9588-10c3563d7feb","element-6066-11e4-a52e-4f735466cecf":"942c4500-9a02-4ac7-9588-10c3563d7feb"},{"ELEMENT":"7a5b7b0d-be94-4c71-a904-dc279a1d2c17","element-6066-11e4-a52e-4f735466cecf":"7a5b7b0d-be94-4c71-a904-dc279a1d2c17"},{"ELEMENT":"4940c7ea-199d-435a-a224-05e2a8036429","element-6066-11e4-a52e-4f735466cecf":"4940c7ea-199d-435a-a224-05e2a8036429"},{"ELEMENT":"b8e024c9-5f47-4bca-b2c8-e8bb320ad24c","element-6066-11e4-a52e-4f735466cecf":"b8e024c9-5f47-4bca-b2c8-e8bb320ad24c"},{"ELEMENT":"f3faf2fa-64eb-4693-954a-eb77c48d1774","element-6066-11e4-a52e-4f735466cecf":"f3faf2fa-64eb-4693-954a-eb77c48d1774"},{"ELEMENT":"ff61d748-d87c-4307-85b1-52e52b87ac97","element-6066-11e4-a52e-4f735466cecf":"ff61d748-d87c-4307-85b1-52e52b87ac97"},{"ELEMENT":"b94a38b1-c1e0-4eca-b988-03795eeb26a9","element-6066-11e4-a52e-4f735466cecf":"b94a38b1-c1e0-4eca-b988-03795eeb26a9"},{"ELEMENT":"c3384698-e39c-43b2-ba09-a56825c7be4a","element-6066-...
[debug] &amp#27;[35m[W3C (9f10c821)]&amp#27;[39m Responding to client with driver.findElements() result: [{"element-6066-11e4-a52e-4f735466cecf":"942c4500-9a02-4ac7-9588-10c3563d7feb","ELEMENT":"942c4500-9a02-4ac7-9588-10c3563d7feb"},{"element-6066-11e4-a52e-4f735466cecf":"7a5b7b0d-be94-4c71-a904-dc279a1d2c17","ELEMENT":"7a5b7b0d-be94-4c71-a904-dc279a1d2c17"},{"element-6066-11e4-a52e-4f735466cecf":"4940c7ea-199d-435a-a224-05e2a8036429","ELEMENT":"4940c7ea-199d-435a-a224-05e2a8036429"},{"element-6066-11e4-a52e-4f735466cecf":"b8e024c9-5f47-4bca-b2c8-e8bb320ad24c","ELEMENT":"b8e024c9-5f47-4bca-b2c8-e8bb320ad24c"},{"element-6066-11e4-a52e-4f735466cecf":"f3faf2fa-64eb-4693-954a-eb77c48d1774","ELEMENT":"f3faf2fa-64eb-4693-954a-eb77c48d1774"},{"element-6066-11e4-a52e-4f735466cecf":"ff61d748-d87c-4307-85b1-52e52b87ac97","ELEMENT":"ff61d748-d87c-4307-85b1-52e52b87ac97"},{"element-6066-11e4-a52e-4f735466cecf":"b94a38b1-c1e0-4eca-b988-03795eeb26a9","ELEMENT":"b94a38b1-c1e0-4eca-b988-03795eeb26a9"},{"element-6066-11e4-a52e-4f735466cecf":"c3384698-e39c-43b2-ba09-a56825c7be4a","ELEMENT":"c3384698-e39c-43b2-ba09-a56825c7be4...
&amp#27;[35m[HTTP]&amp#27;[39m &amp#27;[37m<-- POST /wd/hub/session/9f10c821-02fd-4c14-91b6-cd5455bbe490/elements &amp#27;[39m&amp#27;[32m200&amp#27;[39m &amp#27;[90m58 ms - 2571&amp#27;[39m
&amp#27;[35m[HTTP]&amp#27;[39m &amp#27;[90m&amp#27;[39m
&amp#27;[35m[HTTP]&amp#27;[39m &amp#27;[37m-->&amp#27;[39m &amp#27;[37mPOST&amp#27;[39m &amp#27;[37m/wd/hub/session/9f10c821-02fd-4c14-91b6-cd5455bbe490/element/220987e8-ace6-4eb0-b921-8f8a6aa8ac04/click&amp#27;[39m
&amp#27;[35m[HTTP]&amp#27;[39m &amp#27;[90m{"id":"220987e8-ace6-4eb0-b921-8f8a6aa8ac04"}&amp#27;[39m
[debug] &amp#27;[35m[W3C (9f10c821)]&amp#27;[39m Calling AppiumDriver.click() with args: ["220987e8-ace6-4eb0-b921-8f8a6aa8ac04","9f10c821-02fd-4c14-91b6-cd5455bbe490"]
[debug] &amp#27;[35m[WD Proxy]&amp#27;[39m Matched '/element/220987e8-ace6-4eb0-b921-8f8a6aa8ac04/click' to command name 'click'
[debug] &amp#27;[35m[WD Proxy]&amp#27;[39m Proxying [POST /element/220987e8-ace6-4eb0-b921-8f8a6aa8ac04/click] to [POST http://127.0.0.1:8201/wd/hub/session/9e0f2244-4896-42ef-b657-4e6f8b85bd46/element/220987e8-ace6-4eb0-b921-8f8a6aa8ac04/click] with body: {"element":"220987e8-ace6-4eb0-b921-8f8a6aa8ac04"}
[debug] &amp#27;[35m[WD Proxy]&amp#27;[39m Got response with status 200: {"sessionId":"9e0f2244-4896-42ef-b657-4e6f8b85bd46","value":null}
[debug] &amp#27;[35m[W3C (9f10c821)]&amp#27;[39m Responding to client with driver.click() result: null
&amp#27;[35m[HTTP]&amp#27;[39m &amp#27;[37m<-- POST /wd/hub/session/9f10c821-02fd-4c14-91b6-cd5455bbe490/element/220987e8-ace6-4eb0-b921-8f8a6aa8ac04/click &amp#27;[39m&amp#27;[32m200&amp#27;[39m &amp#27;[90m581 ms - 14&amp#27;[39m
&amp#27;[35m[HTTP]&amp#27;[39m &amp#27;[90m&amp#27;[39m
&amp#27;[35m[HTTP]&amp#27;[39m &amp#27;[37m-->&amp#27;[39m &amp#27;[37mGET&amp#27;[39m &amp#27;[37m/wd/hub/session/9f10c821-02fd-4c14-91b6-cd5455bbe490/context&amp#27;[39m
&amp#27;[35m[HTTP]&amp#27;[39m &amp#27;[90m{}&amp#27;[39m
[debug] &amp#27;[35m[W3C (9f10c821)]&amp#27;[39m Calling AppiumDriver.getCurrentContext() with args: ["9f10c821-02fd-4c14-91b6-cd5455bbe490"]
[debug] &amp#27;[35m[W3C (9f10c821)]&amp#27;[39m Responding to client with driver.getCurrentContext() result: "NATIVE_APP"
&amp#27;[35m[HTTP]&amp#27;[39m &amp#27;[37m<-- GET /wd/hub/session/9f10c821-02fd-4c14-91b6-cd5455bbe490/context &amp#27;[39m&amp#27;[32m200&amp#27;[39m &amp#27;[90m2 ms - 22&amp#27;[39m
&amp#27;[35m[HTTP]&amp#27;[39m &amp#27;[90m&amp#27;[39m
&amp#27;[35m[HTTP]&amp#27;[39m &amp#27;[37m-->&amp#27;[39m &amp#27;[37mPOST&amp#27;[39m &amp#27;[37m/wd/hub/session/9f10c821-02fd-4c14-91b6-cd5455bbe490/elements&amp#27;[39m
&amp#27;[35m[HTTP]&amp#27;[39m &amp#27;[90m{"using":"class name","value":"android.widget.Button"}&amp#27;[39m
[debug] &amp#27;[35m[W3C (9f10c821)]&amp#27;[39m Calling AppiumDriver.findElements() with args: ["class name","android.widget.Button","9f10c821-02fd-4c14-91b6-cd5455bbe490"]
[debug] &amp#27;[35m[BaseDriver]&amp#27;[39m Valid locator strategies for this request: xpath, id, class name, accessibility id, -android uiautomator
[debug] &amp#27;[35m[BaseDriver]&amp#27;[39m Waiting up to 10000 ms for condition
[debug] &amp#27;[35m[WD Proxy]&amp#27;[39m Matched '/elements' to command name 'findElements'
[debug] &amp#27;[35m[WD Proxy]&amp#27;[39m Proxying [POST /elements] to [POST http://127.0.0.1:8201/wd/hub/session/9e0f2244-4896-42ef-b657-4e6f8b85bd46/elements] with body: {"strategy":"class name","selector":"android.widget.Button","context":"","multiple":true}
[debug] &amp#27;[35m[WD Proxy]&amp#27;[39m Got response with status 200: {"sessionId":"9e0f2244-4896-42ef-b657-4e6f8b85bd46","value":[{"ELEMENT":"ebbd06aa-b6f8-4235-bd72-f2e8d7f81520","element-6066-11e4-a52e-4f735466cecf":"ebbd06aa-b6f8-4235-bd72-f2e8d7f81520"},{"ELEMENT":"6636a196-211c-4eb4-ac99-14e95d04cd64","element-6066-11e4-a52e-4f735466cecf":"6636a196-211c-4eb4-ac99-14e95d04cd64"},{"ELEMENT":"959d7779-3dce-4129-be0f-36d54e7ccc2b","element-6066-11e4-a52e-4f735466cecf":"959d7779-3dce-4129-be0f-36d54e7ccc2b"},{"ELEMENT":"307fe98a-c885-460d-b7c9-fb51db1606ef","element-6066-11e4-a52e-4f735466cecf":"307fe98a-c885-460d-b7c9-fb51db1606ef"},{"ELEMENT":"58d2bb10-5348-4cbc-9dd2-3c4b9bf50327","element-6066-11e4-a52e-4f735466cecf":"58d2bb10-5348-4cbc-9dd2-3c4b9bf50327"},{"ELEMENT":"e1b22cc8-da97-40a9-8f0c-5adc4d71bf84","element-6066-11e4-a52e-4f735466cecf":"e1b22cc8-da97-40a9-8f0c-5adc4d71bf84"},{"ELEMENT":"d2efef64-d1bf-4bda-9b01-63b7076d7257","element-6066-11e4-a52e-4f735466cecf":"d2efef64-d1bf-4bda-9b01-63b7076d7257"},{"ELEMENT":"d5755e92-18ba-4d7a-b16d-76da04044f7d","element-6066-...
[debug] &amp#27;[35m[W3C (9f10c821)]&amp#27;[39m Responding to client with driver.findElements() result: [{"element-6066-11e4-a52e-4f735466cecf":"ebbd06aa-b6f8-4235-bd72-f2e8d7f81520","ELEMENT":"ebbd06aa-b6f8-4235-bd72-f2e8d7f81520"},{"element-6066-11e4-a52e-4f735466cecf":"6636a196-211c-4eb4-ac99-14e95d04cd64","ELEMENT":"6636a196-211c-4eb4-ac99-14e95d04cd64"},{"element-6066-11e4-a52e-4f735466cecf":"959d7779-3dce-4129-be0f-36d54e7ccc2b","ELEMENT":"959d7779-3dce-4129-be0f-36d54e7ccc2b"},{"element-6066-11e4-a52e-4f735466cecf":"307fe98a-c885-460d-b7c9-fb51db1606ef","ELEMENT":"307fe98a-c885-460d-b7c9-fb51db1606ef"},{"element-6066-11e4-a52e-4f735466cecf":"58d2bb10-5348-4cbc-9dd2-3c4b9bf50327","ELEMENT":"58d2bb10-5348-4cbc-9dd2-3c4b9bf50327"},{"element-6066-11e4-a52e-4f735466cecf":"e1b22cc8-da97-40a9-8f0c-5adc4d71bf84","ELEMENT":"e1b22cc8-da97-40a9-8f0c-5adc4d71bf84"},{"element-6066-11e4-a52e-4f735466cecf":"d2efef64-d1bf-4bda-9b01-63b7076d7257","ELEMENT":"d2efef64-d1bf-4bda-9b01-63b7076d7257"},{"element-6066-11e4-a52e-4f735466cecf":"d5755e92-18ba-4d7a-b16d-76da04044f7d","ELEMENT":"d5755e92-18ba-4d7a-b16d-76da04044f7...
&amp#27;[35m[HTTP]&amp#27;[39m &amp#27;[37m<-- POST /wd/hub/session/9f10c821-02fd-4c14-91b6-cd5455bbe490/elements &amp#27;[39m&amp#27;[32m200&amp#27;[39m &amp#27;[90m55 ms - 2571&amp#27;[39m
&amp#27;[35m[HTTP]&amp#27;[39m &amp#27;[90m&amp#27;[39m
&amp#27;[35m[HTTP]&amp#27;[39m &amp#27;[37m-->&amp#27;[39m &amp#27;[37mPOST&amp#27;[39m &amp#27;[37m/wd/hub/session/9f10c821-02fd-4c14-91b6-cd5455bbe490/element/4513efff-0d54-4087-8490-3593a1d4e660/click&amp#27;[39m
&amp#27;[35m[HTTP]&amp#27;[39m &amp#27;[90m{"id":"4513efff-0d54-4087-8490-3593a1d4e660"}&amp#27;[39m
[debug] &amp#27;[35m[W3C (9f10c821)]&amp#27;[39m Calling AppiumDriver.click() with args: ["4513efff-0d54-4087-8490-3593a1d4e660","9f10c821-02fd-4c14-91b6-cd5455bbe490"]
[debug] &amp#27;[35m[WD Proxy]&amp#27;[39m Matched '/element/4513efff-0d54-4087-8490-3593a1d4e660/click' to command name 'click'
[debug] &amp#27;[35m[WD Proxy]&amp#27;[39m Proxying [POST /element/4513efff-0d54-4087-8490-3593a1d4e660/click] to [POST http://127.0.0.1:8201/wd/hub/session/9e0f2244-4896-42ef-b657-4e6f8b85bd46/element/4513efff-0d54-4087-8490-3593a1d4e660/click] with body: {"element":"4513efff-0d54-4087-8490-3593a1d4e660"}
[debug] &amp#27;[35m[WD Proxy]&amp#27;[39m Got response with status 200: {"sessionId":"9e0f2244-4896-42ef-b657-4e6f8b85bd46","value":null}
[debug] &amp#27;[35m[W3C (9f10c821)]&amp#27;[39m Responding to client with driver.click() result: null
&amp#27;[35m[HTTP]&amp#27;[39m &amp#27;[37m<-- POST /wd/hub/session/9f10c821-02fd-4c14-91b6-cd5455bbe490/element/4513efff-0d54-4087-8490-3593a1d4e660/click &amp#27;[39m&amp#27;[32m200&amp#27;[39m &amp#27;[90m66 ms - 14&amp#27;[39m
&amp#27;[35m[HTTP]&amp#27;[39m &amp#27;[90m&amp#27;[39m
&amp#27;[35m[HTTP]&amp#27;[39m &amp#27;[37m-->&amp#27;[39m &amp#27;[37mGET&amp#27;[39m &amp#27;[37m/wd/hub/session/9f10c821-02fd-4c14-91b6-cd5455bbe490/context&amp#27;[39m
&amp#27;[35m[HTTP]&amp#27;[39m &amp#27;[90m{}&amp#27;[39m
[debug] &amp#27;[35m[W3C (9f10c821)]&amp#27;[39m Calling AppiumDriver.getCurrentContext() with args: ["9f10c821-02fd-4c14-91b6-cd5455bbe490"]
[debug] &amp#27;[35m[W3C (9f10c821)]&amp#27;[39m Responding to client with driver.getCurrentContext() result: "NATIVE_APP"
&amp#27;[35m[HTTP]&amp#27;[39m &amp#27;[37m<-- GET /wd/hub/session/9f10c821-02fd-4c14-91b6-cd5455bbe490/context &amp#27;[39m&amp#27;[32m200&amp#27;[39m &amp#27;[90m2 ms - 22&amp#27;[39m
&amp#27;[35m[HTTP]&amp#27;[39m &amp#27;[90m&amp#27;[39m
&amp#27;[35m[HTTP]&amp#27;[39m &amp#27;[37m-->&amp#27;[39m &amp#27;[37mPOST&amp#27;[39m &amp#27;[37m/wd/hub/session/9f10c821-02fd-4c14-91b6-cd5455bbe490/elements&amp#27;[39m
&amp#27;[35m[HTTP]&amp#27;[39m &amp#27;[90m{"using":"class name","value":"android.widget.Button"}&amp#27;[39m
[debug] &amp#27;[35m[W3C (9f10c821)]&amp#27;[39m Calling AppiumDriver.findElements() with args: ["class name","android.widget.Button","9f10c821-02fd-4c14-91b6-cd5455bbe490"]
[debug] &amp#27;[35m[BaseDriver]&amp#27;[39m Valid locator strategies for this request: xpath, id, class name, accessibility id, -android uiautomator
[debug] &amp#27;[35m[BaseDriver]&amp#27;[39m Waiting up to 10000 ms for condition
[debug] &amp#27;[35m[WD Proxy]&amp#27;[39m Matched '/elements' to command name 'findElements'
[debug] &amp#27;[35m[WD Proxy]&amp#27;[39m Proxying [POST /elements] to [POST http://127.0.0.1:8201/wd/hub/session/9e0f2244-4896-42ef-b657-4e6f8b85bd46/elements] with body: {"strategy":"class name","selector":"android.widget.Button","context":"","multiple":true}
[debug] &amp#27;[35m[WD Proxy]&amp#27;[39m Got response with status 200: {"sessionId":"9e0f2244-4896-42ef-b657-4e6f8b85bd46","value":[{"ELEMENT":"b03c166c-1e4f-4d8d-9e65-ce1090fed3e6","element-6066-11e4-a52e-4f735466cecf":"b03c166c-1e4f-4d8d-9e65-ce1090fed3e6"},{"ELEMENT":"3f108ed0-7533-4521-947c-2e353ab0a252","element-6066-11e4-a52e-4f735466cecf":"3f108ed0-7533-4521-947c-2e353ab0a252"},{"ELEMENT":"2c6340fd-ae2b-4b73-8020-b6176ce6eb0d","element-6066-11e4-a52e-4f735466cecf":"2c6340fd-ae2b-4b73-8020-b6176ce6eb0d"},{"ELEMENT":"b1e77d2c-6cbc-458a-9bbf-3c4c1cc94541","element-6066-11e4-a52e-4f735466cecf":"b1e77d2c-6cbc-458a-9bbf-3c4c1cc94541"},{"ELEMENT":"beef929e-54a1-4374-af9e-2207b775c1e4","element-6066-11e4-a52e-4f735466cecf":"beef929e-54a1-4374-af9e-2207b775c1e4"},{"ELEMENT":"b55519dd-33fe-408b-98cd-0d7411d40157","element-6066-11e4-a52e-4f735466cecf":"b55519dd-33fe-408b-98cd-0d7411d40157"},{"ELEMENT":"88fdb638-59a7-488c-bf80-a080512aa6a6","element-6066-11e4-a52e-4f735466cecf":"88fdb638-59a7-488c-bf80-a080512aa6a6"},{"ELEMENT":"45434a0b-aab7-46ce-814a-22c51139c8fb","element-6066-...
[debug] &amp#27;[35m[W3C (9f10c821)]&amp#27;[39m Responding to client with driver.findElements() result: [{"element-6066-11e4-a52e-4f735466cecf":"b03c166c-1e4f-4d8d-9e65-ce1090fed3e6","ELEMENT":"b03c166c-1e4f-4d8d-9e65-ce1090fed3e6"},{"element-6066-11e4-a52e-4f735466cecf":"3f108ed0-7533-4521-947c-2e353ab0a252","ELEMENT":"3f108ed0-7533-4521-947c-2e353ab0a252"},{"element-6066-11e4-a52e-4f735466cecf":"2c6340fd-ae2b-4b73-8020-b6176ce6eb0d","ELEMENT":"2c6340fd-ae2b-4b73-8020-b6176ce6eb0d"},{"element-6066-11e4-a52e-4f735466cecf":"b1e77d2c-6cbc-458a-9bbf-3c4c1cc94541","ELEMENT":"b1e77d2c-6cbc-458a-9bbf-3c4c1cc94541"},{"element-6066-11e4-a52e-4f735466cecf":"beef929e-54a1-4374-af9e-2207b775c1e4","ELEMENT":"beef929e-54a1-4374-af9e-2207b775c1e4"},{"element-6066-11e4-a52e-4f735466cecf":"b55519dd-33fe-408b-98cd-0d7411d40157","ELEMENT":"b55519dd-33fe-408b-98cd-0d7411d40157"},{"element-6066-11e4-a52e-4f735466cecf":"88fdb638-59a7-488c-bf80-a080512aa6a6","ELEMENT":"88fdb638-59a7-488c-bf80-a080512aa6a6"},{"element-6066-11e4-a52e-4f735466cecf":"45434a0b-aab7-46ce-814a-22c51139c8fb","ELEMENT":"45434a0b-aab7-46ce-814a-22c51139c8f...
&amp#27;[35m[HTTP]&amp#27;[39m &amp#27;[37m<-- POST /wd/hub/session/9f10c821-02fd-4c14-91b6-cd5455bbe490/elements &amp#27;[39m&amp#27;[32m200&amp#27;[39m &amp#27;[90m536 ms - 2571&amp#27;[39m
&amp#27;[35m[HTTP]&amp#27;[39m &amp#27;[90m&amp#27;[39m
&amp#27;[35m[HTTP]&amp#27;[39m &amp#27;[37m-->&amp#27;[39m &amp#27;[37mPOST&amp#27;[39m &amp#27;[37m/wd/hub/session/9f10c821-02fd-4c14-91b6-cd5455bbe490/element/7308795e-b025-4c06-bdc3-8df407241be8/click&amp#27;[39m
&amp#27;[35m[HTTP]&amp#27;[39m &amp#27;[90m{"id":"7308795e-b025-4c06-bdc3-8df407241be8"}&amp#27;[39m
[debug] &amp#27;[35m[W3C (9f10c821)]&amp#27;[39m Calling AppiumDriver.click() with args: ["7308795e-b025-4c06-bdc3-8df407241be8","9f10c821-02fd-4c14-91b6-cd5455bbe490"]
[debug] &amp#27;[35m[WD Proxy]&amp#27;[39m Matched '/element/7308795e-b025-4c06-bdc3-8df407241be8/click' to command name 'click'
[debug] &amp#27;[35m[WD Proxy]&amp#27;[39m Proxying [POST /element/7308795e-b025-4c06-bdc3-8df407241be8/click] to [POST http://127.0.0.1:8201/wd/hub/session/9e0f2244-4896-42ef-b657-4e6f8b85bd46/element/7308795e-b025-4c06-bdc3-8df407241be8/click] with body: {"element":"7308795e-b025-4c06-bdc3-8df407241be8"}
[debug] &amp#27;[35m[WD Proxy]&amp#27;[39m Got response with status 200: {"sessionId":"9e0f2244-4896-42ef-b657-4e6f8b85bd46","value":null}
[debug] &amp#27;[35m[W3C (9f10c821)]&amp#27;[39m Responding to client with driver.click() result: null
&amp#27;[35m[HTTP]&amp#27;[39m &amp#27;[37m<-- POST /wd/hub/session/9f10c821-02fd-4c14-91b6-cd5455bbe490/element/7308795e-b025-4c06-bdc3-8df407241be8/click &amp#27;[39m&amp#27;[32m200&amp#27;[39m &amp#27;[90m64 ms - 14&amp#27;[39m
&amp#27;[35m[HTTP]&amp#27;[39m &amp#27;[90m&amp#27;[39m
&amp#27;[35m[HTTP]&amp#27;[39m &amp#27;[37m-->&amp#27;[39m &amp#27;[37mGET&amp#27;[39m &amp#27;[37m/wd/hub/session/9f10c821-02fd-4c14-91b6-cd5455bbe490/context&amp#27;[39m
&amp#27;[35m[HTTP]&amp#27;[39m &amp#27;[90m{}&amp#27;[39m
[debug] &amp#27;[35m[W3C (9f10c821)]&amp#27;[39m Calling AppiumDriver.getCurrentContext() with args: ["9f10c821-02fd-4c14-91b6-cd5455bbe490"]
[debug] &amp#27;[35m[W3C (9f10c821)]&amp#27;[39m Responding to client with driver.getCurrentContext() result: "NATIVE_APP"
&amp#27;[35m[HTTP]&amp#27;[39m &amp#27;[37m<-- GET /wd/hub/session/9f10c821-02fd-4c14-91b6-cd5455bbe490/context &amp#27;[39m&amp#27;[32m200&amp#27;[39m &amp#27;[90m9 ms - 22&amp#27;[39m
&amp#27;[35m[HTTP]&amp#27;[39m &amp#27;[90m&amp#27;[39m
&amp#27;[35m[HTTP]&amp#27;[39m &amp#27;[37m-->&amp#27;[39m &amp#27;[37mPOST&amp#27;[39m &amp#27;[37m/wd/hub/session/9f10c821-02fd-4c14-91b6-cd5455bbe490/element&amp#27;[39m
&amp#27;[35m[HTTP]&amp#27;[39m &amp#27;[90m{"using":"id","value":"com.sec.android.app.popupcalculator:id/calc_edt_formula"}&amp#27;[39m
[debug] &amp#27;[35m[W3C (9f10c821)]&amp#27;[39m Calling AppiumDriver.findElement() with args: ["id","com.sec.android.app.popupcalculator:id/calc_edt_formula","9f10c821-02fd-4c14-91b6-cd5455bbe490"]
[debug] &amp#27;[35m[BaseDriver]&amp#27;[39m Valid locator strategies for this request: xpath, id, class name, accessibility id, -android uiautomator
[debug] &amp#27;[35m[BaseDriver]&amp#27;[39m Waiting up to 10000 ms for condition
[debug] &amp#27;[35m[WD Proxy]&amp#27;[39m Matched '/element' to command name 'findElement'
[debug] &amp#27;[35m[WD Proxy]&amp#27;[39m Proxying [POST /element] to [POST http://127.0.0.1:8201/wd/hub/session/9e0f2244-4896-42ef-b657-4e6f8b85bd46/element] with body: {"strategy":"id","selector":"com.sec.android.app.popupcalculator:id/calc_edt_formula","context":"","multiple":false}
[debug] &amp#27;[35m[WD Proxy]&amp#27;[39m Got response with status 200: {"sessionId":"9e0f2244-4896-42ef-b657-4e6f8b85bd46","value":{"ELEMENT":"f66fdcfa-e691-4c2b-8fcb-ec4a92b7c3b6","element-6066-11e4-a52e-4f735466cecf":"f66fdcfa-e691-4c2b-8fcb-ec4a92b7c3b6"}}
[debug] &amp#27;[35m[W3C (9f10c821)]&amp#27;[39m Responding to client with driver.findElement() result: {"element-6066-11e4-a52e-4f735466cecf":"f66fdcfa-e691-4c2b-8fcb-ec4a92b7c3b6","ELEMENT":"f66fdcfa-e691-4c2b-8fcb-ec4a92b7c3b6"}
&amp#27;[35m[HTTP]&amp#27;[39m &amp#27;[37m<-- POST /wd/hub/session/9f10c821-02fd-4c14-91b6-cd5455bbe490/element &amp#27;[39m&amp#27;[32m200&amp#27;[39m &amp#27;[90m547 ms - 137&amp#27;[39m
&amp#27;[35m[HTTP]&amp#27;[39m &amp#27;[90m&amp#27;[39m
&amp#27;[35m[HTTP]&amp#27;[39m &amp#27;[37m-->&amp#27;[39m &amp#27;[37mGET&amp#27;[39m &amp#27;[37m/wd/hub/session/9f10c821-02fd-4c14-91b6-cd5455bbe490/element/f66fdcfa-e691-4c2b-8fcb-ec4a92b7c3b6/attribute/text&amp#27;[39m
&amp#27;[35m[HTTP]&amp#27;[39m &amp#27;[90m{}&amp#27;[39m
[debug] &amp#27;[35m[W3C (9f10c821)]&amp#27;[39m Calling AppiumDriver.getAttribute() with args: ["text","f66fdcfa-e691-4c2b-8fcb-ec4a92b7c3b6","9f10c821-02fd-4c14-91b6-cd5455bbe490"]
[debug] &amp#27;[35m[WD Proxy]&amp#27;[39m Matched '/element/f66fdcfa-e691-4c2b-8fcb-ec4a92b7c3b6/attribute/text' to command name 'getAttribute'
[debug] &amp#27;[35m[WD Proxy]&amp#27;[39m Proxying [GET /element/f66fdcfa-e691-4c2b-8fcb-ec4a92b7c3b6/attribute/text] to [GET http://127.0.0.1:8201/wd/hub/session/9e0f2244-4896-42ef-b657-4e6f8b85bd46/element/f66fdcfa-e691-4c2b-8fcb-ec4a92b7c3b6/attribute/text] with no body
[debug] &amp#27;[35m[WD Proxy]&amp#27;[39m Got response with status 200: {"sessionId":"9e0f2244-4896-42ef-b657-4e6f8b85bd46","value":"123"}
[debug] &amp#27;[35m[W3C (9f10c821)]&amp#27;[39m Responding to client with driver.getAttribute() result: "123"
&amp#27;[35m[HTTP]&amp#27;[39m &amp#27;[37m<-- GET /wd/hub/session/9f10c821-02fd-4c14-91b6-cd5455bbe490/element/f66fdcfa-e691-4c2b-8fcb-ec4a92b7c3b6/attribute/text &amp#27;[39m&amp#27;[32m200&amp#27;[39m &amp#27;[90m442 ms - 15&amp#27;[39m
&amp#27;[35m[HTTP]&amp#27;[39m &amp#27;[90m&amp#27;[39m
&amp#27;[35m[HTTP]&amp#27;[39m &amp#27;[37m-->&amp#27;[39m &amp#27;[37mGET&amp#27;[39m &amp#27;[37m/wd/hub/session/9f10c821-02fd-4c14-91b6-cd5455bbe490/context&amp#27;[39m
&amp#27;[35m[HTTP]&amp#27;[39m &amp#27;[90m{}&amp#27;[39m
[debug] &amp#27;[35m[W3C (9f10c821)]&amp#27;[39m Calling AppiumDriver.getCurrentContext() with args: ["9f10c821-02fd-4c14-91b6-cd5455bbe490"]
[debug] &amp#27;[35m[W3C (9f10c821)]&amp#27;[39m Responding to client with driver.getCurrentContext() result: "NATIVE_APP"
&amp#27;[35m[HTTP]&amp#27;[39m &amp#27;[37m<-- GET /wd/hub/session/9f10c821-02fd-4c14-91b6-cd5455bbe490/context &amp#27;[39m&amp#27;[32m200&amp#27;[39m &amp#27;[90m5 ms - 22&amp#27;[39m
&amp#27;[35m[HTTP]&amp#27;[39m &amp#27;[90m&amp#27;[39m
&amp#27;[35m[HTTP]&amp#27;[39m &amp#27;[37m-->&amp#27;[39m &amp#27;[37mPOST&amp#27;[39m &amp#27;[37m/wd/hub/session/9f10c821-02fd-4c14-91b6-cd5455bbe490/elements&amp#27;[39m
&amp#27;[35m[HTTP]&amp#27;[39m &amp#27;[90m{"using":"class name","value":"android.widget.Button"}&amp#27;[39m
[debug] &amp#27;[35m[W3C (9f10c821)]&amp#27;[39m Calling AppiumDriver.findElements() with args: ["class name","android.widget.Button","9f10c821-02fd-4c14-91b6-cd5455bbe490"]
[debug] &amp#27;[35m[BaseDriver]&amp#27;[39m Valid locator strategies for this request: xpath, id, class name, accessibility id, -android uiautomator
[debug] &amp#27;[35m[BaseDriver]&amp#27;[39m Waiting up to 10000 ms for condition
[debug] &amp#27;[35m[WD Proxy]&amp#27;[39m Matched '/elements' to command name 'findElements'
[debug] &amp#27;[35m[WD Proxy]&amp#27;[39m Proxying [POST /elements] to [POST http://127.0.0.1:8201/wd/hub/session/9e0f2244-4896-42ef-b657-4e6f8b85bd46/elements] with body: {"strategy":"class name","selector":"android.widget.Button","context":"","multiple":true}
[debug] &amp#27;[35m[WD Proxy]&amp#27;[39m Got response with status 200: {"sessionId":"9e0f2244-4896-42ef-b657-4e6f8b85bd46","value":[{"ELEMENT":"6fc40fc0-10a7-4f79-b580-8ad88bbe3acb","element-6066-11e4-a52e-4f735466cecf":"6fc40fc0-10a7-4f79-b580-8ad88bbe3acb"},{"ELEMENT":"d8c2a340-07b7-4337-9595-cc2867969d09","element-6066-11e4-a52e-4f735466cecf":"d8c2a340-07b7-4337-9595-cc2867969d09"},{"ELEMENT":"11d2b7fd-bc7a-4605-80e5-764104d89500","element-6066-11e4-a52e-4f735466cecf":"11d2b7fd-bc7a-4605-80e5-764104d89500"},{"ELEMENT":"6d7b7dd6-5637-4fb3-8844-359f6e6a7d9c","element-6066-11e4-a52e-4f735466cecf":"6d7b7dd6-5637-4fb3-8844-359f6e6a7d9c"},{"ELEMENT":"3f5effb0-d4c8-4710-99fd-1c67177eada3","element-6066-11e4-a52e-4f735466cecf":"3f5effb0-d4c8-4710-99fd-1c67177eada3"},{"ELEMENT":"d28c7f21-b08b-4434-b40b-b6f72e45d53e","element-6066-11e4-a52e-4f735466cecf":"d28c7f21-b08b-4434-b40b-b6f72e45d53e"},{"ELEMENT":"c06bec02-888a-49fd-b9e8-eff7404f2e09","element-6066-11e4-a52e-4f735466cecf":"c06bec02-888a-49fd-b9e8-eff7404f2e09"},{"ELEMENT":"d5f9f3af-a727-471a-b90d-1a362065f240","element-6066-...
[debug] &amp#27;[35m[W3C (9f10c821)]&amp#27;[39m Responding to client with driver.findElements() result: [{"element-6066-11e4-a52e-4f735466cecf":"6fc40fc0-10a7-4f79-b580-8ad88bbe3acb","ELEMENT":"6fc40fc0-10a7-4f79-b580-8ad88bbe3acb"},{"element-6066-11e4-a52e-4f735466cecf":"d8c2a340-07b7-4337-9595-cc2867969d09","ELEMENT":"d8c2a340-07b7-4337-9595-cc2867969d09"},{"element-6066-11e4-a52e-4f735466cecf":"11d2b7fd-bc7a-4605-80e5-764104d89500","ELEMENT":"11d2b7fd-bc7a-4605-80e5-764104d89500"},{"element-6066-11e4-a52e-4f735466cecf":"6d7b7dd6-5637-4fb3-8844-359f6e6a7d9c","ELEMENT":"6d7b7dd6-5637-4fb3-8844-359f6e6a7d9c"},{"element-6066-11e4-a52e-4f735466cecf":"3f5effb0-d4c8-4710-99fd-1c67177eada3","ELEMENT":"3f5effb0-d4c8-4710-99fd-1c67177eada3"},{"element-6066-11e4-a52e-4f735466cecf":"d28c7f21-b08b-4434-b40b-b6f72e45d53e","ELEMENT":"d28c7f21-b08b-4434-b40b-b6f72e45d53e"},{"element-6066-11e4-a52e-4f735466cecf":"c06bec02-888a-49fd-b9e8-eff7404f2e09","ELEMENT":"c06bec02-888a-49fd-b9e8-eff7404f2e09"},{"element-6066-11e4-a52e-4f735466cecf":"d5f9f3af-a727-471a-b90d-1a362065f240","ELEMENT":"d5f9f3af-a727-471a-b90d-1a362065f24...
&amp#27;[35m[HTTP]&amp#27;[39m &amp#27;[37m<-- POST /wd/hub/session/9f10c821-02fd-4c14-91b6-cd5455bbe490/elements &amp#27;[39m&amp#27;[32m200&amp#27;[39m &amp#27;[90m54 ms - 2571&amp#27;[39m
&amp#27;[35m[HTTP]&amp#27;[39m &amp#27;[90m&amp#27;[39m
&amp#27;[35m[HTTP]&amp#27;[39m &amp#27;[37m-->&amp#27;[39m &amp#27;[37mPOST&amp#27;[39m &amp#27;[37m/wd/hub/session/9f10c821-02fd-4c14-91b6-cd5455bbe490/element/95a71144-d6df-4dce-ada5-432b207bda85/click&amp#27;[39m
&amp#27;[35m[HTTP]&amp#27;[39m &amp#27;[90m{"id":"95a71144-d6df-4dce-ada5-432b207bda85"}&amp#27;[39m
[debug] &amp#27;[35m[W3C (9f10c821)]&amp#27;[39m Calling AppiumDriver.click() with args: ["95a71144-d6df-4dce-ada5-432b207bda85","9f10c821-02fd-4c14-91b6-cd5455bbe490"]
[debug] &amp#27;[35m[WD Proxy]&amp#27;[39m Matched '/element/95a71144-d6df-4dce-ada5-432b207bda85/click' to command name 'click'
[debug] &amp#27;[35m[WD Proxy]&amp#27;[39m Proxying [POST /element/95a71144-d6df-4dce-ada5-432b207bda85/click] to [POST http://127.0.0.1:8201/wd/hub/session/9e0f2244-4896-42ef-b657-4e6f8b85bd46/element/95a71144-d6df-4dce-ada5-432b207bda85/click] with body: {"element":"95a71144-d6df-4dce-ada5-432b207bda85"}
[debug] &amp#27;[35m[WD Proxy]&amp#27;[39m Got response with status 200: {"sessionId":"9e0f2244-4896-42ef-b657-4e6f8b85bd46","value":null}
[debug] &amp#27;[35m[W3C (9f10c821)]&amp#27;[39m Responding to client with driver.click() result: null
&amp#27;[35m[HTTP]&amp#27;[39m &amp#27;[37m<-- POST /wd/hub/session/9f10c821-02fd-4c14-91b6-cd5455bbe490/element/95a71144-d6df-4dce-ada5-432b207bda85/click &amp#27;[39m&amp#27;[32m200&amp#27;[39m &amp#27;[90m224 ms - 14&amp#27;[39m
&amp#27;[35m[HTTP]&amp#27;[39m &amp#27;[90m&amp#27;[39m
&amp#27;[35m[HTTP]&amp#27;[39m &amp#27;[37m-->&amp#27;[39m &amp#27;[37mGET&amp#27;[39m &amp#27;[37m/wd/hub/session/9f10c821-02fd-4c14-91b6-cd5455bbe490/context&amp#27;[39m
&amp#27;[35m[HTTP]&amp#27;[39m &amp#27;[90m{}&amp#27;[39m
[debug] &amp#27;[35m[W3C (9f10c821)]&amp#27;[39m Calling AppiumDriver.getCurrentContext() with args: ["9f10c821-02fd-4c14-91b6-cd5455bbe490"]
[debug] &amp#27;[35m[W3C (9f10c821)]&amp#27;[39m Responding to client with driver.getCurrentContext() result: "NATIVE_APP"
&amp#27;[35m[HTTP]&amp#27;[39m &amp#27;[37m<-- GET /wd/hub/session/9f10c821-02fd-4c14-91b6-cd5455bbe490/context &amp#27;[39m&amp#27;[32m200&amp#27;[39m &amp#27;[90m3 ms - 22&amp#27;[39m
&amp#27;[35m[HTTP]&amp#27;[39m &amp#27;[90m&amp#27;[39m
&amp#27;[35m[HTTP]&amp#27;[39m &amp#27;[37m-->&amp#27;[39m &amp#27;[37mPOST&amp#27;[39m &amp#27;[37m/wd/hub/session/9f10c821-02fd-4c14-91b6-cd5455bbe490/elements&amp#27;[39m
&amp#27;[35m[HTTP]&amp#27;[39m &amp#27;[90m{"using":"class name","value":"android.widget.Button"}&amp#27;[39m
[debug] &amp#27;[35m[W3C (9f10c821)]&amp#27;[39m Calling AppiumDriver.findElements() with args: ["class name","android.widget.Button","9f10c821-02fd-4c14-91b6-cd5455bbe490"]
[debug] &amp#27;[35m[BaseDriver]&amp#27;[39m Valid locator strategies for this request: xpath, id, class name, accessibility id, -android uiautomator
[debug] &amp#27;[35m[BaseDriver]&amp#27;[39m Waiting up to 10000 ms for condition
[debug] &amp#27;[35m[WD Proxy]&amp#27;[39m Matched '/elements' to command name 'findElements'
[debug] &amp#27;[35m[WD Proxy]&amp#27;[39m Proxying [POST /elements] to [POST http://127.0.0.1:8201/wd/hub/session/9e0f2244-4896-42ef-b657-4e6f8b85bd46/elements] with body: {"strategy":"class name","selector":"android.widget.Button","context":"","multiple":true}
[debug] &amp#27;[35m[WD Proxy]&amp#27;[39m Got response with status 200: {"sessionId":"9e0f2244-4896-42ef-b657-4e6f8b85bd46","value":[{"ELEMENT":"fbb31da5-3998-46a9-b53c-57123e673ed6","element-6066-11e4-a52e-4f735466cecf":"fbb31da5-3998-46a9-b53c-57123e673ed6"},{"ELEMENT":"fa4fdacf-4334-404d-bd91-8faf938439a6","element-6066-11e4-a52e-4f735466cecf":"fa4fdacf-4334-404d-bd91-8faf938439a6"},{"ELEMENT":"b5008fe0-985b-4a4d-ada0-683883624b00","element-6066-11e4-a52e-4f735466cecf":"b5008fe0-985b-4a4d-ada0-683883624b00"},{"ELEMENT":"80d46dbb-4f92-4562-98c6-daf4fe49633a","element-6066-11e4-a52e-4f735466cecf":"80d46dbb-4f92-4562-98c6-daf4fe49633a"},{"ELEMENT":"c2eafe84-5d64-425f-a11b-b6b723ecb058","element-6066-11e4-a52e-4f735466cecf":"c2eafe84-5d64-425f-a11b-b6b723ecb058"},{"ELEMENT":"4ccafbe4-bf19-43bc-8706-69a357953b64","element-6066-11e4-a52e-4f735466cecf":"4ccafbe4-bf19-43bc-8706-69a357953b64"},{"ELEMENT":"2428278d-ac97-41d3-868b-6a0c2f980a2d","element-6066-11e4-a52e-4f735466cecf":"2428278d-ac97-41d3-868b-6a0c2f980a2d"},{"ELEMENT":"1124cedb-2755-4d92-b046-6363dd18b62d","element-6066-...
[debug] &amp#27;[35m[W3C (9f10c821)]&amp#27;[39m Responding to client with driver.findElements() result: [{"element-6066-11e4-a52e-4f735466cecf":"fbb31da5-3998-46a9-b53c-57123e673ed6","ELEMENT":"fbb31da5-3998-46a9-b53c-57123e673ed6"},{"element-6066-11e4-a52e-4f735466cecf":"fa4fdacf-4334-404d-bd91-8faf938439a6","ELEMENT":"fa4fdacf-4334-404d-bd91-8faf938439a6"},{"element-6066-11e4-a52e-4f735466cecf":"b5008fe0-985b-4a4d-ada0-683883624b00","ELEMENT":"b5008fe0-985b-4a4d-ada0-683883624b00"},{"element-6066-11e4-a52e-4f735466cecf":"80d46dbb-4f92-4562-98c6-daf4fe49633a","ELEMENT":"80d46dbb-4f92-4562-98c6-daf4fe49633a"},{"element-6066-11e4-a52e-4f735466cecf":"c2eafe84-5d64-425f-a11b-b6b723ecb058","ELEMENT":"c2eafe84-5d64-425f-a11b-b6b723ecb058"},{"element-6066-11e4-a52e-4f735466cecf":"4ccafbe4-bf19-43bc-8706-69a357953b64","ELEMENT":"4ccafbe4-bf19-43bc-8706-69a357953b64"},{"element-6066-11e4-a52e-4f735466cecf":"2428278d-ac97-41d3-868b-6a0c2f980a2d","ELEMENT":"2428278d-ac97-41d3-868b-6a0c2f980a2d"},{"element-6066-11e4-a52e-4f735466cecf":"1124cedb-2755-4d92-b046-6363dd18b62d","ELEMENT":"1124cedb-2755-4d92-b046-6363dd18b62...
&amp#27;[35m[HTTP]&amp#27;[39m &amp#27;[37m<-- POST /wd/hub/session/9f10c821-02fd-4c14-91b6-cd5455bbe490/elements &amp#27;[39m&amp#27;[32m200&amp#27;[39m &amp#27;[90m383 ms - 2571&amp#27;[39m
&amp#27;[35m[HTTP]&amp#27;[39m &amp#27;[90m&amp#27;[39m
&amp#27;[35m[HTTP]&amp#27;[39m &amp#27;[37m-->&amp#27;[39m &amp#27;[37mPOST&amp#27;[39m &amp#27;[37m/wd/hub/session/9f10c821-02fd-4c14-91b6-cd5455bbe490/element/c60b17d3-cd35-4cde-91cb-8949d095b713/click&amp#27;[39m
&amp#27;[35m[HTTP]&amp#27;[39m &amp#27;[90m{"id":"c60b17d3-cd35-4cde-91cb-8949d095b713"}&amp#27;[39m
[debug] &amp#27;[35m[W3C (9f10c821)]&amp#27;[39m Calling AppiumDriver.click() with args: ["c60b17d3-cd35-4cde-91cb-8949d095b713","9f10c821-02fd-4c14-91b6-cd5455bbe490"]
[debug] &amp#27;[35m[WD Proxy]&amp#27;[39m Matched '/element/c60b17d3-cd35-4cde-91cb-8949d095b713/click' to command name 'click'
[debug] &amp#27;[35m[WD Proxy]&amp#27;[39m Proxying [POST /element/c60b17d3-cd35-4cde-91cb-8949d095b713/click] to [POST http://127.0.0.1:8201/wd/hub/session/9e0f2244-4896-42ef-b657-4e6f8b85bd46/element/c60b17d3-cd35-4cde-91cb-8949d095b713/click] with body: {"element":"c60b17d3-cd35-4cde-91cb-8949d095b713"}
[debug] &amp#27;[35m[WD Proxy]&amp#27;[39m Got response with status 200: {"sessionId":"9e0f2244-4896-42ef-b657-4e6f8b85bd46","value":null}
[debug] &amp#27;[35m[W3C (9f10c821)]&amp#27;[39m Responding to client with driver.click() result: null
&amp#27;[35m[HTTP]&amp#27;[39m &amp#27;[37m<-- POST /wd/hub/session/9f10c821-02fd-4c14-91b6-cd5455bbe490/element/c60b17d3-cd35-4cde-91cb-8949d095b713/click &amp#27;[39m&amp#27;[32m200&amp#27;[39m &amp#27;[90m66 ms - 14&amp#27;[39m
&amp#27;[35m[HTTP]&amp#27;[39m &amp#27;[90m&amp#27;[39m
&amp#27;[35m[HTTP]&amp#27;[39m &amp#27;[37m-->&amp#27;[39m &amp#27;[37mGET&amp#27;[39m &amp#27;[37m/wd/hub/session/9f10c821-02fd-4c14-91b6-cd5455bbe490/context&amp#27;[39m
&amp#27;[35m[HTTP]&amp#27;[39m &amp#27;[90m{}&amp#27;[39m
[debug] &amp#27;[35m[W3C (9f10c821)]&amp#27;[39m Calling AppiumDriver.getCurrentContext() with args: ["9f10c821-02fd-4c14-91b6-cd5455bbe490"]
[debug] &amp#27;[35m[W3C (9f10c821)]&amp#27;[39m Responding to client with driver.getCurrentContext() result: "NATIVE_APP"
&amp#27;[35m[HTTP]&amp#27;[39m &amp#27;[37m<-- GET /wd/hub/session/9f10c821-02fd-4c14-91b6-cd5455bbe490/context &amp#27;[39m&amp#27;[32m200&amp#27;[39m &amp#27;[90m2 ms - 22&amp#27;[39m
&amp#27;[35m[HTTP]&amp#27;[39m &amp#27;[90m&amp#27;[39m
&amp#27;[35m[HTTP]&amp#27;[39m &amp#27;[37m-->&amp#27;[39m &amp#27;[37mPOST&amp#27;[39m &amp#27;[37m/wd/hub/session/9f10c821-02fd-4c14-91b6-cd5455bbe490/elements&amp#27;[39m
&amp#27;[35m[HTTP]&amp#27;[39m &amp#27;[90m{"using":"class name","value":"android.widget.Button"}&amp#27;[39m
[debug] &amp#27;[35m[W3C (9f10c821)]&amp#27;[39m Calling AppiumDriver.findElements() with args: ["class name","android.widget.Button","9f10c821-02fd-4c14-91b6-cd5455bbe490"]
[debug] &amp#27;[35m[BaseDriver]&amp#27;[39m Valid locator strategies for this request: xpath, id, class name, accessibility id, -android uiautomator
[debug] &amp#27;[35m[BaseDriver]&amp#27;[39m Waiting up to 10000 ms for condition
[debug] &amp#27;[35m[WD Proxy]&amp#27;[39m Matched '/elements' to command name 'findElements'
[debug] &amp#27;[35m[WD Proxy]&amp#27;[39m Proxying [POST /elements] to [POST http://127.0.0.1:8201/wd/hub/session/9e0f2244-4896-42ef-b657-4e6f8b85bd46/elements] with body: {"strategy":"class name","selector":"android.widget.Button","context":"","multiple":true}
[debug] &amp#27;[35m[WD Proxy]&amp#27;[39m Got response with status 200: {"sessionId":"9e0f2244-4896-42ef-b657-4e6f8b85bd46","value":[{"ELEMENT":"998cabe2-22e9-4ac3-8928-41308c9727cf","element-6066-11e4-a52e-4f735466cecf":"998cabe2-22e9-4ac3-8928-41308c9727cf"},{"ELEMENT":"70d93073-f40a-44bf-a0b0-dabb1f668fc0","element-6066-11e4-a52e-4f735466cecf":"70d93073-f40a-44bf-a0b0-dabb1f668fc0"},{"ELEMENT":"cd0f6860-58e6-4f20-a01f-a666ea2d7d78","element-6066-11e4-a52e-4f735466cecf":"cd0f6860-58e6-4f20-a01f-a666ea2d7d78"},{"ELEMENT":"5ff18ca2-8372-418b-863c-94785cda288a","element-6066-11e4-a52e-4f735466cecf":"5ff18ca2-8372-418b-863c-94785cda288a"},{"ELEMENT":"f5ecb522-1fae-4cdb-bca8-0abceb4194b6","element-6066-11e4-a52e-4f735466cecf":"f5ecb522-1fae-4cdb-bca8-0abceb4194b6"},{"ELEMENT":"47cd94be-dc5c-4222-95eb-ec1cefe0d80b","element-6066-11e4-a52e-4f735466cecf":"47cd94be-dc5c-4222-95eb-ec1cefe0d80b"},{"ELEMENT":"5b34a8fb-fb63-4bde-9198-f0f383f0d157","element-6066-11e4-a52e-4f735466cecf":"5b34a8fb-fb63-4bde-9198-f0f383f0d157"},{"ELEMENT":"7da0ca3f-a65e-401e-b271-d36708335757","element-6066-...
[debug] &amp#27;[35m[W3C (9f10c821)]&amp#27;[39m Responding to client with driver.findElements() result: [{"element-6066-11e4-a52e-4f735466cecf":"998cabe2-22e9-4ac3-8928-41308c9727cf","ELEMENT":"998cabe2-22e9-4ac3-8928-41308c9727cf"},{"element-6066-11e4-a52e-4f735466cecf":"70d93073-f40a-44bf-a0b0-dabb1f668fc0","ELEMENT":"70d93073-f40a-44bf-a0b0-dabb1f668fc0"},{"element-6066-11e4-a52e-4f735466cecf":"cd0f6860-58e6-4f20-a01f-a666ea2d7d78","ELEMENT":"cd0f6860-58e6-4f20-a01f-a666ea2d7d78"},{"element-6066-11e4-a52e-4f735466cecf":"5ff18ca2-8372-418b-863c-94785cda288a","ELEMENT":"5ff18ca2-8372-418b-863c-94785cda288a"},{"element-6066-11e4-a52e-4f735466cecf":"f5ecb522-1fae-4cdb-bca8-0abceb4194b6","ELEMENT":"f5ecb522-1fae-4cdb-bca8-0abceb4194b6"},{"element-6066-11e4-a52e-4f735466cecf":"47cd94be-dc5c-4222-95eb-ec1cefe0d80b","ELEMENT":"47cd94be-dc5c-4222-95eb-ec1cefe0d80b"},{"element-6066-11e4-a52e-4f735466cecf":"5b34a8fb-fb63-4bde-9198-f0f383f0d157","ELEMENT":"5b34a8fb-fb63-4bde-9198-f0f383f0d157"},{"element-6066-11e4-a52e-4f735466cecf":"7da0ca3f-a65e-401e-b271-d36708335757","ELEMENT":"7da0ca3f-a65e-401e-b271-d3670833575...
&amp#27;[35m[HTTP]&amp#27;[39m &amp#27;[37m<-- POST /wd/hub/session/9f10c821-02fd-4c14-91b6-cd5455bbe490/elements &amp#27;[39m&amp#27;[32m200&amp#27;[39m &amp#27;[90m641 ms - 2571&amp#27;[39m
&amp#27;[35m[HTTP]&amp#27;[39m &amp#27;[90m&amp#27;[39m
&amp#27;[35m[HTTP]&amp#27;[39m &amp#27;[37m-->&amp#27;[39m &amp#27;[37mPOST&amp#27;[39m &amp#27;[37m/wd/hub/session/9f10c821-02fd-4c14-91b6-cd5455bbe490/element/db1d0ea5-c442-4c4f-90a4-aae5aab1759a/click&amp#27;[39m
&amp#27;[35m[HTTP]&amp#27;[39m &amp#27;[90m{"id":"db1d0ea5-c442-4c4f-90a4-aae5aab1759a"}&amp#27;[39m
[debug] &amp#27;[35m[W3C (9f10c821)]&amp#27;[39m Calling AppiumDriver.click() with args: ["db1d0ea5-c442-4c4f-90a4-aae5aab1759a","9f10c821-02fd-4c14-91b6-cd5455bbe490"]
[debug] &amp#27;[35m[WD Proxy]&amp#27;[39m Matched '/element/db1d0ea5-c442-4c4f-90a4-aae5aab1759a/click' to command name 'click'
[debug] &amp#27;[35m[WD Proxy]&amp#27;[39m Proxying [POST /element/db1d0ea5-c442-4c4f-90a4-aae5aab1759a/click] to [POST http://127.0.0.1:8201/wd/hub/session/9e0f2244-4896-42ef-b657-4e6f8b85bd46/element/db1d0ea5-c442-4c4f-90a4-aae5aab1759a/click] with body: {"element":"db1d0ea5-c442-4c4f-90a4-aae5aab1759a"}
[debug] &amp#27;[35m[WD Proxy]&amp#27;[39m Got response with status 200: {"sessionId":"9e0f2244-4896-42ef-b657-4e6f8b85bd46","value":null}
[debug] &amp#27;[35m[W3C (9f10c821)]&amp#27;[39m Responding to client with driver.click() result: null
&amp#27;[35m[HTTP]&amp#27;[39m &amp#27;[37m<-- POST /wd/hub/session/9f10c821-02fd-4c14-91b6-cd5455bbe490/element/db1d0ea5-c442-4c4f-90a4-aae5aab1759a/click &amp#27;[39m&amp#27;[32m200&amp#27;[39m &amp#27;[90m86 ms - 14&amp#27;[39m
&amp#27;[35m[HTTP]&amp#27;[39m &amp#27;[90m&amp#27;[39m
&amp#27;[35m[HTTP]&amp#27;[39m &amp#27;[37m-->&amp#27;[39m &amp#27;[37mGET&amp#27;[39m &amp#27;[37m/wd/hub/session/9f10c821-02fd-4c14-91b6-cd5455bbe490/context&amp#27;[39m
&amp#27;[35m[HTTP]&amp#27;[39m &amp#27;[90m{}&amp#27;[39m
[debug] &amp#27;[35m[W3C (9f10c821)]&amp#27;[39m Calling AppiumDriver.getCurrentContext() with args: ["9f10c821-02fd-4c14-91b6-cd5455bbe490"]
[debug] &amp#27;[35m[W3C (9f10c821)]&amp#27;[39m Responding to client with driver.getCurrentContext() result: "NATIVE_APP"
&amp#27;[35m[HTTP]&amp#27;[39m &amp#27;[37m<-- GET /wd/hub/session/9f10c821-02fd-4c14-91b6-cd5455bbe490/context &amp#27;[39m&amp#27;[32m200&amp#27;[39m &amp#27;[90m2 ms - 22&amp#27;[39m
&amp#27;[35m[HTTP]&amp#27;[39m &amp#27;[90m&amp#27;[39m
&amp#27;[35m[HTTP]&amp#27;[39m &amp#27;[37m-->&amp#27;[39m &amp#27;[37mPOST&amp#27;[39m &amp#27;[37m/wd/hub/session/9f10c821-02fd-4c14-91b6-cd5455bbe490/elements&amp#27;[39m
&amp#27;[35m[HTTP]&amp#27;[39m &amp#27;[90m{"using":"class name","value":"android.widget.Button"}&amp#27;[39m
[debug] &amp#27;[35m[W3C (9f10c821)]&amp#27;[39m Calling AppiumDriver.findElements() with args: ["class name","android.widget.Button","9f10c821-02fd-4c14-91b6-cd5455bbe490"]
[debug] &amp#27;[35m[BaseDriver]&amp#27;[39m Valid locator strategies for this request: xpath, id, class name, accessibility id, -android uiautomator
[debug] &amp#27;[35m[BaseDriver]&amp#27;[39m Waiting up to 10000 ms for condition
[debug] &amp#27;[35m[WD Proxy]&amp#27;[39m Matched '/elements' to command name 'findElements'
[debug] &amp#27;[35m[WD Proxy]&amp#27;[39m Proxying [POST /elements] to [POST http://127.0.0.1:8201/wd/hub/session/9e0f2244-4896-42ef-b657-4e6f8b85bd46/elements] with body: {"strategy":"class name","selector":"android.widget.Button","context":"","multiple":true}
[debug] &amp#27;[35m[WD Proxy]&amp#27;[39m Got response with status 200: {"sessionId":"9e0f2244-4896-42ef-b657-4e6f8b85bd46","value":[{"ELEMENT":"5cfcd82f-4758-4c5a-b265-ecbd8c1bccae","element-6066-11e4-a52e-4f735466cecf":"5cfcd82f-4758-4c5a-b265-ecbd8c1bccae"},{"ELEMENT":"f2f7108c-cfa9-46f9-84bd-d23b2df7e1ef","element-6066-11e4-a52e-4f735466cecf":"f2f7108c-cfa9-46f9-84bd-d23b2df7e1ef"},{"ELEMENT":"c370018d-23f7-4b13-80d1-c5a3c3f2b0e6","element-6066-11e4-a52e-4f735466cecf":"c370018d-23f7-4b13-80d1-c5a3c3f2b0e6"},{"ELEMENT":"cb0f6a29-9025-4543-9bbb-38906d913262","element-6066-11e4-a52e-4f735466cecf":"cb0f6a29-9025-4543-9bbb-38906d913262"},{"ELEMENT":"88c0d0cf-a278-4664-b8d5-0ec7dd3d020c","element-6066-11e4-a52e-4f735466cecf":"88c0d0cf-a278-4664-b8d5-0ec7dd3d020c"},{"ELEMENT":"06e7c130-1095-4bb9-819d-6de7f33280a7","element-6066-11e4-a52e-4f735466cecf":"06e7c130-1095-4bb9-819d-6de7f33280a7"},{"ELEMENT":"b44078e5-7a33-4156-a771-7db20e6b1a2f","element-6066-11e4-a52e-4f735466cecf":"b44078e5-7a33-4156-a771-7db20e6b1a2f"},{"ELEMENT":"2a73714b-8669-4eb4-bc7c-e9e7c61903a8","element-6066-...
[debug] &amp#27;[35m[W3C (9f10c821)]&amp#27;[39m Responding to client with driver.findElements() result: [{"element-6066-11e4-a52e-4f735466cecf":"5cfcd82f-4758-4c5a-b265-ecbd8c1bccae","ELEMENT":"5cfcd82f-4758-4c5a-b265-ecbd8c1bccae"},{"element-6066-11e4-a52e-4f735466cecf":"f2f7108c-cfa9-46f9-84bd-d23b2df7e1ef","ELEMENT":"f2f7108c-cfa9-46f9-84bd-d23b2df7e1ef"},{"element-6066-11e4-a52e-4f735466cecf":"c370018d-23f7-4b13-80d1-c5a3c3f2b0e6","ELEMENT":"c370018d-23f7-4b13-80d1-c5a3c3f2b0e6"},{"element-6066-11e4-a52e-4f735466cecf":"cb0f6a29-9025-4543-9bbb-38906d913262","ELEMENT":"cb0f6a29-9025-4543-9bbb-38906d913262"},{"element-6066-11e4-a52e-4f735466cecf":"88c0d0cf-a278-4664-b8d5-0ec7dd3d020c","ELEMENT":"88c0d0cf-a278-4664-b8d5-0ec7dd3d020c"},{"element-6066-11e4-a52e-4f735466cecf":"06e7c130-1095-4bb9-819d-6de7f33280a7","ELEMENT":"06e7c130-1095-4bb9-819d-6de7f33280a7"},{"element-6066-11e4-a52e-4f735466cecf":"b44078e5-7a33-4156-a771-7db20e6b1a2f","ELEMENT":"b44078e5-7a33-4156-a771-7db20e6b1a2f"},{"element-6066-11e4-a52e-4f735466cecf":"2a73714b-8669-4eb4-bc7c-e9e7c61903a8","ELEMENT":"2a73714b-8669-4eb4-bc7c-e9e7c61903a...
&amp#27;[35m[HTTP]&amp#27;[39m &amp#27;[37m<-- POST /wd/hub/session/9f10c821-02fd-4c14-91b6-cd5455bbe490/elements &amp#27;[39m&amp#27;[32m200&amp#27;[39m &amp#27;[90m937 ms - 2571&amp#27;[39m
&amp#27;[35m[HTTP]&amp#27;[39m &amp#27;[90m&amp#27;[39m
&amp#27;[35m[HTTP]&amp#27;[39m &amp#27;[37m-->&amp#27;[39m &amp#27;[37mPOST&amp#27;[39m &amp#27;[37m/wd/hub/session/9f10c821-02fd-4c14-91b6-cd5455bbe490/element/537658da-f772-4b35-8509-a4da3e5d4fcb/click&amp#27;[39m
&amp#27;[35m[HTTP]&amp#27;[39m &amp#27;[90m{"id":"537658da-f772-4b35-8509-a4da3e5d4fcb"}&amp#27;[39m
[debug] &amp#27;[35m[W3C (9f10c821)]&amp#27;[39m Calling AppiumDriver.click() with args: ["537658da-f772-4b35-8509-a4da3e5d4fcb","9f10c821-02fd-4c14-91b6-cd5455bbe490"]
[debug] &amp#27;[35m[WD Proxy]&amp#27;[39m Matched '/element/537658da-f772-4b35-8509-a4da3e5d4fcb/click' to command name 'click'
[debug] &amp#27;[35m[WD Proxy]&amp#27;[39m Proxying [POST /element/537658da-f772-4b35-8509-a4da3e5d4fcb/click] to [POST http://127.0.0.1:8201/wd/hub/session/9e0f2244-4896-42ef-b657-4e6f8b85bd46/element/537658da-f772-4b35-8509-a4da3e5d4fcb/click] with body: {"element":"537658da-f772-4b35-8509-a4da3e5d4fcb"}
[debug] &amp#27;[35m[WD Proxy]&amp#27;[39m Got response with status 200: {"sessionId":"9e0f2244-4896-42ef-b657-4e6f8b85bd46","value":null}
[debug] &amp#27;[35m[W3C (9f10c821)]&amp#27;[39m Responding to client with driver.click() result: null
&amp#27;[35m[HTTP]&amp#27;[39m &amp#27;[37m<-- POST /wd/hub/session/9f10c821-02fd-4c14-91b6-cd5455bbe490/element/537658da-f772-4b35-8509-a4da3e5d4fcb/click &amp#27;[39m&amp#27;[32m200&amp#27;[39m &amp#27;[90m192 ms - 14&amp#27;[39m
&amp#27;[35m[HTTP]&amp#27;[39m &amp#27;[90m&amp#27;[39m
&amp#27;[35m[HTTP]&amp#27;[39m &amp#27;[37m-->&amp#27;[39m &amp#27;[37mGET&amp#27;[39m &amp#27;[37m/wd/hub/session/9f10c821-02fd-4c14-91b6-cd5455bbe490/context&amp#27;[39m
&amp#27;[35m[HTTP]&amp#27;[39m &amp#27;[90m{}&amp#27;[39m
[debug] &amp#27;[35m[W3C (9f10c821)]&amp#27;[39m Calling AppiumDriver.getCurrentContext() with args: ["9f10c821-02fd-4c14-91b6-cd5455bbe490"]
[debug] &amp#27;[35m[W3C (9f10c821)]&amp#27;[39m Responding to client with driver.getCurrentContext() result: "NATIVE_APP"
&amp#27;[35m[HTTP]&amp#27;[39m &amp#27;[37m<-- GET /wd/hub/session/9f10c821-02fd-4c14-91b6-cd5455bbe490/context &amp#27;[39m&amp#27;[32m200&amp#27;[39m &amp#27;[90m3 ms - 22&amp#27;[39m
&amp#27;[35m[HTTP]&amp#27;[39m &amp#27;[90m&amp#27;[39m
&amp#27;[35m[HTTP]&amp#27;[39m &amp#27;[37m-->&amp#27;[39m &amp#27;[37mPOST&amp#27;[39m &amp#27;[37m/wd/hub/session/9f10c821-02fd-4c14-91b6-cd5455bbe490/element&amp#27;[39m
&amp#27;[35m[HTTP]&amp#27;[39m &amp#27;[90m{"using":"id","value":"com.sec.android.app.popupcalculator:id/calc_edt_formula"}&amp#27;[39m
[debug] &amp#27;[35m[W3C (9f10c821)]&amp#27;[39m Calling AppiumDriver.findElement() with args: ["id","com.sec.android.app.popupcalculator:id/calc_edt_formula","9f10c821-02fd-4c14-91b6-cd5455bbe490"]
[debug] &amp#27;[35m[BaseDriver]&amp#27;[39m Valid locator strategies for this request: xpath, id, class name, accessibility id, -android uiautomator
[debug] &amp#27;[35m[BaseDriver]&amp#27;[39m Waiting up to 10000 ms for condition
[debug] &amp#27;[35m[WD Proxy]&amp#27;[39m Matched '/element' to command name 'findElement'
[debug] &amp#27;[35m[WD Proxy]&amp#27;[39m Proxying [POST /element] to [POST http://127.0.0.1:8201/wd/hub/session/9e0f2244-4896-42ef-b657-4e6f8b85bd46/element] with body: {"strategy":"id","selector":"com.sec.android.app.popupcalculator:id/calc_edt_formula","context":"","multiple":false}
[debug] &amp#27;[35m[WD Proxy]&amp#27;[39m Got response with status 200: {"sessionId":"9e0f2244-4896-42ef-b657-4e6f8b85bd46","value":{"ELEMENT":"64fb1606-4241-408c-bf2a-8a841ae42f4b","element-6066-11e4-a52e-4f735466cecf":"64fb1606-4241-408c-bf2a-8a841ae42f4b"}}
[debug] &amp#27;[35m[W3C (9f10c821)]&amp#27;[39m Responding to client with driver.findElement() result: {"element-6066-11e4-a52e-4f735466cecf":"64fb1606-4241-408c-bf2a-8a841ae42f4b","ELEMENT":"64fb1606-4241-408c-bf2a-8a841ae42f4b"}
&amp#27;[35m[HTTP]&amp#27;[39m &amp#27;[37m<-- POST /wd/hub/session/9f10c821-02fd-4c14-91b6-cd5455bbe490/element &amp#27;[39m&amp#27;[32m200&amp#27;[39m &amp#27;[90m792 ms - 137&amp#27;[39m
&amp#27;[35m[HTTP]&amp#27;[39m &amp#27;[90m&amp#27;[39m
&amp#27;[35m[HTTP]&amp#27;[39m &amp#27;[37m-->&amp#27;[39m &amp#27;[37mGET&amp#27;[39m &amp#27;[37m/wd/hub/session/9f10c821-02fd-4c14-91b6-cd5455bbe490/element/64fb1606-4241-408c-bf2a-8a841ae42f4b/attribute/text&amp#27;[39m
&amp#27;[35m[HTTP]&amp#27;[39m &amp#27;[90m{}&amp#27;[39m
[debug] &amp#27;[35m[W3C (9f10c821)]&amp#27;[39m Calling AppiumDriver.getAttribute() with args: ["text","64fb1606-4241-408c-bf2a-8a841ae42f4b","9f10c821-02fd-4c14-91b6-cd5455bbe490"]
[debug] &amp#27;[35m[WD Proxy]&amp#27;[39m Matched '/element/64fb1606-4241-408c-bf2a-8a841ae42f4b/attribute/text' to command name 'getAttribute'
[debug] &amp#27;[35m[WD Proxy]&amp#27;[39m Proxying [GET /element/64fb1606-4241-408c-bf2a-8a841ae42f4b/attribute/text] to [GET http://127.0.0.1:8201/wd/hub/session/9e0f2244-4896-42ef-b657-4e6f8b85bd46/element/64fb1606-4241-408c-bf2a-8a841ae42f4b/attribute/text] with no body
[debug] &amp#27;[35m[WD Proxy]&amp#27;[39m Got response with status 200: {"sessionId":"9e0f2244-4896-42ef-b657-4e6f8b85bd46","value":"123+456"}
[debug] &amp#27;[35m[W3C (9f10c821)]&amp#27;[39m Responding to client with driver.getAttribute() result: "123+456"
&amp#27;[35m[HTTP]&amp#27;[39m &amp#27;[37m<-- GET /wd/hub/session/9f10c821-02fd-4c14-91b6-cd5455bbe490/element/64fb1606-4241-408c-bf2a-8a841ae42f4b/attribute/text &amp#27;[39m&amp#27;[32m200&amp#27;[39m &amp#27;[90m341 ms - 19&amp#27;[39m
&amp#27;[35m[HTTP]&amp#27;[39m &amp#27;[90m&amp#27;[39m
&amp#27;[35m[HTTP]&amp#27;[39m &amp#27;[37m-->&amp#27;[39m &amp#27;[37mGET&amp#27;[39m &amp#27;[37m/wd/hub/session/9f10c821-02fd-4c14-91b6-cd5455bbe490/context&amp#27;[39m
&amp#27;[35m[HTTP]&amp#27;[39m &amp#27;[90m{}&amp#27;[39m
[debug] &amp#27;[35m[W3C (9f10c821)]&amp#27;[39m Calling AppiumDriver.getCurrentContext() with args: ["9f10c821-02fd-4c14-91b6-cd5455bbe490"]
[debug] &amp#27;[35m[W3C (9f10c821)]&amp#27;[39m Responding to client with driver.getCurrentContext() result: "NATIVE_APP"
&amp#27;[35m[HTTP]&amp#27;[39m &amp#27;[37m<-- GET /wd/hub/session/9f10c821-02fd-4c14-91b6-cd5455bbe490/context &amp#27;[39m&amp#27;[32m200&amp#27;[39m &amp#27;[90m2 ms - 22&amp#27;[39m
&amp#27;[35m[HTTP]&amp#27;[39m &amp#27;[90m&amp#27;[39m
&amp#27;[35m[HTTP]&amp#27;[39m &amp#27;[37m-->&amp#27;[39m &amp#27;[37mPOST&amp#27;[39m &amp#27;[37m/wd/hub/session/9f10c821-02fd-4c14-91b6-cd5455bbe490/elements&amp#27;[39m
&amp#27;[35m[HTTP]&amp#27;[39m &amp#27;[90m{"using":"class name","value":"android.widget.Button"}&amp#27;[39m
[debug] &amp#27;[35m[W3C (9f10c821)]&amp#27;[39m Calling AppiumDriver.findElements() with args: ["class name","android.widget.Button","9f10c821-02fd-4c14-91b6-cd5455bbe490"]
[debug] &amp#27;[35m[BaseDriver]&amp#27;[39m Valid locator strategies for this request: xpath, id, class name, accessibility id, -android uiautomator
[debug] &amp#27;[35m[BaseDriver]&amp#27;[39m Waiting up to 10000 ms for condition
[debug] &amp#27;[35m[WD Proxy]&amp#27;[39m Matched '/elements' to command name 'findElements'
[debug] &amp#27;[35m[WD Proxy]&amp#27;[39m Proxying [POST /elements] to [POST http://127.0.0.1:8201/wd/hub/session/9e0f2244-4896-42ef-b657-4e6f8b85bd46/elements] with body: {"strategy":"class name","selector":"android.widget.Button","context":"","multiple":true}
[debug] &amp#27;[35m[WD Proxy]&amp#27;[39m Got response with status 200: {"sessionId":"9e0f2244-4896-42ef-b657-4e6f8b85bd46","value":[{"ELEMENT":"347cfec0-c454-402f-b85b-ed665817c1f1","element-6066-11e4-a52e-4f735466cecf":"347cfec0-c454-402f-b85b-ed665817c1f1"},{"ELEMENT":"79de9522-133c-414e-9d38-7358a9077446","element-6066-11e4-a52e-4f735466cecf":"79de9522-133c-414e-9d38-7358a9077446"},{"ELEMENT":"d3472689-6268-4cc5-82b6-942092ee9441","element-6066-11e4-a52e-4f735466cecf":"d3472689-6268-4cc5-82b6-942092ee9441"},{"ELEMENT":"bba6bbc6-554a-4b47-9dce-0bbab7445acc","element-6066-11e4-a52e-4f735466cecf":"bba6bbc6-554a-4b47-9dce-0bbab7445acc"},{"ELEMENT":"64fb6c38-de5e-4bb3-aaed-f7b0646f9f3b","element-6066-11e4-a52e-4f735466cecf":"64fb6c38-de5e-4bb3-aaed-f7b0646f9f3b"},{"ELEMENT":"0746d171-45fd-4e60-a9dd-28067887ba93","element-6066-11e4-a52e-4f735466cecf":"0746d171-45fd-4e60-a9dd-28067887ba93"},{"ELEMENT":"77929ed9-861a-4ff5-b8dd-bcb6fad88f7e","element-6066-11e4-a52e-4f735466cecf":"77929ed9-861a-4ff5-b8dd-bcb6fad88f7e"},{"ELEMENT":"2010b84a-ad46-4716-8f1f-99d4bd134f8e","element-6066-...
[debug] &amp#27;[35m[W3C (9f10c821)]&amp#27;[39m Responding to client with driver.findElements() result: [{"element-6066-11e4-a52e-4f735466cecf":"347cfec0-c454-402f-b85b-ed665817c1f1","ELEMENT":"347cfec0-c454-402f-b85b-ed665817c1f1"},{"element-6066-11e4-a52e-4f735466cecf":"79de9522-133c-414e-9d38-7358a9077446","ELEMENT":"79de9522-133c-414e-9d38-7358a9077446"},{"element-6066-11e4-a52e-4f735466cecf":"d3472689-6268-4cc5-82b6-942092ee9441","ELEMENT":"d3472689-6268-4cc5-82b6-942092ee9441"},{"element-6066-11e4-a52e-4f735466cecf":"bba6bbc6-554a-4b47-9dce-0bbab7445acc","ELEMENT":"bba6bbc6-554a-4b47-9dce-0bbab7445acc"},{"element-6066-11e4-a52e-4f735466cecf":"64fb6c38-de5e-4bb3-aaed-f7b0646f9f3b","ELEMENT":"64fb6c38-de5e-4bb3-aaed-f7b0646f9f3b"},{"element-6066-11e4-a52e-4f735466cecf":"0746d171-45fd-4e60-a9dd-28067887ba93","ELEMENT":"0746d171-45fd-4e60-a9dd-28067887ba93"},{"element-6066-11e4-a52e-4f735466cecf":"77929ed9-861a-4ff5-b8dd-bcb6fad88f7e","ELEMENT":"77929ed9-861a-4ff5-b8dd-bcb6fad88f7e"},{"element-6066-11e4-a52e-4f735466cecf":"2010b84a-ad46-4716-8f1f-99d4bd134f8e","ELEMENT":"2010b84a-ad46-4716-8f1f-99d4bd134f8...
&amp#27;[35m[HTTP]&amp#27;[39m &amp#27;[37m<-- POST /wd/hub/session/9f10c821-02fd-4c14-91b6-cd5455bbe490/elements &amp#27;[39m&amp#27;[32m200&amp#27;[39m &amp#27;[90m67 ms - 2571&amp#27;[39m
&amp#27;[35m[HTTP]&amp#27;[39m &amp#27;[90m&amp#27;[39m
&amp#27;[35m[HTTP]&amp#27;[39m &amp#27;[37m-->&amp#27;[39m &amp#27;[37mPOST&amp#27;[39m &amp#27;[37m/wd/hub/session/9f10c821-02fd-4c14-91b6-cd5455bbe490/element/a70c248d-0825-4cd5-b400-1c2a6606f7d0/click&amp#27;[39m
&amp#27;[35m[HTTP]&amp#27;[39m &amp#27;[90m{"id":"a70c248d-0825-4cd5-b400-1c2a6606f7d0"}&amp#27;[39m
[debug] &amp#27;[35m[W3C (9f10c821)]&amp#27;[39m Calling AppiumDriver.click() with args: ["a70c248d-0825-4cd5-b400-1c2a6606f7d0","9f10c821-02fd-4c14-91b6-cd5455bbe490"]
[debug] &amp#27;[35m[WD Proxy]&amp#27;[39m Matched '/element/a70c248d-0825-4cd5-b400-1c2a6606f7d0/click' to command name 'click'
[debug] &amp#27;[35m[WD Proxy]&amp#27;[39m Proxying [POST /element/a70c248d-0825-4cd5-b400-1c2a6606f7d0/click] to [POST http://127.0.0.1:8201/wd/hub/session/9e0f2244-4896-42ef-b657-4e6f8b85bd46/element/a70c248d-0825-4cd5-b400-1c2a6606f7d0/click] with body: {"element":"a70c248d-0825-4cd5-b400-1c2a6606f7d0"}
[debug] &amp#27;[35m[WD Proxy]&amp#27;[39m Got response with status 200: {"sessionId":"9e0f2244-4896-42ef-b657-4e6f8b85bd46","value":null}
[debug] &amp#27;[35m[W3C (9f10c821)]&amp#27;[39m Responding to client with driver.click() result: null
&amp#27;[35m[HTTP]&amp#27;[39m &amp#27;[37m<-- POST /wd/hub/session/9f10c821-02fd-4c14-91b6-cd5455bbe490/element/a70c248d-0825-4cd5-b400-1c2a6606f7d0/click &amp#27;[39m&amp#27;[32m200&amp#27;[39m &amp#27;[90m75 ms - 14&amp#27;[39m
&amp#27;[35m[HTTP]&amp#27;[39m &amp#27;[90m&amp#27;[39m
&amp#27;[35m[HTTP]&amp#27;[39m &amp#27;[37m-->&amp#27;[39m &amp#27;[37mGET&amp#27;[39m &amp#27;[37m/wd/hub/session/9f10c821-02fd-4c14-91b6-cd5455bbe490/context&amp#27;[39m
&amp#27;[35m[HTTP]&amp#27;[39m &amp#27;[90m{}&amp#27;[39m
[debug] &amp#27;[35m[W3C (9f10c821)]&amp#27;[39m Calling AppiumDriver.getCurrentContext() with args: ["9f10c821-02fd-4c14-91b6-cd5455bbe490"]
[debug] &amp#27;[35m[W3C (9f10c821)]&amp#27;[39m Responding to client with driver.getCurrentContext() result: "NATIVE_APP"
&amp#27;[35m[HTTP]&amp#27;[39m &amp#27;[37m<-- GET /wd/hub/session/9f10c821-02fd-4c14-91b6-cd5455bbe490/context &amp#27;[39m&amp#27;[32m200&amp#27;[39m &amp#27;[90m2 ms - 22&amp#27;[39m
&amp#27;[35m[HTTP]&amp#27;[39m &amp#27;[90m&amp#27;[39m
&amp#27;[35m[HTTP]&amp#27;[39m &amp#27;[37m-->&amp#27;[39m &amp#27;[37mPOST&amp#27;[39m &amp#27;[37m/wd/hub/session/9f10c821-02fd-4c14-91b6-cd5455bbe490/element&amp#27;[39m
&amp#27;[35m[HTTP]&amp#27;[39m &amp#27;[90m{"using":"id","value":"com.sec.android.app.popupcalculator:id/calc_edt_formula"}&amp#27;[39m
[debug] &amp#27;[35m[W3C (9f10c821)]&amp#27;[39m Calling AppiumDriver.findElement() with args: ["id","com.sec.android.app.popupcalculator:id/calc_edt_formula","9f10c821-02fd-4c14-91b6-cd5455bbe490"]
[debug] &amp#27;[35m[BaseDriver]&amp#27;[39m Valid locator strategies for this request: xpath, id, class name, accessibility id, -android uiautomator
[debug] &amp#27;[35m[BaseDriver]&amp#27;[39m Waiting up to 10000 ms for condition
[debug] &amp#27;[35m[WD Proxy]&amp#27;[39m Matched '/element' to command name 'findElement'
[debug] &amp#27;[35m[WD Proxy]&amp#27;[39m Proxying [POST /element] to [POST http://127.0.0.1:8201/wd/hub/session/9e0f2244-4896-42ef-b657-4e6f8b85bd46/element] with body: {"strategy":"id","selector":"com.sec.android.app.popupcalculator:id/calc_edt_formula","context":"","multiple":false}
[debug] &amp#27;[35m[WD Proxy]&amp#27;[39m Got response with status 200: {"sessionId":"9e0f2244-4896-42ef-b657-4e6f8b85bd46","value":{"ELEMENT":"917759e1-7635-4395-be15-9629a0b8144d","element-6066-11e4-a52e-4f735466cecf":"917759e1-7635-4395-be15-9629a0b8144d"}}
[debug] &amp#27;[35m[W3C (9f10c821)]&amp#27;[39m Responding to client with driver.findElement() result: {"element-6066-11e4-a52e-4f735466cecf":"917759e1-7635-4395-be15-9629a0b8144d","ELEMENT":"917759e1-7635-4395-be15-9629a0b8144d"}
&amp#27;[35m[HTTP]&amp#27;[39m &amp#27;[37m<-- POST /wd/hub/session/9f10c821-02fd-4c14-91b6-cd5455bbe490/element &amp#27;[39m&amp#27;[32m200&amp#27;[39m &amp#27;[90m623 ms - 137&amp#27;[39m
&amp#27;[35m[HTTP]&amp#27;[39m &amp#27;[90m&amp#27;[39m
&amp#27;[35m[HTTP]&amp#27;[39m &amp#27;[37m-->&amp#27;[39m &amp#27;[37mGET&amp#27;[39m &amp#27;[37m/wd/hub/session/9f10c821-02fd-4c14-91b6-cd5455bbe490/element/917759e1-7635-4395-be15-9629a0b8144d/attribute/text&amp#27;[39m
&amp#27;[35m[HTTP]&amp#27;[39m &amp#27;[90m{}&amp#27;[39m
[debug] &amp#27;[35m[W3C (9f10c821)]&amp#27;[39m Calling AppiumDriver.getAttribute() with args: ["text","917759e1-7635-4395-be15-9629a0b8144d","9f10c821-02fd-4c14-91b6-cd5455bbe490"]
[debug] &amp#27;[35m[WD Proxy]&amp#27;[39m Matched '/element/917759e1-7635-4395-be15-9629a0b8144d/attribute/text' to command name 'getAttribute'
[debug] &amp#27;[35m[WD Proxy]&amp#27;[39m Proxying [GET /element/917759e1-7635-4395-be15-9629a0b8144d/attribute/text] to [GET http://127.0.0.1:8201/wd/hub/session/9e0f2244-4896-42ef-b657-4e6f8b85bd46/element/917759e1-7635-4395-be15-9629a0b8144d/attribute/text] with no body
[debug] &amp#27;[35m[WD Proxy]&amp#27;[39m Got response with status 200: {"sessionId":"9e0f2244-4896-42ef-b657-4e6f8b85bd46","value":"579"}
[debug] &amp#27;[35m[W3C (9f10c821)]&amp#27;[39m Responding to client with driver.getAttribute() result: "579"
579
123+456
[Ljava.lang.String;@1199fe66
579
579
TestData2
&amp#27;[35m[HTTP]&amp#27;[39m &amp#27;[37m<-- GET /wd/hub/session/9f10c821-02fd-4c14-91b6-cd5455bbe490/element/917759e1-7635-4395-be15-9629a0b8144d/attribute/text &amp#27;[39m&amp#27;[32m200&amp#27;[39m &amp#27;[90m37 ms ]]></system-out>
  </testcase>
</testsuite>