<?xml version="1.0" encoding="UTF-8" ?>
<testsuite tests="1" failures="1" name="cucumber.Options.TestRunner" time="24.154" errors="0" skipped="0">
  <properties>
    <property name="java.runtime.name" value="Java(TM) SE Runtime Environment"/>
    <property name="cucumber.options" value="--tags @auto"/>
    <property name="sun.boot.library.path" value="C:\Program Files\Java\jdk1.8.0_121\jre\bin"/>
    <property name="java.vm.version" value="25.121-b13"/>
    <property name="java.vm.vendor" value="Oracle Corporation"/>
    <property name="maven.multiModuleProjectDirectory" value="C:\Users\maliniv\Desktop\Technology Upgrade\Appium\AppiumBDD\BDD"/>
    <property name="java.vendor.url" value="http://java.oracle.com/"/>
    <property name="path.separator" value=";"/>
    <property name="guice.disable.misplaced.annotation.check" value="true"/>
    <property name="java.vm.name" value="Java HotSpot(TM) 64-Bit Server VM"/>
    <property name="file.encoding.pkg" value="sun.io"/>
    <property name="user.script" value=""/>
    <property name="user.country" value="US"/>
    <property name="sun.java.launcher" value="SUN_STANDARD"/>
    <property name="sun.os.patch.level" value=""/>
    <property name="java.vm.specification.name" value="Java Virtual Machine Specification"/>
    <property name="user.dir" value="C:\Users\maliniv\Desktop\Technology Upgrade\Appium\AppiumBDD\BDD"/>
    <property name="java.runtime.version" value="1.8.0_121-b13"/>
    <property name="java.awt.graphicsenv" value="sun.awt.Win32GraphicsEnvironment"/>
    <property name="java.endorsed.dirs" value="C:\Program Files\Java\jdk1.8.0_121\jre\lib\endorsed"/>
    <property name="os.arch" value="amd64"/>
    <property name="java.io.tmpdir" value="C:\Users\maliniv\AppData\Local\Temp\"/>
    <property name="line.separator" value="
"/>
    <property name="java.vm.specification.vendor" value="Oracle Corporation"/>
    <property name="user.variant" value=""/>
    <property name="os.name" value="Windows 8.1"/>
    <property name="classworlds.conf" value="C:\Users\maliniv\Desktop\Technology Upgrade\MAVEN\apache-maven-3.6.3-bin\apache-maven-3.6.3\bin\..\bin\m2.conf"/>
    <property name="sun.jnu.encoding" value="Cp1252"/>
    <property name="java.library.path" value="C:\Program Files\Java\jdk1.8.0_121\bin;C:\Windows\Sun\Java\bin;C:\Windows\system32;C:\Windows;C:/Program Files/Java/jre1.8.0_121/bin/server;C:/Program Files/Java/jre1.8.0_121/bin;C:/Program Files/Java/jre1.8.0_121/lib/amd64;C:\ProgramData\Oracle\Java\javapath;C:\Program Files (x86)\Intel\iCLS Client\;C:\Program Files\Intel\iCLS Client\;C:\Windows\system32;C:\Windows;C:\Windows\System32\Wbem;%ANT_HOME%\bin;C:\Users\maliniv\AppData\Local\Android\Sdk\tools;C:\Users\maliniv\Desktop\Technology Upgrade\MAVEN\apache-maven-3.6.3-bin\apache-maven-3.6.3\bin;C:\Program Files\Java\jdk1.8.0_121\bin;C:\Windows\System32\WindowsPowerShell\v1.0\;C:\Program Files\Intel\Intel(R) Management Engine Components\DAL;C:\Program Files (x86)\Intel\Intel(R) Management Engine Components\DAL;C:\Program Files\Intel\Intel(R) Management Engine Components\IPT;C:\Program Files (x86)\Intel\Intel(R) Management Engine Components\IPT;C:\Program Files\Intel\WiFi\bin\;C:\Program Files\Common Files\Intel\WirelessCommon\;C:\Program Files (x86)\Google\Google Apps Sync\;C:\Program Files (x86)\Google\Google Apps Migration\;C:\Program Files\Symantec.cloud\PlatformAgent\;C:\Program Files (x86)\Skype\Phone\;C:\Program Files\nodejs\;C:\Users\maliniv\AppData\Local\Android\Sdk\tools\bin;C:\Users\maliniv\AppData\Local\Android\Sdk\tools;C:\Users\maliniv\AppData\Local\Android\Sdk\platform-tools;C:\Program Files\nodejs\node_modules\npm\bin;C:\Users\maliniv\AppData\Local\Programs\Fiddler;C:\Users\maliniv\AppData\Roaming\npm;C:\Users\maliniv\Desktop\Technology Upgrade;;."/>
    <property name="maven.conf" value="C:\Users\maliniv\Desktop\Technology Upgrade\MAVEN\apache-maven-3.6.3-bin\apache-maven-3.6.3\bin\../conf"/>
    <property name="java.specification.name" value="Java Platform API Specification"/>
    <property name="java.class.version" value="52.0"/>
    <property name="sun.management.compiler" value="HotSpot 64-Bit Tiered Compilers"/>
    <property name="os.version" value="6.3"/>
    <property name="library.jansi.path" value="C:\Users\maliniv\Desktop\Technology Upgrade\MAVEN\apache-maven-3.6.3-bin\apache-maven-3.6.3\bin\..\lib\jansi-native"/>
    <property name="user.home" value="C:\Users\maliniv"/>
    <property name="user.timezone" value="Australia/Brisbane"/>
    <property name="java.awt.printerjob" value="sun.awt.windows.WPrinterJob"/>
    <property name="java.specification.version" value="1.8"/>
    <property name="file.encoding" value="Cp1252"/>
    <property name="user.name" value="maliniv"/>
    <property name="java.class.path" value="C:\Users\maliniv\Desktop\Technology Upgrade\MAVEN\apache-maven-3.6.3-bin\apache-maven-3.6.3\bin\..\boot\plexus-classworlds-2.6.0.jar"/>
    <property name="java.vm.specification.version" value="1.8"/>
    <property name="sun.arch.data.model" value="64"/>
    <property name="java.home" value="C:\Program Files\Java\jdk1.8.0_121\jre"/>
    <property name="sun.java.command" value="org.codehaus.plexus.classworlds.launcher.Launcher test verify -DdeviceName=GalaxtS10e -Dcucumber.options=--tags @auto"/>
    <property name="java.specification.vendor" value="Oracle Corporation"/>
    <property name="user.language" value="en"/>
    <property name="awt.toolkit" value="sun.awt.windows.WToolkit"/>
    <property name="java.vm.info" value="mixed mode"/>
    <property name="java.version" value="1.8.0_121"/>
    <property name="java.ext.dirs" value="C:\Program Files\Java\jdk1.8.0_121\jre\lib\ext;C:\Windows\Sun\Java\lib\ext"/>
    <property name="sun.boot.class.path" value="C:\Program Files\Java\jdk1.8.0_121\jre\lib\resources.jar;C:\Program Files\Java\jdk1.8.0_121\jre\lib\rt.jar;C:\Program Files\Java\jdk1.8.0_121\jre\lib\sunrsasign.jar;C:\Program Files\Java\jdk1.8.0_121\jre\lib\jsse.jar;C:\Program Files\Java\jdk1.8.0_121\jre\lib\jce.jar;C:\Program Files\Java\jdk1.8.0_121\jre\lib\charsets.jar;C:\Program Files\Java\jdk1.8.0_121\jre\lib\jfr.jar;C:\Program Files\Java\jdk1.8.0_121\jre\classes"/>
    <property name="sun.stderr.encoding" value="cp437"/>
    <property name="java.vendor" value="Oracle Corporation"/>
    <property name="maven.home" value="C:\Users\maliniv\Desktop\Technology Upgrade\MAVEN\apache-maven-3.6.3-bin\apache-maven-3.6.3\bin\.."/>
    <property name="file.separator" value="\"/>
    <property name="java.vendor.url.bug" value="http://bugreport.sun.com/bugreport/"/>
    <property name="sun.cpu.endian" value="little"/>
    <property name="sun.io.unicode.encoding" value="UnicodeLittle"/>
    <property name="deviceName" value="GalaxtS10e"/>
    <property name="sun.stdout.encoding" value="cp437"/>
    <property name="sun.desktop" value="windows"/>
    <property name="sun.cpu.isalist" value="amd64"/>
  </properties>
  <testcase classname="To test the addition feature of the Mobile Calculator" name="Addition operation" time="24.154">
    <failure message="expected:&lt;579&gt; but was:&lt;11&gt;" type="java.lang.AssertionError">java.lang.AssertionError: expected:&lt;579&gt; but was:&lt;11&gt;
	at org.junit.Assert.fail(Assert.java:88)
	at org.junit.Assert.failNotEquals(Assert.java:743)
	at org.junit.Assert.assertEquals(Assert.java:118)
	at org.junit.Assert.assertEquals(Assert.java:555)
	at org.junit.Assert.assertEquals(Assert.java:542)
	at StepDefinitions.MobileCalculatorSD.the_result_must_be_the_sum(MobileCalculatorSD.java:101)
	at âœ½.the result must be the sum(file:///C:/Users/maliniv/Desktop/Technology%20Upgrade/Appium/AppiumBDD/BDD/src/test/java/Feature/MobileCalculator.feature:10)
</failure>
    <system-out>******URL + PORT *****http://0.0.0.0:34457/wd/hub
STRING : http://0.0.0.0:34457/wd/hub
URL  : 34457
PORT USED  : 34457
&amp;#27;[35m[Appium]&amp;#27;[39m Welcome to Appium v1.18.3
&amp;#27;[35m[Appium]&amp;#27;[39m Non-default server args:
&amp;#27;[35m[Appium]&amp;#27;[39m   port: 34457
&amp;#27;[35m[Appium]&amp;#27;[39m Appium REST http interface listener started on 0.0.0.0:34457
&amp;#27;[35m[HTTP]&amp;#27;[39m &amp;#27;[37m--&gt;&amp;#27;[39m &amp;#27;[37mGET&amp;#27;[39m &amp;#27;[37m/wd/hub/status&amp;#27;[39m
&amp;#27;[35m[HTTP]&amp;#27;[39m &amp;#27;[90m{}&amp;#27;[39m
[debug] &amp;#27;[35m[GENERIC]&amp;#27;[39m Calling AppiumDriver.getStatus() with args: []
[debug] &amp;#27;[35m[GENERIC]&amp;#27;[39m Responding to client with driver.getStatus() result: {&quot;build&quot;:{&quot;version&quot;:&quot;1.18.3&quot;}}
&amp;#27;[35m[HTTP]&amp;#27;[39m &amp;#27;[37m&lt;-- GET /wd/hub/status &amp;#27;[39m&amp;#27;[32m200&amp;#27;[39m &amp;#27;[90m27 ms - 68&amp;#27;[39m
&amp;#27;[35m[HTTP]&amp;#27;[39m &amp;#27;[90m&amp;#27;[39m
GalaxtS10e
&amp;#27;[35m[HTTP]&amp;#27;[39m &amp;#27;[37m--&gt;&amp;#27;[39m &amp;#27;[37mGET&amp;#27;[39m &amp;#27;[37m/wd/hub/status&amp;#27;[39m
&amp;#27;[35m[HTTP]&amp;#27;[39m &amp;#27;[90m{}&amp;#27;[39m
[debug] &amp;#27;[35m[GENERIC]&amp;#27;[39m Calling AppiumDriver.getStatus() with args: []
[debug] &amp;#27;[35m[GENERIC]&amp;#27;[39m Responding to client with driver.getStatus() result: {&quot;build&quot;:{&quot;version&quot;:&quot;1.18.3&quot;}}
&amp;#27;[35m[HTTP]&amp;#27;[39m &amp;#27;[37m&lt;-- GET /wd/hub/status &amp;#27;[39m&amp;#27;[32m200&amp;#27;[39m &amp;#27;[90m2 ms - 68&amp;#27;[39m
&amp;#27;[35m[HTTP]&amp;#27;[39m &amp;#27;[90m&amp;#27;[39m
&amp;#27;[35m[HTTP]&amp;#27;[39m &amp;#27;[37m--&gt;&amp;#27;[39m &amp;#27;[37mPOST&amp;#27;[39m &amp;#27;[37m/wd/hub/session&amp;#27;[39m
&amp;#27;[35m[HTTP]&amp;#27;[39m &amp;#27;[90m{&quot;desiredCapabilities&quot;:{&quot;appActivity&quot;:&quot;com.sec.android.app.popupcalculator.Calculator&quot;,&quot;appPackage&quot;:&quot;com.sec.android.app.popupcalculator&quot;,&quot;newCommandTimeout&quot;:&quot;10000&quot;,&quot;platformVersion&quot;:&quot;10&quot;,&quot;automationName&quot;:&quot;UiAutomator2&quot;,&quot;platformName&quot;:&quot;Android&quot;,&quot;deviceName&quot;:&quot;GalaxtS10e&quot;},&quot;capabilities&quot;:{&quot;firstMatch&quot;:[{&quot;appium:appActivity&quot;:&quot;com.sec.android.app.popupcalculator.Calculator&quot;,&quot;appium:appPackage&quot;:&quot;com.sec.android.app.popupcalculator&quot;,&quot;appium:automationName&quot;:&quot;UiAutomator2&quot;,&quot;appium:deviceName&quot;:&quot;GalaxtS10e&quot;,&quot;appium:newCommandTimeout&quot;:&quot;10000&quot;,&quot;platformName&quot;:&quot;android&quot;,&quot;appium:platformVersion&quot;:&quot;10&quot;}]}}&amp;#27;[39m
[debug] &amp;#27;[35m[W3C]&amp;#27;[39m Calling AppiumDriver.createSession() with args: [{&quot;appActivity&quot;:&quot;com.sec.android.app.popupcalculator.Calculator&quot;,&quot;appPackage&quot;:&quot;com.sec.android.app.popupcalculator&quot;,&quot;newCommandTimeout&quot;:&quot;10000&quot;,&quot;platformVersion&quot;:&quot;10&quot;,&quot;automationName&quot;:&quot;UiAutomator2&quot;,&quot;platformName&quot;:&quot;Android&quot;,&quot;deviceName&quot;:&quot;GalaxtS10e&quot;},null,{&quot;firstMatch&quot;:[{&quot;appium:appActivity&quot;:&quot;com.sec.android.app.popupcalculator.Calculator&quot;,&quot;appium:appPackage&quot;:&quot;com.sec.android.app.popupcalculator&quot;,&quot;appium:automationName&quot;:&quot;UiAutomator2&quot;,&quot;appium:deviceName&quot;:&quot;GalaxtS10e&quot;,&quot;appium:newCommandTimeout&quot;:&quot;10000&quot;,&quot;platformName&quot;:&quot;android&quot;,&quot;appium:platformVersion&quot;:&quot;10&quot;}]}]
[debug] &amp;#27;[35m[BaseDriver]&amp;#27;[39m Event &apos;newSessionRequested&apos; logged at 1609192131044 (07:48:51 GMT+1000 (Australian Eastern Standard Time))
&amp;#27;[35m[BaseDriver]&amp;#27;[39m Number capability passed in as string. Functionality may be compromised.
&amp;#27;[35m[Appium]&amp;#27;[39m Appium v1.18.3 creating new AndroidUiautomator2Driver (v1.56.1) session
[debug] &amp;#27;[35m[BaseDriver]&amp;#27;[39m W3C capabilities and MJSONWP desired capabilities were provided
[debug] &amp;#27;[35m[BaseDriver]&amp;#27;[39m Creating session with W3C capabilities: {
[debug] &amp;#27;[35m[BaseDriver]&amp;#27;[39m   &quot;alwaysMatch&quot;: {
[debug] &amp;#27;[35m[BaseDriver]&amp;#27;[39m     &quot;platformName&quot;: &quot;android&quot;,
[debug] &amp;#27;[35m[BaseDriver]&amp;#27;[39m     &quot;appium:appActivity&quot;: &quot;com.sec.android.app.popupcalculator.Calculator&quot;,
[debug] &amp;#27;[35m[BaseDriver]&amp;#27;[39m     &quot;appium:appPackage&quot;: &quot;com.sec.android.app.popupcalculator&quot;,
[debug] &amp;#27;[35m[BaseDriver]&amp;#27;[39m     &quot;appium:automationName&quot;: &quot;UiAutomator2&quot;,
[debug] &amp;#27;[35m[BaseDriver]&amp;#27;[39m     &quot;appium:deviceName&quot;: &quot;GalaxtS10e&quot;,
[debug] &amp;#27;[35m[BaseDriver]&amp;#27;[39m     &quot;appium:newCommandTimeout&quot;: &quot;10000&quot;,
[debug] &amp;#27;[35m[BaseDriver]&amp;#27;[39m     &quot;appium:platformVersion&quot;: &quot;10&quot;
[debug] &amp;#27;[35m[BaseDriver]&amp;#27;[39m   },
[debug] &amp;#27;[35m[BaseDriver]&amp;#27;[39m   &quot;firstMatch&quot;: [
[debug] &amp;#27;[35m[BaseDriver]&amp;#27;[39m     {}
[debug] &amp;#27;[35m[BaseDriver]&amp;#27;[39m   ]
[debug] &amp;#27;[35m[BaseDriver]&amp;#27;[39m }
&amp;#27;[35m[BaseDriver]&amp;#27;[39m Number capability passed in as string. Functionality may be compromised.
&amp;#27;[35m[BaseDriver]&amp;#27;[39m Capability &apos;newCommandTimeout&apos; changed from string (&apos;10000&apos;) to integer (10000). This may cause unexpected behavior
&amp;#27;[35m[BaseDriver]&amp;#27;[39m Session created with session id: c45864b3-cca5-4f67-acb5-0a83e84833a4
&amp;#27;[35m[UiAutomator2]&amp;#27;[39m Starting &apos;com.sec.android.app.popupcalculator&apos; directly on the device
&amp;#27;[35m[ADB]&amp;#27;[39m Found 2 &apos;build-tools&apos; folders under &apos;C:\Users\maliniv\AppData\Local\Android\Sdk&apos; (newest first):
&amp;#27;[35m[ADB]&amp;#27;[39m     C:/Users/maliniv/AppData/Local/Android/Sdk/build-tools/30.0.2
&amp;#27;[35m[ADB]&amp;#27;[39m     C:/Users/maliniv/AppData/Local/Android/Sdk/build-tools/29.0.2
&amp;#27;[35m[ADB]&amp;#27;[39m Using &apos;adb.exe&apos; from &apos;C:\Users\maliniv\AppData\Local\Android\Sdk\platform-tools\adb.exe&apos;
[debug] &amp;#27;[35m[ADB]&amp;#27;[39m Running &apos;C:\Users\maliniv\AppData\Local\Android\Sdk\platform-tools\adb.exe -P 5037 start-server&apos;
&amp;#27;[35m[AndroidDriver]&amp;#27;[39m Retrieving device list
[debug] &amp;#27;[35m[ADB]&amp;#27;[39m Trying to find a connected android device
[debug] &amp;#27;[35m[ADB]&amp;#27;[39m Getting connected devices
[debug] &amp;#27;[35m[ADB]&amp;#27;[39m Connected devices: [{&quot;udid&quot;:&quot;192.168.1.100:5555&quot;,&quot;state&quot;:&quot;device&quot;}]
&amp;#27;[35m[AndroidDriver]&amp;#27;[39m Looking for a device with Android &apos;10.0.0&apos;
[debug] &amp;#27;[35m[ADB]&amp;#27;[39m Setting device id to 192.168.1.100:5555
&amp;#27;[35m[ADB]&amp;#27;[39m Getting device platform version
[debug] &amp;#27;[35m[ADB]&amp;#27;[39m Running &apos;C:\Users\maliniv\AppData\Local\Android\Sdk\platform-tools\adb.exe -P 5037 -s 192.168.1.100\:5555 shell getprop ro.build.version.release&apos;
[debug] &amp;#27;[35m[ADB]&amp;#27;[39m Current device property &apos;ro.build.version.release&apos;: 10
&amp;#27;[35m[AndroidDriver]&amp;#27;[39m Using device: 192.168.1.100:5555
&amp;#27;[35m[ADB]&amp;#27;[39m Using &apos;adb.exe&apos; from &apos;C:\Users\maliniv\AppData\Local\Android\Sdk\platform-tools\adb.exe&apos;
[debug] &amp;#27;[35m[ADB]&amp;#27;[39m Running &apos;C:\Users\maliniv\AppData\Local\Android\Sdk\platform-tools\adb.exe -P 5037 start-server&apos;
[debug] &amp;#27;[35m[ADB]&amp;#27;[39m Setting device id to 192.168.1.100:5555
[debug] &amp;#27;[35m[ADB]&amp;#27;[39m Running &apos;C:\Users\maliniv\AppData\Local\Android\Sdk\platform-tools\adb.exe -P 5037 -s 192.168.1.100\:5555 shell getprop ro.build.version.sdk&apos;
[debug] &amp;#27;[35m[ADB]&amp;#27;[39m Current device property &apos;ro.build.version.sdk&apos;: 29
&amp;#27;[35m[ADB]&amp;#27;[39m Getting device platform version
[debug] &amp;#27;[35m[ADB]&amp;#27;[39m Running &apos;C:\Users\maliniv\AppData\Local\Android\Sdk\platform-tools\adb.exe -P 5037 -s 192.168.1.100\:5555 shell getprop ro.build.version.release&apos;
[debug] &amp;#27;[35m[ADB]&amp;#27;[39m Current device property &apos;ro.build.version.release&apos;: 10
[debug] &amp;#27;[35m[ADB]&amp;#27;[39m Device API level: 29
&amp;#27;[35m[UiAutomator2]&amp;#27;[39m Relaxing hidden api policy
[debug] &amp;#27;[35m[ADB]&amp;#27;[39m Running &apos;C:\Users\maliniv\AppData\Local\Android\Sdk\platform-tools\adb.exe -P 5037 -s 192.168.1.100\:5555 shell &apos;settings put global hidden_api_policy_pre_p_apps 1;settings put global hidden_api_policy_p_apps 1;settings put global hidden_api_policy 1&apos;&apos;
&amp;#27;[35m[AndroidDriver]&amp;#27;[39m No app sent in, not parsing package/activity
[debug] &amp;#27;[35m[ADB]&amp;#27;[39m Running &apos;C:\Users\maliniv\AppData\Local\Android\Sdk\platform-tools\adb.exe -P 5037 -s 192.168.1.100\:5555 wait-for-device&apos;
[debug] &amp;#27;[35m[ADB]&amp;#27;[39m Running &apos;C:\Users\maliniv\AppData\Local\Android\Sdk\platform-tools\adb.exe -P 5037 -s 192.168.1.100\:5555 shell echo ping&apos;
[debug] &amp;#27;[35m[AndroidDriver]&amp;#27;[39m Pushing settings apk to device...
[debug] &amp;#27;[35m[ADB]&amp;#27;[39m Getting install status for io.appium.settings
[debug] &amp;#27;[35m[ADB]&amp;#27;[39m Running &apos;C:\Users\maliniv\AppData\Local\Android\Sdk\platform-tools\adb.exe -P 5037 -s 192.168.1.100\:5555 shell dumpsys package io.appium.settings&apos;
[debug] &amp;#27;[35m[ADB]&amp;#27;[39m &apos;io.appium.settings&apos; is installed
[debug] &amp;#27;[35m[ADB]&amp;#27;[39m Getting package info for &apos;io.appium.settings&apos;
[debug] &amp;#27;[35m[ADB]&amp;#27;[39m Running &apos;C:\Users\maliniv\AppData\Local\Android\Sdk\platform-tools\adb.exe -P 5037 -s 192.168.1.100\:5555 shell dumpsys package io.appium.settings&apos;
[debug] &amp;#27;[35m[ADB]&amp;#27;[39m The version name of the installed &apos;io.appium.settings&apos; is greater or equal to the application version name (&apos;3.2.0&apos; &gt;= &apos;3.2.0&apos;)
[debug] &amp;#27;[35m[ADB]&amp;#27;[39m There is no need to install/upgrade &apos;C:\Users\maliniv\AppData\Roaming\npm\node_modules\appium\node_modules\io.appium.settings\apks\settings_apk-debug.apk&apos;
[debug] &amp;#27;[35m[ADB]&amp;#27;[39m Getting IDs of all &apos;io.appium.settings&apos; processes
[debug] &amp;#27;[35m[ADB]&amp;#27;[39m Running &apos;C:\Users\maliniv\AppData\Local\Android\Sdk\platform-tools\adb.exe -P 5037 -s 192.168.1.100\:5555 shell &apos;pgrep --help; echo $?&apos;&apos;
[debug] &amp;#27;[35m[ADB]&amp;#27;[39m Running &apos;C:\Users\maliniv\AppData\Local\Android\Sdk\platform-tools\adb.exe -P 5037 -s 192.168.1.100\:5555 shell pgrep -f io\\.appium\\.settings&apos;
[debug] &amp;#27;[35m[AndroidDriver]&amp;#27;[39m io.appium.settings is already running. There is no need to reset its permissions.
[debug] &amp;#27;[35m[ADB]&amp;#27;[39m Running &apos;C:\Users\maliniv\AppData\Local\Android\Sdk\platform-tools\adb.exe -P 5037 -s 192.168.1.100\:5555 shell appops set io.appium.settings android\:mock_location allow&apos;
[debug] &amp;#27;[35m[Logcat]&amp;#27;[39m Starting logs capture with command: C:\\Users\\maliniv\\AppData\\Local\\Android\\Sdk\\platform-tools\\adb.exe -P 5037 -s 192.168.1.100\:5555 logcat -v threadtime
[debug] &amp;#27;[35m[UiAutomator2]&amp;#27;[39m Forwarding UiAutomator2 Server port 6790 to 8208
[debug] &amp;#27;[35m[ADB]&amp;#27;[39m Forwarding system: 8208 to device: 6790
[debug] &amp;#27;[35m[ADB]&amp;#27;[39m Running &apos;C:\Users\maliniv\AppData\Local\Android\Sdk\platform-tools\adb.exe -P 5037 -s 192.168.1.100\:5555 forward tcp\:8208 tcp\:6790&apos;
[debug] &amp;#27;[35m[ADB]&amp;#27;[39m Getting install status for io.appium.uiautomator2.server
[debug] &amp;#27;[35m[ADB]&amp;#27;[39m Running &apos;C:\Users\maliniv\AppData\Local\Android\Sdk\platform-tools\adb.exe -P 5037 -s 192.168.1.100\:5555 shell dumpsys package io.appium.uiautomator2.server&apos;
[debug] &amp;#27;[35m[ADB]&amp;#27;[39m &apos;io.appium.uiautomator2.server&apos; is installed
[debug] &amp;#27;[35m[ADB]&amp;#27;[39m Getting package info for &apos;io.appium.uiautomator2.server&apos;
[debug] &amp;#27;[35m[ADB]&amp;#27;[39m Running &apos;C:\Users\maliniv\AppData\Local\Android\Sdk\platform-tools\adb.exe -P 5037 -s 192.168.1.100\:5555 shell dumpsys package io.appium.uiautomator2.server&apos;
[debug] &amp;#27;[35m[ADB]&amp;#27;[39m The version name of the installed &apos;io.appium.uiautomator2.server&apos; is greater or equal to the application version name (&apos;4.12.2&apos; &gt;= &apos;4.12.2&apos;)
[debug] &amp;#27;[35m[UiAutomator2]&amp;#27;[39m io.appium.uiautomator2.server installation state: sameVersionInstalled
[debug] &amp;#27;[35m[ADB]&amp;#27;[39m Checking app cert for C:\Users\maliniv\AppData\Roaming\npm\node_modules\appium\node_modules\appium-uiautomator2-server\apks\appium-uiautomator2-server-v4.12.2.apk
&amp;#27;[35m[ADB]&amp;#27;[39m Using &apos;apksigner.jar&apos; from &apos;C:\Users\maliniv\AppData\Local\Android\Sdk\build-tools\30.0.2\lib\apksigner.jar&apos;
[debug] &amp;#27;[35m[ADB]&amp;#27;[39m Starting apksigner: &apos;C:\\Program Files\\Java\\jdk1.8.0_121\\bin\\java.exe&apos; -Xmx1024M -Xss1m -jar C:\\Users\\maliniv\\AppData\\Local\\Android\\Sdk\\build-tools\\30.0.2\\lib\\apksigner.jar verify --print-certs C:\\Users\\maliniv\\AppData\\Roaming\\npm\\node_modules\\appium\\node_modules\\appium-uiautomator2-server\\apks\\appium-uiautomator2-server-v4.12.2.apk
[debug] &amp;#27;[35m[ADB]&amp;#27;[39m apksigner stdout: Signer #1 certificate DN: EMAILADDRESS=android@android.com, CN=Android, OU=Android, O=Android, L=Mountain View, ST=California, C=US
[debug] &amp;#27;[35m[ADB]&amp;#27;[39m Signer #1 certificate SHA-256 digest: a40da80a59d170caa950cf15c18c454d47a39b26989d8b640ecd745ba71bf5dc
[debug] &amp;#27;[35m[ADB]&amp;#27;[39m Signer #1 certificate SHA-1 digest: 61ed377e85d386a8dfee6b864bd85b0bfaa5af81
[debug] &amp;#27;[35m[ADB]&amp;#27;[39m Signer #1 certificate MD5 digest: e89b158e4bcf988ebd09eb83f5378e87
[debug] &amp;#27;[35m[ADB]&amp;#27;[39m 
[debug] &amp;#27;[35m[ADB]&amp;#27;[39m &apos;C:\Users\maliniv\AppData\Roaming\npm\node_modules\appium\node_modules\appium-uiautomator2-server\apks\appium-uiautomator2-server-v4.12.2.apk&apos; is signed with the default certificate
[debug] &amp;#27;[35m[ADB]&amp;#27;[39m Getting install status for io.appium.uiautomator2.server.test
[debug] &amp;#27;[35m[ADB]&amp;#27;[39m Running &apos;C:\Users\maliniv\AppData\Local\Android\Sdk\platform-tools\adb.exe -P 5037 -s 192.168.1.100\:5555 shell dumpsys package io.appium.uiautomator2.server.test&apos;
[debug] &amp;#27;[35m[ADB]&amp;#27;[39m &apos;io.appium.uiautomator2.server.test&apos; is installed
[debug] &amp;#27;[35m[ADB]&amp;#27;[39m Checking app cert for C:\Users\maliniv\AppData\Roaming\npm\node_modules\appium\node_modules\appium-uiautomator2-server\apks\appium-uiautomator2-server-debug-androidTest.apk
[debug] &amp;#27;[35m[ADB]&amp;#27;[39m Starting apksigner: &apos;C:\\Program Files\\Java\\jdk1.8.0_121\\bin\\java.exe&apos; -Xmx1024M -Xss1m -jar C:\\Users\\maliniv\\AppData\\Local\\Android\\Sdk\\build-tools\\30.0.2\\lib\\apksigner.jar verify --print-certs C:\\Users\\maliniv\\AppData\\Roaming\\npm\\node_modules\\appium\\node_modules\\appium-uiautomator2-server\\apks\\appium-uiautomator2-server-debug-androidTest.apk
[debug] &amp;#27;[35m[ADB]&amp;#27;[39m apksigner stdout: Signer #1 certificate DN: EMAILADDRESS=android@android.com, CN=Android, OU=Android, O=Android, L=Mountain View, ST=California, C=US
[debug] &amp;#27;[35m[ADB]&amp;#27;[39m Signer #1 certificate SHA-256 digest: a40da80a59d170caa950cf15c18c454d47a39b26989d8b640ecd745ba71bf5dc
[debug] &amp;#27;[35m[ADB]&amp;#27;[39m Signer #1 certificate SHA-1 digest: 61ed377e85d386a8dfee6b864bd85b0bfaa5af81
[debug] &amp;#27;[35m[ADB]&amp;#27;[39m Signer #1 certificate MD5 digest: e89b158e4bcf988ebd09eb83f5378e87
[debug] &amp;#27;[35m[ADB]&amp;#27;[39m 
[debug] &amp;#27;[35m[ADB]&amp;#27;[39m &apos;C:\Users\maliniv\AppData\Roaming\npm\node_modules\appium\node_modules\appium-uiautomator2-server\apks\appium-uiautomator2-server-debug-androidTest.apk&apos; is signed with the default certificate
&amp;#27;[35m[UiAutomator2]&amp;#27;[39m Server packages are not going to be (re)installed
[debug] &amp;#27;[35m[UiAutomator2]&amp;#27;[39m Waiting up to 30000ms for services to be available
[debug] &amp;#27;[35m[ADB]&amp;#27;[39m Running &apos;C:\Users\maliniv\AppData\Local\Android\Sdk\platform-tools\adb.exe -P 5037 -s 192.168.1.100\:5555 shell pm list instrumentation&apos;
[debug] &amp;#27;[35m[UiAutomator2]&amp;#27;[39m Instrumentation target &apos;io.appium.uiautomator2.server.test/androidx.test.runner.AndroidJUnitRunner&apos; is available
[debug] &amp;#27;[35m[UiAutomator2]&amp;#27;[39m No app capability. Assuming it is already on the device
[debug] &amp;#27;[35m[ADB]&amp;#27;[39m Getting install status for com.sec.android.app.popupcalculator
[debug] &amp;#27;[35m[ADB]&amp;#27;[39m Running &apos;C:\Users\maliniv\AppData\Local\Android\Sdk\platform-tools\adb.exe -P 5037 -s 192.168.1.100\:5555 shell dumpsys package com.sec.android.app.popupcalculator&apos;
[debug] &amp;#27;[35m[ADB]&amp;#27;[39m &apos;com.sec.android.app.popupcalculator&apos; is installed
[debug] &amp;#27;[35m[ADB]&amp;#27;[39m Running &apos;C:\Users\maliniv\AppData\Local\Android\Sdk\platform-tools\adb.exe -P 5037 -s 192.168.1.100\:5555 shell am force-stop com.sec.android.app.popupcalculator&apos;
[debug] &amp;#27;[35m[ADB]&amp;#27;[39m Running &apos;C:\Users\maliniv\AppData\Local\Android\Sdk\platform-tools\adb.exe -P 5037 -s 192.168.1.100\:5555 shell pm clear com.sec.android.app.popupcalculator&apos;
[debug] &amp;#27;[35m[AndroidDriver]&amp;#27;[39m Performed fast reset on the installed &apos;com.sec.android.app.popupcalculator&apos; application (stop and clear)
[debug] &amp;#27;[35m[UiAutomator2]&amp;#27;[39m Performing shallow cleanup of automation leftovers
[debug] &amp;#27;[35m[UiAutomator2]&amp;#27;[39m The following obsolete sessions are still running: [null]
[debug] &amp;#27;[35m[UiAutomator2]&amp;#27;[39m Cleaning up the obsolete sessions
[debug] &amp;#27;[35m[ADB]&amp;#27;[39m Running &apos;C:\Users\maliniv\AppData\Local\Android\Sdk\platform-tools\adb.exe -P 5037 -s 192.168.1.100\:5555 shell am force-stop io.appium.uiautomator2.server.test&apos;
&amp;#27;[35m[UiAutomator2]&amp;#27;[39m Starting UIAutomator2 server 4.12.2
&amp;#27;[35m[UiAutomator2]&amp;#27;[39m Using UIAutomator2 server from &apos;C:\Users\maliniv\AppData\Roaming\npm\node_modules\appium\node_modules\appium-uiautomator2-server\apks\appium-uiautomator2-server-v4.12.2.apk&apos; and test from &apos;C:\Users\maliniv\AppData\Roaming\npm\node_modules\appium\node_modules\appium-uiautomator2-server\apks\appium-uiautomator2-server-debug-androidTest.apk&apos;
&amp;#27;[35m[UiAutomator2]&amp;#27;[39m Waiting up to 30000ms for UiAutomator2 to be online...
[debug] &amp;#27;[35m[ADB]&amp;#27;[39m Creating ADB subprocess with args: [&quot;-P&quot;,5037,&quot;-s&quot;,&quot;192.168.1.100:5555&quot;,&quot;shell&quot;,&quot;am&quot;,&quot;instrument&quot;,&quot;-w&quot;,&quot;io.appium.uiautomator2.server.test/androidx.test.runner.AndroidJUnitRunner&quot;]
[debug] &amp;#27;[35m[WD Proxy]&amp;#27;[39m Matched &apos;/status&apos; to command name &apos;getStatus&apos;
[debug] &amp;#27;[35m[WD Proxy]&amp;#27;[39m Proxying [GET /status] to [GET http://127.0.0.1:8208/wd/hub/status] with no body
&amp;#27;[35m[WD Proxy]&amp;#27;[39m socket hang up
[debug] &amp;#27;[35m[Instrumentation]&amp;#27;[39m io.appium.uiautomator2.server.test.AppiumUiAutomator2Server:
[debug] &amp;#27;[35m[WD Proxy]&amp;#27;[39m Matched &apos;/status&apos; to command name &apos;getStatus&apos;
[debug] &amp;#27;[35m[WD Proxy]&amp;#27;[39m Proxying [GET /status] to [GET http://127.0.0.1:8208/wd/hub/status] with no body
[debug] &amp;#27;[35m[WD Proxy]&amp;#27;[39m Got response with status 200: {&quot;sessionId&quot;:&quot;None&quot;,&quot;value&quot;:{&quot;message&quot;:&quot;UiAutomator2 Server is ready to accept commands&quot;,&quot;ready&quot;:true}}
[debug] &amp;#27;[35m[UiAutomator2]&amp;#27;[39m The initialization of the instrumentation process took 2227ms
[debug] &amp;#27;[35m[WD Proxy]&amp;#27;[39m Matched &apos;/session&apos; to command name &apos;createSession&apos;
[debug] &amp;#27;[35m[WD Proxy]&amp;#27;[39m Proxying [POST /session] to [POST http://127.0.0.1:8208/wd/hub/session] with body: {&quot;capabilities&quot;:{&quot;firstMatch&quot;:[{&quot;platform&quot;:&quot;LINUX&quot;,&quot;webStorageEnabled&quot;:false,&quot;takesScreenshot&quot;:true,&quot;javascriptEnabled&quot;:true,&quot;databaseEnabled&quot;:false,&quot;networkConnectionEnabled&quot;:true,&quot;locationContextEnabled&quot;:false,&quot;warnings&quot;:{},&quot;desired&quot;:{&quot;platformName&quot;:&quot;android&quot;,&quot;appActivity&quot;:&quot;com.sec.android.app.popupcalculator.Calculator&quot;,&quot;appPackage&quot;:&quot;com.sec.android.app.popupcalculator&quot;,&quot;automationName&quot;:&quot;UiAutomator2&quot;,&quot;deviceName&quot;:&quot;GalaxtS10e&quot;,&quot;newCommandTimeout&quot;:10000,&quot;platformVersion&quot;:&quot;10&quot;},&quot;platformName&quot;:&quot;android&quot;,&quot;appActivity&quot;:&quot;com.sec.android.app.popupcalculator.Calculator&quot;,&quot;appPackage&quot;:&quot;com.sec.android.app.popupcalculator&quot;,&quot;automationName&quot;:&quot;UiAutomator2&quot;,&quot;deviceName&quot;:&quot;192.168.1.100:5555&quot;,&quot;newCommandTimeout&quot;:10000,&quot;platformVersion&quot;:&quot;10&quot;,&quot;deviceUDID&quot;:&quot;192.168.1.100:5555&quot;}],&quot;alwaysMatch&quot;:{}}}
[debug] &amp;#27;[35m[WD Proxy]&amp;#27;[39m Got response with status 200: {&quot;sessionId&quot;:&quot;22986c3e-0457-4282-a9bd-7769b1383906&quot;,&quot;value&quot;:{&quot;capabilities&quot;:{&quot;firstMatch&quot;:[{&quot;platform&quot;:&quot;LINUX&quot;,&quot;webStorageEnabled&quot;:false,&quot;takesScreenshot&quot;:true,&quot;javascriptEnabled&quot;:true,&quot;databaseEnabled&quot;:false,&quot;networkConnectionEnabled&quot;:true,&quot;locationContextEnabled&quot;:false,&quot;warnings&quot;:{},&quot;desired&quot;:{&quot;platformName&quot;:&quot;android&quot;,&quot;appActivity&quot;:&quot;com.sec.android.app.popupcalculator.Calculator&quot;,&quot;appPackage&quot;:&quot;com.sec.android.app.popupcalculator&quot;,&quot;automationName&quot;:&quot;UiAutomator2&quot;,&quot;deviceName&quot;:&quot;GalaxtS10e&quot;,&quot;newCommandTimeout&quot;:10000,&quot;platformVersion&quot;:&quot;10&quot;},&quot;platformName&quot;:&quot;android&quot;,&quot;appActivity&quot;:&quot;com.sec.android.app.popupcalculator.Calculator&quot;,&quot;appPackage&quot;:&quot;com.sec.android.app.popupcalculator&quot;,&quot;automationName&quot;:&quot;UiAutomator2&quot;,&quot;deviceName&quot;:&quot;192.168.1.100:5555&quot;,&quot;newCommandTimeout&quot;:10000,&quot;platformVersion&quot;:&quot;10&quot;,&quot;deviceUDID&quot;:&quot;192.168.1.100:5555&quot;}],&quot;alwaysMatch&quot;:{}},&quot;sessionId&quot;:&quot;22986c3e-0457-4282-a9bd-7769b1383906&quot;}}
&amp;#27;[35m[WD Proxy]&amp;#27;[39m Determined the downstream protocol as &apos;W3C&apos;
[debug] &amp;#27;[35m[WD Proxy]&amp;#27;[39m Proxying [GET /appium/device/info] to [GET http://127.0.0.1:8208/wd/hub/session/22986c3e-0457-4282-a9bd-7769b1383906/appium/device/info] with no body
[debug] &amp;#27;[35m[WD Proxy]&amp;#27;[39m Got response with status 200: {&quot;sessionId&quot;:&quot;22986c3e-0457-4282-a9bd-7769b1383906&quot;,&quot;value&quot;:{&quot;androidId&quot;:&quot;62f0e43bb0e2450e&quot;,&quot;apiVersion&quot;:&quot;29&quot;,&quot;bluetooth&quot;:{&quot;state&quot;:&quot;ON&quot;},&quot;brand&quot;:&quot;samsung&quot;,&quot;carrierName&quot;:&quot;Vodafone AU&quot;,&quot;displayDensity&quot;:480,&quot;locale&quot;:&quot;en_AU&quot;,&quot;manufacturer&quot;:&quot;samsung&quot;,&quot;model&quot;:&quot;SM-G970F&quot;,&quot;networks&quot;:[{&quot;capabilities&quot;:{&quot;SSID&quot;:null,&quot;linkDownBandwidthKbps&quot;:102400,&quot;linkUpstreamBandwidthKbps&quot;:51200,&quot;networkCapabilities&quot;:&quot;NET_CAPABILITY_IMS,NET_CAPABILITY_NOT_METERED,NET_CAPABILITY_TRUSTED,NET_CAPABILITY_NOT_VPN,NET_CAPABILITY_VALIDATED,NET_CAPABILITY_NOT_ROAMING,NET_CAPABILITY_FOREGROUND,NET_CAPABILITY_NOT_CONGESTED,NET_CAPABILITY_NOT_SUSPENDED&quot;,&quot;signalStrength&quot;:-2147483648,&quot;transportTypes&quot;:&quot;TRANSPORT_CELLULAR&quot;},&quot;detailedState&quot;:&quot;CONNECTED&quot;,&quot;extraInfo&quot;:&quot;IMS&quot;,&quot;isAvailable&quot;:true,&quot;isConnected&quot;:true,&quot;isFailover&quot;:false,&quot;isRoaming&quot;:false,&quot;state&quot;:&quot;CONNECTED&quot;,&quot;subtype&quot;:13,&quot;subtypeName&quot;:&quot;LTE&quot;,&quot;type&quot;:0,&quot;typeName&quot;:&quot;MOBILE&quot;},{&quot;capabilities&quot;:{&quot;SSID&quot;:null,&quot;linkDownBandwidthKbps&quot;:1048576,&quot;linkUpstreamBandwidthKbps&quot;:1048576,&quot;networkCapabilities&quot;:&quot;NET_CA...
[debug] &amp;#27;[35m[ADB]&amp;#27;[39m Running &apos;C:\Users\maliniv\AppData\Local\Android\Sdk\platform-tools\adb.exe -P 5037 -s 192.168.1.100\:5555 shell dumpsys window&apos;
&amp;#27;[35m[AndroidDriver]&amp;#27;[39m Screen already unlocked, doing nothing
&amp;#27;[35m[UiAutomator2]&amp;#27;[39m Starting &apos;com.sec.android.app.popupcalculator/com.sec.android.app.popupcalculator.Calculator and waiting for &apos;com.sec.android.app.popupcalculator/com.sec.android.app.popupcalculator.Calculator&apos;
[debug] &amp;#27;[35m[ADB]&amp;#27;[39m Running &apos;C:\Users\maliniv\AppData\Local\Android\Sdk\platform-tools\adb.exe -P 5037 -s 192.168.1.100\:5555 shell am start -W -n com.sec.android.app.popupcalculator/com.sec.android.app.popupcalculator.Calculator -S -a android.intent.action.MAIN -c android.intent.category.LAUNCHER -f 0x10200000&apos;
[debug] &amp;#27;[35m[WD Proxy]&amp;#27;[39m Proxying [GET /appium/device/pixel_ratio] to [GET http://127.0.0.1:8208/wd/hub/session/22986c3e-0457-4282-a9bd-7769b1383906/appium/device/pixel_ratio] with no body
[debug] &amp;#27;[35m[WD Proxy]&amp;#27;[39m Got response with status 200: {&quot;sessionId&quot;:&quot;22986c3e-0457-4282-a9bd-7769b1383906&quot;,&quot;value&quot;:3}
[debug] &amp;#27;[35m[WD Proxy]&amp;#27;[39m Matched &apos;/appium/device/system_bars&apos; to command name &apos;getSystemBars&apos;
[debug] &amp;#27;[35m[WD Proxy]&amp;#27;[39m Proxying [GET /appium/device/system_bars] to [GET http://127.0.0.1:8208/wd/hub/session/22986c3e-0457-4282-a9bd-7769b1383906/appium/device/system_bars] with no body
[debug] &amp;#27;[35m[WD Proxy]&amp;#27;[39m Got response with status 200: {&quot;sessionId&quot;:&quot;22986c3e-0457-4282-a9bd-7769b1383906&quot;,&quot;value&quot;:{&quot;statusBar&quot;:117}}
[debug] &amp;#27;[35m[WD Proxy]&amp;#27;[39m Matched &apos;/window/current/size&apos; to command name &apos;getWindowSize&apos;
[debug] &amp;#27;[35m[WD Proxy]&amp;#27;[39m Proxying [GET /window/current/size] to [GET http://127.0.0.1:8208/wd/hub/session/22986c3e-0457-4282-a9bd-7769b1383906/window/current/size] with no body
[debug] &amp;#27;[35m[WD Proxy]&amp;#27;[39m Got response with status 200: {&quot;sessionId&quot;:&quot;22986c3e-0457-4282-a9bd-7769b1383906&quot;,&quot;value&quot;:{&quot;height&quot;:2020,&quot;width&quot;:1080}}
&amp;#27;[35m[Appium]&amp;#27;[39m New AndroidUiautomator2Driver session created successfully, session c45864b3-cca5-4f67-acb5-0a83e84833a4 added to master session list
[debug] &amp;#27;[35m[BaseDriver]&amp;#27;[39m Event &apos;newSessionStarted&apos; logged at 1609192140758 (07:49:00 GMT+1000 (Australian Eastern Standard Time))
[debug] &amp;#27;[35m[W3C (c45864b3)]&amp;#27;[39m Cached the protocol value &apos;W3C&apos; for the new session c45864b3-cca5-4f67-acb5-0a83e84833a4
[debug] &amp;#27;[35m[W3C (c45864b3)]&amp;#27;[39m Responding to client with driver.createSession() result: {&quot;capabilities&quot;:{&quot;platform&quot;:&quot;LINUX&quot;,&quot;webStorageEnabled&quot;:false,&quot;takesScreenshot&quot;:true,&quot;javascriptEnabled&quot;:true,&quot;databaseEnabled&quot;:false,&quot;networkConnectionEnabled&quot;:true,&quot;locationContextEnabled&quot;:false,&quot;warnings&quot;:{},&quot;desired&quot;:{&quot;platformName&quot;:&quot;android&quot;,&quot;appActivity&quot;:&quot;com.sec.android.app.popupcalculator.Calculator&quot;,&quot;appPackage&quot;:&quot;com.sec.android.app.popupcalculator&quot;,&quot;automationName&quot;:&quot;UiAutomator2&quot;,&quot;deviceName&quot;:&quot;GalaxtS10e&quot;,&quot;newCommandTimeout&quot;:10000,&quot;platformVersion&quot;:&quot;10&quot;},&quot;platformName&quot;:&quot;android&quot;,&quot;appActivity&quot;:&quot;com.sec.android.app.popupcalculator.Calculator&quot;,&quot;appPackage&quot;:&quot;com.sec.android.app.popupcalculator&quot;,&quot;automationName&quot;:&quot;UiAutomator2&quot;,&quot;deviceName&quot;:&quot;192.168.1.100:5555&quot;,&quot;newCommandTimeout&quot;:10000,&quot;platformVersion&quot;:&quot;10&quot;,&quot;deviceUDID&quot;:&quot;192.168.1.100:5555&quot;,&quot;deviceApiLevel&quot;:29,&quot;deviceScreenSize&quot;:&quot;1080x2280&quot;,&quot;deviceScreenDensity&quot;:480,&quot;deviceModel&quot;:&quot;SM-G970F&quot;,&quot;deviceManufacturer&quot;:&quot;samsung&quot;,&quot;pixelRatio&quot;:3,&quot;statBarHeight&quot;:117,&quot;viewportRect&quot;:{&quot;left&quot;:0,&quot;top&quot;:117,&quot;width&quot;:1080,&quot;height&quot;:1903}}}
&amp;#27;[35m[HTTP]&amp;#27;[39m &amp;#27;[37m&lt;-- POST /wd/hub/session &amp;#27;[39m&amp;#27;[32m200&amp;#27;[39m &amp;#27;[90m9720 ms - 1050&amp;#27;[39m
&amp;#27;[35m[HTTP]&amp;#27;[39m &amp;#27;[90m&amp;#27;[39m
&amp;#27;[35m[HTTP]&amp;#27;[39m &amp;#27;[37m--&gt;&amp;#27;[39m &amp;#27;[37mPOST&amp;#27;[39m &amp;#27;[37m/wd/hub/session/c45864b3-cca5-4f67-acb5-0a83e84833a4/timeouts&amp;#27;[39m
&amp;#27;[35m[HTTP]&amp;#27;[39m &amp;#27;[90m{&quot;implicit&quot;:10000}&amp;#27;[39m
[debug] &amp;#27;[35m[W3C (c45864b3)]&amp;#27;[39m Calling AppiumDriver.timeouts() with args: [null,null,null,null,10000,&quot;c45864b3-cca5-4f67-acb5-0a83e84833a4&quot;]
[debug] &amp;#27;[35m[BaseDriver]&amp;#27;[39m W3C timeout argument: {&quot;implicit&quot;:10000}}
[debug] &amp;#27;[35m[BaseDriver]&amp;#27;[39m Set implicit wait to 10000ms
[debug] &amp;#27;[35m[W3C (c45864b3)]&amp;#27;[39m Responding to client with driver.timeouts() result: null
&amp;#27;[35m[HTTP]&amp;#27;[39m &amp;#27;[37m&lt;-- POST /wd/hub/session/c45864b3-cca5-4f67-acb5-0a83e84833a4/timeouts &amp;#27;[39m&amp;#27;[32m200&amp;#27;[39m &amp;#27;[90m5 ms - 14&amp;#27;[39m
&amp;#27;[35m[HTTP]&amp;#27;[39m &amp;#27;[90m&amp;#27;[39m
&amp;#27;[35m[HTTP]&amp;#27;[39m &amp;#27;[37m--&gt;&amp;#27;[39m &amp;#27;[37mGET&amp;#27;[39m &amp;#27;[37m/wd/hub/session/c45864b3-cca5-4f67-acb5-0a83e84833a4/context&amp;#27;[39m
&amp;#27;[35m[HTTP]&amp;#27;[39m &amp;#27;[90m{}&amp;#27;[39m
[debug] &amp;#27;[35m[W3C (c45864b3)]&amp;#27;[39m Calling AppiumDriver.getCurrentContext() with args: [&quot;c45864b3-cca5-4f67-acb5-0a83e84833a4&quot;]
[debug] &amp;#27;[35m[W3C (c45864b3)]&amp;#27;[39m Responding to client with driver.getCurrentContext() result: &quot;NATIVE_APP&quot;
&amp;#27;[35m[HTTP]&amp;#27;[39m &amp;#27;[37m&lt;-- GET /wd/hub/session/c45864b3-cca5-4f67-acb5-0a83e84833a4/context &amp;#27;[39m&amp;#27;[32m200&amp;#27;[39m &amp;#27;[90m10 ms - 22&amp;#27;[39m
&amp;#27;[35m[HTTP]&amp;#27;[39m &amp;#27;[90m&amp;#27;[39m
&amp;#27;[35m[HTTP]&amp;#27;[39m &amp;#27;[37m--&gt;&amp;#27;[39m &amp;#27;[37mPOST&amp;#27;[39m &amp;#27;[37m/wd/hub/session/c45864b3-cca5-4f67-acb5-0a83e84833a4/elements&amp;#27;[39m
&amp;#27;[35m[HTTP]&amp;#27;[39m &amp;#27;[90m{&quot;using&quot;:&quot;class name&quot;,&quot;value&quot;:&quot;android.widget.Button&quot;}&amp;#27;[39m
[debug] &amp;#27;[35m[W3C (c45864b3)]&amp;#27;[39m Calling AppiumDriver.findElements() with args: [&quot;class name&quot;,&quot;android.widget.Button&quot;,&quot;c45864b3-cca5-4f67-acb5-0a83e84833a4&quot;]
[debug] &amp;#27;[35m[BaseDriver]&amp;#27;[39m Valid locator strategies for this request: xpath, id, class name, accessibility id, -android uiautomator
[debug] &amp;#27;[35m[BaseDriver]&amp;#27;[39m Waiting up to 10000 ms for condition
[debug] &amp;#27;[35m[WD Proxy]&amp;#27;[39m Matched &apos;/elements&apos; to command name &apos;findElements&apos;
[debug] &amp;#27;[35m[WD Proxy]&amp;#27;[39m Proxying [POST /elements] to [POST http://127.0.0.1:8208/wd/hub/session/22986c3e-0457-4282-a9bd-7769b1383906/elements] with body: {&quot;strategy&quot;:&quot;class name&quot;,&quot;selector&quot;:&quot;android.widget.Button&quot;,&quot;context&quot;:&quot;&quot;,&quot;multiple&quot;:true}
[debug] &amp;#27;[35m[WD Proxy]&amp;#27;[39m Got response with status 200: {&quot;sessionId&quot;:&quot;22986c3e-0457-4282-a9bd-7769b1383906&quot;,&quot;value&quot;:[{&quot;ELEMENT&quot;:&quot;7eec2672-1988-42be-923b-2b09a274b614&quot;,&quot;element-6066-11e4-a52e-4f735466cecf&quot;:&quot;7eec2672-1988-42be-923b-2b09a274b614&quot;},{&quot;ELEMENT&quot;:&quot;6253c217-33c1-4a0b-b407-a0cac7852d76&quot;,&quot;element-6066-11e4-a52e-4f735466cecf&quot;:&quot;6253c217-33c1-4a0b-b407-a0cac7852d76&quot;},{&quot;ELEMENT&quot;:&quot;9d3fd8c1-3f24-40eb-b031-ce87ced45dd9&quot;,&quot;element-6066-11e4-a52e-4f735466cecf&quot;:&quot;9d3fd8c1-3f24-40eb-b031-ce87ced45dd9&quot;},{&quot;ELEMENT&quot;:&quot;e2051092-4640-4948-bf55-4c310518799d&quot;,&quot;element-6066-11e4-a52e-4f735466cecf&quot;:&quot;e2051092-4640-4948-bf55-4c310518799d&quot;},{&quot;ELEMENT&quot;:&quot;abadd49d-a161-494a-b66b-8e30ad04b6c5&quot;,&quot;element-6066-11e4-a52e-4f735466cecf&quot;:&quot;abadd49d-a161-494a-b66b-8e30ad04b6c5&quot;},{&quot;ELEMENT&quot;:&quot;70a65133-1da0-4378-b189-14ece915c32b&quot;,&quot;element-6066-11e4-a52e-4f735466cecf&quot;:&quot;70a65133-1da0-4378-b189-14ece915c32b&quot;},{&quot;ELEMENT&quot;:&quot;2742f166-6f96-4057-b0bb-e4b4f869fde9&quot;,&quot;element-6066-11e4-a52e-4f735466cecf&quot;:&quot;2742f166-6f96-4057-b0bb-e4b4f869fde9&quot;},{&quot;ELEMENT&quot;:&quot;396d9b79-9265-4785-875b-9b2124ddd979&quot;,&quot;element-6066-...
[debug] &amp;#27;[35m[W3C (c45864b3)]&amp;#27;[39m Responding to client with driver.findElements() result: [{&quot;element-6066-11e4-a52e-4f735466cecf&quot;:&quot;7eec2672-1988-42be-923b-2b09a274b614&quot;,&quot;ELEMENT&quot;:&quot;7eec2672-1988-42be-923b-2b09a274b614&quot;},{&quot;element-6066-11e4-a52e-4f735466cecf&quot;:&quot;6253c217-33c1-4a0b-b407-a0cac7852d76&quot;,&quot;ELEMENT&quot;:&quot;6253c217-33c1-4a0b-b407-a0cac7852d76&quot;},{&quot;element-6066-11e4-a52e-4f735466cecf&quot;:&quot;9d3fd8c1-3f24-40eb-b031-ce87ced45dd9&quot;,&quot;ELEMENT&quot;:&quot;9d3fd8c1-3f24-40eb-b031-ce87ced45dd9&quot;},{&quot;element-6066-11e4-a52e-4f735466cecf&quot;:&quot;e2051092-4640-4948-bf55-4c310518799d&quot;,&quot;ELEMENT&quot;:&quot;e2051092-4640-4948-bf55-4c310518799d&quot;},{&quot;element-6066-11e4-a52e-4f735466cecf&quot;:&quot;abadd49d-a161-494a-b66b-8e30ad04b6c5&quot;,&quot;ELEMENT&quot;:&quot;abadd49d-a161-494a-b66b-8e30ad04b6c5&quot;},{&quot;element-6066-11e4-a52e-4f735466cecf&quot;:&quot;70a65133-1da0-4378-b189-14ece915c32b&quot;,&quot;ELEMENT&quot;:&quot;70a65133-1da0-4378-b189-14ece915c32b&quot;},{&quot;element-6066-11e4-a52e-4f735466cecf&quot;:&quot;2742f166-6f96-4057-b0bb-e4b4f869fde9&quot;,&quot;ELEMENT&quot;:&quot;2742f166-6f96-4057-b0bb-e4b4f869fde9&quot;},{&quot;element-6066-11e4-a52e-4f735466cecf&quot;:&quot;396d9b79-9265-4785-875b-9b2124ddd979&quot;,&quot;ELEMENT&quot;:&quot;396d9b79-9265-4785-875b-9b2124ddd97...
&amp;#27;[35m[HTTP]&amp;#27;[39m &amp;#27;[37m&lt;-- POST /wd/hub/session/c45864b3-cca5-4f67-acb5-0a83e84833a4/elements &amp;#27;[39m&amp;#27;[32m200&amp;#27;[39m &amp;#27;[90m253 ms - 2571&amp;#27;[39m
&amp;#27;[35m[HTTP]&amp;#27;[39m &amp;#27;[90m&amp;#27;[39m
&amp;#27;[35m[HTTP]&amp;#27;[39m &amp;#27;[37m--&gt;&amp;#27;[39m &amp;#27;[37mPOST&amp;#27;[39m &amp;#27;[37m/wd/hub/session/c45864b3-cca5-4f67-acb5-0a83e84833a4/element/b485a68b-e57f-4c1e-9cbd-88291941e9e0/click&amp;#27;[39m
&amp;#27;[35m[HTTP]&amp;#27;[39m &amp;#27;[90m{&quot;id&quot;:&quot;b485a68b-e57f-4c1e-9cbd-88291941e9e0&quot;}&amp;#27;[39m
[debug] &amp;#27;[35m[W3C (c45864b3)]&amp;#27;[39m Calling AppiumDriver.click() with args: [&quot;b485a68b-e57f-4c1e-9cbd-88291941e9e0&quot;,&quot;c45864b3-cca5-4f67-acb5-0a83e84833a4&quot;]
[debug] &amp;#27;[35m[WD Proxy]&amp;#27;[39m Matched &apos;/element/b485a68b-e57f-4c1e-9cbd-88291941e9e0/click&apos; to command name &apos;click&apos;
[debug] &amp;#27;[35m[WD Proxy]&amp;#27;[39m Proxying [POST /element/b485a68b-e57f-4c1e-9cbd-88291941e9e0/click] to [POST http://127.0.0.1:8208/wd/hub/session/22986c3e-0457-4282-a9bd-7769b1383906/element/b485a68b-e57f-4c1e-9cbd-88291941e9e0/click] with body: {&quot;element&quot;:&quot;b485a68b-e57f-4c1e-9cbd-88291941e9e0&quot;}
[debug] &amp;#27;[35m[WD Proxy]&amp;#27;[39m Got response with status 200: {&quot;sessionId&quot;:&quot;22986c3e-0457-4282-a9bd-7769b1383906&quot;,&quot;value&quot;:null}
[debug] &amp;#27;[35m[W3C (c45864b3)]&amp;#27;[39m Responding to client with driver.click() result: null
&amp;#27;[35m[HTTP]&amp;#27;[39m &amp;#27;[37m&lt;-- POST /wd/hub/session/c45864b3-cca5-4f67-acb5-0a83e84833a4/element/b485a68b-e57f-4c1e-9cbd-88291941e9e0/click &amp;#27;[39m&amp;#27;[32m200&amp;#27;[39m &amp;#27;[90m74 ms - 14&amp;#27;[39m
&amp;#27;[35m[HTTP]&amp;#27;[39m &amp;#27;[90m&amp;#27;[39m
&amp;#27;[35m[HTTP]&amp;#27;[39m &amp;#27;[37m--&gt;&amp;#27;[39m &amp;#27;[37mGET&amp;#27;[39m &amp;#27;[37m/wd/hub/session/c45864b3-cca5-4f67-acb5-0a83e84833a4/context&amp;#27;[39m
&amp;#27;[35m[HTTP]&amp;#27;[39m &amp;#27;[90m{}&amp;#27;[39m
[debug] &amp;#27;[35m[W3C (c45864b3)]&amp;#27;[39m Calling AppiumDriver.getCurrentContext() with args: [&quot;c45864b3-cca5-4f67-acb5-0a83e84833a4&quot;]
[debug] &amp;#27;[35m[W3C (c45864b3)]&amp;#27;[39m Responding to client with driver.getCurrentContext() result: &quot;NATIVE_APP&quot;
&amp;#27;[35m[HTTP]&amp;#27;[39m &amp;#27;[37m&lt;-- GET /wd/hub/session/c45864b3-cca5-4f67-acb5-0a83e84833a4/context &amp;#27;[39m&amp;#27;[32m200&amp;#27;[39m &amp;#27;[90m3 ms - 22&amp;#27;[39m
&amp;#27;[35m[HTTP]&amp;#27;[39m &amp;#27;[90m&amp;#27;[39m
&amp;#27;[35m[HTTP]&amp;#27;[39m &amp;#27;[37m--&gt;&amp;#27;[39m &amp;#27;[37mPOST&amp;#27;[39m &amp;#27;[37m/wd/hub/session/c45864b3-cca5-4f67-acb5-0a83e84833a4/elements&amp;#27;[39m
&amp;#27;[35m[HTTP]&amp;#27;[39m &amp;#27;[90m{&quot;using&quot;:&quot;class name&quot;,&quot;value&quot;:&quot;android.widget.Button&quot;}&amp;#27;[39m
[debug] &amp;#27;[35m[W3C (c45864b3)]&amp;#27;[39m Calling AppiumDriver.findElements() with args: [&quot;class name&quot;,&quot;android.widget.Button&quot;,&quot;c45864b3-cca5-4f67-acb5-0a83e84833a4&quot;]
[debug] &amp;#27;[35m[BaseDriver]&amp;#27;[39m Valid locator strategies for this request: xpath, id, class name, accessibility id, -android uiautomator
[debug] &amp;#27;[35m[BaseDriver]&amp;#27;[39m Waiting up to 10000 ms for condition
[debug] &amp;#27;[35m[WD Proxy]&amp;#27;[39m Matched &apos;/elements&apos; to command name &apos;findElements&apos;
[debug] &amp;#27;[35m[WD Proxy]&amp;#27;[39m Proxying [POST /elements] to [POST http://127.0.0.1:8208/wd/hub/session/22986c3e-0457-4282-a9bd-7769b1383906/elements] with body: {&quot;strategy&quot;:&quot;class name&quot;,&quot;selector&quot;:&quot;android.widget.Button&quot;,&quot;context&quot;:&quot;&quot;,&quot;multiple&quot;:true}
[debug] &amp;#27;[35m[WD Proxy]&amp;#27;[39m Got response with status 200: {&quot;sessionId&quot;:&quot;22986c3e-0457-4282-a9bd-7769b1383906&quot;,&quot;value&quot;:[{&quot;ELEMENT&quot;:&quot;e421ac21-5f9c-4644-b0ed-959d0178dad6&quot;,&quot;element-6066-11e4-a52e-4f735466cecf&quot;:&quot;e421ac21-5f9c-4644-b0ed-959d0178dad6&quot;},{&quot;ELEMENT&quot;:&quot;b52abe4a-ee8f-4d36-9b1e-a3a181904c41&quot;,&quot;element-6066-11e4-a52e-4f735466cecf&quot;:&quot;b52abe4a-ee8f-4d36-9b1e-a3a181904c41&quot;},{&quot;ELEMENT&quot;:&quot;b09bd0ae-9df4-46a9-8cbc-62291df464cb&quot;,&quot;element-6066-11e4-a52e-4f735466cecf&quot;:&quot;b09bd0ae-9df4-46a9-8cbc-62291df464cb&quot;},{&quot;ELEMENT&quot;:&quot;b3ba60a0-7162-48e4-872c-ef51f1de9f2f&quot;,&quot;element-6066-11e4-a52e-4f735466cecf&quot;:&quot;b3ba60a0-7162-48e4-872c-ef51f1de9f2f&quot;},{&quot;ELEMENT&quot;:&quot;8b747a6c-aac0-4e8a-80e9-55079b3bb021&quot;,&quot;element-6066-11e4-a52e-4f735466cecf&quot;:&quot;8b747a6c-aac0-4e8a-80e9-55079b3bb021&quot;},{&quot;ELEMENT&quot;:&quot;d40fb4e5-8714-4c97-ae02-970a99216200&quot;,&quot;element-6066-11e4-a52e-4f735466cecf&quot;:&quot;d40fb4e5-8714-4c97-ae02-970a99216200&quot;},{&quot;ELEMENT&quot;:&quot;24f150f9-715b-4d07-b9bd-c2fae1fda3aa&quot;,&quot;element-6066-11e4-a52e-4f735466cecf&quot;:&quot;24f150f9-715b-4d07-b9bd-c2fae1fda3aa&quot;},{&quot;ELEMENT&quot;:&quot;3ca139a2-fb9b-48ef-a800-21174d0a6ef7&quot;,&quot;element-6066-...
[debug] &amp;#27;[35m[W3C (c45864b3)]&amp;#27;[39m Responding to client with driver.findElements() result: [{&quot;element-6066-11e4-a52e-4f735466cecf&quot;:&quot;e421ac21-5f9c-4644-b0ed-959d0178dad6&quot;,&quot;ELEMENT&quot;:&quot;e421ac21-5f9c-4644-b0ed-959d0178dad6&quot;},{&quot;element-6066-11e4-a52e-4f735466cecf&quot;:&quot;b52abe4a-ee8f-4d36-9b1e-a3a181904c41&quot;,&quot;ELEMENT&quot;:&quot;b52abe4a-ee8f-4d36-9b1e-a3a181904c41&quot;},{&quot;element-6066-11e4-a52e-4f735466cecf&quot;:&quot;b09bd0ae-9df4-46a9-8cbc-62291df464cb&quot;,&quot;ELEMENT&quot;:&quot;b09bd0ae-9df4-46a9-8cbc-62291df464cb&quot;},{&quot;element-6066-11e4-a52e-4f735466cecf&quot;:&quot;b3ba60a0-7162-48e4-872c-ef51f1de9f2f&quot;,&quot;ELEMENT&quot;:&quot;b3ba60a0-7162-48e4-872c-ef51f1de9f2f&quot;},{&quot;element-6066-11e4-a52e-4f735466cecf&quot;:&quot;8b747a6c-aac0-4e8a-80e9-55079b3bb021&quot;,&quot;ELEMENT&quot;:&quot;8b747a6c-aac0-4e8a-80e9-55079b3bb021&quot;},{&quot;element-6066-11e4-a52e-4f735466cecf&quot;:&quot;d40fb4e5-8714-4c97-ae02-970a99216200&quot;,&quot;ELEMENT&quot;:&quot;d40fb4e5-8714-4c97-ae02-970a99216200&quot;},{&quot;element-6066-11e4-a52e-4f735466cecf&quot;:&quot;24f150f9-715b-4d07-b9bd-c2fae1fda3aa&quot;,&quot;ELEMENT&quot;:&quot;24f150f9-715b-4d07-b9bd-c2fae1fda3aa&quot;},{&quot;element-6066-11e4-a52e-4f735466cecf&quot;:&quot;3ca139a2-fb9b-48ef-a800-21174d0a6ef7&quot;,&quot;ELEMENT&quot;:&quot;3ca139a2-fb9b-48ef-a800-21174d0a6ef...
&amp;#27;[35m[HTTP]&amp;#27;[39m &amp;#27;[37m&lt;-- POST /wd/hub/session/c45864b3-cca5-4f67-acb5-0a83e84833a4/elements &amp;#27;[39m&amp;#27;[32m200&amp;#27;[39m &amp;#27;[90m604 ms - 2571&amp;#27;[39m
&amp;#27;[35m[HTTP]&amp;#27;[39m &amp;#27;[90m&amp;#27;[39m
&amp;#27;[35m[HTTP]&amp;#27;[39m &amp;#27;[37m--&gt;&amp;#27;[39m &amp;#27;[37mPOST&amp;#27;[39m &amp;#27;[37m/wd/hub/session/c45864b3-cca5-4f67-acb5-0a83e84833a4/element/cc8afdab-f265-4312-b478-20f560a41a48/click&amp;#27;[39m
&amp;#27;[35m[HTTP]&amp;#27;[39m &amp;#27;[90m{&quot;id&quot;:&quot;cc8afdab-f265-4312-b478-20f560a41a48&quot;}&amp;#27;[39m
[debug] &amp;#27;[35m[W3C (c45864b3)]&amp;#27;[39m Calling AppiumDriver.click() with args: [&quot;cc8afdab-f265-4312-b478-20f560a41a48&quot;,&quot;c45864b3-cca5-4f67-acb5-0a83e84833a4&quot;]
[debug] &amp;#27;[35m[WD Proxy]&amp;#27;[39m Matched &apos;/element/cc8afdab-f265-4312-b478-20f560a41a48/click&apos; to command name &apos;click&apos;
[debug] &amp;#27;[35m[WD Proxy]&amp;#27;[39m Proxying [POST /element/cc8afdab-f265-4312-b478-20f560a41a48/click] to [POST http://127.0.0.1:8208/wd/hub/session/22986c3e-0457-4282-a9bd-7769b1383906/element/cc8afdab-f265-4312-b478-20f560a41a48/click] with body: {&quot;element&quot;:&quot;cc8afdab-f265-4312-b478-20f560a41a48&quot;}
[debug] &amp;#27;[35m[WD Proxy]&amp;#27;[39m Got response with status 200: {&quot;sessionId&quot;:&quot;22986c3e-0457-4282-a9bd-7769b1383906&quot;,&quot;value&quot;:null}
[debug] &amp;#27;[35m[W3C (c45864b3)]&amp;#27;[39m Responding to client with driver.click() result: null
&amp;#27;[35m[HTTP]&amp;#27;[39m &amp;#27;[37m&lt;-- POST /wd/hub/session/c45864b3-cca5-4f67-acb5-0a83e84833a4/element/cc8afdab-f265-4312-b478-20f560a41a48/click &amp;#27;[39m&amp;#27;[32m200&amp;#27;[39m &amp;#27;[90m96 ms - 14&amp;#27;[39m
&amp;#27;[35m[HTTP]&amp;#27;[39m &amp;#27;[90m&amp;#27;[39m
&amp;#27;[35m[HTTP]&amp;#27;[39m &amp;#27;[37m--&gt;&amp;#27;[39m &amp;#27;[37mGET&amp;#27;[39m &amp;#27;[37m/wd/hub/session/c45864b3-cca5-4f67-acb5-0a83e84833a4/context&amp;#27;[39m
&amp;#27;[35m[HTTP]&amp;#27;[39m &amp;#27;[90m{}&amp;#27;[39m
[debug] &amp;#27;[35m[W3C (c45864b3)]&amp;#27;[39m Calling AppiumDriver.getCurrentContext() with args: [&quot;c45864b3-cca5-4f67-acb5-0a83e84833a4&quot;]
[debug] &amp;#27;[35m[W3C (c45864b3)]&amp;#27;[39m Responding to client with driver.getCurrentContext() result: &quot;NATIVE_APP&quot;
&amp;#27;[35m[HTTP]&amp;#27;[39m &amp;#27;[37m&lt;-- GET /wd/hub/session/c45864b3-cca5-4f67-acb5-0a83e84833a4/context &amp;#27;[39m&amp;#27;[32m200&amp;#27;[39m &amp;#27;[90m3 ms - 22&amp;#27;[39m
&amp;#27;[35m[HTTP]&amp;#27;[39m &amp;#27;[90m&amp;#27;[39m
&amp;#27;[35m[HTTP]&amp;#27;[39m &amp;#27;[37m--&gt;&amp;#27;[39m &amp;#27;[37mPOST&amp;#27;[39m &amp;#27;[37m/wd/hub/session/c45864b3-cca5-4f67-acb5-0a83e84833a4/elements&amp;#27;[39m
&amp;#27;[35m[HTTP]&amp;#27;[39m &amp;#27;[90m{&quot;using&quot;:&quot;class name&quot;,&quot;value&quot;:&quot;android.widget.Button&quot;}&amp;#27;[39m
[debug] &amp;#27;[35m[W3C (c45864b3)]&amp;#27;[39m Calling AppiumDriver.findElements() with args: [&quot;class name&quot;,&quot;android.widget.Button&quot;,&quot;c45864b3-cca5-4f67-acb5-0a83e84833a4&quot;]
[debug] &amp;#27;[35m[BaseDriver]&amp;#27;[39m Valid locator strategies for this request: xpath, id, class name, accessibility id, -android uiautomator
[debug] &amp;#27;[35m[BaseDriver]&amp;#27;[39m Waiting up to 10000 ms for condition
[debug] &amp;#27;[35m[WD Proxy]&amp;#27;[39m Matched &apos;/elements&apos; to command name &apos;findElements&apos;
[debug] &amp;#27;[35m[WD Proxy]&amp;#27;[39m Proxying [POST /elements] to [POST http://127.0.0.1:8208/wd/hub/session/22986c3e-0457-4282-a9bd-7769b1383906/elements] with body: {&quot;strategy&quot;:&quot;class name&quot;,&quot;selector&quot;:&quot;android.widget.Button&quot;,&quot;context&quot;:&quot;&quot;,&quot;multiple&quot;:true}
[debug] &amp;#27;[35m[WD Proxy]&amp;#27;[39m Got response with status 200: {&quot;sessionId&quot;:&quot;22986c3e-0457-4282-a9bd-7769b1383906&quot;,&quot;value&quot;:[{&quot;ELEMENT&quot;:&quot;2d745059-8df6-4b49-a527-28e84f4e39f0&quot;,&quot;element-6066-11e4-a52e-4f735466cecf&quot;:&quot;2d745059-8df6-4b49-a527-28e84f4e39f0&quot;},{&quot;ELEMENT&quot;:&quot;d53cd4ae-95a1-4a9d-af60-ebe6d052eb55&quot;,&quot;element-6066-11e4-a52e-4f735466cecf&quot;:&quot;d53cd4ae-95a1-4a9d-af60-ebe6d052eb55&quot;},{&quot;ELEMENT&quot;:&quot;97fefbb1-0417-44cf-bd58-4232f883a3c6&quot;,&quot;element-6066-11e4-a52e-4f735466cecf&quot;:&quot;97fefbb1-0417-44cf-bd58-4232f883a3c6&quot;},{&quot;ELEMENT&quot;:&quot;565311cc-2a9c-4565-9c52-262d6feb858e&quot;,&quot;element-6066-11e4-a52e-4f735466cecf&quot;:&quot;565311cc-2a9c-4565-9c52-262d6feb858e&quot;},{&quot;ELEMENT&quot;:&quot;f55afb92-85a7-4255-83ba-485138bc6949&quot;,&quot;element-6066-11e4-a52e-4f735466cecf&quot;:&quot;f55afb92-85a7-4255-83ba-485138bc6949&quot;},{&quot;ELEMENT&quot;:&quot;8dbd122c-1a96-4de7-98c2-79f9ac379ce1&quot;,&quot;element-6066-11e4-a52e-4f735466cecf&quot;:&quot;8dbd122c-1a96-4de7-98c2-79f9ac379ce1&quot;},{&quot;ELEMENT&quot;:&quot;f2386758-2c95-4852-89f4-d29184362749&quot;,&quot;element-6066-11e4-a52e-4f735466cecf&quot;:&quot;f2386758-2c95-4852-89f4-d29184362749&quot;},{&quot;ELEMENT&quot;:&quot;205ca87e-ee2e-46f0-a59c-f87a6fa3a62d&quot;,&quot;element-6066-...
[debug] &amp;#27;[35m[W3C (c45864b3)]&amp;#27;[39m Responding to client with driver.findElements() result: [{&quot;element-6066-11e4-a52e-4f735466cecf&quot;:&quot;2d745059-8df6-4b49-a527-28e84f4e39f0&quot;,&quot;ELEMENT&quot;:&quot;2d745059-8df6-4b49-a527-28e84f4e39f0&quot;},{&quot;element-6066-11e4-a52e-4f735466cecf&quot;:&quot;d53cd4ae-95a1-4a9d-af60-ebe6d052eb55&quot;,&quot;ELEMENT&quot;:&quot;d53cd4ae-95a1-4a9d-af60-ebe6d052eb55&quot;},{&quot;element-6066-11e4-a52e-4f735466cecf&quot;:&quot;97fefbb1-0417-44cf-bd58-4232f883a3c6&quot;,&quot;ELEMENT&quot;:&quot;97fefbb1-0417-44cf-bd58-4232f883a3c6&quot;},{&quot;element-6066-11e4-a52e-4f735466cecf&quot;:&quot;565311cc-2a9c-4565-9c52-262d6feb858e&quot;,&quot;ELEMENT&quot;:&quot;565311cc-2a9c-4565-9c52-262d6feb858e&quot;},{&quot;element-6066-11e4-a52e-4f735466cecf&quot;:&quot;f55afb92-85a7-4255-83ba-485138bc6949&quot;,&quot;ELEMENT&quot;:&quot;f55afb92-85a7-4255-83ba-485138bc6949&quot;},{&quot;element-6066-11e4-a52e-4f735466cecf&quot;:&quot;8dbd122c-1a96-4de7-98c2-79f9ac379ce1&quot;,&quot;ELEMENT&quot;:&quot;8dbd122c-1a96-4de7-98c2-79f9ac379ce1&quot;},{&quot;element-6066-11e4-a52e-4f735466cecf&quot;:&quot;f2386758-2c95-4852-89f4-d29184362749&quot;,&quot;ELEMENT&quot;:&quot;f2386758-2c95-4852-89f4-d29184362749&quot;},{&quot;element-6066-11e4-a52e-4f735466cecf&quot;:&quot;205ca87e-ee2e-46f0-a59c-f87a6fa3a62d&quot;,&quot;ELEMENT&quot;:&quot;205ca87e-ee2e-46f0-a59c-f87a6fa3a62...
&amp;#27;[35m[HTTP]&amp;#27;[39m &amp;#27;[37m&lt;-- POST /wd/hub/session/c45864b3-cca5-4f67-acb5-0a83e84833a4/elements &amp;#27;[39m&amp;#27;[32m200&amp;#27;[39m &amp;#27;[90m1061 ms - 2571&amp;#27;[39m
&amp;#27;[35m[HTTP]&amp;#27;[39m &amp;#27;[90m&amp;#27;[39m
&amp;#27;[35m[HTTP]&amp;#27;[39m &amp;#27;[37m--&gt;&amp;#27;[39m &amp;#27;[37mPOST&amp;#27;[39m &amp;#27;[37m/wd/hub/session/c45864b3-cca5-4f67-acb5-0a83e84833a4/element/6d054d87-c14c-49e8-b006-2ef294f75051/click&amp;#27;[39m
&amp;#27;[35m[HTTP]&amp;#27;[39m &amp;#27;[90m{&quot;id&quot;:&quot;6d054d87-c14c-49e8-b006-2ef294f75051&quot;}&amp;#27;[39m
[debug] &amp;#27;[35m[W3C (c45864b3)]&amp;#27;[39m Calling AppiumDriver.click() with args: [&quot;6d054d87-c14c-49e8-b006-2ef294f75051&quot;,&quot;c45864b3-cca5-4f67-acb5-0a83e84833a4&quot;]
[debug] &amp;#27;[35m[WD Proxy]&amp;#27;[39m Matched &apos;/element/6d054d87-c14c-49e8-b006-2ef294f75051/click&apos; to command name &apos;click&apos;
[debug] &amp;#27;[35m[WD Proxy]&amp;#27;[39m Proxying [POST /element/6d054d87-c14c-49e8-b006-2ef294f75051/click] to [POST http://127.0.0.1:8208/wd/hub/session/22986c3e-0457-4282-a9bd-7769b1383906/element/6d054d87-c14c-49e8-b006-2ef294f75051/click] with body: {&quot;element&quot;:&quot;6d054d87-c14c-49e8-b006-2ef294f75051&quot;}
[debug] &amp;#27;[35m[WD Proxy]&amp;#27;[39m Got response with status 200: {&quot;sessionId&quot;:&quot;22986c3e-0457-4282-a9bd-7769b1383906&quot;,&quot;value&quot;:null}
[debug] &amp;#27;[35m[W3C (c45864b3)]&amp;#27;[39m Responding to client with driver.click() result: null
&amp;#27;[35m[HTTP]&amp;#27;[39m &amp;#27;[37m&lt;-- POST /wd/hub/session/c45864b3-cca5-4f67-acb5-0a83e84833a4/element/6d054d87-c14c-49e8-b006-2ef294f75051/click &amp;#27;[39m&amp;#27;[32m200&amp;#27;[39m &amp;#27;[90m84 ms - 14&amp;#27;[39m
&amp;#27;[35m[HTTP]&amp;#27;[39m &amp;#27;[90m&amp;#27;[39m
&amp;#27;[35m[HTTP]&amp;#27;[39m &amp;#27;[37m--&gt;&amp;#27;[39m &amp;#27;[37mGET&amp;#27;[39m &amp;#27;[37m/wd/hub/session/c45864b3-cca5-4f67-acb5-0a83e84833a4/context&amp;#27;[39m
&amp;#27;[35m[HTTP]&amp;#27;[39m &amp;#27;[90m{}&amp;#27;[39m
[debug] &amp;#27;[35m[W3C (c45864b3)]&amp;#27;[39m Calling AppiumDriver.getCurrentContext() with args: [&quot;c45864b3-cca5-4f67-acb5-0a83e84833a4&quot;]
[debug] &amp;#27;[35m[W3C (c45864b3)]&amp;#27;[39m Responding to client with driver.getCurrentContext() result: &quot;NATIVE_APP&quot;
&amp;#27;[35m[HTTP]&amp;#27;[39m &amp;#27;[37m&lt;-- GET /wd/hub/session/c45864b3-cca5-4f67-acb5-0a83e84833a4/context &amp;#27;[39m&amp;#27;[32m200&amp;#27;[39m &amp;#27;[90m2 ms - 22&amp;#27;[39m
&amp;#27;[35m[HTTP]&amp;#27;[39m &amp;#27;[90m&amp;#27;[39m
&amp;#27;[35m[HTTP]&amp;#27;[39m &amp;#27;[37m--&gt;&amp;#27;[39m &amp;#27;[37mPOST&amp;#27;[39m &amp;#27;[37m/wd/hub/session/c45864b3-cca5-4f67-acb5-0a83e84833a4/element&amp;#27;[39m
&amp;#27;[35m[HTTP]&amp;#27;[39m &amp;#27;[90m{&quot;using&quot;:&quot;id&quot;,&quot;value&quot;:&quot;com.sec.android.app.popupcalculator:id/calc_edt_formula&quot;}&amp;#27;[39m
[debug] &amp;#27;[35m[W3C (c45864b3)]&amp;#27;[39m Calling AppiumDriver.findElement() with args: [&quot;id&quot;,&quot;com.sec.android.app.popupcalculator:id/calc_edt_formula&quot;,&quot;c45864b3-cca5-4f67-acb5-0a83e84833a4&quot;]
[debug] &amp;#27;[35m[BaseDriver]&amp;#27;[39m Valid locator strategies for this request: xpath, id, class name, accessibility id, -android uiautomator
[debug] &amp;#27;[35m[BaseDriver]&amp;#27;[39m Waiting up to 10000 ms for condition
[debug] &amp;#27;[35m[WD Proxy]&amp;#27;[39m Matched &apos;/element&apos; to command name &apos;findElement&apos;
[debug] &amp;#27;[35m[WD Proxy]&amp;#27;[39m Proxying [POST /element] to [POST http://127.0.0.1:8208/wd/hub/session/22986c3e-0457-4282-a9bd-7769b1383906/element] with body: {&quot;strategy&quot;:&quot;id&quot;,&quot;selector&quot;:&quot;com.sec.android.app.popupcalculator:id/calc_edt_formula&quot;,&quot;context&quot;:&quot;&quot;,&quot;multiple&quot;:false}
[debug] &amp;#27;[35m[WD Proxy]&amp;#27;[39m Got response with status 200: {&quot;sessionId&quot;:&quot;22986c3e-0457-4282-a9bd-7769b1383906&quot;,&quot;value&quot;:{&quot;ELEMENT&quot;:&quot;76418fbe-7d79-48a0-881b-c783737d188b&quot;,&quot;element-6066-11e4-a52e-4f735466cecf&quot;:&quot;76418fbe-7d79-48a0-881b-c783737d188b&quot;}}
[debug] &amp;#27;[35m[W3C (c45864b3)]&amp;#27;[39m Responding to client with driver.findElement() result: {&quot;element-6066-11e4-a52e-4f735466cecf&quot;:&quot;76418fbe-7d79-48a0-881b-c783737d188b&quot;,&quot;ELEMENT&quot;:&quot;76418fbe-7d79-48a0-881b-c783737d188b&quot;}
&amp;#27;[35m[HTTP]&amp;#27;[39m &amp;#27;[37m&lt;-- POST /wd/hub/session/c45864b3-cca5-4f67-acb5-0a83e84833a4/element &amp;#27;[39m&amp;#27;[32m200&amp;#27;[39m &amp;#27;[90m535 ms - 137&amp;#27;[39m
&amp;#27;[35m[HTTP]&amp;#27;[39m &amp;#27;[90m&amp;#27;[39m
&amp;#27;[35m[HTTP]&amp;#27;[39m &amp;#27;[37m--&gt;&amp;#27;[39m &amp;#27;[37mGET&amp;#27;[39m &amp;#27;[37m/wd/hub/session/c45864b3-cca5-4f67-acb5-0a83e84833a4/element/76418fbe-7d79-48a0-881b-c783737d188b/attribute/text&amp;#27;[39m
&amp;#27;[35m[HTTP]&amp;#27;[39m &amp;#27;[90m{}&amp;#27;[39m
[debug] &amp;#27;[35m[W3C (c45864b3)]&amp;#27;[39m Calling AppiumDriver.getAttribute() with args: [&quot;text&quot;,&quot;76418fbe-7d79-48a0-881b-c783737d188b&quot;,&quot;c45864b3-cca5-4f67-acb5-0a83e84833a4&quot;]
[debug] &amp;#27;[35m[WD Proxy]&amp;#27;[39m Matched &apos;/element/76418fbe-7d79-48a0-881b-c783737d188b/attribute/text&apos; to command name &apos;getAttribute&apos;
[debug] &amp;#27;[35m[WD Proxy]&amp;#27;[39m Proxying [GET /element/76418fbe-7d79-48a0-881b-c783737d188b/attribute/text] to [GET http://127.0.0.1:8208/wd/hub/session/22986c3e-0457-4282-a9bd-7769b1383906/element/76418fbe-7d79-48a0-881b-c783737d188b/attribute/text] with no body
[debug] &amp;#27;[35m[WD Proxy]&amp;#27;[39m Got response with status 200: {&quot;sessionId&quot;:&quot;22986c3e-0457-4282-a9bd-7769b1383906&quot;,&quot;value&quot;:&quot;123&quot;}
[debug] &amp;#27;[35m[W3C (c45864b3)]&amp;#27;[39m Responding to client with driver.getAttribute() result: &quot;123&quot;
&amp;#27;[35m[HTTP]&amp;#27;[39m &amp;#27;[37m&lt;-- GET /wd/hub/session/c45864b3-cca5-4f67-acb5-0a83e84833a4/element/76418fbe-7d79-48a0-881b-c783737d188b/attribute/text &amp;#27;[39m&amp;#27;[32m200&amp;#27;[39m &amp;#27;[90m50 ms - 15&amp;#27;[39m
&amp;#27;[35m[HTTP]&amp;#27;[39m &amp;#27;[90m&amp;#27;[39m
&amp;#27;[35m[HTTP]&amp;#27;[39m &amp;#27;[37m--&gt;&amp;#27;[39m &amp;#27;[37mGET&amp;#27;[39m &amp;#27;[37m/wd/hub/session/c45864b3-cca5-4f67-acb5-0a83e84833a4/context&amp;#27;[39m
&amp;#27;[35m[HTTP]&amp;#27;[39m &amp;#27;[90m{}&amp;#27;[39m
[debug] &amp;#27;[35m[W3C (c45864b3)]&amp;#27;[39m Calling AppiumDriver.getCurrentContext() with args: [&quot;c45864b3-cca5-4f67-acb5-0a83e84833a4&quot;]
[debug] &amp;#27;[35m[W3C (c45864b3)]&amp;#27;[39m Responding to client with driver.getCurrentContext() result: &quot;NATIVE_APP&quot;
&amp;#27;[35m[HTTP]&amp;#27;[39m &amp;#27;[37m&lt;-- GET /wd/hub/session/c45864b3-cca5-4f67-acb5-0a83e84833a4/context &amp;#27;[39m&amp;#27;[32m200&amp;#27;[39m &amp;#27;[90m2 ms - 22&amp;#27;[39m
&amp;#27;[35m[HTTP]&amp;#27;[39m &amp;#27;[90m&amp;#27;[39m
&amp;#27;[35m[HTTP]&amp;#27;[39m &amp;#27;[37m--&gt;&amp;#27;[39m &amp;#27;[37mPOST&amp;#27;[39m &amp;#27;[37m/wd/hub/session/c45864b3-cca5-4f67-acb5-0a83e84833a4/elements&amp;#27;[39m
&amp;#27;[35m[HTTP]&amp;#27;[39m &amp;#27;[90m{&quot;using&quot;:&quot;class name&quot;,&quot;value&quot;:&quot;android.widget.Button&quot;}&amp;#27;[39m
[debug] &amp;#27;[35m[W3C (c45864b3)]&amp;#27;[39m Calling AppiumDriver.findElements() with args: [&quot;class name&quot;,&quot;android.widget.Button&quot;,&quot;c45864b3-cca5-4f67-acb5-0a83e84833a4&quot;]
[debug] &amp;#27;[35m[BaseDriver]&amp;#27;[39m Valid locator strategies for this request: xpath, id, class name, accessibility id, -android uiautomator
[debug] &amp;#27;[35m[BaseDriver]&amp;#27;[39m Waiting up to 10000 ms for condition
[debug] &amp;#27;[35m[WD Proxy]&amp;#27;[39m Matched &apos;/elements&apos; to command name &apos;findElements&apos;
[debug] &amp;#27;[35m[WD Proxy]&amp;#27;[39m Proxying [POST /elements] to [POST http://127.0.0.1:8208/wd/hub/session/22986c3e-0457-4282-a9bd-7769b1383906/elements] with body: {&quot;strategy&quot;:&quot;class name&quot;,&quot;selector&quot;:&quot;android.widget.Button&quot;,&quot;context&quot;:&quot;&quot;,&quot;multiple&quot;:true}
[debug] &amp;#27;[35m[WD Proxy]&amp;#27;[39m Got response with status 200: {&quot;sessionId&quot;:&quot;22986c3e-0457-4282-a9bd-7769b1383906&quot;,&quot;value&quot;:[{&quot;ELEMENT&quot;:&quot;bbd556db-3155-4361-bb63-1867b97137fc&quot;,&quot;element-6066-11e4-a52e-4f735466cecf&quot;:&quot;bbd556db-3155-4361-bb63-1867b97137fc&quot;},{&quot;ELEMENT&quot;:&quot;41a558c7-3a2d-4962-bd18-6f4b5825187f&quot;,&quot;element-6066-11e4-a52e-4f735466cecf&quot;:&quot;41a558c7-3a2d-4962-bd18-6f4b5825187f&quot;},{&quot;ELEMENT&quot;:&quot;1bd17645-db58-40c4-ac57-e199b0ce5a07&quot;,&quot;element-6066-11e4-a52e-4f735466cecf&quot;:&quot;1bd17645-db58-40c4-ac57-e199b0ce5a07&quot;},{&quot;ELEMENT&quot;:&quot;062ab4ca-99ce-4f40-9a77-8ab535449ee9&quot;,&quot;element-6066-11e4-a52e-4f735466cecf&quot;:&quot;062ab4ca-99ce-4f40-9a77-8ab535449ee9&quot;},{&quot;ELEMENT&quot;:&quot;acdf5276-d8c7-4e70-b607-062ce110f82d&quot;,&quot;element-6066-11e4-a52e-4f735466cecf&quot;:&quot;acdf5276-d8c7-4e70-b607-062ce110f82d&quot;},{&quot;ELEMENT&quot;:&quot;18a905cb-5ddd-43b5-992b-6b1d5ffdeafb&quot;,&quot;element-6066-11e4-a52e-4f735466cecf&quot;:&quot;18a905cb-5ddd-43b5-992b-6b1d5ffdeafb&quot;},{&quot;ELEMENT&quot;:&quot;0f81bbcc-fba5-4072-a711-c24340ba2ff4&quot;,&quot;element-6066-11e4-a52e-4f735466cecf&quot;:&quot;0f81bbcc-fba5-4072-a711-c24340ba2ff4&quot;},{&quot;ELEMENT&quot;:&quot;7f8c6da8-a422-45b5-af6f-a379b5081c0a&quot;,&quot;element-6066-...
[debug] &amp;#27;[35m[W3C (c45864b3)]&amp;#27;[39m Responding to client with driver.findElements() result: [{&quot;element-6066-11e4-a52e-4f735466cecf&quot;:&quot;bbd556db-3155-4361-bb63-1867b97137fc&quot;,&quot;ELEMENT&quot;:&quot;bbd556db-3155-4361-bb63-1867b97137fc&quot;},{&quot;element-6066-11e4-a52e-4f735466cecf&quot;:&quot;41a558c7-3a2d-4962-bd18-6f4b5825187f&quot;,&quot;ELEMENT&quot;:&quot;41a558c7-3a2d-4962-bd18-6f4b5825187f&quot;},{&quot;element-6066-11e4-a52e-4f735466cecf&quot;:&quot;1bd17645-db58-40c4-ac57-e199b0ce5a07&quot;,&quot;ELEMENT&quot;:&quot;1bd17645-db58-40c4-ac57-e199b0ce5a07&quot;},{&quot;element-6066-11e4-a52e-4f735466cecf&quot;:&quot;062ab4ca-99ce-4f40-9a77-8ab535449ee9&quot;,&quot;ELEMENT&quot;:&quot;062ab4ca-99ce-4f40-9a77-8ab535449ee9&quot;},{&quot;element-6066-11e4-a52e-4f735466cecf&quot;:&quot;acdf5276-d8c7-4e70-b607-062ce110f82d&quot;,&quot;ELEMENT&quot;:&quot;acdf5276-d8c7-4e70-b607-062ce110f82d&quot;},{&quot;element-6066-11e4-a52e-4f735466cecf&quot;:&quot;18a905cb-5ddd-43b5-992b-6b1d5ffdeafb&quot;,&quot;ELEMENT&quot;:&quot;18a905cb-5ddd-43b5-992b-6b1d5ffdeafb&quot;},{&quot;element-6066-11e4-a52e-4f735466cecf&quot;:&quot;0f81bbcc-fba5-4072-a711-c24340ba2ff4&quot;,&quot;ELEMENT&quot;:&quot;0f81bbcc-fba5-4072-a711-c24340ba2ff4&quot;},{&quot;element-6066-11e4-a52e-4f735466cecf&quot;:&quot;7f8c6da8-a422-45b5-af6f-a379b5081c0a&quot;,&quot;ELEMENT&quot;:&quot;7f8c6da8-a422-45b5-af6f-a379b5081c0...
&amp;#27;[35m[HTTP]&amp;#27;[39m &amp;#27;[37m&lt;-- POST /wd/hub/session/c45864b3-cca5-4f67-acb5-0a83e84833a4/elements &amp;#27;[39m&amp;#27;[32m200&amp;#27;[39m &amp;#27;[90m54 ms - 2571&amp;#27;[39m
&amp;#27;[35m[HTTP]&amp;#27;[39m &amp;#27;[90m&amp;#27;[39m
&amp;#27;[35m[HTTP]&amp;#27;[39m &amp;#27;[37m--&gt;&amp;#27;[39m &amp;#27;[37mPOST&amp;#27;[39m &amp;#27;[37m/wd/hub/session/c45864b3-cca5-4f67-acb5-0a83e84833a4/element/1e333917-53cf-47d2-8a7c-a954dc14e9d7/click&amp;#27;[39m
&amp;#27;[35m[HTTP]&amp;#27;[39m &amp;#27;[90m{&quot;id&quot;:&quot;1e333917-53cf-47d2-8a7c-a954dc14e9d7&quot;}&amp;#27;[39m
[debug] &amp;#27;[35m[W3C (c45864b3)]&amp;#27;[39m Calling AppiumDriver.click() with args: [&quot;1e333917-53cf-47d2-8a7c-a954dc14e9d7&quot;,&quot;c45864b3-cca5-4f67-acb5-0a83e84833a4&quot;]
[debug] &amp;#27;[35m[WD Proxy]&amp;#27;[39m Matched &apos;/element/1e333917-53cf-47d2-8a7c-a954dc14e9d7/click&apos; to command name &apos;click&apos;
[debug] &amp;#27;[35m[WD Proxy]&amp;#27;[39m Proxying [POST /element/1e333917-53cf-47d2-8a7c-a954dc14e9d7/click] to [POST http://127.0.0.1:8208/wd/hub/session/22986c3e-0457-4282-a9bd-7769b1383906/element/1e333917-53cf-47d2-8a7c-a954dc14e9d7/click] with body: {&quot;element&quot;:&quot;1e333917-53cf-47d2-8a7c-a954dc14e9d7&quot;}
[debug] &amp;#27;[35m[WD Proxy]&amp;#27;[39m Got response with status 200: {&quot;sessionId&quot;:&quot;22986c3e-0457-4282-a9bd-7769b1383906&quot;,&quot;value&quot;:null}
[debug] &amp;#27;[35m[W3C (c45864b3)]&amp;#27;[39m Responding to client with driver.click() result: null
&amp;#27;[35m[HTTP]&amp;#27;[39m &amp;#27;[37m&lt;-- POST /wd/hub/session/c45864b3-cca5-4f67-acb5-0a83e84833a4/element/1e333917-53cf-47d2-8a7c-a954dc14e9d7/click &amp;#27;[39m&amp;#27;[32m200&amp;#27;[39m &amp;#27;[90m81 ms - 14&amp;#27;[39m
&amp;#27;[35m[HTTP]&amp;#27;[39m &amp;#27;[90m&amp;#27;[39m
&amp;#27;[35m[HTTP]&amp;#27;[39m &amp;#27;[37m--&gt;&amp;#27;[39m &amp;#27;[37mGET&amp;#27;[39m &amp;#27;[37m/wd/hub/session/c45864b3-cca5-4f67-acb5-0a83e84833a4/context&amp;#27;[39m
&amp;#27;[35m[HTTP]&amp;#27;[39m &amp;#27;[90m{}&amp;#27;[39m
[debug] &amp;#27;[35m[W3C (c45864b3)]&amp;#27;[39m Calling AppiumDriver.getCurrentContext() with args: [&quot;c45864b3-cca5-4f67-acb5-0a83e84833a4&quot;]
[debug] &amp;#27;[35m[W3C (c45864b3)]&amp;#27;[39m Responding to client with driver.getCurrentContext() result: &quot;NATIVE_APP&quot;
&amp;#27;[35m[HTTP]&amp;#27;[39m &amp;#27;[37m&lt;-- GET /wd/hub/session/c45864b3-cca5-4f67-acb5-0a83e84833a4/context &amp;#27;[39m&amp;#27;[32m200&amp;#27;[39m &amp;#27;[90m2 ms - 22&amp;#27;[39m
&amp;#27;[35m[HTTP]&amp;#27;[39m &amp;#27;[90m&amp;#27;[39m
&amp;#27;[35m[HTTP]&amp;#27;[39m &amp;#27;[37m--&gt;&amp;#27;[39m &amp;#27;[37mPOST&amp;#27;[39m &amp;#27;[37m/wd/hub/session/c45864b3-cca5-4f67-acb5-0a83e84833a4/elements&amp;#27;[39m
&amp;#27;[35m[HTTP]&amp;#27;[39m &amp;#27;[90m{&quot;using&quot;:&quot;class name&quot;,&quot;value&quot;:&quot;android.widget.Button&quot;}&amp;#27;[39m
[debug] &amp;#27;[35m[W3C (c45864b3)]&amp;#27;[39m Calling AppiumDriver.findElements() with args: [&quot;class name&quot;,&quot;android.widget.Button&quot;,&quot;c45864b3-cca5-4f67-acb5-0a83e84833a4&quot;]
[debug] &amp;#27;[35m[BaseDriver]&amp;#27;[39m Valid locator strategies for this request: xpath, id, class name, accessibility id, -android uiautomator
[debug] &amp;#27;[35m[BaseDriver]&amp;#27;[39m Waiting up to 10000 ms for condition
[debug] &amp;#27;[35m[WD Proxy]&amp;#27;[39m Matched &apos;/elements&apos; to command name &apos;findElements&apos;
[debug] &amp;#27;[35m[WD Proxy]&amp;#27;[39m Proxying [POST /elements] to [POST http://127.0.0.1:8208/wd/hub/session/22986c3e-0457-4282-a9bd-7769b1383906/elements] with body: {&quot;strategy&quot;:&quot;class name&quot;,&quot;selector&quot;:&quot;android.widget.Button&quot;,&quot;context&quot;:&quot;&quot;,&quot;multiple&quot;:true}
[debug] &amp;#27;[35m[WD Proxy]&amp;#27;[39m Got response with status 200: {&quot;sessionId&quot;:&quot;22986c3e-0457-4282-a9bd-7769b1383906&quot;,&quot;value&quot;:[{&quot;ELEMENT&quot;:&quot;9d5fee02-fabc-408e-9d54-b19c7a1f31e2&quot;,&quot;element-6066-11e4-a52e-4f735466cecf&quot;:&quot;9d5fee02-fabc-408e-9d54-b19c7a1f31e2&quot;},{&quot;ELEMENT&quot;:&quot;2a6a5cff-36f6-49b5-827f-08c781c4cce9&quot;,&quot;element-6066-11e4-a52e-4f735466cecf&quot;:&quot;2a6a5cff-36f6-49b5-827f-08c781c4cce9&quot;},{&quot;ELEMENT&quot;:&quot;89503b02-dd19-4b21-a383-f5b577944d9f&quot;,&quot;element-6066-11e4-a52e-4f735466cecf&quot;:&quot;89503b02-dd19-4b21-a383-f5b577944d9f&quot;},{&quot;ELEMENT&quot;:&quot;6700900f-b149-43f0-be27-9bce2ca31d09&quot;,&quot;element-6066-11e4-a52e-4f735466cecf&quot;:&quot;6700900f-b149-43f0-be27-9bce2ca31d09&quot;},{&quot;ELEMENT&quot;:&quot;2bf8dba6-405e-43ff-bb00-6592318987c8&quot;,&quot;element-6066-11e4-a52e-4f735466cecf&quot;:&quot;2bf8dba6-405e-43ff-bb00-6592318987c8&quot;},{&quot;ELEMENT&quot;:&quot;e9e18aea-4655-4ef2-8f0a-ad7f025ad4ba&quot;,&quot;element-6066-11e4-a52e-4f735466cecf&quot;:&quot;e9e18aea-4655-4ef2-8f0a-ad7f025ad4ba&quot;},{&quot;ELEMENT&quot;:&quot;acf29c55-e76c-4889-8d71-e413dce8c029&quot;,&quot;element-6066-11e4-a52e-4f735466cecf&quot;:&quot;acf29c55-e76c-4889-8d71-e413dce8c029&quot;},{&quot;ELEMENT&quot;:&quot;e3064e70-dd1b-4983-afcc-4b301300c648&quot;,&quot;element-6066-...
[debug] &amp;#27;[35m[W3C (c45864b3)]&amp;#27;[39m Responding to client with driver.findElements() result: [{&quot;element-6066-11e4-a52e-4f735466cecf&quot;:&quot;9d5fee02-fabc-408e-9d54-b19c7a1f31e2&quot;,&quot;ELEMENT&quot;:&quot;9d5fee02-fabc-408e-9d54-b19c7a1f31e2&quot;},{&quot;element-6066-11e4-a52e-4f735466cecf&quot;:&quot;2a6a5cff-36f6-49b5-827f-08c781c4cce9&quot;,&quot;ELEMENT&quot;:&quot;2a6a5cff-36f6-49b5-827f-08c781c4cce9&quot;},{&quot;element-6066-11e4-a52e-4f735466cecf&quot;:&quot;89503b02-dd19-4b21-a383-f5b577944d9f&quot;,&quot;ELEMENT&quot;:&quot;89503b02-dd19-4b21-a383-f5b577944d9f&quot;},{&quot;element-6066-11e4-a52e-4f735466cecf&quot;:&quot;6700900f-b149-43f0-be27-9bce2ca31d09&quot;,&quot;ELEMENT&quot;:&quot;6700900f-b149-43f0-be27-9bce2ca31d09&quot;},{&quot;element-6066-11e4-a52e-4f735466cecf&quot;:&quot;2bf8dba6-405e-43ff-bb00-6592318987c8&quot;,&quot;ELEMENT&quot;:&quot;2bf8dba6-405e-43ff-bb00-6592318987c8&quot;},{&quot;element-6066-11e4-a52e-4f735466cecf&quot;:&quot;e9e18aea-4655-4ef2-8f0a-ad7f025ad4ba&quot;,&quot;ELEMENT&quot;:&quot;e9e18aea-4655-4ef2-8f0a-ad7f025ad4ba&quot;},{&quot;element-6066-11e4-a52e-4f735466cecf&quot;:&quot;acf29c55-e76c-4889-8d71-e413dce8c029&quot;,&quot;ELEMENT&quot;:&quot;acf29c55-e76c-4889-8d71-e413dce8c029&quot;},{&quot;element-6066-11e4-a52e-4f735466cecf&quot;:&quot;e3064e70-dd1b-4983-afcc-4b301300c648&quot;,&quot;ELEMENT&quot;:&quot;e3064e70-dd1b-4983-afcc-4b301300c64...
&amp;#27;[35m[HTTP]&amp;#27;[39m &amp;#27;[37m&lt;-- POST /wd/hub/session/c45864b3-cca5-4f67-acb5-0a83e84833a4/elements &amp;#27;[39m&amp;#27;[32m200&amp;#27;[39m &amp;#27;[90m515 ms - 2571&amp;#27;[39m
&amp;#27;[35m[HTTP]&amp;#27;[39m &amp;#27;[90m&amp;#27;[39m
&amp;#27;[35m[HTTP]&amp;#27;[39m &amp;#27;[37m--&gt;&amp;#27;[39m &amp;#27;[37mPOST&amp;#27;[39m &amp;#27;[37m/wd/hub/session/c45864b3-cca5-4f67-acb5-0a83e84833a4/element/459fb8f7-0727-41d0-b301-fd3b58a0db6b/click&amp;#27;[39m
&amp;#27;[35m[HTTP]&amp;#27;[39m &amp;#27;[90m{&quot;id&quot;:&quot;459fb8f7-0727-41d0-b301-fd3b58a0db6b&quot;}&amp;#27;[39m
[debug] &amp;#27;[35m[W3C (c45864b3)]&amp;#27;[39m Calling AppiumDriver.click() with args: [&quot;459fb8f7-0727-41d0-b301-fd3b58a0db6b&quot;,&quot;c45864b3-cca5-4f67-acb5-0a83e84833a4&quot;]
[debug] &amp;#27;[35m[WD Proxy]&amp;#27;[39m Matched &apos;/element/459fb8f7-0727-41d0-b301-fd3b58a0db6b/click&apos; to command name &apos;click&apos;
[debug] &amp;#27;[35m[WD Proxy]&amp;#27;[39m Proxying [POST /element/459fb8f7-0727-41d0-b301-fd3b58a0db6b/click] to [POST http://127.0.0.1:8208/wd/hub/session/22986c3e-0457-4282-a9bd-7769b1383906/element/459fb8f7-0727-41d0-b301-fd3b58a0db6b/click] with body: {&quot;element&quot;:&quot;459fb8f7-0727-41d0-b301-fd3b58a0db6b&quot;}
[debug] &amp;#27;[35m[WD Proxy]&amp;#27;[39m Got response with status 200: {&quot;sessionId&quot;:&quot;22986c3e-0457-4282-a9bd-7769b1383906&quot;,&quot;value&quot;:null}
[debug] &amp;#27;[35m[W3C (c45864b3)]&amp;#27;[39m Responding to client with driver.click() result: null
&amp;#27;[35m[HTTP]&amp;#27;[39m &amp;#27;[37m&lt;-- POST /wd/hub/session/c45864b3-cca5-4f67-acb5-0a83e84833a4/element/459fb8f7-0727-41d0-b301-fd3b58a0db6b/click &amp;#27;[39m&amp;#27;[32m200&amp;#27;[39m &amp;#27;[90m73 ms - 14&amp;#27;[39m
&amp;#27;[35m[HTTP]&amp;#27;[39m &amp;#27;[90m&amp;#27;[39m
&amp;#27;[35m[HTTP]&amp;#27;[39m &amp;#27;[37m--&gt;&amp;#27;[39m &amp;#27;[37mGET&amp;#27;[39m &amp;#27;[37m/wd/hub/session/c45864b3-cca5-4f67-acb5-0a83e84833a4/context&amp;#27;[39m
&amp;#27;[35m[HTTP]&amp;#27;[39m &amp;#27;[90m{}&amp;#27;[39m
[debug] &amp;#27;[35m[W3C (c45864b3)]&amp;#27;[39m Calling AppiumDriver.getCurrentContext() with args: [&quot;c45864b3-cca5-4f67-acb5-0a83e84833a4&quot;]
[debug] &amp;#27;[35m[W3C (c45864b3)]&amp;#27;[39m Responding to client with driver.getCurrentContext() result: &quot;NATIVE_APP&quot;
&amp;#27;[35m[HTTP]&amp;#27;[39m &amp;#27;[37m&lt;-- GET /wd/hub/session/c45864b3-cca5-4f67-acb5-0a83e84833a4/context &amp;#27;[39m&amp;#27;[32m200&amp;#27;[39m &amp;#27;[90m3 ms - 22&amp;#27;[39m
&amp;#27;[35m[HTTP]&amp;#27;[39m &amp;#27;[90m&amp;#27;[39m
&amp;#27;[35m[HTTP]&amp;#27;[39m &amp;#27;[37m--&gt;&amp;#27;[39m &amp;#27;[37mPOST&amp;#27;[39m &amp;#27;[37m/wd/hub/session/c45864b3-cca5-4f67-acb5-0a83e84833a4/elements&amp;#27;[39m
&amp;#27;[35m[HTTP]&amp;#27;[39m &amp;#27;[90m{&quot;using&quot;:&quot;class name&quot;,&quot;value&quot;:&quot;android.widget.Button&quot;}&amp;#27;[39m
[debug] &amp;#27;[35m[W3C (c45864b3)]&amp;#27;[39m Calling AppiumDriver.findElements() with args: [&quot;class name&quot;,&quot;android.widget.Button&quot;,&quot;c45864b3-cca5-4f67-acb5-0a83e84833a4&quot;]
[debug] &amp;#27;[35m[BaseDriver]&amp;#27;[39m Valid locator strategies for this request: xpath, id, class name, accessibility id, -android uiautomator
[debug] &amp;#27;[35m[BaseDriver]&amp;#27;[39m Waiting up to 10000 ms for condition
[debug] &amp;#27;[35m[WD Proxy]&amp;#27;[39m Matched &apos;/elements&apos; to command name &apos;findElements&apos;
[debug] &amp;#27;[35m[WD Proxy]&amp;#27;[39m Proxying [POST /elements] to [POST http://127.0.0.1:8208/wd/hub/session/22986c3e-0457-4282-a9bd-7769b1383906/elements] with body: {&quot;strategy&quot;:&quot;class name&quot;,&quot;selector&quot;:&quot;android.widget.Button&quot;,&quot;context&quot;:&quot;&quot;,&quot;multiple&quot;:true}
[debug] &amp;#27;[35m[WD Proxy]&amp;#27;[39m Got response with status 200: {&quot;sessionId&quot;:&quot;22986c3e-0457-4282-a9bd-7769b1383906&quot;,&quot;value&quot;:[{&quot;ELEMENT&quot;:&quot;b673b32d-0d01-49e5-b216-96a575202d7f&quot;,&quot;element-6066-11e4-a52e-4f735466cecf&quot;:&quot;b673b32d-0d01-49e5-b216-96a575202d7f&quot;},{&quot;ELEMENT&quot;:&quot;e9d588ef-4217-442e-9d02-fdd18b524773&quot;,&quot;element-6066-11e4-a52e-4f735466cecf&quot;:&quot;e9d588ef-4217-442e-9d02-fdd18b524773&quot;},{&quot;ELEMENT&quot;:&quot;8c5aa65a-ae91-4977-9fa7-ae2399ab65d2&quot;,&quot;element-6066-11e4-a52e-4f735466cecf&quot;:&quot;8c5aa65a-ae91-4977-9fa7-ae2399ab65d2&quot;},{&quot;ELEMENT&quot;:&quot;59a30d1f-7fda-41c6-a422-eaa8ed51a04b&quot;,&quot;element-6066-11e4-a52e-4f735466cecf&quot;:&quot;59a30d1f-7fda-41c6-a422-eaa8ed51a04b&quot;},{&quot;ELEMENT&quot;:&quot;ea56ef2b-89dc-4616-aa2b-53915af0950b&quot;,&quot;element-6066-11e4-a52e-4f735466cecf&quot;:&quot;ea56ef2b-89dc-4616-aa2b-53915af0950b&quot;},{&quot;ELEMENT&quot;:&quot;d8754edb-3930-465f-926d-4a78457e35ab&quot;,&quot;element-6066-11e4-a52e-4f735466cecf&quot;:&quot;d8754edb-3930-465f-926d-4a78457e35ab&quot;},{&quot;ELEMENT&quot;:&quot;fa3673c4-02b6-4bda-bba9-35ec5adc7815&quot;,&quot;element-6066-11e4-a52e-4f735466cecf&quot;:&quot;fa3673c4-02b6-4bda-bba9-35ec5adc7815&quot;},{&quot;ELEMENT&quot;:&quot;ff8eff8f-77ad-4c98-a8a1-43dc29ba1466&quot;,&quot;element-6066-...
[debug] &amp;#27;[35m[W3C (c45864b3)]&amp;#27;[39m Responding to client with driver.findElements() result: [{&quot;element-6066-11e4-a52e-4f735466cecf&quot;:&quot;b673b32d-0d01-49e5-b216-96a575202d7f&quot;,&quot;ELEMENT&quot;:&quot;b673b32d-0d01-49e5-b216-96a575202d7f&quot;},{&quot;element-6066-11e4-a52e-4f735466cecf&quot;:&quot;e9d588ef-4217-442e-9d02-fdd18b524773&quot;,&quot;ELEMENT&quot;:&quot;e9d588ef-4217-442e-9d02-fdd18b524773&quot;},{&quot;element-6066-11e4-a52e-4f735466cecf&quot;:&quot;8c5aa65a-ae91-4977-9fa7-ae2399ab65d2&quot;,&quot;ELEMENT&quot;:&quot;8c5aa65a-ae91-4977-9fa7-ae2399ab65d2&quot;},{&quot;element-6066-11e4-a52e-4f735466cecf&quot;:&quot;59a30d1f-7fda-41c6-a422-eaa8ed51a04b&quot;,&quot;ELEMENT&quot;:&quot;59a30d1f-7fda-41c6-a422-eaa8ed51a04b&quot;},{&quot;element-6066-11e4-a52e-4f735466cecf&quot;:&quot;ea56ef2b-89dc-4616-aa2b-53915af0950b&quot;,&quot;ELEMENT&quot;:&quot;ea56ef2b-89dc-4616-aa2b-53915af0950b&quot;},{&quot;element-6066-11e4-a52e-4f735466cecf&quot;:&quot;d8754edb-3930-465f-926d-4a78457e35ab&quot;,&quot;ELEMENT&quot;:&quot;d8754edb-3930-465f-926d-4a78457e35ab&quot;},{&quot;element-6066-11e4-a52e-4f735466cecf&quot;:&quot;fa3673c4-02b6-4bda-bba9-35ec5adc7815&quot;,&quot;ELEMENT&quot;:&quot;fa3673c4-02b6-4bda-bba9-35ec5adc7815&quot;},{&quot;element-6066-11e4-a52e-4f735466cecf&quot;:&quot;ff8eff8f-77ad-4c98-a8a1-43dc29ba1466&quot;,&quot;ELEMENT&quot;:&quot;ff8eff8f-77ad-4c98-a8a1-43dc29ba146...
&amp;#27;[35m[HTTP]&amp;#27;[39m &amp;#27;[37m&lt;-- POST /wd/hub/session/c45864b3-cca5-4f67-acb5-0a83e84833a4/elements &amp;#27;[39m&amp;#27;[32m200&amp;#27;[39m &amp;#27;[90m544 ms - 2571&amp;#27;[39m
&amp;#27;[35m[HTTP]&amp;#27;[39m &amp;#27;[90m&amp;#27;[39m
&amp;#27;[35m[HTTP]&amp;#27;[39m &amp;#27;[37m--&gt;&amp;#27;[39m &amp;#27;[37mPOST&amp;#27;[39m &amp;#27;[37m/wd/hub/session/c45864b3-cca5-4f67-acb5-0a83e84833a4/element/aa001d6e-1f45-4e42-a336-a9d4af4d2df0/click&amp;#27;[39m
&amp;#27;[35m[HTTP]&amp;#27;[39m &amp;#27;[90m{&quot;id&quot;:&quot;aa001d6e-1f45-4e42-a336-a9d4af4d2df0&quot;}&amp;#27;[39m
[debug] &amp;#27;[35m[W3C (c45864b3)]&amp;#27;[39m Calling AppiumDriver.click() with args: [&quot;aa001d6e-1f45-4e42-a336-a9d4af4d2df0&quot;,&quot;c45864b3-cca5-4f67-acb5-0a83e84833a4&quot;]
[debug] &amp;#27;[35m[WD Proxy]&amp;#27;[39m Matched &apos;/element/aa001d6e-1f45-4e42-a336-a9d4af4d2df0/click&apos; to command name &apos;click&apos;
[debug] &amp;#27;[35m[WD Proxy]&amp;#27;[39m Proxying [POST /element/aa001d6e-1f45-4e42-a336-a9d4af4d2df0/click] to [POST http://127.0.0.1:8208/wd/hub/session/22986c3e-0457-4282-a9bd-7769b1383906/element/aa001d6e-1f45-4e42-a336-a9d4af4d2df0/click] with body: {&quot;element&quot;:&quot;aa001d6e-1f45-4e42-a336-a9d4af4d2df0&quot;}
[debug] &amp;#27;[35m[WD Proxy]&amp;#27;[39m Got response with status 200: {&quot;sessionId&quot;:&quot;22986c3e-0457-4282-a9bd-7769b1383906&quot;,&quot;value&quot;:null}
[debug] &amp;#27;[35m[W3C (c45864b3)]&amp;#27;[39m Responding to client with driver.click() result: null
&amp;#27;[35m[HTTP]&amp;#27;[39m &amp;#27;[37m&lt;-- POST /wd/hub/session/c45864b3-cca5-4f67-acb5-0a83e84833a4/element/aa001d6e-1f45-4e42-a336-a9d4af4d2df0/click &amp;#27;[39m&amp;#27;[32m200&amp;#27;[39m &amp;#27;[90m94 ms - 14&amp;#27;[39m
&amp;#27;[35m[HTTP]&amp;#27;[39m &amp;#27;[90m&amp;#27;[39m
&amp;#27;[35m[HTTP]&amp;#27;[39m &amp;#27;[37m--&gt;&amp;#27;[39m &amp;#27;[37mGET&amp;#27;[39m &amp;#27;[37m/wd/hub/session/c45864b3-cca5-4f67-acb5-0a83e84833a4/context&amp;#27;[39m
&amp;#27;[35m[HTTP]&amp;#27;[39m &amp;#27;[90m{}&amp;#27;[39m
[debug] &amp;#27;[35m[W3C (c45864b3)]&amp;#27;[39m Calling AppiumDriver.getCurrentContext() with args: [&quot;c45864b3-cca5-4f67-acb5-0a83e84833a4&quot;]
[debug] &amp;#27;[35m[W3C (c45864b3)]&amp;#27;[39m Responding to client with driver.getCurrentContext() result: &quot;NATIVE_APP&quot;
&amp;#27;[35m[HTTP]&amp;#27;[39m &amp;#27;[37m&lt;-- GET /wd/hub/session/c45864b3-cca5-4f67-acb5-0a83e84833a4/context &amp;#27;[39m&amp;#27;[32m200&amp;#27;[39m &amp;#27;[90m2 ms - 22&amp;#27;[39m
&amp;#27;[35m[HTTP]&amp;#27;[39m &amp;#27;[90m&amp;#27;[39m
&amp;#27;[35m[HTTP]&amp;#27;[39m &amp;#27;[37m--&gt;&amp;#27;[39m &amp;#27;[37mPOST&amp;#27;[39m &amp;#27;[37m/wd/hub/session/c45864b3-cca5-4f67-acb5-0a83e84833a4/elements&amp;#27;[39m
&amp;#27;[35m[HTTP]&amp;#27;[39m &amp;#27;[90m{&quot;using&quot;:&quot;class name&quot;,&quot;value&quot;:&quot;android.widget.Button&quot;}&amp;#27;[39m
[debug] &amp;#27;[35m[W3C (c45864b3)]&amp;#27;[39m Calling AppiumDriver.findElements() with args: [&quot;class name&quot;,&quot;android.widget.Button&quot;,&quot;c45864b3-cca5-4f67-acb5-0a83e84833a4&quot;]
[debug] &amp;#27;[35m[BaseDriver]&amp;#27;[39m Valid locator strategies for this request: xpath, id, class name, accessibility id, -android uiautomator
[debug] &amp;#27;[35m[BaseDriver]&amp;#27;[39m Waiting up to 10000 ms for condition
[debug] &amp;#27;[35m[WD Proxy]&amp;#27;[39m Matched &apos;/elements&apos; to command name &apos;findElements&apos;
[debug] &amp;#27;[35m[WD Proxy]&amp;#27;[39m Proxying [POST /elements] to [POST http://127.0.0.1:8208/wd/hub/session/22986c3e-0457-4282-a9bd-7769b1383906/elements] with body: {&quot;strategy&quot;:&quot;class name&quot;,&quot;selector&quot;:&quot;android.widget.Button&quot;,&quot;context&quot;:&quot;&quot;,&quot;multiple&quot;:true}
[debug] &amp;#27;[35m[WD Proxy]&amp;#27;[39m Got response with status 200: {&quot;sessionId&quot;:&quot;22986c3e-0457-4282-a9bd-7769b1383906&quot;,&quot;value&quot;:[{&quot;ELEMENT&quot;:&quot;51b0300a-1744-4e7e-8804-5d18134b0db2&quot;,&quot;element-6066-11e4-a52e-4f735466cecf&quot;:&quot;51b0300a-1744-4e7e-8804-5d18134b0db2&quot;},{&quot;ELEMENT&quot;:&quot;cc8cfa86-6b2d-4d88-9b3d-d3474b211f14&quot;,&quot;element-6066-11e4-a52e-4f735466cecf&quot;:&quot;cc8cfa86-6b2d-4d88-9b3d-d3474b211f14&quot;},{&quot;ELEMENT&quot;:&quot;a0c54299-1003-4bcb-95fa-8403d519f6a2&quot;,&quot;element-6066-11e4-a52e-4f735466cecf&quot;:&quot;a0c54299-1003-4bcb-95fa-8403d519f6a2&quot;},{&quot;ELEMENT&quot;:&quot;817dcad1-e22e-403b-8dd7-19185ad4c8eb&quot;,&quot;element-6066-11e4-a52e-4f735466cecf&quot;:&quot;817dcad1-e22e-403b-8dd7-19185ad4c8eb&quot;},{&quot;ELEMENT&quot;:&quot;f31a8c3e-32d7-4e78-9b76-4976593aca65&quot;,&quot;element-6066-11e4-a52e-4f735466cecf&quot;:&quot;f31a8c3e-32d7-4e78-9b76-4976593aca65&quot;},{&quot;ELEMENT&quot;:&quot;a8def45b-4cc2-4920-aea2-d0297f54b516&quot;,&quot;element-6066-11e4-a52e-4f735466cecf&quot;:&quot;a8def45b-4cc2-4920-aea2-d0297f54b516&quot;},{&quot;ELEMENT&quot;:&quot;1b8f4f5a-7116-441d-b021-9cc26bf71cdd&quot;,&quot;element-6066-11e4-a52e-4f735466cecf&quot;:&quot;1b8f4f5a-7116-441d-b021-9cc26bf71cdd&quot;},{&quot;ELEMENT&quot;:&quot;9d286601-fd17-484b-be10-866988deb306&quot;,&quot;element-6066-...
[debug] &amp;#27;[35m[W3C (c45864b3)]&amp;#27;[39m Responding to client with driver.findElements() result: [{&quot;element-6066-11e4-a52e-4f735466cecf&quot;:&quot;51b0300a-1744-4e7e-8804-5d18134b0db2&quot;,&quot;ELEMENT&quot;:&quot;51b0300a-1744-4e7e-8804-5d18134b0db2&quot;},{&quot;element-6066-11e4-a52e-4f735466cecf&quot;:&quot;cc8cfa86-6b2d-4d88-9b3d-d3474b211f14&quot;,&quot;ELEMENT&quot;:&quot;cc8cfa86-6b2d-4d88-9b3d-d3474b211f14&quot;},{&quot;element-6066-11e4-a52e-4f735466cecf&quot;:&quot;a0c54299-1003-4bcb-95fa-8403d519f6a2&quot;,&quot;ELEMENT&quot;:&quot;a0c54299-1003-4bcb-95fa-8403d519f6a2&quot;},{&quot;element-6066-11e4-a52e-4f735466cecf&quot;:&quot;817dcad1-e22e-403b-8dd7-19185ad4c8eb&quot;,&quot;ELEMENT&quot;:&quot;817dcad1-e22e-403b-8dd7-19185ad4c8eb&quot;},{&quot;element-6066-11e4-a52e-4f735466cecf&quot;:&quot;f31a8c3e-32d7-4e78-9b76-4976593aca65&quot;,&quot;ELEMENT&quot;:&quot;f31a8c3e-32d7-4e78-9b76-4976593aca65&quot;},{&quot;element-6066-11e4-a52e-4f735466cecf&quot;:&quot;a8def45b-4cc2-4920-aea2-d0297f54b516&quot;,&quot;ELEMENT&quot;:&quot;a8def45b-4cc2-4920-aea2-d0297f54b516&quot;},{&quot;element-6066-11e4-a52e-4f735466cecf&quot;:&quot;1b8f4f5a-7116-441d-b021-9cc26bf71cdd&quot;,&quot;ELEMENT&quot;:&quot;1b8f4f5a-7116-441d-b021-9cc26bf71cdd&quot;},{&quot;element-6066-11e4-a52e-4f735466cecf&quot;:&quot;9d286601-fd17-484b-be10-866988deb306&quot;,&quot;ELEMENT&quot;:&quot;9d286601-fd17-484b-be10-866988deb30...
&amp;#27;[35m[HTTP]&amp;#27;[39m &amp;#27;[37m&lt;-- POST /wd/hub/session/c45864b3-cca5-4f67-acb5-0a83e84833a4/elements &amp;#27;[39m&amp;#27;[32m200&amp;#27;[39m &amp;#27;[90m592 ms - 2571&amp;#27;[39m
&amp;#27;[35m[HTTP]&amp;#27;[39m &amp;#27;[90m&amp;#27;[39m
&amp;#27;[35m[HTTP]&amp;#27;[39m &amp;#27;[37m--&gt;&amp;#27;[39m &amp;#27;[37mPOST&amp;#27;[39m &amp;#27;[37m/wd/hub/session/c45864b3-cca5-4f67-acb5-0a83e84833a4/element/7168ae97-9a62-4d06-b256-23cc8f5a4a8a/click&amp;#27;[39m
&amp;#27;[35m[HTTP]&amp;#27;[39m &amp;#27;[90m{&quot;id&quot;:&quot;7168ae97-9a62-4d06-b256-23cc8f5a4a8a&quot;}&amp;#27;[39m
[debug] &amp;#27;[35m[W3C (c45864b3)]&amp;#27;[39m Calling AppiumDriver.click() with args: [&quot;7168ae97-9a62-4d06-b256-23cc8f5a4a8a&quot;,&quot;c45864b3-cca5-4f67-acb5-0a83e84833a4&quot;]
[debug] &amp;#27;[35m[WD Proxy]&amp;#27;[39m Matched &apos;/element/7168ae97-9a62-4d06-b256-23cc8f5a4a8a/click&apos; to command name &apos;click&apos;
[debug] &amp;#27;[35m[WD Proxy]&amp;#27;[39m Proxying [POST /element/7168ae97-9a62-4d06-b256-23cc8f5a4a8a/click] to [POST http://127.0.0.1:8208/wd/hub/session/22986c3e-0457-4282-a9bd-7769b1383906/element/7168ae97-9a62-4d06-b256-23cc8f5a4a8a/click] with body: {&quot;element&quot;:&quot;7168ae97-9a62-4d06-b256-23cc8f5a4a8a&quot;}
[debug] &amp;#27;[35m[WD Proxy]&amp;#27;[39m Got response with status 200: {&quot;sessionId&quot;:&quot;22986c3e-0457-4282-a9bd-7769b1383906&quot;,&quot;value&quot;:null}
[debug] &amp;#27;[35m[W3C (c45864b3)]&amp;#27;[39m Responding to client with driver.click() result: null
&amp;#27;[35m[HTTP]&amp;#27;[39m &amp;#27;[37m&lt;-- POST /wd/hub/session/c45864b3-cca5-4f67-acb5-0a83e84833a4/element/7168ae97-9a62-4d06-b256-23cc8f5a4a8a/click &amp;#27;[39m&amp;#27;[32m200&amp;#27;[39m &amp;#27;[90m76 ms - 14&amp;#27;[39m
&amp;#27;[35m[HTTP]&amp;#27;[39m &amp;#27;[90m&amp;#27;[39m
&amp;#27;[35m[HTTP]&amp;#27;[39m &amp;#27;[37m--&gt;&amp;#27;[39m &amp;#27;[37mGET&amp;#27;[39m &amp;#27;[37m/wd/hub/session/c45864b3-cca5-4f67-acb5-0a83e84833a4/context&amp;#27;[39m
&amp;#27;[35m[HTTP]&amp;#27;[39m &amp;#27;[90m{}&amp;#27;[39m
[debug] &amp;#27;[35m[W3C (c45864b3)]&amp;#27;[39m Calling AppiumDriver.getCurrentContext() with args: [&quot;c45864b3-cca5-4f67-acb5-0a83e84833a4&quot;]
[debug] &amp;#27;[35m[W3C (c45864b3)]&amp;#27;[39m Responding to client with driver.getCurrentContext() result: &quot;NATIVE_APP&quot;
&amp;#27;[35m[HTTP]&amp;#27;[39m &amp;#27;[37m&lt;-- GET /wd/hub/session/c45864b3-cca5-4f67-acb5-0a83e84833a4/context &amp;#27;[39m&amp;#27;[32m200&amp;#27;[39m &amp;#27;[90m2 ms - 22&amp;#27;[39m
&amp;#27;[35m[HTTP]&amp;#27;[39m &amp;#27;[90m&amp;#27;[39m
&amp;#27;[35m[HTTP]&amp;#27;[39m &amp;#27;[37m--&gt;&amp;#27;[39m &amp;#27;[37mPOST&amp;#27;[39m &amp;#27;[37m/wd/hub/session/c45864b3-cca5-4f67-acb5-0a83e84833a4/element&amp;#27;[39m
&amp;#27;[35m[HTTP]&amp;#27;[39m &amp;#27;[90m{&quot;using&quot;:&quot;id&quot;,&quot;value&quot;:&quot;com.sec.android.app.popupcalculator:id/calc_edt_formula&quot;}&amp;#27;[39m
[debug] &amp;#27;[35m[W3C (c45864b3)]&amp;#27;[39m Calling AppiumDriver.findElement() with args: [&quot;id&quot;,&quot;com.sec.android.app.popupcalculator:id/calc_edt_formula&quot;,&quot;c45864b3-cca5-4f67-acb5-0a83e84833a4&quot;]
[debug] &amp;#27;[35m[BaseDriver]&amp;#27;[39m Valid locator strategies for this request: xpath, id, class name, accessibility id, -android uiautomator
[debug] &amp;#27;[35m[BaseDriver]&amp;#27;[39m Waiting up to 10000 ms for condition
[debug] &amp;#27;[35m[WD Proxy]&amp;#27;[39m Matched &apos;/element&apos; to command name &apos;findElement&apos;
[debug] &amp;#27;[35m[WD Proxy]&amp;#27;[39m Proxying [POST /element] to [POST http://127.0.0.1:8208/wd/hub/session/22986c3e-0457-4282-a9bd-7769b1383906/element] with body: {&quot;strategy&quot;:&quot;id&quot;,&quot;selector&quot;:&quot;com.sec.android.app.popupcalculator:id/calc_edt_formula&quot;,&quot;context&quot;:&quot;&quot;,&quot;multiple&quot;:false}
[debug] &amp;#27;[35m[WD Proxy]&amp;#27;[39m Got response with status 200: {&quot;sessionId&quot;:&quot;22986c3e-0457-4282-a9bd-7769b1383906&quot;,&quot;value&quot;:{&quot;ELEMENT&quot;:&quot;725c5564-20ed-4937-ab16-794b31b50e3c&quot;,&quot;element-6066-11e4-a52e-4f735466cecf&quot;:&quot;725c5564-20ed-4937-ab16-794b31b50e3c&quot;}}
[debug] &amp;#27;[35m[W3C (c45864b3)]&amp;#27;[39m Responding to client with driver.findElement() result: {&quot;element-6066-11e4-a52e-4f735466cecf&quot;:&quot;725c5564-20ed-4937-ab16-794b31b50e3c&quot;,&quot;ELEMENT&quot;:&quot;725c5564-20ed-4937-ab16-794b31b50e3c&quot;}
&amp;#27;[35m[HTTP]&amp;#27;[39m &amp;#27;[37m&lt;-- POST /wd/hub/session/c45864b3-cca5-4f67-acb5-0a83e84833a4/element &amp;#27;[39m&amp;#27;[32m200&amp;#27;[39m &amp;#27;[90m687 ms - 137&amp;#27;[39m
&amp;#27;[35m[HTTP]&amp;#27;[39m &amp;#27;[90m&amp;#27;[39m
&amp;#27;[35m[HTTP]&amp;#27;[39m &amp;#27;[37m--&gt;&amp;#27;[39m &amp;#27;[37mGET&amp;#27;[39m &amp;#27;[37m/wd/hub/session/c45864b3-cca5-4f67-acb5-0a83e84833a4/element/725c5564-20ed-4937-ab16-794b31b50e3c/attribute/text&amp;#27;[39m
&amp;#27;[35m[HTTP]&amp;#27;[39m &amp;#27;[90m{}&amp;#27;[39m
[debug] &amp;#27;[35m[W3C (c45864b3)]&amp;#27;[39m Calling AppiumDriver.getAttribute() with args: [&quot;text&quot;,&quot;725c5564-20ed-4937-ab16-794b31b50e3c&quot;,&quot;c45864b3-cca5-4f67-acb5-0a83e84833a4&quot;]
[debug] &amp;#27;[35m[WD Proxy]&amp;#27;[39m Matched &apos;/element/725c5564-20ed-4937-ab16-794b31b50e3c/attribute/text&apos; to command name &apos;getAttribute&apos;
[debug] &amp;#27;[35m[WD Proxy]&amp;#27;[39m Proxying [GET /element/725c5564-20ed-4937-ab16-794b31b50e3c/attribute/text] to [GET http://127.0.0.1:8208/wd/hub/session/22986c3e-0457-4282-a9bd-7769b1383906/element/725c5564-20ed-4937-ab16-794b31b50e3c/attribute/text] with no body
[debug] &amp;#27;[35m[WD Proxy]&amp;#27;[39m Got response with status 200: {&quot;sessionId&quot;:&quot;22986c3e-0457-4282-a9bd-7769b1383906&quot;,&quot;value&quot;:&quot;123+456&quot;}
[debug] &amp;#27;[35m[W3C (c45864b3)]&amp;#27;[39m Responding to client with driver.getAttribute() result: &quot;123+456&quot;
&amp;#27;[35m[HTTP]&amp;#27;[39m &amp;#27;[37m&lt;-- GET /wd/hub/session/c45864b3-cca5-4f67-acb5-0a83e84833a4/element/725c5564-20ed-4937-ab16-794b31b50e3c/attribute/text &amp;#27;[39m&amp;#27;[32m200&amp;#27;[39m &amp;#27;[90m49 ms - 19&amp;#27;[39m
&amp;#27;[35m[HTTP]&amp;#27;[39m &amp;#27;[90m&amp;#27;[39m
&amp;#27;[35m[HTTP]&amp;#27;[39m &amp;#27;[37m--&gt;&amp;#27;[39m &amp;#27;[37mGET&amp;#27;[39m &amp;#27;[37m/wd/hub/session/c45864b3-cca5-4f67-acb5-0a83e84833a4/context&amp;#27;[39m
&amp;#27;[35m[HTTP]&amp;#27;[39m &amp;#27;[90m{}&amp;#27;[39m
[debug] &amp;#27;[35m[W3C (c45864b3)]&amp;#27;[39m Calling AppiumDriver.getCurrentContext() with args: [&quot;c45864b3-cca5-4f67-acb5-0a83e84833a4&quot;]
[debug] &amp;#27;[35m[W3C (c45864b3)]&amp;#27;[39m Responding to client with driver.getCurrentContext() result: &quot;NATIVE_APP&quot;
&amp;#27;[35m[HTTP]&amp;#27;[39m &amp;#27;[37m&lt;-- GET /wd/hub/session/c45864b3-cca5-4f67-acb5-0a83e84833a4/context &amp;#27;[39m&amp;#27;[32m200&amp;#27;[39m &amp;#27;[90m3 ms - 22&amp;#27;[39m
&amp;#27;[35m[HTTP]&amp;#27;[39m &amp;#27;[90m&amp;#27;[39m
&amp;#27;[35m[HTTP]&amp;#27;[39m &amp;#27;[37m--&gt;&amp;#27;[39m &amp;#27;[37mPOST&amp;#27;[39m &amp;#27;[37m/wd/hub/session/c45864b3-cca5-4f67-acb5-0a83e84833a4/elements&amp;#27;[39m
&amp;#27;[35m[HTTP]&amp;#27;[39m &amp;#27;[90m{&quot;using&quot;:&quot;class name&quot;,&quot;value&quot;:&quot;android.widget.Button&quot;}&amp;#27;[39m
[debug] &amp;#27;[35m[W3C (c45864b3)]&amp;#27;[39m Calling AppiumDriver.findElements() with args: [&quot;class name&quot;,&quot;android.widget.Button&quot;,&quot;c45864b3-cca5-4f67-acb5-0a83e84833a4&quot;]
[debug] &amp;#27;[35m[BaseDriver]&amp;#27;[39m Valid locator strategies for this request: xpath, id, class name, accessibility id, -android uiautomator
[debug] &amp;#27;[35m[BaseDriver]&amp;#27;[39m Waiting up to 10000 ms for condition
[debug] &amp;#27;[35m[WD Proxy]&amp;#27;[39m Matched &apos;/elements&apos; to command name &apos;findElements&apos;
[debug] &amp;#27;[35m[WD Proxy]&amp;#27;[39m Proxying [POST /elements] to [POST http://127.0.0.1:8208/wd/hub/session/22986c3e-0457-4282-a9bd-7769b1383906/elements] with body: {&quot;strategy&quot;:&quot;class name&quot;,&quot;selector&quot;:&quot;android.widget.Button&quot;,&quot;context&quot;:&quot;&quot;,&quot;multiple&quot;:true}
[debug] &amp;#27;[35m[WD Proxy]&amp;#27;[39m Got response with status 200: {&quot;sessionId&quot;:&quot;22986c3e-0457-4282-a9bd-7769b1383906&quot;,&quot;value&quot;:[{&quot;ELEMENT&quot;:&quot;1cd08456-addf-4106-a662-a030f44080e5&quot;,&quot;element-6066-11e4-a52e-4f735466cecf&quot;:&quot;1cd08456-addf-4106-a662-a030f44080e5&quot;},{&quot;ELEMENT&quot;:&quot;f067b95e-a0c8-44e9-bef3-eaf86b4ce297&quot;,&quot;element-6066-11e4-a52e-4f735466cecf&quot;:&quot;f067b95e-a0c8-44e9-bef3-eaf86b4ce297&quot;},{&quot;ELEMENT&quot;:&quot;bb51c9ea-a23a-4437-ab0c-e68eb73a21e6&quot;,&quot;element-6066-11e4-a52e-4f735466cecf&quot;:&quot;bb51c9ea-a23a-4437-ab0c-e68eb73a21e6&quot;},{&quot;ELEMENT&quot;:&quot;65bcd8c5-e3c9-416e-84c0-62583656a5cb&quot;,&quot;element-6066-11e4-a52e-4f735466cecf&quot;:&quot;65bcd8c5-e3c9-416e-84c0-62583656a5cb&quot;},{&quot;ELEMENT&quot;:&quot;dae4cb1a-bcdd-4161-baac-c329143ea48a&quot;,&quot;element-6066-11e4-a52e-4f735466cecf&quot;:&quot;dae4cb1a-bcdd-4161-baac-c329143ea48a&quot;},{&quot;ELEMENT&quot;:&quot;385fe8f1-f19f-41e3-ac5e-5505db9f76a7&quot;,&quot;element-6066-11e4-a52e-4f735466cecf&quot;:&quot;385fe8f1-f19f-41e3-ac5e-5505db9f76a7&quot;},{&quot;ELEMENT&quot;:&quot;b916f3e9-4ae8-4c57-ac30-616a6df4ae07&quot;,&quot;element-6066-11e4-a52e-4f735466cecf&quot;:&quot;b916f3e9-4ae8-4c57-ac30-616a6df4ae07&quot;},{&quot;ELEMENT&quot;:&quot;5dd7ff0f-f9c6-4512-a7ee-3e894c458fd1&quot;,&quot;element-6066-...
[debug] &amp;#27;[35m[W3C (c45864b3)]&amp;#27;[39m Responding to client with driver.findElements() result: [{&quot;element-6066-11e4-a52e-4f735466cecf&quot;:&quot;1cd08456-addf-4106-a662-a030f44080e5&quot;,&quot;ELEMENT&quot;:&quot;1cd08456-addf-4106-a662-a030f44080e5&quot;},{&quot;element-6066-11e4-a52e-4f735466cecf&quot;:&quot;f067b95e-a0c8-44e9-bef3-eaf86b4ce297&quot;,&quot;ELEMENT&quot;:&quot;f067b95e-a0c8-44e9-bef3-eaf86b4ce297&quot;},{&quot;element-6066-11e4-a52e-4f735466cecf&quot;:&quot;bb51c9ea-a23a-4437-ab0c-e68eb73a21e6&quot;,&quot;ELEMENT&quot;:&quot;bb51c9ea-a23a-4437-ab0c-e68eb73a21e6&quot;},{&quot;element-6066-11e4-a52e-4f735466cecf&quot;:&quot;65bcd8c5-e3c9-416e-84c0-62583656a5cb&quot;,&quot;ELEMENT&quot;:&quot;65bcd8c5-e3c9-416e-84c0-62583656a5cb&quot;},{&quot;element-6066-11e4-a52e-4f735466cecf&quot;:&quot;dae4cb1a-bcdd-4161-baac-c329143ea48a&quot;,&quot;ELEMENT&quot;:&quot;dae4cb1a-bcdd-4161-baac-c329143ea48a&quot;},{&quot;element-6066-11e4-a52e-4f735466cecf&quot;:&quot;385fe8f1-f19f-41e3-ac5e-5505db9f76a7&quot;,&quot;ELEMENT&quot;:&quot;385fe8f1-f19f-41e3-ac5e-5505db9f76a7&quot;},{&quot;element-6066-11e4-a52e-4f735466cecf&quot;:&quot;b916f3e9-4ae8-4c57-ac30-616a6df4ae07&quot;,&quot;ELEMENT&quot;:&quot;b916f3e9-4ae8-4c57-ac30-616a6df4ae07&quot;},{&quot;element-6066-11e4-a52e-4f735466cecf&quot;:&quot;5dd7ff0f-f9c6-4512-a7ee-3e894c458fd1&quot;,&quot;ELEMENT&quot;:&quot;5dd7ff0f-f9c6-4512-a7ee-3e894c458fd...
&amp;#27;[35m[HTTP]&amp;#27;[39m &amp;#27;[37m&lt;-- POST /wd/hub/session/c45864b3-cca5-4f67-acb5-0a83e84833a4/elements &amp;#27;[39m&amp;#27;[32m200&amp;#27;[39m &amp;#27;[90m57 ms - 2571&amp;#27;[39m
&amp;#27;[35m[HTTP]&amp;#27;[39m &amp;#27;[90m&amp;#27;[39m
&amp;#27;[35m[HTTP]&amp;#27;[39m &amp;#27;[37m--&gt;&amp;#27;[39m &amp;#27;[37mPOST&amp;#27;[39m &amp;#27;[37m/wd/hub/session/c45864b3-cca5-4f67-acb5-0a83e84833a4/element/2e454077-d097-49b7-bd6d-b6612299204b/click&amp;#27;[39m
&amp;#27;[35m[HTTP]&amp;#27;[39m &amp;#27;[90m{&quot;id&quot;:&quot;2e454077-d097-49b7-bd6d-b6612299204b&quot;}&amp;#27;[39m
[debug] &amp;#27;[35m[W3C (c45864b3)]&amp;#27;[39m Calling AppiumDriver.click() with args: [&quot;2e454077-d097-49b7-bd6d-b6612299204b&quot;,&quot;c45864b3-cca5-4f67-acb5-0a83e84833a4&quot;]
[debug] &amp;#27;[35m[WD Proxy]&amp;#27;[39m Matched &apos;/element/2e454077-d097-49b7-bd6d-b6612299204b/click&apos; to command name &apos;click&apos;
[debug] &amp;#27;[35m[WD Proxy]&amp;#27;[39m Proxying [POST /element/2e454077-d097-49b7-bd6d-b6612299204b/click] to [POST http://127.0.0.1:8208/wd/hub/session/22986c3e-0457-4282-a9bd-7769b1383906/element/2e454077-d097-49b7-bd6d-b6612299204b/click] with body: {&quot;element&quot;:&quot;2e454077-d097-49b7-bd6d-b6612299204b&quot;}
[debug] &amp;#27;[35m[WD Proxy]&amp;#27;[39m Got response with status 200: {&quot;sessionId&quot;:&quot;22986c3e-0457-4282-a9bd-7769b1383906&quot;,&quot;value&quot;:null}
[debug] &amp;#27;[35m[W3C (c45864b3)]&amp;#27;[39m Responding to client with driver.click() result: null
&amp;#27;[35m[HTTP]&amp;#27;[39m &amp;#27;[37m&lt;-- POST /wd/hub/session/c45864b3-cca5-4f67-acb5-0a83e84833a4/element/2e454077-d097-49b7-bd6d-b6612299204b/click &amp;#27;[39m&amp;#27;[32m200&amp;#27;[39m &amp;#27;[90m71 ms - 14&amp;#27;[39m
&amp;#27;[35m[HTTP]&amp;#27;[39m &amp;#27;[90m&amp;#27;[39m
&amp;#27;[35m[HTTP]&amp;#27;[39m &amp;#27;[37m--&gt;&amp;#27;[39m &amp;#27;[37mGET&amp;#27;[39m &amp;#27;[37m/wd/hub/session/c45864b3-cca5-4f67-acb5-0a83e84833a4/context&amp;#27;[39m
&amp;#27;[35m[HTTP]&amp;#27;[39m &amp;#27;[90m{}&amp;#27;[39m
[debug] &amp;#27;[35m[W3C (c45864b3)]&amp;#27;[39m Calling AppiumDriver.getCurrentContext() with args: [&quot;c45864b3-cca5-4f67-acb5-0a83e84833a4&quot;]
[debug] &amp;#27;[35m[W3C (c45864b3)]&amp;#27;[39m Responding to client with driver.getCurrentContext() result: &quot;NATIVE_APP&quot;
&amp;#27;[35m[HTTP]&amp;#27;[39m &amp;#27;[37m&lt;-- GET /wd/hub/session/c45864b3-cca5-4f67-acb5-0a83e84833a4/context &amp;#27;[39m&amp;#27;[32m200&amp;#27;[39m &amp;#27;[90m2 ms - 22&amp;#27;[39m
&amp;#27;[35m[HTTP]&amp;#27;[39m &amp;#27;[90m&amp;#27;[39m
&amp;#27;[35m[HTTP]&amp;#27;[39m &amp;#27;[37m--&gt;&amp;#27;[39m &amp;#27;[37mPOST&amp;#27;[39m &amp;#27;[37m/wd/hub/session/c45864b3-cca5-4f67-acb5-0a83e84833a4/element&amp;#27;[39m
&amp;#27;[35m[HTTP]&amp;#27;[39m &amp;#27;[90m{&quot;using&quot;:&quot;id&quot;,&quot;value&quot;:&quot;com.sec.android.app.popupcalculator:id/calc_edt_formula&quot;}&amp;#27;[39m
[debug] &amp;#27;[35m[W3C (c45864b3)]&amp;#27;[39m Calling AppiumDriver.findElement() with args: [&quot;id&quot;,&quot;com.sec.android.app.popupcalculator:id/calc_edt_formula&quot;,&quot;c45864b3-cca5-4f67-acb5-0a83e84833a4&quot;]
[debug] &amp;#27;[35m[BaseDriver]&amp;#27;[39m Valid locator strategies for this request: xpath, id, class name, accessibility id, -android uiautomator
[debug] &amp;#27;[35m[BaseDriver]&amp;#27;[39m Waiting up to 10000 ms for condition
[debug] &amp;#27;[35m[WD Proxy]&amp;#27;[39m Matched &apos;/element&apos; to command name &apos;findElement&apos;
[debug] &amp;#27;[35m[WD Proxy]&amp;#27;[39m Proxying [POST /element] to [POST http://127.0.0.1:8208/wd/hub/session/22986c3e-0457-4282-a9bd-7769b1383906/element] with body: {&quot;strategy&quot;:&quot;id&quot;,&quot;selector&quot;:&quot;com.sec.android.app.popupcalculator:id/calc_edt_formula&quot;,&quot;context&quot;:&quot;&quot;,&quot;multiple&quot;:false}
[debug] &amp;#27;[35m[WD Proxy]&amp;#27;[39m Got response with status 200: {&quot;sessionId&quot;:&quot;22986c3e-0457-4282-a9bd-7769b1383906&quot;,&quot;value&quot;:{&quot;ELEMENT&quot;:&quot;621abe59-e88d-424b-8fcd-cf14372b44e0&quot;,&quot;element-6066-11e4-a52e-4f735466cecf&quot;:&quot;621abe59-e88d-424b-8fcd-cf14372b44e0&quot;}}
[debug] &amp;#27;[35m[W3C (c45864b3)]&amp;#27;[39m Responding to client with driver.findElement() result: {&quot;element-6066-11e4-a52e-4f735466cecf&quot;:&quot;621abe59-e88d-424b-8fcd-cf14372b44e0&quot;,&quot;ELEMENT&quot;:&quot;621abe59-e88d-424b-8fcd-cf14372b44e0&quot;}
&amp;#27;[35m[HTTP]&amp;#27;[39m &amp;#27;[37m&lt;-- POST /wd/hub/session/c45864b3-cca5-4f67-acb5-0a83e84833a4/element &amp;#27;[39m&amp;#27;[32m200&amp;#27;[39m &amp;#27;[90m616 ms - 137&amp;#27;[39m
&amp;#27;[35m[HTTP]&amp;#27;[39m &amp;#27;[90m&amp;#27;[39m
&amp;#27;[35m[HTTP]&amp;#27;[39m &amp;#27;[37m--&gt;&amp;#27;[39m &amp;#27;[37mGET&amp;#27;[39m &amp;#27;[37m/wd/hub/session/c45864b3-cca5-4f67-acb5-0a83e84833a4/element/621abe59-e88d-424b-8fcd-cf14372b44e0/attribute/text&amp;#27;[39m
&amp;#27;[35m[HTTP]&amp;#27;[39m &amp;#27;[90m{}&amp;#27;[39m
[debug] &amp;#27;[35m[W3C (c45864b3)]&amp;#27;[39m Calling AppiumDriver.getAttribute() with args: [&quot;text&quot;,&quot;621abe59-e88d-424b-8fcd-cf14372b44e0&quot;,&quot;c45864b3-cca5-4f67-acb5-0a83e84833a4&quot;]
[debug] &amp;#27;[35m[WD Proxy]&amp;#27;[39m Matched &apos;/element/621abe59-e88d-424b-8fcd-cf14372b44e0/attribute/text&apos; to command name &apos;getAttribute&apos;
[debug] &amp;#27;[35m[WD Proxy]&amp;#27;[39m Proxying [GET /element/621abe59-e88d-424b-8fcd-cf14372b44e0/attribute/text] to [GET http://127.0.0.1:8208/wd/hub/session/22986c3e-0457-4282-a9bd-7769b1383906/element/621abe59-e88d-424b-8fcd-cf14372b44e0/attribute/text] with no body
[debug] &amp;#27;[35m[WD Proxy]&amp;#27;[39m Got response with status 200: {&quot;sessionId&quot;:&quot;22986c3e-0457-4282-a9bd-7769b1383906&quot;,&quot;value&quot;:&quot;579&quot;}
[debug] &amp;#27;[35m[W3C (c45864b3)]&amp;#27;[39m Responding to client with driver.getAttribute() result: 579
123+456
[Ljava.lang.String;@2f162cc0
579
579
&quot;579&quot;
&amp;#27;[35m[HTTP]&amp;#27;[39m &amp;#27;[37m&lt;-- GET /wd/hub/session/c45864b3-cca5-4f67-acb5-0a83e84833a4/element/621abe59-e88d-424b-8fcd-cf14372b44e0/attribute/text &amp;#27;[39m&amp;#27;[32m200&amp;#27;[39m &amp;#27;[90m42 ms - 15&amp;#27;[39m
&amp;#27;[35m[HTTP]&amp;#27;[39m &amp;#27;[90m&amp;#27;[39m
&amp;#27;[35m[HTTP]&amp;#27;[39m &amp;#27;[37m--&gt;&amp;#27;[39m &amp;#27;[37mGET&amp;#27;[39m &amp;#27;[37m/wd/hub/session/c45864b3-cca5-4f67-acb5-0a83e84833a4/screenshot&amp;#27;[39m
&amp;#27;[35m[HTTP]&amp;#27;[39m &amp;#27;[90m{}&amp;#27;[39m
[debug] &amp;#27;[35m[W3C (c45864b3)]&amp;#27;[39m Calling AppiumDriver.getScreenshot() with args: [&quot;c45864b3-cca5-4f67-acb5-0a83e84833a4&quot;]
[debug] &amp;#27;[35m[WD Proxy]&amp;#27;[39m Matched &apos;/screenshot&apos; to command name &apos;getScreenshot&apos;
[debug] &amp;#27;[35m[WD Proxy]&amp;#27;[39m Proxying [GET /screenshot] to [GET http://127.0.0.1:8208/wd/hub/session/22986c3e-0457-4282-a9bd-7769b1383906/screenshot] with no body
[debug] &amp;#27;[35m[WD Proxy]&amp;#27;[39m Got response with status 200: {&quot;sessionId&quot;:&quot;22986c3e-0457-4282-a9bd-7769b1383906&quot;,&quot;value&quot;:&quot;iVBORw0KGgoAAAANSUhEUgAABDgAAAjoCAYAAAA5jhrUAAAAAXNSR0IArs4c6QAAAARzQklUCAgI\nCHwIZIgAACAASURBVHic7N15fJTlvffx7z2ThGSykgAJhLCHRZZggRpAAUMRFawWwbb2KFQ5Wq2t\nQk/7HFvb0556uvjUpadHixZbxeU8imirgCgSFdEAUklAAQkCkrAEkpCE7JnM/fwxzJhJZpJJMkm4\nzefdly8yc2/XhNDJ/Z3f9bsMp9NpCgAAAAAAwMJsPT0AAAAAAACAziLgAAAAAAAAlkfAAQAAAAAA\nLI+AAwAAAAAAWB4BBwAAAAAAsDwCDgAAAAAAYHkEHAAAAAAAwPIIOAAAAAAAgOURcAAAAAAAAMsj\n4AAAAAAAAJZHwAEAAAAAACyPgAMAAAAAAFgeAQcAAAAAALA8Ag4AAAAAAGB5BBwAAAAAAMDyCDgA\nAAAAAIDlEXAAAAAAAADLI+AAAAAAAACWR8ABAAAAAAAsj4ADAAAAAABYHgEHAAAAAACwPAIOAAAA\nAABgeQQcAAAAAADA8gg4AAAAAACA5RFwAAAAAAAAyyPgAAAAAAAAlkfAAQAAAAAALI+AAwAAAAAA\nWB4BBwAAAAAAsDwCDgAAAAAAYHkEHAAAAAAAwPIIOAAAAAAAgOURcAAAAAAAAMsj4AAAAAAAAJZH\nwAEAAAAAACyPgAMAAAAAAFgeAQcAAAAAALA8Ag4AAAAAAGB5BBwAAAAAAMDyCDgAAAAAAIDlEXAA\nAAAAAADLI+AAAAAAAACWR8ABAAAAAAAsj4ADAAAAAABYHgEHAAAAAACwPAIOAAAAAABgeQQcAAAA\nAADA8gg4AAAAAACA5YX19ACATjFdkuHO6YySbXIdeVJG6W6ZDedkhPeXkTxbrhHLZcSm++wLAAAA\nAPhyMZxOp9nTgwDaxTQlmdKp...
[debug] &amp;#27;[35m[W3C (c45864b3)]&amp;#27;[39m Responding to client with driver.getScreenshot() result: &quot;iVBORw0KGgoAAAANSUhEUgAABDgAAAjoCAYAAAA5jhrUAAAAAXNSR0IArs4c6QAAAARzQklUCAgI\nCHwIZIgAACAASURBVHic7N15fJTlvffx7z2ThGSykgAJhLCHRZZggRpAAUMRFawWwbb2KFQ5Wq2t\nQk/7HFvb0556uvjUpadHixZbxeU8imirgCgSFdEAUklAAQkCkrAEkpCE7JnM/fwxzJhJZpJJMkm4\nzefdly8yc2/XhNDJ/Z3f9bsMp9NpCgAAAAAAwMJsPT0AAAAAAACAziLgAAAAAAAAlkfAAQAAAAAA\nLI+AAwAAAAAAWB4BBwAAAAAAsDwCDgAAAAAAYHkEHAAAAAAAwPIIOAAAAAAAgOURcAAAAAAAAMsj\n4AAAAAAAAJZHwAEAAAAAACyPgAMAAAAAAFgeAQcAAAAAALA8Ag4AAAAAAGB5BBwAAAAAAMDyCDgA\nAAAAAIDlEXAAAAAAAADLI+AAAAAAAACWR8ABAAAAAAAsj4ADAAAAAABYHgEHAAAAAACwPAIOAAAA\nAABgeQQcAAAAAADA8gg4AAAAAACA5RFwAAAAAAAAyyPgAAAAAAAAlkfAAQAAAAAALI+AAwAAAAAA\nWB4BBwAAAAAAsDwCDgAAAAAAYHkEHAAAAAAAwPIIOAAAAAAAgOURcAAAAAAAAMsj4AAAAAAAAJZH\nwAEAAAAAACyPgAMAAAAAAFgeAQcAAAAAALA8Ag4AAAAAAGB5BBwAAAAAAMDyCDgAAAAAAIDlEXAA\nAAAAAADLI+AAAAAAAACWR8ABAAAAAAAsj4ADAAAAAABYHgEHAAAAAACwPAIOAAAAAABgeQQcAAAA\nAADA8gg4AAAAAACA5YX19ACATjFdkuHO6YySbXIdeVJG6W6ZDedkhPeXkTxbrhHLZcSm++wLAAAA\nAPhyMZxOp9nTgwDaxTQlmdKpl2R8/COp/pxcjTYZrkbJZbq3u87v53J/bZqGbHaXFD1S5iWPSf1n\nEnYAAA...
&amp;#27;[35m[HTTP]&amp;#27;[39m &amp;#27;[37m&lt;-- GET /wd/hub/session/c45864b3-cca5-4f67-acb5-0a83e84833a4/screenshot &amp;#27;[39m&amp;#27;[32m200&amp;#27;[39m &amp;#27;[90m494 ms - 155726&amp;#27;[39m
&amp;#27;[35m[HTTP]&amp;#27;[39m &amp;#27;[90m&amp;#27;[39m
&amp;#27;[35m[HTTP]&amp;#27;[39m &amp;#27;[37m--&gt;&amp;#27;[39m &amp;#27;[37mPOST&amp;#27;[39m &amp;#27;[37m/wd/hub/session/c45864b3-cca5-4f67-acb5-0a83e84833a4/appium/app/close&amp;#27;[39m
&amp;#27;[35m[HTTP]&amp;#27;[39m &amp;#27;[90m{}&amp;#27;[39m
[debug] &amp;#27;[35m[W3C (c45864b3)]&amp;#27;[39m Calling AppiumDriver.closeApp() with args: [&quot;c45864b3-cca5-4f67-acb5-0a83e84833a4&quot;]
[debug] &amp;#27;[35m[ADB]&amp;#27;[39m Running &apos;C:\Users\maliniv\AppData\Local\Android\Sdk\platform-tools\adb.exe -P 5037 -s 192.168.1.100\:5555 shell am force-stop com.sec.android.app.popupcalculator&apos;
[debug] &amp;#27;[35m[W3C (c45864b3)]&amp;#27;[39m Responding to client with driver.closeApp() result: null
&amp;#27;[35m[HTTP]&amp;#27;[39m &amp;#27;[37m&lt;-- POST /wd/hub/session/c45864b3-cca5-4f67-acb5-0a83e84833a4/appium/app/close &amp;#27;[39m&amp;#27;[32m200&amp;#27;[39m &amp;#27;[90m217 ms - 14&amp;#27;[39m
&amp;#27;[35m[HTTP]&amp;#27;[39m &amp;#27;[90m&amp;#27;[39m
</system-out>
    <system-err>Dec 29, 2020 7:49:00 AM io.appium.java_client.remote.AppiumCommandExecutor$1 lambda$0
INFO: Detected dialect: W3C
</system-err>
  </testcase>
</testsuite>