<?xml version="1.0" encoding="UTF-8"?>
<testsuite xmlns:xsi="http://www.w3.org/2001/XMLSchema-instance" xsi:noNamespaceSchemaLocation="https://maven.apache.org/surefire/maven-surefire-plugin/xsd/surefire-test-report-3.0.xsd" version="3.0" name="TestSuite" time="43.429" tests="2" errors="0" skipped="0" failures="0">
  <properties>
    <property name="sun.desktop" value="windows"/>
    <property name="awt.toolkit" value="sun.awt.windows.WToolkit"/>
    <property name="file.encoding.pkg" value="sun.io"/>
    <property name="java.specification.version" value="1.8"/>
    <property name="sun.cpu.isalist" value="amd64"/>
    <property name="sun.jnu.encoding" value="Cp1252"/>
    <property name="java.class.path" value="C:\Users\maliniv\Desktop\Technology Upgrade\Appium\MobileBasics\JavaUnderstand\Framework\target\test-classes;C:\Users\maliniv\Desktop\Technology Upgrade\Appium\MobileBasics\JavaUnderstand\Framework\target\classes;C:\Users\maliniv\.m2\repository\io\appium\java-client\7.3.0\java-client-7.3.0.jar;C:\Users\maliniv\.m2\repository\org\seleniumhq\selenium\selenium-support\3.141.59\selenium-support-3.141.59.jar;C:\Users\maliniv\.m2\repository\org\seleniumhq\selenium\selenium-api\3.141.59\selenium-api-3.141.59.jar;C:\Users\maliniv\.m2\repository\com\google\code\gson\gson\2.8.5\gson-2.8.5.jar;C:\Users\maliniv\.m2\repository\org\apache\httpcomponents\httpclient\4.5.9\httpclient-4.5.9.jar;C:\Users\maliniv\.m2\repository\org\apache\httpcomponents\httpcore\4.4.11\httpcore-4.4.11.jar;C:\Users\maliniv\.m2\repository\commons-codec\commons-codec\1.11\commons-codec-1.11.jar;C:\Users\maliniv\.m2\repository\cglib\cglib\3.2.12\cglib-3.2.12.jar;C:\Users\maliniv\.m2\repository\org\ow2\asm\asm\7.1\asm-7.1.jar;C:\Users\maliniv\.m2\repository\org\springframework\spring-context\5.1.8.RELEASE\spring-context-5.1.8.RELEASE.jar;C:\Users\maliniv\.m2\repository\org\springframework\spring-aop\5.1.8.RELEASE\spring-aop-5.1.8.RELEASE.jar;C:\Users\maliniv\.m2\repository\org\springframework\spring-beans\5.1.8.RELEASE\spring-beans-5.1.8.RELEASE.jar;C:\Users\maliniv\.m2\repository\org\springframework\spring-core\5.1.8.RELEASE\spring-core-5.1.8.RELEASE.jar;C:\Users\maliniv\.m2\repository\org\springframework\spring-jcl\5.1.8.RELEASE\spring-jcl-5.1.8.RELEASE.jar;C:\Users\maliniv\.m2\repository\org\springframework\spring-expression\5.1.8.RELEASE\spring-expression-5.1.8.RELEASE.jar;C:\Users\maliniv\.m2\repository\org\aspectj\aspectjweaver\1.9.4\aspectjweaver-1.9.4.jar;C:\Users\maliniv\.m2\repository\org\seleniumhq\selenium\selenium-java\3.141.59\selenium-java-3.141.59.jar;C:\Users\maliniv\.m2\repository\org\seleniumhq\selenium\selenium-chrome-driver\3.141.59\selenium-chrome-driver-3.141.59.jar;C:\Users\maliniv\.m2\repository\org\seleniumhq\selenium\selenium-edge-driver\3.141.59\selenium-edge-driver-3.141.59.jar;C:\Users\maliniv\.m2\repository\org\seleniumhq\selenium\selenium-firefox-driver\3.141.59\selenium-firefox-driver-3.141.59.jar;C:\Users\maliniv\.m2\repository\org\seleniumhq\selenium\selenium-ie-driver\3.141.59\selenium-ie-driver-3.141.59.jar;C:\Users\maliniv\.m2\repository\org\seleniumhq\selenium\selenium-opera-driver\3.141.59\selenium-opera-driver-3.141.59.jar;C:\Users\maliniv\.m2\repository\org\seleniumhq\selenium\selenium-remote-driver\3.141.59\selenium-remote-driver-3.141.59.jar;C:\Users\maliniv\.m2\repository\org\seleniumhq\selenium\selenium-safari-driver\3.141.59\selenium-safari-driver-3.141.59.jar;C:\Users\maliniv\.m2\repository\net\bytebuddy\byte-buddy\1.8.15\byte-buddy-1.8.15.jar;C:\Users\maliniv\.m2\repository\org\apache\commons\commons-exec\1.3\commons-exec-1.3.jar;C:\Users\maliniv\.m2\repository\com\google\guava\guava\25.0-jre\guava-25.0-jre.jar;C:\Users\maliniv\.m2\repository\com\google\code\findbugs\jsr305\1.3.9\jsr305-1.3.9.jar;C:\Users\maliniv\.m2\repository\org\checkerframework\checker-compat-qual\2.0.0\checker-compat-qual-2.0.0.jar;C:\Users\maliniv\.m2\repository\com\google\errorprone\error_prone_annotations\2.1.3\error_prone_annotations-2.1.3.jar;C:\Users\maliniv\.m2\repository\com\google\j2objc\j2objc-annotations\1.1\j2objc-annotations-1.1.jar;C:\Users\maliniv\.m2\repository\org\codehaus\mojo\animal-sniffer-annotations\1.14\animal-sniffer-annotations-1.14.jar;C:\Users\maliniv\.m2\repository\com\squareup\okhttp3\okhttp\3.11.0\okhttp-3.11.0.jar;C:\Users\maliniv\.m2\repository\com\squareup\okio\okio\1.14.0\okio-1.14.0.jar;C:\Users\maliniv\.m2\repository\org\apache\commons\commons-lang3\3.11\commons-lang3-3.11.jar;C:\Users\maliniv\.m2\repository\commons-validator\commons-validator\1.6\commons-validator-1.6.jar;C:\Users\maliniv\.m2\repository\commons-beanutils\commons-beanutils\1.9.2\commons-beanutils-1.9.2.jar;C:\Users\maliniv\.m2\repository\commons-digester\commons-digester\1.8.1\commons-digester-1.8.1.jar;C:\Users\maliniv\.m2\repository\commons-logging\commons-logging\1.2\commons-logging-1.2.jar;C:\Users\maliniv\.m2\repository\commons-collections\commons-collections\3.2.2\commons-collections-3.2.2.jar;C:\Users\maliniv\.m2\repository\commons-io\commons-io\2.7\commons-io-2.7.jar;C:\Users\maliniv\.m2\repository\org\testng\testng\6.14.3\testng-6.14.3.jar;C:\Users\maliniv\.m2\repository\com\beust\jcommander\1.72\jcommander-1.72.jar;C:\Users\maliniv\.m2\repository\org\apache-extras\beanshell\bsh\2.0b6\bsh-2.0b6.jar;C:\Users\maliniv\.m2\repository\com\aventstack\extentreports\4.0.0\extentreports-4.0.0.jar;C:\Users\maliniv\.m2\repository\org\freemarker\freemarker\2.3.23\freemarker-2.3.23.jar;C:\Users\maliniv\.m2\repository\org\mongodb\mongodb-driver\3.3.0\mongodb-driver-3.3.0.jar;C:\Users\maliniv\.m2\repository\org\mongodb\mongodb-driver-core\3.3.0\mongodb-driver-core-3.3.0.jar;C:\Users\maliniv\.m2\repository\org\mongodb\bson\3.3.0\bson-3.3.0.jar;C:\Users\maliniv\.m2\repository\org\apache\httpcomponents\httpmime\4.5.2\httpmime-4.5.2.jar;C:\Users\maliniv\.m2\repository\org\slf4j\slf4j-simple\1.7.30\slf4j-simple-1.7.30.jar;C:\Users\maliniv\.m2\repository\org\slf4j\slf4j-api\1.7.30\slf4j-api-1.7.30.jar;"/>
    <property name="java.vm.vendor" value="Oracle Corporation"/>
    <property name="deviceName" value="GalaxyS10e"/>
    <property name="sun.arch.data.model" value="64"/>
    <property name="user.variant" value=""/>
    <property name="java.vendor.url" value="http://java.oracle.com/"/>
    <property name="user.timezone" value="Australia/Brisbane"/>
    <property name="java.vm.specification.version" value="1.8"/>
    <property name="os.name" value="Windows 8.1"/>
    <property name="user.country" value="US"/>
    <property name="sun.java.launcher" value="SUN_STANDARD"/>
    <property name="sun.boot.library.path" value="C:\Program Files\Java\jdk1.8.0_121\jre\bin"/>
    <property name="sun.java.command" value="C:\Users\maliniv\AppData\Local\Temp\surefire907965620839825586\surefirebooter4393199115086522011.jar C:\Users\maliniv\AppData\Local\Temp\surefire907965620839825586 2020-12-26T15-27-11_020-jvmRun1 surefire1211355668829260308tmp surefire_07509032116227436941tmp"/>
    <property name="surefire.test.class.path" value="C:\Users\maliniv\Desktop\Technology Upgrade\Appium\MobileBasics\JavaUnderstand\Framework\target\test-classes;C:\Users\maliniv\Desktop\Technology Upgrade\Appium\MobileBasics\JavaUnderstand\Framework\target\classes;C:\Users\maliniv\.m2\repository\io\appium\java-client\7.3.0\java-client-7.3.0.jar;C:\Users\maliniv\.m2\repository\org\seleniumhq\selenium\selenium-support\3.141.59\selenium-support-3.141.59.jar;C:\Users\maliniv\.m2\repository\org\seleniumhq\selenium\selenium-api\3.141.59\selenium-api-3.141.59.jar;C:\Users\maliniv\.m2\repository\com\google\code\gson\gson\2.8.5\gson-2.8.5.jar;C:\Users\maliniv\.m2\repository\org\apache\httpcomponents\httpclient\4.5.9\httpclient-4.5.9.jar;C:\Users\maliniv\.m2\repository\org\apache\httpcomponents\httpcore\4.4.11\httpcore-4.4.11.jar;C:\Users\maliniv\.m2\repository\commons-codec\commons-codec\1.11\commons-codec-1.11.jar;C:\Users\maliniv\.m2\repository\cglib\cglib\3.2.12\cglib-3.2.12.jar;C:\Users\maliniv\.m2\repository\org\ow2\asm\asm\7.1\asm-7.1.jar;C:\Users\maliniv\.m2\repository\org\springframework\spring-context\5.1.8.RELEASE\spring-context-5.1.8.RELEASE.jar;C:\Users\maliniv\.m2\repository\org\springframework\spring-aop\5.1.8.RELEASE\spring-aop-5.1.8.RELEASE.jar;C:\Users\maliniv\.m2\repository\org\springframework\spring-beans\5.1.8.RELEASE\spring-beans-5.1.8.RELEASE.jar;C:\Users\maliniv\.m2\repository\org\springframework\spring-core\5.1.8.RELEASE\spring-core-5.1.8.RELEASE.jar;C:\Users\maliniv\.m2\repository\org\springframework\spring-jcl\5.1.8.RELEASE\spring-jcl-5.1.8.RELEASE.jar;C:\Users\maliniv\.m2\repository\org\springframework\spring-expression\5.1.8.RELEASE\spring-expression-5.1.8.RELEASE.jar;C:\Users\maliniv\.m2\repository\org\aspectj\aspectjweaver\1.9.4\aspectjweaver-1.9.4.jar;C:\Users\maliniv\.m2\repository\org\seleniumhq\selenium\selenium-java\3.141.59\selenium-java-3.141.59.jar;C:\Users\maliniv\.m2\repository\org\seleniumhq\selenium\selenium-chrome-driver\3.141.59\selenium-chrome-driver-3.141.59.jar;C:\Users\maliniv\.m2\repository\org\seleniumhq\selenium\selenium-edge-driver\3.141.59\selenium-edge-driver-3.141.59.jar;C:\Users\maliniv\.m2\repository\org\seleniumhq\selenium\selenium-firefox-driver\3.141.59\selenium-firefox-driver-3.141.59.jar;C:\Users\maliniv\.m2\repository\org\seleniumhq\selenium\selenium-ie-driver\3.141.59\selenium-ie-driver-3.141.59.jar;C:\Users\maliniv\.m2\repository\org\seleniumhq\selenium\selenium-opera-driver\3.141.59\selenium-opera-driver-3.141.59.jar;C:\Users\maliniv\.m2\repository\org\seleniumhq\selenium\selenium-remote-driver\3.141.59\selenium-remote-driver-3.141.59.jar;C:\Users\maliniv\.m2\repository\org\seleniumhq\selenium\selenium-safari-driver\3.141.59\selenium-safari-driver-3.141.59.jar;C:\Users\maliniv\.m2\repository\net\bytebuddy\byte-buddy\1.8.15\byte-buddy-1.8.15.jar;C:\Users\maliniv\.m2\repository\org\apache\commons\commons-exec\1.3\commons-exec-1.3.jar;C:\Users\maliniv\.m2\repository\com\google\guava\guava\25.0-jre\guava-25.0-jre.jar;C:\Users\maliniv\.m2\repository\com\google\code\findbugs\jsr305\1.3.9\jsr305-1.3.9.jar;C:\Users\maliniv\.m2\repository\org\checkerframework\checker-compat-qual\2.0.0\checker-compat-qual-2.0.0.jar;C:\Users\maliniv\.m2\repository\com\google\errorprone\error_prone_annotations\2.1.3\error_prone_annotations-2.1.3.jar;C:\Users\maliniv\.m2\repository\com\google\j2objc\j2objc-annotations\1.1\j2objc-annotations-1.1.jar;C:\Users\maliniv\.m2\repository\org\codehaus\mojo\animal-sniffer-annotations\1.14\animal-sniffer-annotations-1.14.jar;C:\Users\maliniv\.m2\repository\com\squareup\okhttp3\okhttp\3.11.0\okhttp-3.11.0.jar;C:\Users\maliniv\.m2\repository\com\squareup\okio\okio\1.14.0\okio-1.14.0.jar;C:\Users\maliniv\.m2\repository\org\apache\commons\commons-lang3\3.11\commons-lang3-3.11.jar;C:\Users\maliniv\.m2\repository\commons-validator\commons-validator\1.6\commons-validator-1.6.jar;C:\Users\maliniv\.m2\repository\commons-beanutils\commons-beanutils\1.9.2\commons-beanutils-1.9.2.jar;C:\Users\maliniv\.m2\repository\commons-digester\commons-digester\1.8.1\commons-digester-1.8.1.jar;C:\Users\maliniv\.m2\repository\commons-logging\commons-logging\1.2\commons-logging-1.2.jar;C:\Users\maliniv\.m2\repository\commons-collections\commons-collections\3.2.2\commons-collections-3.2.2.jar;C:\Users\maliniv\.m2\repository\commons-io\commons-io\2.7\commons-io-2.7.jar;C:\Users\maliniv\.m2\repository\org\testng\testng\6.14.3\testng-6.14.3.jar;C:\Users\maliniv\.m2\repository\com\beust\jcommander\1.72\jcommander-1.72.jar;C:\Users\maliniv\.m2\repository\org\apache-extras\beanshell\bsh\2.0b6\bsh-2.0b6.jar;C:\Users\maliniv\.m2\repository\com\aventstack\extentreports\4.0.0\extentreports-4.0.0.jar;C:\Users\maliniv\.m2\repository\org\freemarker\freemarker\2.3.23\freemarker-2.3.23.jar;C:\Users\maliniv\.m2\repository\org\mongodb\mongodb-driver\3.3.0\mongodb-driver-3.3.0.jar;C:\Users\maliniv\.m2\repository\org\mongodb\mongodb-driver-core\3.3.0\mongodb-driver-core-3.3.0.jar;C:\Users\maliniv\.m2\repository\org\mongodb\bson\3.3.0\bson-3.3.0.jar;C:\Users\maliniv\.m2\repository\org\apache\httpcomponents\httpmime\4.5.2\httpmime-4.5.2.jar;C:\Users\maliniv\.m2\repository\org\slf4j\slf4j-simple\1.7.30\slf4j-simple-1.7.30.jar;C:\Users\maliniv\.m2\repository\org\slf4j\slf4j-api\1.7.30\slf4j-api-1.7.30.jar;"/>
    <property name="sun.cpu.endian" value="little"/>
    <property name="user.home" value="C:\Users\maliniv"/>
    <property name="user.language" value="en"/>
    <property name="java.specification.vendor" value="Oracle Corporation"/>
    <property name="java.home" value="C:\Program Files\Java\jdk1.8.0_121\jre"/>
    <property name="basedir" value="C:\Users\maliniv\Desktop\Technology Upgrade\Appium\MobileBasics\JavaUnderstand\Framework"/>
    <property name="file.separator" value="\"/>
    <property name="line.separator" value="&#10;"/>
    <property name="java.vm.specification.vendor" value="Oracle Corporation"/>
    <property name="java.specification.name" value="Java Platform API Specification"/>
    <property name="java.awt.graphicsenv" value="sun.awt.Win32GraphicsEnvironment"/>
    <property name="surefire.real.class.path" value="C:\Users\maliniv\AppData\Local\Temp\surefire907965620839825586\surefirebooter4393199115086522011.jar"/>
    <property name="sun.boot.class.path" value="C:\Program Files\Java\jdk1.8.0_121\jre\lib\resources.jar;C:\Program Files\Java\jdk1.8.0_121\jre\lib\rt.jar;C:\Program Files\Java\jdk1.8.0_121\jre\lib\sunrsasign.jar;C:\Program Files\Java\jdk1.8.0_121\jre\lib\jsse.jar;C:\Program Files\Java\jdk1.8.0_121\jre\lib\jce.jar;C:\Program Files\Java\jdk1.8.0_121\jre\lib\charsets.jar;C:\Program Files\Java\jdk1.8.0_121\jre\lib\jfr.jar;C:\Program Files\Java\jdk1.8.0_121\jre\classes"/>
    <property name="user.script" value=""/>
    <property name="sun.management.compiler" value="HotSpot 64-Bit Tiered Compilers"/>
    <property name="java.runtime.version" value="1.8.0_121-b13"/>
    <property name="user.name" value="maliniv"/>
    <property name="path.separator" value=";"/>
    <property name="os.version" value="6.3"/>
    <property name="java.endorsed.dirs" value="C:\Program Files\Java\jdk1.8.0_121\jre\lib\endorsed"/>
    <property name="java.runtime.name" value="Java(TM) SE Runtime Environment"/>
    <property name="file.encoding" value="Cp1252"/>
    <property name="java.vm.name" value="Java HotSpot(TM) 64-Bit Server VM"/>
    <property name="localRepository" value="C:\Users\maliniv\.m2\repository"/>
    <property name="java.vendor.url.bug" value="http://bugreport.sun.com/bugreport/"/>
    <property name="java.io.tmpdir" value="C:\Users\maliniv\AppData\Local\Temp\"/>
    <property name="java.version" value="1.8.0_121"/>
    <property name="user.dir" value="C:\Users\maliniv\Desktop\Technology Upgrade\Appium\MobileBasics\JavaUnderstand\Framework"/>
    <property name="os.arch" value="amd64"/>
    <property name="java.vm.specification.name" value="Java Virtual Machine Specification"/>
    <property name="java.awt.printerjob" value="sun.awt.windows.WPrinterJob"/>
    <property name="sun.os.patch.level" value=""/>
    <property name="java.library.path" value="C:\Program Files\Java\jdk1.8.0_121\jre\bin;C:\Windows\Sun\Java\bin;C:\Windows\system32;C:\Windows;C:/Program Files/Java/jre1.8.0_121/bin/server;C:/Program Files/Java/jre1.8.0_121/bin;C:/Program Files/Java/jre1.8.0_121/lib/amd64;C:\ProgramData\Oracle\Java\javapath;C:\Program Files (x86)\Intel\iCLS Client\;C:\Program Files\Intel\iCLS Client\;C:\Windows\system32;C:\Windows;C:\Windows\System32\Wbem;%ANT_HOME%\bin;C:\Users\maliniv\AppData\Local\Android\Sdk\tools;C:\Users\maliniv\Desktop\Technology Upgrade\MAVEN\apache-maven-3.6.3-bin\apache-maven-3.6.3\bin;C:\Program Files\Java\jdk1.8.0_121\bin;C:\Windows\System32\WindowsPowerShell\v1.0\;C:\Program Files\Intel\Intel(R) Management Engine Components\DAL;C:\Program Files (x86)\Intel\Intel(R) Management Engine Components\DAL;C:\Program Files\Intel\Intel(R) Management Engine Components\IPT;C:\Program Files (x86)\Intel\Intel(R) Management Engine Components\IPT;C:\Program Files\Intel\WiFi\bin\;C:\Program Files\Common Files\Intel\WirelessCommon\;C:\Program Files (x86)\Google\Google Apps Sync\;C:\Program Files (x86)\Google\Google Apps Migration\;C:\Program Files\Symantec.cloud\PlatformAgent\;C:\Program Files (x86)\Skype\Phone\;C:\Program Files\nodejs\;C:\Users\maliniv\AppData\Local\Android\Sdk\tools\bin;C:\Users\maliniv\AppData\Local\Android\Sdk\tools;C:\Users\maliniv\AppData\Local\Android\Sdk\platform-tools;C:\Program Files\nodejs\node_modules\npm\bin;C:\Users\maliniv\AppData\Local\Programs\Fiddler;C:\Users\maliniv\AppData\Roaming\npm;C:\Users\maliniv\Desktop\Technology Upgrade;;."/>
    <property name="java.vm.info" value="mixed mode"/>
    <property name="java.vendor" value="Oracle Corporation"/>
    <property name="java.vm.version" value="25.121-b13"/>
    <property name="java.ext.dirs" value="C:\Program Files\Java\jdk1.8.0_121\jre\lib\ext;C:\Windows\Sun\Java\lib\ext"/>
    <property name="sun.io.unicode.encoding" value="UnicodeLittle"/>
    <property name="java.class.version" value="52.0"/>
  </properties>
  <testcase name="writeMobileCalculatorTestScenarios[TestData1](1)" classname="Java.Framework.MobileCalculatorTestScenarios" time="13.292">
    <system-out><![CDATA[******URL + PORT *****http://0.0.0.0:22039/wd/hub
STRING : http://0.0.0.0:22039/wd/hub
URL  : 22039
&amp#27;[35m[Appium]&amp#27;[39m Welcome to Appium v1.18.3
&amp#27;[35m[Appium]&amp#27;[39m Non-default server args:
&amp#27;[35m[Appium]&amp#27;[39m   port: 22039
&amp#27;[35m[Appium]&amp#27;[39m Appium REST http interface listener started on 0.0.0.0:22039
&amp#27;[35m[HTTP]&amp#27;[39m &amp#27;[37m-->&amp#27;[39m &amp#27;[37mGET&amp#27;[39m &amp#27;[37m/wd/hub/status&amp#27;[39m
&amp#27;[35m[HTTP]&amp#27;[39m &amp#27;[90m{}&amp#27;[39m
[debug] &amp#27;[35m[GENERIC]&amp#27;[39m Calling AppiumDriver.getStatus() with args: []
[debug] &amp#27;[35m[GENERIC]&amp#27;[39m Responding to client with driver.getStatus() result: {"build":{"version":"1.18.3"}}
&amp#27;[35m[HTTP]&amp#27;[39m &amp#27;[37m<-- GET /wd/hub/status &amp#27;[39m&amp#27;[32m200&amp#27;[39m &amp#27;[90m17 ms - 68&amp#27;[39m
&amp#27;[35m[HTTP]&amp#27;[39m &amp#27;[90m&amp#27;[39m
GalaxyS10e
&amp#27;[35m[HTTP]&amp#27;[39m &amp#27;[37m-->&amp#27;[39m &amp#27;[37mGET&amp#27;[39m &amp#27;[37m/wd/hub/status&amp#27;[39m
&amp#27;[35m[HTTP]&amp#27;[39m &amp#27;[90m{}&amp#27;[39m
[debug] &amp#27;[35m[GENERIC]&amp#27;[39m Calling AppiumDriver.getStatus() with args: []
[debug] &amp#27;[35m[GENERIC]&amp#27;[39m Responding to client with driver.getStatus() result: {"build":{"version":"1.18.3"}}
&amp#27;[35m[HTTP]&amp#27;[39m &amp#27;[37m<-- GET /wd/hub/status &amp#27;[39m&amp#27;[32m200&amp#27;[39m &amp#27;[90m2 ms - 68&amp#27;[39m
&amp#27;[35m[HTTP]&amp#27;[39m &amp#27;[90m&amp#27;[39m
&amp#27;[35m[HTTP]&amp#27;[39m &amp#27;[37m-->&amp#27;[39m &amp#27;[37mPOST&amp#27;[39m &amp#27;[37m/wd/hub/session&amp#27;[39m
&amp#27;[35m[HTTP]&amp#27;[39m &amp#27;[90m{"desiredCapabilities":{"appActivity":"com.sec.android.app.popupcalculator.Calculator","appPackage":"com.sec.android.app.popupcalculator","newCommandTimeout":"10000","platformVersion":"10","automationName":"UiAutomator2","platformName":"Android","deviceName":"GalaxyS10e"},"capabilities":{"firstMatch":[{"appium:appActivity":"com.sec.android.app.popupcalculator.Calculator","appium:appPackage":"com.sec.android.app.popupcalculator","appium:automationName":"UiAutomator2","appium:deviceName":"GalaxyS10e","appium:newCommandTimeout":"10000","platformName":"android","appium:platformVersion":"10"}]}}&amp#27;[39m
[debug] &amp#27;[35m[W3C]&amp#27;[39m Calling AppiumDriver.createSession() with args: [{"appActivity":"com.sec.android.app.popupcalculator.Calculator","appPackage":"com.sec.android.app.popupcalculator","newCommandTimeout":"10000","platformVersion":"10","automationName":"UiAutomator2","platformName":"Android","deviceName":"GalaxyS10e"},null,{"firstMatch":[{"appium:appActivity":"com.sec.android.app.popupcalculator.Calculator","appium:appPackage":"com.sec.android.app.popupcalculator","appium:automationName":"UiAutomator2","appium:deviceName":"GalaxyS10e","appium:newCommandTimeout":"10000","platformName":"android","appium:platformVersion":"10"}]}]
[debug] &amp#27;[35m[BaseDriver]&amp#27;[39m Event 'newSessionRequested' logged at 1608960439172 (15:27:19 GMT+1000 (Australian Eastern Standard Time))
&amp#27;[35m[BaseDriver]&amp#27;[39m Number capability passed in as string. Functionality may be compromised.
&amp#27;[35m[Appium]&amp#27;[39m Appium v1.18.3 creating new AndroidUiautomator2Driver (v1.56.1) session
[debug] &amp#27;[35m[BaseDriver]&amp#27;[39m W3C capabilities and MJSONWP desired capabilities were provided
[debug] &amp#27;[35m[BaseDriver]&amp#27;[39m Creating session with W3C capabilities: {
[debug] &amp#27;[35m[BaseDriver]&amp#27;[39m   "alwaysMatch": {
[debug] &amp#27;[35m[BaseDriver]&amp#27;[39m     "platformName": "android",
[debug] &amp#27;[35m[BaseDriver]&amp#27;[39m     "appium:appActivity": "com.sec.android.app.popupcalculator.Calculator",
[debug] &amp#27;[35m[BaseDriver]&amp#27;[39m     "appium:appPackage": "com.sec.android.app.popupcalculator",
[debug] &amp#27;[35m[BaseDriver]&amp#27;[39m     "appium:automationName": "UiAutomator2",
[debug] &amp#27;[35m[BaseDriver]&amp#27;[39m     "appium:deviceName": "GalaxyS10e",
[debug] &amp#27;[35m[BaseDriver]&amp#27;[39m     "appium:newCommandTimeout": "10000",
[debug] &amp#27;[35m[BaseDriver]&amp#27;[39m     "appium:platformVersion": "10"
[debug] &amp#27;[35m[BaseDriver]&amp#27;[39m   },
[debug] &amp#27;[35m[BaseDriver]&amp#27;[39m   "firstMatch": [
[debug] &amp#27;[35m[BaseDriver]&amp#27;[39m     {}
[debug] &amp#27;[35m[BaseDriver]&amp#27;[39m   ]
[debug] &amp#27;[35m[BaseDriver]&amp#27;[39m }
&amp#27;[35m[BaseDriver]&amp#27;[39m Number capability passed in as string. Functionality may be compromised.
&amp#27;[35m[BaseDriver]&amp#27;[39m Capability 'newCommandTimeout' changed from string ('10000') to integer (10000). This may cause unexpected behavior
&amp#27;[35m[BaseDriver]&amp#27;[39m Session created with session id: 150697d2-88ad-4621-9ba9-be0b626f0aad
&amp#27;[35m[UiAutomator2]&amp#27;[39m Starting 'com.sec.android.app.popupcalculator' directly on the device
&amp#27;[35m[ADB]&amp#27;[39m Found 2 'build-tools' folders under 'C:\Users\maliniv\AppData\Local\Android\Sdk' (newest first):
&amp#27;[35m[ADB]&amp#27;[39m     C:/Users/maliniv/AppData/Local/Android/Sdk/build-tools/30.0.2
&amp#27;[35m[ADB]&amp#27;[39m     C:/Users/maliniv/AppData/Local/Android/Sdk/build-tools/29.0.2
&amp#27;[35m[ADB]&amp#27;[39m Using 'adb.exe' from 'C:\Users\maliniv\AppData\Local\Android\Sdk\platform-tools\adb.exe'
[debug] &amp#27;[35m[ADB]&amp#27;[39m Running 'C:\Users\maliniv\AppData\Local\Android\Sdk\platform-tools\adb.exe -P 5037 start-server'
&amp#27;[35m[AndroidDriver]&amp#27;[39m Retrieving device list
[debug] &amp#27;[35m[ADB]&amp#27;[39m Trying to find a connected android device
[debug] &amp#27;[35m[ADB]&amp#27;[39m Getting connected devices
[debug] &amp#27;[35m[ADB]&amp#27;[39m Connected devices: [{"udid":"192.168.1.107:5555","state":"device"}]
&amp#27;[35m[AndroidDriver]&amp#27;[39m Looking for a device with Android '10.0.0'
[debug] &amp#27;[35m[ADB]&amp#27;[39m Setting device id to 192.168.1.107:5555
&amp#27;[35m[ADB]&amp#27;[39m Getting device platform version
[debug] &amp#27;[35m[ADB]&amp#27;[39m Running 'C:\Users\maliniv\AppData\Local\Android\Sdk\platform-tools\adb.exe -P 5037 -s 192.168.1.107\:5555 shell getprop ro.build.version.release'
[debug] &amp#27;[35m[ADB]&amp#27;[39m Current device property 'ro.build.version.release': 10
&amp#27;[35m[AndroidDriver]&amp#27;[39m Using device: 192.168.1.107:5555
&amp#27;[35m[ADB]&amp#27;[39m Using 'adb.exe' from 'C:\Users\maliniv\AppData\Local\Android\Sdk\platform-tools\adb.exe'
[debug] &amp#27;[35m[ADB]&amp#27;[39m Running 'C:\Users\maliniv\AppData\Local\Android\Sdk\platform-tools\adb.exe -P 5037 start-server'
[debug] &amp#27;[35m[ADB]&amp#27;[39m Setting device id to 192.168.1.107:5555
[debug] &amp#27;[35m[ADB]&amp#27;[39m Running 'C:\Users\maliniv\AppData\Local\Android\Sdk\platform-tools\adb.exe -P 5037 -s 192.168.1.107\:5555 shell getprop ro.build.version.sdk'
[debug] &amp#27;[35m[ADB]&amp#27;[39m Current device property 'ro.build.version.sdk': 29
&amp#27;[35m[ADB]&amp#27;[39m Getting device platform version
[debug] &amp#27;[35m[ADB]&amp#27;[39m Running 'C:\Users\maliniv\AppData\Local\Android\Sdk\platform-tools\adb.exe -P 5037 -s 192.168.1.107\:5555 shell getprop ro.build.version.release'
[debug] &amp#27;[35m[ADB]&amp#27;[39m Current device property 'ro.build.version.release': 10
[debug] &amp#27;[35m[ADB]&amp#27;[39m Device API level: 29
&amp#27;[35m[UiAutomator2]&amp#27;[39m Relaxing hidden api policy
[debug] &amp#27;[35m[ADB]&amp#27;[39m Running 'C:\Users\maliniv\AppData\Local\Android\Sdk\platform-tools\adb.exe -P 5037 -s 192.168.1.107\:5555 shell 'settings put global hidden_api_policy_pre_p_apps 1;settings put global hidden_api_policy_p_apps 1;settings put global hidden_api_policy 1''
&amp#27;[35m[AndroidDriver]&amp#27;[39m No app sent in, not parsing package/activity
[debug] &amp#27;[35m[ADB]&amp#27;[39m Running 'C:\Users\maliniv\AppData\Local\Android\Sdk\platform-tools\adb.exe -P 5037 -s 192.168.1.107\:5555 wait-for-device'
[debug] &amp#27;[35m[ADB]&amp#27;[39m Running 'C:\Users\maliniv\AppData\Local\Android\Sdk\platform-tools\adb.exe -P 5037 -s 192.168.1.107\:5555 shell echo ping'
[debug] &amp#27;[35m[AndroidDriver]&amp#27;[39m Pushing settings apk to device...
[debug] &amp#27;[35m[ADB]&amp#27;[39m Getting install status for io.appium.settings
[debug] &amp#27;[35m[ADB]&amp#27;[39m Running 'C:\Users\maliniv\AppData\Local\Android\Sdk\platform-tools\adb.exe -P 5037 -s 192.168.1.107\:5555 shell dumpsys package io.appium.settings'
[debug] &amp#27;[35m[ADB]&amp#27;[39m 'io.appium.settings' is installed
[debug] &amp#27;[35m[ADB]&amp#27;[39m Getting package info for 'io.appium.settings'
[debug] &amp#27;[35m[ADB]&amp#27;[39m Running 'C:\Users\maliniv\AppData\Local\Android\Sdk\platform-tools\adb.exe -P 5037 -s 192.168.1.107\:5555 shell dumpsys package io.appium.settings'
[debug] &amp#27;[35m[ADB]&amp#27;[39m The version name of the installed 'io.appium.settings' is greater or equal to the application version name ('3.2.0' >= '3.2.0')
[debug] &amp#27;[35m[ADB]&amp#27;[39m There is no need to install/upgrade 'C:\Users\maliniv\AppData\Roaming\npm\node_modules\appium\node_modules\io.appium.settings\apks\settings_apk-debug.apk'
[debug] &amp#27;[35m[ADB]&amp#27;[39m Getting IDs of all 'io.appium.settings' processes
[debug] &amp#27;[35m[ADB]&amp#27;[39m Running 'C:\Users\maliniv\AppData\Local\Android\Sdk\platform-tools\adb.exe -P 5037 -s 192.168.1.107\:5555 shell 'pgrep --help; echo $?''
[debug] &amp#27;[35m[ADB]&amp#27;[39m Running 'C:\Users\maliniv\AppData\Local\Android\Sdk\platform-tools\adb.exe -P 5037 -s 192.168.1.107\:5555 shell pgrep -f io\\.appium\\.settings'
[debug] &amp#27;[35m[AndroidDriver]&amp#27;[39m io.appium.settings is already running. There is no need to reset its permissions.
[debug] &amp#27;[35m[ADB]&amp#27;[39m Running 'C:\Users\maliniv\AppData\Local\Android\Sdk\platform-tools\adb.exe -P 5037 -s 192.168.1.107\:5555 shell appops set io.appium.settings android\:mock_location allow'
[debug] &amp#27;[35m[Logcat]&amp#27;[39m Starting logs capture with command: C:\\Users\\maliniv\\AppData\\Local\\Android\\Sdk\\platform-tools\\adb.exe -P 5037 -s 192.168.1.107\:5555 logcat -v threadtime
[debug] &amp#27;[35m[UiAutomator2]&amp#27;[39m Forwarding UiAutomator2 Server port 6790 to 8220
[debug] &amp#27;[35m[ADB]&amp#27;[39m Forwarding system: 8220 to device: 6790
[debug] &amp#27;[35m[ADB]&amp#27;[39m Running 'C:\Users\maliniv\AppData\Local\Android\Sdk\platform-tools\adb.exe -P 5037 -s 192.168.1.107\:5555 forward tcp\:8220 tcp\:6790'
[debug] &amp#27;[35m[ADB]&amp#27;[39m Getting install status for io.appium.uiautomator2.server
[debug] &amp#27;[35m[ADB]&amp#27;[39m Running 'C:\Users\maliniv\AppData\Local\Android\Sdk\platform-tools\adb.exe -P 5037 -s 192.168.1.107\:5555 shell dumpsys package io.appium.uiautomator2.server'
[debug] &amp#27;[35m[ADB]&amp#27;[39m 'io.appium.uiautomator2.server' is installed
[debug] &amp#27;[35m[ADB]&amp#27;[39m Getting package info for 'io.appium.uiautomator2.server'
[debug] &amp#27;[35m[ADB]&amp#27;[39m Running 'C:\Users\maliniv\AppData\Local\Android\Sdk\platform-tools\adb.exe -P 5037 -s 192.168.1.107\:5555 shell dumpsys package io.appium.uiautomator2.server'
[debug] &amp#27;[35m[ADB]&amp#27;[39m The version name of the installed 'io.appium.uiautomator2.server' is greater or equal to the application version name ('4.12.2' >= '4.12.2')
[debug] &amp#27;[35m[UiAutomator2]&amp#27;[39m io.appium.uiautomator2.server installation state: sameVersionInstalled
[debug] &amp#27;[35m[ADB]&amp#27;[39m Checking app cert for C:\Users\maliniv\AppData\Roaming\npm\node_modules\appium\node_modules\appium-uiautomator2-server\apks\appium-uiautomator2-server-v4.12.2.apk
&amp#27;[35m[ADB]&amp#27;[39m Using 'apksigner.jar' from 'C:\Users\maliniv\AppData\Local\Android\Sdk\build-tools\30.0.2\lib\apksigner.jar'
[debug] &amp#27;[35m[ADB]&amp#27;[39m Starting apksigner: 'C:\\Program Files\\Java\\jdk1.8.0_121\\bin\\java.exe' -Xmx1024M -Xss1m -jar C:\\Users\\maliniv\\AppData\\Local\\Android\\Sdk\\build-tools\\30.0.2\\lib\\apksigner.jar verify --print-certs C:\\Users\\maliniv\\AppData\\Roaming\\npm\\node_modules\\appium\\node_modules\\appium-uiautomator2-server\\apks\\appium-uiautomator2-server-v4.12.2.apk
[debug] &amp#27;[35m[ADB]&amp#27;[39m apksigner stdout: Signer #1 certificate DN: EMAILADDRESS=android@android.com, CN=Android, OU=Android, O=Android, L=Mountain View, ST=California, C=US
[debug] &amp#27;[35m[ADB]&amp#27;[39m Signer #1 certificate SHA-256 digest: a40da80a59d170caa950cf15c18c454d47a39b26989d8b640ecd745ba71bf5dc
[debug] &amp#27;[35m[ADB]&amp#27;[39m Signer #1 certificate SHA-1 digest: 61ed377e85d386a8dfee6b864bd85b0bfaa5af81
[debug] &amp#27;[35m[ADB]&amp#27;[39m Signer #1 certificate MD5 digest: e89b158e4bcf988ebd09eb83f5378e87
[debug] &amp#27;[35m[ADB]&amp#27;[39m 
[debug] &amp#27;[35m[ADB]&amp#27;[39m 'C:\Users\maliniv\AppData\Roaming\npm\node_modules\appium\node_modules\appium-uiautomator2-server\apks\appium-uiautomator2-server-v4.12.2.apk' is signed with the default certificate
[debug] &amp#27;[35m[ADB]&amp#27;[39m Getting install status for io.appium.uiautomator2.server.test
[debug] &amp#27;[35m[ADB]&amp#27;[39m Running 'C:\Users\maliniv\AppData\Local\Android\Sdk\platform-tools\adb.exe -P 5037 -s 192.168.1.107\:5555 shell dumpsys package io.appium.uiautomator2.server.test'
[debug] &amp#27;[35m[ADB]&amp#27;[39m 'io.appium.uiautomator2.server.test' is installed
[debug] &amp#27;[35m[ADB]&amp#27;[39m Checking app cert for C:\Users\maliniv\AppData\Roaming\npm\node_modules\appium\node_modules\appium-uiautomator2-server\apks\appium-uiautomator2-server-debug-androidTest.apk
[debug] &amp#27;[35m[ADB]&amp#27;[39m Starting apksigner: 'C:\\Program Files\\Java\\jdk1.8.0_121\\bin\\java.exe' -Xmx1024M -Xss1m -jar C:\\Users\\maliniv\\AppData\\Local\\Android\\Sdk\\build-tools\\30.0.2\\lib\\apksigner.jar verify --print-certs C:\\Users\\maliniv\\AppData\\Roaming\\npm\\node_modules\\appium\\node_modules\\appium-uiautomator2-server\\apks\\appium-uiautomator2-server-debug-androidTest.apk
[debug] &amp#27;[35m[ADB]&amp#27;[39m apksigner stdout: Signer #1 certificate DN: EMAILADDRESS=android@android.com, CN=Android, OU=Android, O=Android, L=Mountain View, ST=California, C=US
[debug] &amp#27;[35m[ADB]&amp#27;[39m Signer #1 certificate SHA-256 digest: a40da80a59d170caa950cf15c18c454d47a39b26989d8b640ecd745ba71bf5dc
[debug] &amp#27;[35m[ADB]&amp#27;[39m Signer #1 certificate SHA-1 digest: 61ed377e85d386a8dfee6b864bd85b0bfaa5af81
[debug] &amp#27;[35m[ADB]&amp#27;[39m Signer #1 certificate MD5 digest: e89b158e4bcf988ebd09eb83f5378e87
[debug] &amp#27;[35m[ADB]&amp#27;[39m 
[debug] &amp#27;[35m[ADB]&amp#27;[39m 'C:\Users\maliniv\AppData\Roaming\npm\node_modules\appium\node_modules\appium-uiautomator2-server\apks\appium-uiautomator2-server-debug-androidTest.apk' is signed with the default certificate
&amp#27;[35m[UiAutomator2]&amp#27;[39m Server packages are not going to be (re)installed
[debug] &amp#27;[35m[UiAutomator2]&amp#27;[39m Waiting up to 30000ms for services to be available
[debug] &amp#27;[35m[ADB]&amp#27;[39m Running 'C:\Users\maliniv\AppData\Local\Android\Sdk\platform-tools\adb.exe -P 5037 -s 192.168.1.107\:5555 shell pm list instrumentation'
[debug] &amp#27;[35m[UiAutomator2]&amp#27;[39m Instrumentation target 'io.appium.uiautomator2.server.test/androidx.test.runner.AndroidJUnitRunner' is available
[debug] &amp#27;[35m[UiAutomator2]&amp#27;[39m No app capability. Assuming it is already on the device
[debug] &amp#27;[35m[ADB]&amp#27;[39m Getting install status for com.sec.android.app.popupcalculator
[debug] &amp#27;[35m[ADB]&amp#27;[39m Running 'C:\Users\maliniv\AppData\Local\Android\Sdk\platform-tools\adb.exe -P 5037 -s 192.168.1.107\:5555 shell dumpsys package com.sec.android.app.popupcalculator'
[debug] &amp#27;[35m[ADB]&amp#27;[39m 'com.sec.android.app.popupcalculator' is installed
[debug] &amp#27;[35m[ADB]&amp#27;[39m Running 'C:\Users\maliniv\AppData\Local\Android\Sdk\platform-tools\adb.exe -P 5037 -s 192.168.1.107\:5555 shell am force-stop com.sec.android.app.popupcalculator'
[debug] &amp#27;[35m[ADB]&amp#27;[39m Running 'C:\Users\maliniv\AppData\Local\Android\Sdk\platform-tools\adb.exe -P 5037 -s 192.168.1.107\:5555 shell pm clear com.sec.android.app.popupcalculator'
[debug] &amp#27;[35m[AndroidDriver]&amp#27;[39m Performed fast reset on the installed 'com.sec.android.app.popupcalculator' application (stop and clear)
[debug] &amp#27;[35m[UiAutomator2]&amp#27;[39m Performing shallow cleanup of automation leftovers
[debug] &amp#27;[35m[UiAutomator2]&amp#27;[39m No obsolete sessions have been detected (timeout of 500ms exceeded)
[debug] &amp#27;[35m[ADB]&amp#27;[39m Running 'C:\Users\maliniv\AppData\Local\Android\Sdk\platform-tools\adb.exe -P 5037 -s 192.168.1.107\:5555 shell am force-stop io.appium.uiautomator2.server.test'
&amp#27;[35m[UiAutomator2]&amp#27;[39m Starting UIAutomator2 server 4.12.2
&amp#27;[35m[UiAutomator2]&amp#27;[39m Using UIAutomator2 server from 'C:\Users\maliniv\AppData\Roaming\npm\node_modules\appium\node_modules\appium-uiautomator2-server\apks\appium-uiautomator2-server-v4.12.2.apk' and test from 'C:\Users\maliniv\AppData\Roaming\npm\node_modules\appium\node_modules\appium-uiautomator2-server\apks\appium-uiautomator2-server-debug-androidTest.apk'
&amp#27;[35m[UiAutomator2]&amp#27;[39m Waiting up to 30000ms for UiAutomator2 to be online...
[debug] &amp#27;[35m[ADB]&amp#27;[39m Creating ADB subprocess with args: ["-P",5037,"-s","192.168.1.107:5555","shell","am","instrument","-w","io.appium.uiautomator2.server.test/androidx.test.runner.AndroidJUnitRunner"]
[debug] &amp#27;[35m[Instrumentation]&amp#27;[39m io.appium.uiautomator2.server.test.AppiumUiAutomator2Server:
[debug] &amp#27;[35m[WD Proxy]&amp#27;[39m Matched '/status' to command name 'getStatus'
[debug] &amp#27;[35m[WD Proxy]&amp#27;[39m Proxying [GET /status] to [GET http://127.0.0.1:8220/wd/hub/status] with no body
&amp#27;[35m[WD Proxy]&amp#27;[39m socket hang up
[debug] &amp#27;[35m[WD Proxy]&amp#27;[39m Matched '/status' to command name 'getStatus'
[debug] &amp#27;[35m[WD Proxy]&amp#27;[39m Proxying [GET /status] to [GET http://127.0.0.1:8220/wd/hub/status] with no body
[debug] &amp#27;[35m[WD Proxy]&amp#27;[39m Got response with status 200: {"sessionId":"None","value":{"message":"UiAutomator2 Server is ready to accept commands","ready":true}}
[debug] &amp#27;[35m[UiAutomator2]&amp#27;[39m The initialization of the instrumentation process took 2500ms
[debug] &amp#27;[35m[WD Proxy]&amp#27;[39m Matched '/session' to command name 'createSession'
[debug] &amp#27;[35m[WD Proxy]&amp#27;[39m Proxying [POST /session] to [POST http://127.0.0.1:8220/wd/hub/session] with body: {"capabilities":{"firstMatch":[{"platform":"LINUX","webStorageEnabled":false,"takesScreenshot":true,"javascriptEnabled":true,"databaseEnabled":false,"networkConnectionEnabled":true,"locationContextEnabled":false,"warnings":{},"desired":{"platformName":"android","appActivity":"com.sec.android.app.popupcalculator.Calculator","appPackage":"com.sec.android.app.popupcalculator","automationName":"UiAutomator2","deviceName":"GalaxyS10e","newCommandTimeout":10000,"platformVersion":"10"},"platformName":"android","appActivity":"com.sec.android.app.popupcalculator.Calculator","appPackage":"com.sec.android.app.popupcalculator","automationName":"UiAutomator2","deviceName":"192.168.1.107:5555","newCommandTimeout":10000,"platformVersion":"10","deviceUDID":"192.168.1.107:5555"}],"alwaysMatch":{}}}
[debug] &amp#27;[35m[WD Proxy]&amp#27;[39m Got response with status 200: {"sessionId":"f48b9f1e-45fc-433c-8440-58a47b2b4d05","value":{"capabilities":{"firstMatch":[{"platform":"LINUX","webStorageEnabled":false,"takesScreenshot":true,"javascriptEnabled":true,"databaseEnabled":false,"networkConnectionEnabled":true,"locationContextEnabled":false,"warnings":{},"desired":{"platformName":"android","appActivity":"com.sec.android.app.popupcalculator.Calculator","appPackage":"com.sec.android.app.popupcalculator","automationName":"UiAutomator2","deviceName":"GalaxyS10e","newCommandTimeout":10000,"platformVersion":"10"},"platformName":"android","appActivity":"com.sec.android.app.popupcalculator.Calculator","appPackage":"com.sec.android.app.popupcalculator","automationName":"UiAutomator2","deviceName":"192.168.1.107:5555","newCommandTimeout":10000,"platformVersion":"10","deviceUDID":"192.168.1.107:5555"}],"alwaysMatch":{}},"sessionId":"f48b9f1e-45fc-433c-8440-58a47b2b4d05"}}
&amp#27;[35m[WD Proxy]&amp#27;[39m Determined the downstream protocol as 'W3C'
[debug] &amp#27;[35m[WD Proxy]&amp#27;[39m Proxying [GET /appium/device/info] to [GET http://127.0.0.1:8220/wd/hub/session/f48b9f1e-45fc-433c-8440-58a47b2b4d05/appium/device/info] with no body
[debug] &amp#27;[35m[WD Proxy]&amp#27;[39m Got response with status 200: {"sessionId":"f48b9f1e-45fc-433c-8440-58a47b2b4d05","value":{"androidId":"62f0e43bb0e2450e","apiVersion":"29","bluetooth":{"state":"ON"},"brand":"samsung","carrierName":"Vodafone AU","displayDensity":480,"locale":"en_AU","manufacturer":"samsung","model":"SM-G970F","networks":[{"capabilities":{"SSID":null,"linkDownBandwidthKbps":102400,"linkUpstreamBandwidthKbps":51200,"networkCapabilities":"NET_CAPABILITY_IMS,NET_CAPABILITY_NOT_METERED,NET_CAPABILITY_TRUSTED,NET_CAPABILITY_NOT_VPN,NET_CAPABILITY_VALIDATED,NET_CAPABILITY_NOT_ROAMING,NET_CAPABILITY_FOREGROUND,NET_CAPABILITY_NOT_CONGESTED,NET_CAPABILITY_NOT_SUSPENDED","signalStrength":-2147483648,"transportTypes":"TRANSPORT_CELLULAR"},"detailedState":"CONNECTED","extraInfo":"IMS","isAvailable":true,"isConnected":true,"isFailover":false,"isRoaming":false,"state":"CONNECTED","subtype":13,"subtypeName":"LTE","type":0,"typeName":"MOBILE"},{"capabilities":{"SSID":null,"linkDownBandwidthKbps":1048576,"linkUpstreamBandwidthKbps":1048576,"networkCapabilities":"NET_CA...
[debug] &amp#27;[35m[ADB]&amp#27;[39m Running 'C:\Users\maliniv\AppData\Local\Android\Sdk\platform-tools\adb.exe -P 5037 -s 192.168.1.107\:5555 shell dumpsys window'
&amp#27;[35m[AndroidDriver]&amp#27;[39m Screen already unlocked, doing nothing
&amp#27;[35m[UiAutomator2]&amp#27;[39m Starting 'com.sec.android.app.popupcalculator/com.sec.android.app.popupcalculator.Calculator and waiting for 'com.sec.android.app.popupcalculator/com.sec.android.app.popupcalculator.Calculator'
[debug] &amp#27;[35m[ADB]&amp#27;[39m Running 'C:\Users\maliniv\AppData\Local\Android\Sdk\platform-tools\adb.exe -P 5037 -s 192.168.1.107\:5555 shell am start -W -n com.sec.android.app.popupcalculator/com.sec.android.app.popupcalculator.Calculator -S -a android.intent.action.MAIN -c android.intent.category.LAUNCHER -f 0x10200000'
[debug] &amp#27;[35m[WD Proxy]&amp#27;[39m Proxying [GET /appium/device/pixel_ratio] to [GET http://127.0.0.1:8220/wd/hub/session/f48b9f1e-45fc-433c-8440-58a47b2b4d05/appium/device/pixel_ratio] with no body
[debug] &amp#27;[35m[WD Proxy]&amp#27;[39m Got response with status 200: {"sessionId":"f48b9f1e-45fc-433c-8440-58a47b2b4d05","value":3}
[debug] &amp#27;[35m[WD Proxy]&amp#27;[39m Matched '/appium/device/system_bars' to command name 'getSystemBars'
[debug] &amp#27;[35m[WD Proxy]&amp#27;[39m Proxying [GET /appium/device/system_bars] to [GET http://127.0.0.1:8220/wd/hub/session/f48b9f1e-45fc-433c-8440-58a47b2b4d05/appium/device/system_bars] with no body
[debug] &amp#27;[35m[WD Proxy]&amp#27;[39m Got response with status 200: {"sessionId":"f48b9f1e-45fc-433c-8440-58a47b2b4d05","value":{"statusBar":117}}
[debug] &amp#27;[35m[WD Proxy]&amp#27;[39m Matched '/window/current/size' to command name 'getWindowSize'
[debug] &amp#27;[35m[WD Proxy]&amp#27;[39m Proxying [GET /window/current/size] to [GET http://127.0.0.1:8220/wd/hub/session/f48b9f1e-45fc-433c-8440-58a47b2b4d05/window/current/size] with no body
[debug] &amp#27;[35m[WD Proxy]&amp#27;[39m Got response with status 200: {"sessionId":"f48b9f1e-45fc-433c-8440-58a47b2b4d05","value":{"height":2020,"width":1080}}
&amp#27;[35m[Appium]&amp#27;[39m New AndroidUiautomator2Driver session created successfully, session 150697d2-88ad-4621-9ba9-be0b626f0aad added to master session list
[debug] &amp#27;[35m[BaseDriver]&amp#27;[39m Event 'newSessionStarted' logged at 1608960450496 (15:27:30 GMT+1000 (Australian Eastern Standard Time))
[debug] &amp#27;[35m[W3C (150697d2)]&amp#27;[39m Cached the protocol value 'W3C' for the new session 150697d2-88ad-4621-9ba9-be0b626f0aad
[debug] &amp#27;[35m[W3C (150697d2)]&amp#27;[39m Responding to client with driver.createSession() result: {"capabilities":{"platform":"LINUX","webStorageEnabled":false,"takesScreenshot":true,"javascriptEnabled":true,"databaseEnabled":false,"networkConnectionEnabled":true,"locationContextEnabled":false,"warnings":{},"desired":{"platformName":"android","appActivity":"com.sec.android.app.popupcalculator.Calculator","appPackage":"com.sec.android.app.popupcalculator","automationName":"UiAutomator2","deviceName":"GalaxyS10e","newCommandTimeout":10000,"platformVersion":"10"},"platformName":"android","appActivity":"com.sec.android.app.popupcalculator.Calculator","appPackage":"com.sec.android.app.popupcalculator","automationName":"UiAutomator2","deviceName":"192.168.1.107:5555","newCommandTimeout":10000,"platformVersion":"10","deviceUDID":"192.168.1.107:5555","deviceApiLevel":29,"deviceScreenSize":"1080x2280","deviceScreenDensity":480,"deviceModel":"SM-G970F","deviceManufacturer":"samsung","pixelRatio":3,"statBarHeight":117,"viewportRect":{"left":0,"top":117,"width":1080,"height":1903}}}
&amp#27;[35m[HTTP]&amp#27;[39m &amp#27;[37m<-- POST /wd/hub/session &amp#27;[39m&amp#27;[32m200&amp#27;[39m &amp#27;[90m11329 ms - 1050&amp#27;[39m
&amp#27;[35m[HTTP]&amp#27;[39m &amp#27;[90m&amp#27;[39m
&amp#27;[35m[HTTP]&amp#27;[39m &amp#27;[37m-->&amp#27;[39m &amp#27;[37mPOST&amp#27;[39m &amp#27;[37m/wd/hub/session/150697d2-88ad-4621-9ba9-be0b626f0aad/timeouts&amp#27;[39m
&amp#27;[35m[HTTP]&amp#27;[39m &amp#27;[90m{"implicit":10000}&amp#27;[39m
[debug] &amp#27;[35m[W3C (150697d2)]&amp#27;[39m Calling AppiumDriver.timeouts() with args: [null,null,null,null,10000,"150697d2-88ad-4621-9ba9-be0b626f0aad"]
[debug] &amp#27;[35m[BaseDriver]&amp#27;[39m W3C timeout argument: {"implicit":10000}}
[debug] &amp#27;[35m[BaseDriver]&amp#27;[39m Set implicit wait to 10000ms
[debug] &amp#27;[35m[W3C (150697d2)]&amp#27;[39m Responding to client with driver.timeouts() result: null
&amp#27;[35m[HTTP]&amp#27;[39m &amp#27;[37m<-- POST /wd/hub/session/150697d2-88ad-4621-9ba9-be0b626f0aad/timeouts &amp#27;[39m&amp#27;[32m200&amp#27;[39m &amp#27;[90m6 ms - 14&amp#27;[39m
&amp#27;[35m[HTTP]&amp#27;[39m &amp#27;[90m&amp#27;[39m
&amp#27;[35m[HTTP]&amp#27;[39m &amp#27;[37m-->&amp#27;[39m &amp#27;[37mGET&amp#27;[39m &amp#27;[37m/wd/hub/session/150697d2-88ad-4621-9ba9-be0b626f0aad/context&amp#27;[39m
&amp#27;[35m[HTTP]&amp#27;[39m &amp#27;[90m{}&amp#27;[39m
[debug] &amp#27;[35m[W3C (150697d2)]&amp#27;[39m Calling AppiumDriver.getCurrentContext() with args: ["150697d2-88ad-4621-9ba9-be0b626f0aad"]
[debug] &amp#27;[35m[W3C (150697d2)]&amp#27;[39m Responding to client with driver.getCurrentContext() result: "NATIVE_APP"
&amp#27;[35m[HTTP]&amp#27;[39m &amp#27;[37m<-- GET /wd/hub/session/150697d2-88ad-4621-9ba9-be0b626f0aad/context &amp#27;[39m&amp#27;[32m200&amp#27;[39m &amp#27;[90m10 ms - 22&amp#27;[39m
&amp#27;[35m[HTTP]&amp#27;[39m &amp#27;[90m&amp#27;[39m
&amp#27;[35m[HTTP]&amp#27;[39m &amp#27;[37m-->&amp#27;[39m &amp#27;[37mPOST&amp#27;[39m &amp#27;[37m/wd/hub/session/150697d2-88ad-4621-9ba9-be0b626f0aad/elements&amp#27;[39m
&amp#27;[35m[HTTP]&amp#27;[39m &amp#27;[90m{"using":"class name","value":"android.widget.Button"}&amp#27;[39m
[debug] &amp#27;[35m[W3C (150697d2)]&amp#27;[39m Calling AppiumDriver.findElements() with args: ["class name","android.widget.Button","150697d2-88ad-4621-9ba9-be0b626f0aad"]
[debug] &amp#27;[35m[BaseDriver]&amp#27;[39m Valid locator strategies for this request: xpath, id, class name, accessibility id, -android uiautomator
[debug] &amp#27;[35m[BaseDriver]&amp#27;[39m Waiting up to 10000 ms for condition
[debug] &amp#27;[35m[WD Proxy]&amp#27;[39m Matched '/elements' to command name 'findElements'
[debug] &amp#27;[35m[WD Proxy]&amp#27;[39m Proxying [POST /elements] to [POST http://127.0.0.1:8220/wd/hub/session/f48b9f1e-45fc-433c-8440-58a47b2b4d05/elements] with body: {"strategy":"class name","selector":"android.widget.Button","context":"","multiple":true}
[debug] &amp#27;[35m[WD Proxy]&amp#27;[39m Got response with status 200: {"sessionId":"f48b9f1e-45fc-433c-8440-58a47b2b4d05","value":[{"ELEMENT":"ac89231c-c121-4823-a108-2741b335b3e3","element-6066-11e4-a52e-4f735466cecf":"ac89231c-c121-4823-a108-2741b335b3e3"},{"ELEMENT":"fe6efc0b-da45-4316-b23f-46e0e57a0bcf","element-6066-11e4-a52e-4f735466cecf":"fe6efc0b-da45-4316-b23f-46e0e57a0bcf"},{"ELEMENT":"ce3c7d3e-82f9-43e9-8518-1c07102c4a0e","element-6066-11e4-a52e-4f735466cecf":"ce3c7d3e-82f9-43e9-8518-1c07102c4a0e"},{"ELEMENT":"94fd0b4e-7c73-409a-b399-6bb7e2ee20c8","element-6066-11e4-a52e-4f735466cecf":"94fd0b4e-7c73-409a-b399-6bb7e2ee20c8"},{"ELEMENT":"1eeb7bf2-462a-4faf-a3c2-eae9162f26ac","element-6066-11e4-a52e-4f735466cecf":"1eeb7bf2-462a-4faf-a3c2-eae9162f26ac"},{"ELEMENT":"df798c83-7ce9-4666-89d3-242139d97b75","element-6066-11e4-a52e-4f735466cecf":"df798c83-7ce9-4666-89d3-242139d97b75"},{"ELEMENT":"fbeb1629-32d1-4b3a-9dc9-540360688f3c","element-6066-11e4-a52e-4f735466cecf":"fbeb1629-32d1-4b3a-9dc9-540360688f3c"},{"ELEMENT":"0093aef0-e09c-492d-8846-d1feba275a86","element-6066-...
[debug] &amp#27;[35m[W3C (150697d2)]&amp#27;[39m Responding to client with driver.findElements() result: [{"element-6066-11e4-a52e-4f735466cecf":"ac89231c-c121-4823-a108-2741b335b3e3","ELEMENT":"ac89231c-c121-4823-a108-2741b335b3e3"},{"element-6066-11e4-a52e-4f735466cecf":"fe6efc0b-da45-4316-b23f-46e0e57a0bcf","ELEMENT":"fe6efc0b-da45-4316-b23f-46e0e57a0bcf"},{"element-6066-11e4-a52e-4f735466cecf":"ce3c7d3e-82f9-43e9-8518-1c07102c4a0e","ELEMENT":"ce3c7d3e-82f9-43e9-8518-1c07102c4a0e"},{"element-6066-11e4-a52e-4f735466cecf":"94fd0b4e-7c73-409a-b399-6bb7e2ee20c8","ELEMENT":"94fd0b4e-7c73-409a-b399-6bb7e2ee20c8"},{"element-6066-11e4-a52e-4f735466cecf":"1eeb7bf2-462a-4faf-a3c2-eae9162f26ac","ELEMENT":"1eeb7bf2-462a-4faf-a3c2-eae9162f26ac"},{"element-6066-11e4-a52e-4f735466cecf":"df798c83-7ce9-4666-89d3-242139d97b75","ELEMENT":"df798c83-7ce9-4666-89d3-242139d97b75"},{"element-6066-11e4-a52e-4f735466cecf":"fbeb1629-32d1-4b3a-9dc9-540360688f3c","ELEMENT":"fbeb1629-32d1-4b3a-9dc9-540360688f3c"},{"element-6066-11e4-a52e-4f735466cecf":"0093aef0-e09c-492d-8846-d1feba275a86","ELEMENT":"0093aef0-e09c-492d-8846-d1feba275a8...
&amp#27;[35m[HTTP]&amp#27;[39m &amp#27;[37m<-- POST /wd/hub/session/150697d2-88ad-4621-9ba9-be0b626f0aad/elements &amp#27;[39m&amp#27;[32m200&amp#27;[39m &amp#27;[90m319 ms - 2571&amp#27;[39m
&amp#27;[35m[HTTP]&amp#27;[39m &amp#27;[90m&amp#27;[39m
&amp#27;[35m[HTTP]&amp#27;[39m &amp#27;[37m-->&amp#27;[39m &amp#27;[37mPOST&amp#27;[39m &amp#27;[37m/wd/hub/session/150697d2-88ad-4621-9ba9-be0b626f0aad/element/b0cd6538-98bd-4ba1-9e50-ad1e535c0531/click&amp#27;[39m
&amp#27;[35m[HTTP]&amp#27;[39m &amp#27;[90m{"id":"b0cd6538-98bd-4ba1-9e50-ad1e535c0531"}&amp#27;[39m
[debug] &amp#27;[35m[W3C (150697d2)]&amp#27;[39m Calling AppiumDriver.click() with args: ["b0cd6538-98bd-4ba1-9e50-ad1e535c0531","150697d2-88ad-4621-9ba9-be0b626f0aad"]
[debug] &amp#27;[35m[WD Proxy]&amp#27;[39m Matched '/element/b0cd6538-98bd-4ba1-9e50-ad1e535c0531/click' to command name 'click'
[debug] &amp#27;[35m[WD Proxy]&amp#27;[39m Proxying [POST /element/b0cd6538-98bd-4ba1-9e50-ad1e535c0531/click] to [POST http://127.0.0.1:8220/wd/hub/session/f48b9f1e-45fc-433c-8440-58a47b2b4d05/element/b0cd6538-98bd-4ba1-9e50-ad1e535c0531/click] with body: {"element":"b0cd6538-98bd-4ba1-9e50-ad1e535c0531"}
[debug] &amp#27;[35m[WD Proxy]&amp#27;[39m Got response with status 200: {"sessionId":"f48b9f1e-45fc-433c-8440-58a47b2b4d05","value":null}
[debug] &amp#27;[35m[W3C (150697d2)]&amp#27;[39m Responding to client with driver.click() result: null
&amp#27;[35m[HTTP]&amp#27;[39m &amp#27;[37m<-- POST /wd/hub/session/150697d2-88ad-4621-9ba9-be0b626f0aad/element/b0cd6538-98bd-4ba1-9e50-ad1e535c0531/click &amp#27;[39m&amp#27;[32m200&amp#27;[39m &amp#27;[90m149 ms - 14&amp#27;[39m
&amp#27;[35m[HTTP]&amp#27;[39m &amp#27;[90m&amp#27;[39m
&amp#27;[35m[HTTP]&amp#27;[39m &amp#27;[37m-->&amp#27;[39m &amp#27;[37mGET&amp#27;[39m &amp#27;[37m/wd/hub/session/150697d2-88ad-4621-9ba9-be0b626f0aad/context&amp#27;[39m
&amp#27;[35m[HTTP]&amp#27;[39m &amp#27;[90m{}&amp#27;[39m
[debug] &amp#27;[35m[W3C (150697d2)]&amp#27;[39m Calling AppiumDriver.getCurrentContext() with args: ["150697d2-88ad-4621-9ba9-be0b626f0aad"]
[debug] &amp#27;[35m[W3C (150697d2)]&amp#27;[39m Responding to client with driver.getCurrentContext() result: "NATIVE_APP"
&amp#27;[35m[HTTP]&amp#27;[39m &amp#27;[37m<-- GET /wd/hub/session/150697d2-88ad-4621-9ba9-be0b626f0aad/context &amp#27;[39m&amp#27;[32m200&amp#27;[39m &amp#27;[90m2 ms - 22&amp#27;[39m
&amp#27;[35m[HTTP]&amp#27;[39m &amp#27;[90m&amp#27;[39m
&amp#27;[35m[HTTP]&amp#27;[39m &amp#27;[37m-->&amp#27;[39m &amp#27;[37mPOST&amp#27;[39m &amp#27;[37m/wd/hub/session/150697d2-88ad-4621-9ba9-be0b626f0aad/elements&amp#27;[39m
&amp#27;[35m[HTTP]&amp#27;[39m &amp#27;[90m{"using":"class name","value":"android.widget.Button"}&amp#27;[39m
[debug] &amp#27;[35m[W3C (150697d2)]&amp#27;[39m Calling AppiumDriver.findElements() with args: ["class name","android.widget.Button","150697d2-88ad-4621-9ba9-be0b626f0aad"]
[debug] &amp#27;[35m[BaseDriver]&amp#27;[39m Valid locator strategies for this request: xpath, id, class name, accessibility id, -android uiautomator
[debug] &amp#27;[35m[BaseDriver]&amp#27;[39m Waiting up to 10000 ms for condition
[debug] &amp#27;[35m[WD Proxy]&amp#27;[39m Matched '/elements' to command name 'findElements'
[debug] &amp#27;[35m[WD Proxy]&amp#27;[39m Proxying [POST /elements] to [POST http://127.0.0.1:8220/wd/hub/session/f48b9f1e-45fc-433c-8440-58a47b2b4d05/elements] with body: {"strategy":"class name","selector":"android.widget.Button","context":"","multiple":true}
[debug] &amp#27;[35m[WD Proxy]&amp#27;[39m Got response with status 200: {"sessionId":"f48b9f1e-45fc-433c-8440-58a47b2b4d05","value":[{"ELEMENT":"c837b9d4-d9cd-411a-97e6-6792579d55f7","element-6066-11e4-a52e-4f735466cecf":"c837b9d4-d9cd-411a-97e6-6792579d55f7"},{"ELEMENT":"daa87a93-8b0c-4568-9e24-a95c5224beb6","element-6066-11e4-a52e-4f735466cecf":"daa87a93-8b0c-4568-9e24-a95c5224beb6"},{"ELEMENT":"bb59b3ed-4194-41ee-be4a-710c7c41c1bd","element-6066-11e4-a52e-4f735466cecf":"bb59b3ed-4194-41ee-be4a-710c7c41c1bd"},{"ELEMENT":"be184b2d-cfbf-4a88-bd95-6ce11d46c28a","element-6066-11e4-a52e-4f735466cecf":"be184b2d-cfbf-4a88-bd95-6ce11d46c28a"},{"ELEMENT":"d8c5b7f0-0328-41c4-8679-1d1fce387f87","element-6066-11e4-a52e-4f735466cecf":"d8c5b7f0-0328-41c4-8679-1d1fce387f87"},{"ELEMENT":"d620f430-c272-4f64-9854-513d6ff82e63","element-6066-11e4-a52e-4f735466cecf":"d620f430-c272-4f64-9854-513d6ff82e63"},{"ELEMENT":"3f0b71dd-3ce8-49f6-9dfd-b5d823914643","element-6066-11e4-a52e-4f735466cecf":"3f0b71dd-3ce8-49f6-9dfd-b5d823914643"},{"ELEMENT":"b482650b-532e-4f5f-b42c-e65afc427a59","element-6066-...
[debug] &amp#27;[35m[W3C (150697d2)]&amp#27;[39m Responding to client with driver.findElements() result: [{"element-6066-11e4-a52e-4f735466cecf":"c837b9d4-d9cd-411a-97e6-6792579d55f7","ELEMENT":"c837b9d4-d9cd-411a-97e6-6792579d55f7"},{"element-6066-11e4-a52e-4f735466cecf":"daa87a93-8b0c-4568-9e24-a95c5224beb6","ELEMENT":"daa87a93-8b0c-4568-9e24-a95c5224beb6"},{"element-6066-11e4-a52e-4f735466cecf":"bb59b3ed-4194-41ee-be4a-710c7c41c1bd","ELEMENT":"bb59b3ed-4194-41ee-be4a-710c7c41c1bd"},{"element-6066-11e4-a52e-4f735466cecf":"be184b2d-cfbf-4a88-bd95-6ce11d46c28a","ELEMENT":"be184b2d-cfbf-4a88-bd95-6ce11d46c28a"},{"element-6066-11e4-a52e-4f735466cecf":"d8c5b7f0-0328-41c4-8679-1d1fce387f87","ELEMENT":"d8c5b7f0-0328-41c4-8679-1d1fce387f87"},{"element-6066-11e4-a52e-4f735466cecf":"d620f430-c272-4f64-9854-513d6ff82e63","ELEMENT":"d620f430-c272-4f64-9854-513d6ff82e63"},{"element-6066-11e4-a52e-4f735466cecf":"3f0b71dd-3ce8-49f6-9dfd-b5d823914643","ELEMENT":"3f0b71dd-3ce8-49f6-9dfd-b5d823914643"},{"element-6066-11e4-a52e-4f735466cecf":"b482650b-532e-4f5f-b42c-e65afc427a59","ELEMENT":"b482650b-532e-4f5f-b42c-e65afc427a5...
&amp#27;[35m[HTTP]&amp#27;[39m &amp#27;[37m<-- POST /wd/hub/session/150697d2-88ad-4621-9ba9-be0b626f0aad/elements &amp#27;[39m&amp#27;[32m200&amp#27;[39m &amp#27;[90m581 ms - 2571&amp#27;[39m
&amp#27;[35m[HTTP]&amp#27;[39m &amp#27;[90m&amp#27;[39m
&amp#27;[35m[HTTP]&amp#27;[39m &amp#27;[37m-->&amp#27;[39m &amp#27;[37mPOST&amp#27;[39m &amp#27;[37m/wd/hub/session/150697d2-88ad-4621-9ba9-be0b626f0aad/element/ab5c604f-7905-4658-82f0-df2db333501d/click&amp#27;[39m
&amp#27;[35m[HTTP]&amp#27;[39m &amp#27;[90m{"id":"ab5c604f-7905-4658-82f0-df2db333501d"}&amp#27;[39m
[debug] &amp#27;[35m[W3C (150697d2)]&amp#27;[39m Calling AppiumDriver.click() with args: ["ab5c604f-7905-4658-82f0-df2db333501d","150697d2-88ad-4621-9ba9-be0b626f0aad"]
[debug] &amp#27;[35m[WD Proxy]&amp#27;[39m Matched '/element/ab5c604f-7905-4658-82f0-df2db333501d/click' to command name 'click'
[debug] &amp#27;[35m[WD Proxy]&amp#27;[39m Proxying [POST /element/ab5c604f-7905-4658-82f0-df2db333501d/click] to [POST http://127.0.0.1:8220/wd/hub/session/f48b9f1e-45fc-433c-8440-58a47b2b4d05/element/ab5c604f-7905-4658-82f0-df2db333501d/click] with body: {"element":"ab5c604f-7905-4658-82f0-df2db333501d"}
[debug] &amp#27;[35m[WD Proxy]&amp#27;[39m Got response with status 200: {"sessionId":"f48b9f1e-45fc-433c-8440-58a47b2b4d05","value":null}
[debug] &amp#27;[35m[W3C (150697d2)]&amp#27;[39m Responding to client with driver.click() result: null
&amp#27;[35m[HTTP]&amp#27;[39m &amp#27;[37m<-- POST /wd/hub/session/150697d2-88ad-4621-9ba9-be0b626f0aad/element/ab5c604f-7905-4658-82f0-df2db333501d/click &amp#27;[39m&amp#27;[32m200&amp#27;[39m &amp#27;[90m177 ms - 14&amp#27;[39m
&amp#27;[35m[HTTP]&amp#27;[39m &amp#27;[90m&amp#27;[39m
&amp#27;[35m[HTTP]&amp#27;[39m &amp#27;[37m-->&amp#27;[39m &amp#27;[37mGET&amp#27;[39m &amp#27;[37m/wd/hub/session/150697d2-88ad-4621-9ba9-be0b626f0aad/context&amp#27;[39m
&amp#27;[35m[HTTP]&amp#27;[39m &amp#27;[90m{}&amp#27;[39m
[debug] &amp#27;[35m[W3C (150697d2)]&amp#27;[39m Calling AppiumDriver.getCurrentContext() with args: ["150697d2-88ad-4621-9ba9-be0b626f0aad"]
[debug] &amp#27;[35m[W3C (150697d2)]&amp#27;[39m Responding to client with driver.getCurrentContext() result: "NATIVE_APP"
&amp#27;[35m[HTTP]&amp#27;[39m &amp#27;[37m<-- GET /wd/hub/session/150697d2-88ad-4621-9ba9-be0b626f0aad/context &amp#27;[39m&amp#27;[32m200&amp#27;[39m &amp#27;[90m2 ms - 22&amp#27;[39m
&amp#27;[35m[HTTP]&amp#27;[39m &amp#27;[90m&amp#27;[39m
&amp#27;[35m[HTTP]&amp#27;[39m &amp#27;[37m-->&amp#27;[39m &amp#27;[37mPOST&amp#27;[39m &amp#27;[37m/wd/hub/session/150697d2-88ad-4621-9ba9-be0b626f0aad/elements&amp#27;[39m
&amp#27;[35m[HTTP]&amp#27;[39m &amp#27;[90m{"using":"class name","value":"android.widget.Button"}&amp#27;[39m
[debug] &amp#27;[35m[W3C (150697d2)]&amp#27;[39m Calling AppiumDriver.findElements() with args: ["class name","android.widget.Button","150697d2-88ad-4621-9ba9-be0b626f0aad"]
[debug] &amp#27;[35m[BaseDriver]&amp#27;[39m Valid locator strategies for this request: xpath, id, class name, accessibility id, -android uiautomator
[debug] &amp#27;[35m[BaseDriver]&amp#27;[39m Waiting up to 10000 ms for condition
[debug] &amp#27;[35m[WD Proxy]&amp#27;[39m Matched '/elements' to command name 'findElements'
[debug] &amp#27;[35m[WD Proxy]&amp#27;[39m Proxying [POST /elements] to [POST http://127.0.0.1:8220/wd/hub/session/f48b9f1e-45fc-433c-8440-58a47b2b4d05/elements] with body: {"strategy":"class name","selector":"android.widget.Button","context":"","multiple":true}
[debug] &amp#27;[35m[WD Proxy]&amp#27;[39m Got response with status 200: {"sessionId":"f48b9f1e-45fc-433c-8440-58a47b2b4d05","value":[{"ELEMENT":"0d9ae367-2566-4fc6-b876-9618078bfcd5","element-6066-11e4-a52e-4f735466cecf":"0d9ae367-2566-4fc6-b876-9618078bfcd5"},{"ELEMENT":"f622a693-9634-48c1-876e-038c1394bcf3","element-6066-11e4-a52e-4f735466cecf":"f622a693-9634-48c1-876e-038c1394bcf3"},{"ELEMENT":"3750baf8-cc04-4f82-9d12-489fa333bea1","element-6066-11e4-a52e-4f735466cecf":"3750baf8-cc04-4f82-9d12-489fa333bea1"},{"ELEMENT":"2cac9a81-be0e-4b37-a3a2-693862648324","element-6066-11e4-a52e-4f735466cecf":"2cac9a81-be0e-4b37-a3a2-693862648324"},{"ELEMENT":"5572f874-6f0a-4d03-aca0-f9f76b3535ad","element-6066-11e4-a52e-4f735466cecf":"5572f874-6f0a-4d03-aca0-f9f76b3535ad"},{"ELEMENT":"666c0a60-b42d-462d-99bf-33657bae038d","element-6066-11e4-a52e-4f735466cecf":"666c0a60-b42d-462d-99bf-33657bae038d"},{"ELEMENT":"7ad8255f-6541-4998-8ba5-e4c3544236d5","element-6066-11e4-a52e-4f735466cecf":"7ad8255f-6541-4998-8ba5-e4c3544236d5"},{"ELEMENT":"6584548f-16b0-43f9-b14d-4b6d44a9c534","element-6066-...
[debug] &amp#27;[35m[W3C (150697d2)]&amp#27;[39m Responding to client with driver.findElements() result: [{"element-6066-11e4-a52e-4f735466cecf":"0d9ae367-2566-4fc6-b876-9618078bfcd5","ELEMENT":"0d9ae367-2566-4fc6-b876-9618078bfcd5"},{"element-6066-11e4-a52e-4f735466cecf":"f622a693-9634-48c1-876e-038c1394bcf3","ELEMENT":"f622a693-9634-48c1-876e-038c1394bcf3"},{"element-6066-11e4-a52e-4f735466cecf":"3750baf8-cc04-4f82-9d12-489fa333bea1","ELEMENT":"3750baf8-cc04-4f82-9d12-489fa333bea1"},{"element-6066-11e4-a52e-4f735466cecf":"2cac9a81-be0e-4b37-a3a2-693862648324","ELEMENT":"2cac9a81-be0e-4b37-a3a2-693862648324"},{"element-6066-11e4-a52e-4f735466cecf":"5572f874-6f0a-4d03-aca0-f9f76b3535ad","ELEMENT":"5572f874-6f0a-4d03-aca0-f9f76b3535ad"},{"element-6066-11e4-a52e-4f735466cecf":"666c0a60-b42d-462d-99bf-33657bae038d","ELEMENT":"666c0a60-b42d-462d-99bf-33657bae038d"},{"element-6066-11e4-a52e-4f735466cecf":"7ad8255f-6541-4998-8ba5-e4c3544236d5","ELEMENT":"7ad8255f-6541-4998-8ba5-e4c3544236d5"},{"element-6066-11e4-a52e-4f735466cecf":"6584548f-16b0-43f9-b14d-4b6d44a9c534","ELEMENT":"6584548f-16b0-43f9-b14d-4b6d44a9c53...
&amp#27;[35m[HTTP]&amp#27;[39m &amp#27;[37m<-- POST /wd/hub/session/150697d2-88ad-4621-9ba9-be0b626f0aad/elements &amp#27;[39m&amp#27;[32m200&amp#27;[39m &amp#27;[90m594 ms - 2571&amp#27;[39m
&amp#27;[35m[HTTP]&amp#27;[39m &amp#27;[90m&amp#27;[39m
&amp#27;[35m[HTTP]&amp#27;[39m &amp#27;[37m-->&amp#27;[39m &amp#27;[37mPOST&amp#27;[39m &amp#27;[37m/wd/hub/session/150697d2-88ad-4621-9ba9-be0b626f0aad/element/eb3d3127-09f5-470c-91a7-722b7f6b68e6/click&amp#27;[39m
&amp#27;[35m[HTTP]&amp#27;[39m &amp#27;[90m{"id":"eb3d3127-09f5-470c-91a7-722b7f6b68e6"}&amp#27;[39m
[debug] &amp#27;[35m[W3C (150697d2)]&amp#27;[39m Calling AppiumDriver.click() with args: ["eb3d3127-09f5-470c-91a7-722b7f6b68e6","150697d2-88ad-4621-9ba9-be0b626f0aad"]
[debug] &amp#27;[35m[WD Proxy]&amp#27;[39m Matched '/element/eb3d3127-09f5-470c-91a7-722b7f6b68e6/click' to command name 'click'
[debug] &amp#27;[35m[WD Proxy]&amp#27;[39m Proxying [POST /element/eb3d3127-09f5-470c-91a7-722b7f6b68e6/click] to [POST http://127.0.0.1:8220/wd/hub/session/f48b9f1e-45fc-433c-8440-58a47b2b4d05/element/eb3d3127-09f5-470c-91a7-722b7f6b68e6/click] with body: {"element":"eb3d3127-09f5-470c-91a7-722b7f6b68e6"}
[debug] &amp#27;[35m[WD Proxy]&amp#27;[39m Got response with status 200: {"sessionId":"f48b9f1e-45fc-433c-8440-58a47b2b4d05","value":null}
[debug] &amp#27;[35m[W3C (150697d2)]&amp#27;[39m Responding to client with driver.click() result: null
&amp#27;[35m[HTTP]&amp#27;[39m &amp#27;[37m<-- POST /wd/hub/session/150697d2-88ad-4621-9ba9-be0b626f0aad/element/eb3d3127-09f5-470c-91a7-722b7f6b68e6/click &amp#27;[39m&amp#27;[32m200&amp#27;[39m &amp#27;[90m110 ms - 14&amp#27;[39m
&amp#27;[35m[HTTP]&amp#27;[39m &amp#27;[90m&amp#27;[39m
&amp#27;[35m[HTTP]&amp#27;[39m &amp#27;[37m-->&amp#27;[39m &amp#27;[37mGET&amp#27;[39m &amp#27;[37m/wd/hub/session/150697d2-88ad-4621-9ba9-be0b626f0aad/context&amp#27;[39m
&amp#27;[35m[HTTP]&amp#27;[39m &amp#27;[90m{}&amp#27;[39m
[debug] &amp#27;[35m[W3C (150697d2)]&amp#27;[39m Calling AppiumDriver.getCurrentContext() with args: ["150697d2-88ad-4621-9ba9-be0b626f0aad"]
[debug] &amp#27;[35m[W3C (150697d2)]&amp#27;[39m Responding to client with driver.getCurrentContext() result: "NATIVE_APP"
&amp#27;[35m[HTTP]&amp#27;[39m &amp#27;[37m<-- GET /wd/hub/session/150697d2-88ad-4621-9ba9-be0b626f0aad/context &amp#27;[39m&amp#27;[32m200&amp#27;[39m &amp#27;[90m2 ms - 22&amp#27;[39m
&amp#27;[35m[HTTP]&amp#27;[39m &amp#27;[90m&amp#27;[39m
&amp#27;[35m[HTTP]&amp#27;[39m &amp#27;[37m-->&amp#27;[39m &amp#27;[37mPOST&amp#27;[39m &amp#27;[37m/wd/hub/session/150697d2-88ad-4621-9ba9-be0b626f0aad/element&amp#27;[39m
&amp#27;[35m[HTTP]&amp#27;[39m &amp#27;[90m{"using":"id","value":"com.sec.android.app.popupcalculator:id/calc_edt_formula"}&amp#27;[39m
[debug] &amp#27;[35m[W3C (150697d2)]&amp#27;[39m Calling AppiumDriver.findElement() with args: ["id","com.sec.android.app.popupcalculator:id/calc_edt_formula","150697d2-88ad-4621-9ba9-be0b626f0aad"]
[debug] &amp#27;[35m[BaseDriver]&amp#27;[39m Valid locator strategies for this request: xpath, id, class name, accessibility id, -android uiautomator
[debug] &amp#27;[35m[BaseDriver]&amp#27;[39m Waiting up to 10000 ms for condition
[debug] &amp#27;[35m[WD Proxy]&amp#27;[39m Matched '/element' to command name 'findElement'
[debug] &amp#27;[35m[WD Proxy]&amp#27;[39m Proxying [POST /element] to [POST http://127.0.0.1:8220/wd/hub/session/f48b9f1e-45fc-433c-8440-58a47b2b4d05/element] with body: {"strategy":"id","selector":"com.sec.android.app.popupcalculator:id/calc_edt_formula","context":"","multiple":false}
[debug] &amp#27;[35m[WD Proxy]&amp#27;[39m Got response with status 200: {"sessionId":"f48b9f1e-45fc-433c-8440-58a47b2b4d05","value":{"ELEMENT":"01d9e243-8d4b-4c33-b6f6-d29f883dae09","element-6066-11e4-a52e-4f735466cecf":"01d9e243-8d4b-4c33-b6f6-d29f883dae09"}}
[debug] &amp#27;[35m[W3C (150697d2)]&amp#27;[39m Responding to client with driver.findElement() result: {"element-6066-11e4-a52e-4f735466cecf":"01d9e243-8d4b-4c33-b6f6-d29f883dae09","ELEMENT":"01d9e243-8d4b-4c33-b6f6-d29f883dae09"}
&amp#27;[35m[HTTP]&amp#27;[39m &amp#27;[37m<-- POST /wd/hub/session/150697d2-88ad-4621-9ba9-be0b626f0aad/element &amp#27;[39m&amp#27;[32m200&amp#27;[39m &amp#27;[90m3684 ms - 137&amp#27;[39m
&amp#27;[35m[HTTP]&amp#27;[39m &amp#27;[90m&amp#27;[39m
&amp#27;[35m[HTTP]&amp#27;[39m &amp#27;[37m-->&amp#27;[39m &amp#27;[37mGET&amp#27;[39m &amp#27;[37m/wd/hub/session/150697d2-88ad-4621-9ba9-be0b626f0aad/element/01d9e243-8d4b-4c33-b6f6-d29f883dae09/attribute/text&amp#27;[39m
&amp#27;[35m[HTTP]&amp#27;[39m &amp#27;[90m{}&amp#27;[39m
[debug] &amp#27;[35m[W3C (150697d2)]&amp#27;[39m Calling AppiumDriver.getAttribute() with args: ["text","01d9e243-8d4b-4c33-b6f6-d29f883dae09","150697d2-88ad-4621-9ba9-be0b626f0aad"]
[debug] &amp#27;[35m[WD Proxy]&amp#27;[39m Matched '/element/01d9e243-8d4b-4c33-b6f6-d29f883dae09/attribute/text' to command name 'getAttribute'
[debug] &amp#27;[35m[WD Proxy]&amp#27;[39m Proxying [GET /element/01d9e243-8d4b-4c33-b6f6-d29f883dae09/attribute/text] to [GET http://127.0.0.1:8220/wd/hub/session/f48b9f1e-45fc-433c-8440-58a47b2b4d05/element/01d9e243-8d4b-4c33-b6f6-d29f883dae09/attribute/text] with no body
[debug] &amp#27;[35m[WD Proxy]&amp#27;[39m Got response with status 200: {"sessionId":"f48b9f1e-45fc-433c-8440-58a47b2b4d05","value":"123"}
[debug] &amp#27;[35m[W3C (150697d2)]&amp#27;[39m Responding to client with driver.getAttribute() result: "123"
&amp#27;[35m[HTTP]&amp#27;[39m &amp#27;[37m<-- GET /wd/hub/session/150697d2-88ad-4621-9ba9-be0b626f0aad/element/01d9e243-8d4b-4c33-b6f6-d29f883dae09/attribute/text &amp#27;[39m&amp#27;[32m200&amp#27;[39m &amp#27;[90m143 ms - 15&amp#27;[39m
&amp#27;[35m[HTTP]&amp#27;[39m &amp#27;[90m&amp#27;[39m
&amp#27;[35m[HTTP]&amp#27;[39m &amp#27;[37m-->&amp#27;[39m &amp#27;[37mGET&amp#27;[39m &amp#27;[37m/wd/hub/session/150697d2-88ad-4621-9ba9-be0b626f0aad/context&amp#27;[39m
&amp#27;[35m[HTTP]&amp#27;[39m &amp#27;[90m{}&amp#27;[39m
[debug] &amp#27;[35m[W3C (150697d2)]&amp#27;[39m Calling AppiumDriver.getCurrentContext() with args: ["150697d2-88ad-4621-9ba9-be0b626f0aad"]
[debug] &amp#27;[35m[W3C (150697d2)]&amp#27;[39m Responding to client with driver.getCurrentContext() result: "NATIVE_APP"
&amp#27;[35m[HTTP]&amp#27;[39m &amp#27;[37m<-- GET /wd/hub/session/150697d2-88ad-4621-9ba9-be0b626f0aad/context &amp#27;[39m&amp#27;[32m200&amp#27;[39m &amp#27;[90m3 ms - 22&amp#27;[39m
&amp#27;[35m[HTTP]&amp#27;[39m &amp#27;[90m&amp#27;[39m
&amp#27;[35m[HTTP]&amp#27;[39m &amp#27;[37m-->&amp#27;[39m &amp#27;[37mPOST&amp#27;[39m &amp#27;[37m/wd/hub/session/150697d2-88ad-4621-9ba9-be0b626f0aad/elements&amp#27;[39m
&amp#27;[35m[HTTP]&amp#27;[39m &amp#27;[90m{"using":"class name","value":"android.widget.Button"}&amp#27;[39m
[debug] &amp#27;[35m[W3C (150697d2)]&amp#27;[39m Calling AppiumDriver.findElements() with args: ["class name","android.widget.Button","150697d2-88ad-4621-9ba9-be0b626f0aad"]
[debug] &amp#27;[35m[BaseDriver]&amp#27;[39m Valid locator strategies for this request: xpath, id, class name, accessibility id, -android uiautomator
[debug] &amp#27;[35m[BaseDriver]&amp#27;[39m Waiting up to 10000 ms for condition
[debug] &amp#27;[35m[WD Proxy]&amp#27;[39m Matched '/elements' to command name 'findElements'
[debug] &amp#27;[35m[WD Proxy]&amp#27;[39m Proxying [POST /elements] to [POST http://127.0.0.1:8220/wd/hub/session/f48b9f1e-45fc-433c-8440-58a47b2b4d05/elements] with body: {"strategy":"class name","selector":"android.widget.Button","context":"","multiple":true}
[debug] &amp#27;[35m[WD Proxy]&amp#27;[39m Got response with status 200: {"sessionId":"f48b9f1e-45fc-433c-8440-58a47b2b4d05","value":[{"ELEMENT":"8ec4eafd-fcbb-4f51-81e4-f69e37107377","element-6066-11e4-a52e-4f735466cecf":"8ec4eafd-fcbb-4f51-81e4-f69e37107377"},{"ELEMENT":"ca4b9b46-826c-43b7-ba9c-c46c7e67af0c","element-6066-11e4-a52e-4f735466cecf":"ca4b9b46-826c-43b7-ba9c-c46c7e67af0c"},{"ELEMENT":"50b2b121-de7f-4b9e-af4e-1f45c2593925","element-6066-11e4-a52e-4f735466cecf":"50b2b121-de7f-4b9e-af4e-1f45c2593925"},{"ELEMENT":"717d5ef3-2ec4-43f9-bbf5-faf68d35d7d0","element-6066-11e4-a52e-4f735466cecf":"717d5ef3-2ec4-43f9-bbf5-faf68d35d7d0"},{"ELEMENT":"19d23b6f-4093-4aff-a1bd-3cb092caf9a1","element-6066-11e4-a52e-4f735466cecf":"19d23b6f-4093-4aff-a1bd-3cb092caf9a1"},{"ELEMENT":"bcea8573-21ae-46b5-86a4-168a807212da","element-6066-11e4-a52e-4f735466cecf":"bcea8573-21ae-46b5-86a4-168a807212da"},{"ELEMENT":"78ae4792-7d23-49e3-a07b-c228bae9a7b0","element-6066-11e4-a52e-4f735466cecf":"78ae4792-7d23-49e3-a07b-c228bae9a7b0"},{"ELEMENT":"73415f49-ced3-40bc-ac7e-e9ed9cba437a","element-6066-...
[debug] &amp#27;[35m[W3C (150697d2)]&amp#27;[39m Responding to client with driver.findElements() result: [{"element-6066-11e4-a52e-4f735466cecf":"8ec4eafd-fcbb-4f51-81e4-f69e37107377","ELEMENT":"8ec4eafd-fcbb-4f51-81e4-f69e37107377"},{"element-6066-11e4-a52e-4f735466cecf":"ca4b9b46-826c-43b7-ba9c-c46c7e67af0c","ELEMENT":"ca4b9b46-826c-43b7-ba9c-c46c7e67af0c"},{"element-6066-11e4-a52e-4f735466cecf":"50b2b121-de7f-4b9e-af4e-1f45c2593925","ELEMENT":"50b2b121-de7f-4b9e-af4e-1f45c2593925"},{"element-6066-11e4-a52e-4f735466cecf":"717d5ef3-2ec4-43f9-bbf5-faf68d35d7d0","ELEMENT":"717d5ef3-2ec4-43f9-bbf5-faf68d35d7d0"},{"element-6066-11e4-a52e-4f735466cecf":"19d23b6f-4093-4aff-a1bd-3cb092caf9a1","ELEMENT":"19d23b6f-4093-4aff-a1bd-3cb092caf9a1"},{"element-6066-11e4-a52e-4f735466cecf":"bcea8573-21ae-46b5-86a4-168a807212da","ELEMENT":"bcea8573-21ae-46b5-86a4-168a807212da"},{"element-6066-11e4-a52e-4f735466cecf":"78ae4792-7d23-49e3-a07b-c228bae9a7b0","ELEMENT":"78ae4792-7d23-49e3-a07b-c228bae9a7b0"},{"element-6066-11e4-a52e-4f735466cecf":"73415f49-ced3-40bc-ac7e-e9ed9cba437a","ELEMENT":"73415f49-ced3-40bc-ac7e-e9ed9cba437...
&amp#27;[35m[HTTP]&amp#27;[39m &amp#27;[37m<-- POST /wd/hub/session/150697d2-88ad-4621-9ba9-be0b626f0aad/elements &amp#27;[39m&amp#27;[32m200&amp#27;[39m &amp#27;[90m1160 ms - 2571&amp#27;[39m
&amp#27;[35m[HTTP]&amp#27;[39m &amp#27;[90m&amp#27;[39m
&amp#27;[35m[HTTP]&amp#27;[39m &amp#27;[37m-->&amp#27;[39m &amp#27;[37mPOST&amp#27;[39m &amp#27;[37m/wd/hub/session/150697d2-88ad-4621-9ba9-be0b626f0aad/element/54ba5428-0ba6-4ae4-a8bb-6cd7f97cff3c/click&amp#27;[39m
&amp#27;[35m[HTTP]&amp#27;[39m &amp#27;[90m{"id":"54ba5428-0ba6-4ae4-a8bb-6cd7f97cff3c"}&amp#27;[39m
[debug] &amp#27;[35m[W3C (150697d2)]&amp#27;[39m Calling AppiumDriver.click() with args: ["54ba5428-0ba6-4ae4-a8bb-6cd7f97cff3c","150697d2-88ad-4621-9ba9-be0b626f0aad"]
[debug] &amp#27;[35m[WD Proxy]&amp#27;[39m Matched '/element/54ba5428-0ba6-4ae4-a8bb-6cd7f97cff3c/click' to command name 'click'
[debug] &amp#27;[35m[WD Proxy]&amp#27;[39m Proxying [POST /element/54ba5428-0ba6-4ae4-a8bb-6cd7f97cff3c/click] to [POST http://127.0.0.1:8220/wd/hub/session/f48b9f1e-45fc-433c-8440-58a47b2b4d05/element/54ba5428-0ba6-4ae4-a8bb-6cd7f97cff3c/click] with body: {"element":"54ba5428-0ba6-4ae4-a8bb-6cd7f97cff3c"}
[debug] &amp#27;[35m[WD Proxy]&amp#27;[39m Got response with status 200: {"sessionId":"f48b9f1e-45fc-433c-8440-58a47b2b4d05","value":null}
[debug] &amp#27;[35m[W3C (150697d2)]&amp#27;[39m Responding to client with driver.click() result: null
&amp#27;[35m[HTTP]&amp#27;[39m &amp#27;[37m<-- POST /wd/hub/session/150697d2-88ad-4621-9ba9-be0b626f0aad/element/54ba5428-0ba6-4ae4-a8bb-6cd7f97cff3c/click &amp#27;[39m&amp#27;[32m200&amp#27;[39m &amp#27;[90m354 ms - 14&amp#27;[39m
&amp#27;[35m[HTTP]&amp#27;[39m &amp#27;[90m&amp#27;[39m
&amp#27;[35m[HTTP]&amp#27;[39m &amp#27;[37m-->&amp#27;[39m &amp#27;[37mGET&amp#27;[39m &amp#27;[37m/wd/hub/session/150697d2-88ad-4621-9ba9-be0b626f0aad/context&amp#27;[39m
&amp#27;[35m[HTTP]&amp#27;[39m &amp#27;[90m{}&amp#27;[39m
[debug] &amp#27;[35m[W3C (150697d2)]&amp#27;[39m Calling AppiumDriver.getCurrentContext() with args: ["150697d2-88ad-4621-9ba9-be0b626f0aad"]
[debug] &amp#27;[35m[W3C (150697d2)]&amp#27;[39m Responding to client with driver.getCurrentContext() result: "NATIVE_APP"
&amp#27;[35m[HTTP]&amp#27;[39m &amp#27;[37m<-- GET /wd/hub/session/150697d2-88ad-4621-9ba9-be0b626f0aad/context &amp#27;[39m&amp#27;[32m200&amp#27;[39m &amp#27;[90m2 ms - 22&amp#27;[39m
&amp#27;[35m[HTTP]&amp#27;[39m &amp#27;[90m&amp#27;[39m
&amp#27;[35m[HTTP]&amp#27;[39m &amp#27;[37m-->&amp#27;[39m &amp#27;[37mPOST&amp#27;[39m &amp#27;[37m/wd/hub/session/150697d2-88ad-4621-9ba9-be0b626f0aad/elements&amp#27;[39m
&amp#27;[35m[HTTP]&amp#27;[39m &amp#27;[90m{"using":"class name","value":"android.widget.Button"}&amp#27;[39m
[debug] &amp#27;[35m[W3C (150697d2)]&amp#27;[39m Calling AppiumDriver.findElements() with args: ["class name","android.widget.Button","150697d2-88ad-4621-9ba9-be0b626f0aad"]
[debug] &amp#27;[35m[BaseDriver]&amp#27;[39m Valid locator strategies for this request: xpath, id, class name, accessibility id, -android uiautomator
[debug] &amp#27;[35m[BaseDriver]&amp#27;[39m Waiting up to 10000 ms for condition
[debug] &amp#27;[35m[WD Proxy]&amp#27;[39m Matched '/elements' to command name 'findElements'
[debug] &amp#27;[35m[WD Proxy]&amp#27;[39m Proxying [POST /elements] to [POST http://127.0.0.1:8220/wd/hub/session/f48b9f1e-45fc-433c-8440-58a47b2b4d05/elements] with body: {"strategy":"class name","selector":"android.widget.Button","context":"","multiple":true}
[debug] &amp#27;[35m[WD Proxy]&amp#27;[39m Got response with status 200: {"sessionId":"f48b9f1e-45fc-433c-8440-58a47b2b4d05","value":[{"ELEMENT":"82bd2b1a-1728-4b99-aa1e-e58f49cc31dc","element-6066-11e4-a52e-4f735466cecf":"82bd2b1a-1728-4b99-aa1e-e58f49cc31dc"},{"ELEMENT":"d544f1bf-1a68-49e9-a054-151b9c4e0774","element-6066-11e4-a52e-4f735466cecf":"d544f1bf-1a68-49e9-a054-151b9c4e0774"},{"ELEMENT":"7b0cf18f-bff9-4152-b1a2-1eb9f22e3508","element-6066-11e4-a52e-4f735466cecf":"7b0cf18f-bff9-4152-b1a2-1eb9f22e3508"},{"ELEMENT":"6248c8a3-b60f-4bcd-b8b5-e0fbcb4e81bc","element-6066-11e4-a52e-4f735466cecf":"6248c8a3-b60f-4bcd-b8b5-e0fbcb4e81bc"},{"ELEMENT":"c5ec7b87-356f-4a1b-978b-6fc4950a2ffc","element-6066-11e4-a52e-4f735466cecf":"c5ec7b87-356f-4a1b-978b-6fc4950a2ffc"},{"ELEMENT":"bf95f513-1b9c-4dea-8513-eb0dac020d8e","element-6066-11e4-a52e-4f735466cecf":"bf95f513-1b9c-4dea-8513-eb0dac020d8e"},{"ELEMENT":"36970ff6-23e5-4185-a512-6dd5210325b4","element-6066-11e4-a52e-4f735466cecf":"36970ff6-23e5-4185-a512-6dd5210325b4"},{"ELEMENT":"611bb597-f5f2-42f8-af44-22bae2066aa8","element-6066-...
[debug] &amp#27;[35m[W3C (150697d2)]&amp#27;[39m Responding to client with driver.findElements() result: [{"element-6066-11e4-a52e-4f735466cecf":"82bd2b1a-1728-4b99-aa1e-e58f49cc31dc","ELEMENT":"82bd2b1a-1728-4b99-aa1e-e58f49cc31dc"},{"element-6066-11e4-a52e-4f735466cecf":"d544f1bf-1a68-49e9-a054-151b9c4e0774","ELEMENT":"d544f1bf-1a68-49e9-a054-151b9c4e0774"},{"element-6066-11e4-a52e-4f735466cecf":"7b0cf18f-bff9-4152-b1a2-1eb9f22e3508","ELEMENT":"7b0cf18f-bff9-4152-b1a2-1eb9f22e3508"},{"element-6066-11e4-a52e-4f735466cecf":"6248c8a3-b60f-4bcd-b8b5-e0fbcb4e81bc","ELEMENT":"6248c8a3-b60f-4bcd-b8b5-e0fbcb4e81bc"},{"element-6066-11e4-a52e-4f735466cecf":"c5ec7b87-356f-4a1b-978b-6fc4950a2ffc","ELEMENT":"c5ec7b87-356f-4a1b-978b-6fc4950a2ffc"},{"element-6066-11e4-a52e-4f735466cecf":"bf95f513-1b9c-4dea-8513-eb0dac020d8e","ELEMENT":"bf95f513-1b9c-4dea-8513-eb0dac020d8e"},{"element-6066-11e4-a52e-4f735466cecf":"36970ff6-23e5-4185-a512-6dd5210325b4","ELEMENT":"36970ff6-23e5-4185-a512-6dd5210325b4"},{"element-6066-11e4-a52e-4f735466cecf":"611bb597-f5f2-42f8-af44-22bae2066aa8","ELEMENT":"611bb597-f5f2-42f8-af44-22bae2066aa...
&amp#27;[35m[HTTP]&amp#27;[39m &amp#27;[37m<-- POST /wd/hub/session/150697d2-88ad-4621-9ba9-be0b626f0aad/elements &amp#27;[39m&amp#27;[32m200&amp#27;[39m &amp#27;[90m440 ms - 2571&amp#27;[39m
&amp#27;[35m[HTTP]&amp#27;[39m &amp#27;[90m&amp#27;[39m
&amp#27;[35m[HTTP]&amp#27;[39m &amp#27;[37m-->&amp#27;[39m &amp#27;[37mPOST&amp#27;[39m &amp#27;[37m/wd/hub/session/150697d2-88ad-4621-9ba9-be0b626f0aad/element/07ffac48-d51b-4573-844e-d155bc8011a6/click&amp#27;[39m
&amp#27;[35m[HTTP]&amp#27;[39m &amp#27;[90m{"id":"07ffac48-d51b-4573-844e-d155bc8011a6"}&amp#27;[39m
[debug] &amp#27;[35m[W3C (150697d2)]&amp#27;[39m Calling AppiumDriver.click() with args: ["07ffac48-d51b-4573-844e-d155bc8011a6","150697d2-88ad-4621-9ba9-be0b626f0aad"]
[debug] &amp#27;[35m[WD Proxy]&amp#27;[39m Matched '/element/07ffac48-d51b-4573-844e-d155bc8011a6/click' to command name 'click'
[debug] &amp#27;[35m[WD Proxy]&amp#27;[39m Proxying [POST /element/07ffac48-d51b-4573-844e-d155bc8011a6/click] to [POST http://127.0.0.1:8220/wd/hub/session/f48b9f1e-45fc-433c-8440-58a47b2b4d05/element/07ffac48-d51b-4573-844e-d155bc8011a6/click] with body: {"element":"07ffac48-d51b-4573-844e-d155bc8011a6"}
[debug] &amp#27;[35m[WD Proxy]&amp#27;[39m Got response with status 200: {"sessionId":"f48b9f1e-45fc-433c-8440-58a47b2b4d05","value":null}
[debug] &amp#27;[35m[W3C (150697d2)]&amp#27;[39m Responding to client with driver.click() result: null
&amp#27;[35m[HTTP]&amp#27;[39m &amp#27;[37m<-- POST /wd/hub/session/150697d2-88ad-4621-9ba9-be0b626f0aad/element/07ffac48-d51b-4573-844e-d155bc8011a6/click &amp#27;[39m&amp#27;[32m200&amp#27;[39m &amp#27;[90m399 ms - 14&amp#27;[39m
&amp#27;[35m[HTTP]&amp#27;[39m &amp#27;[90m&amp#27;[39m
&amp#27;[35m[HTTP]&amp#27;[39m &amp#27;[37m-->&amp#27;[39m &amp#27;[37mGET&amp#27;[39m &amp#27;[37m/wd/hub/session/150697d2-88ad-4621-9ba9-be0b626f0aad/context&amp#27;[39m
&amp#27;[35m[HTTP]&amp#27;[39m &amp#27;[90m{}&amp#27;[39m
[debug] &amp#27;[35m[W3C (150697d2)]&amp#27;[39m Calling AppiumDriver.getCurrentContext() with args: ["150697d2-88ad-4621-9ba9-be0b626f0aad"]
[debug] &amp#27;[35m[W3C (150697d2)]&amp#27;[39m Responding to client with driver.getCurrentContext() result: "NATIVE_APP"
&amp#27;[35m[HTTP]&amp#27;[39m &amp#27;[37m<-- GET /wd/hub/session/150697d2-88ad-4621-9ba9-be0b626f0aad/context &amp#27;[39m&amp#27;[32m200&amp#27;[39m &amp#27;[90m6 ms - 22&amp#27;[39m
&amp#27;[35m[HTTP]&amp#27;[39m &amp#27;[90m&amp#27;[39m
&amp#27;[35m[HTTP]&amp#27;[39m &amp#27;[37m-->&amp#27;[39m &amp#27;[37mPOST&amp#27;[39m &amp#27;[37m/wd/hub/session/150697d2-88ad-4621-9ba9-be0b626f0aad/elements&amp#27;[39m
&amp#27;[35m[HTTP]&amp#27;[39m &amp#27;[90m{"using":"class name","value":"android.widget.Button"}&amp#27;[39m
[debug] &amp#27;[35m[W3C (150697d2)]&amp#27;[39m Calling AppiumDriver.findElements() with args: ["class name","android.widget.Button","150697d2-88ad-4621-9ba9-be0b626f0aad"]
[debug] &amp#27;[35m[BaseDriver]&amp#27;[39m Valid locator strategies for this request: xpath, id, class name, accessibility id, -android uiautomator
[debug] &amp#27;[35m[BaseDriver]&amp#27;[39m Waiting up to 10000 ms for condition
[debug] &amp#27;[35m[WD Proxy]&amp#27;[39m Matched '/elements' to command name 'findElements'
[debug] &amp#27;[35m[WD Proxy]&amp#27;[39m Proxying [POST /elements] to [POST http://127.0.0.1:8220/wd/hub/session/f48b9f1e-45fc-433c-8440-58a47b2b4d05/elements] with body: {"strategy":"class name","selector":"android.widget.Button","context":"","multiple":true}
[debug] &amp#27;[35m[WD Proxy]&amp#27;[39m Got response with status 200: {"sessionId":"f48b9f1e-45fc-433c-8440-58a47b2b4d05","value":[{"ELEMENT":"f974f3cd-0385-4ac6-bf8c-5b48765b0698","element-6066-11e4-a52e-4f735466cecf":"f974f3cd-0385-4ac6-bf8c-5b48765b0698"},{"ELEMENT":"41c7e2fb-ded0-4e30-85d4-cfd73cafd42a","element-6066-11e4-a52e-4f735466cecf":"41c7e2fb-ded0-4e30-85d4-cfd73cafd42a"},{"ELEMENT":"ea2eaece-70e4-4a7d-a632-0092f90aeea8","element-6066-11e4-a52e-4f735466cecf":"ea2eaece-70e4-4a7d-a632-0092f90aeea8"},{"ELEMENT":"aebf446b-5be6-4fcb-8076-d0ae1b56203d","element-6066-11e4-a52e-4f735466cecf":"aebf446b-5be6-4fcb-8076-d0ae1b56203d"},{"ELEMENT":"1bd53511-4ff2-4e79-938a-bcdc3bae1099","element-6066-11e4-a52e-4f735466cecf":"1bd53511-4ff2-4e79-938a-bcdc3bae1099"},{"ELEMENT":"b188b373-b27f-45bc-889a-47620c96a889","element-6066-11e4-a52e-4f735466cecf":"b188b373-b27f-45bc-889a-47620c96a889"},{"ELEMENT":"e0cee952-699d-415f-b400-e894fad6d32a","element-6066-11e4-a52e-4f735466cecf":"e0cee952-699d-415f-b400-e894fad6d32a"},{"ELEMENT":"7731dca0-9c5b-4480-9aee-a3000d507a3c","element-6066-...
[debug] &amp#27;[35m[W3C (150697d2)]&amp#27;[39m Responding to client with driver.findElements() result: [{"element-6066-11e4-a52e-4f735466cecf":"f974f3cd-0385-4ac6-bf8c-5b48765b0698","ELEMENT":"f974f3cd-0385-4ac6-bf8c-5b48765b0698"},{"element-6066-11e4-a52e-4f735466cecf":"41c7e2fb-ded0-4e30-85d4-cfd73cafd42a","ELEMENT":"41c7e2fb-ded0-4e30-85d4-cfd73cafd42a"},{"element-6066-11e4-a52e-4f735466cecf":"ea2eaece-70e4-4a7d-a632-0092f90aeea8","ELEMENT":"ea2eaece-70e4-4a7d-a632-0092f90aeea8"},{"element-6066-11e4-a52e-4f735466cecf":"aebf446b-5be6-4fcb-8076-d0ae1b56203d","ELEMENT":"aebf446b-5be6-4fcb-8076-d0ae1b56203d"},{"element-6066-11e4-a52e-4f735466cecf":"1bd53511-4ff2-4e79-938a-bcdc3bae1099","ELEMENT":"1bd53511-4ff2-4e79-938a-bcdc3bae1099"},{"element-6066-11e4-a52e-4f735466cecf":"b188b373-b27f-45bc-889a-47620c96a889","ELEMENT":"b188b373-b27f-45bc-889a-47620c96a889"},{"element-6066-11e4-a52e-4f735466cecf":"e0cee952-699d-415f-b400-e894fad6d32a","ELEMENT":"e0cee952-699d-415f-b400-e894fad6d32a"},{"element-6066-11e4-a52e-4f735466cecf":"7731dca0-9c5b-4480-9aee-a3000d507a3c","ELEMENT":"7731dca0-9c5b-4480-9aee-a3000d507a3...
&amp#27;[35m[HTTP]&amp#27;[39m &amp#27;[37m<-- POST /wd/hub/session/150697d2-88ad-4621-9ba9-be0b626f0aad/elements &amp#27;[39m&amp#27;[32m200&amp#27;[39m &amp#27;[90m737 ms - 2571&amp#27;[39m
&amp#27;[35m[HTTP]&amp#27;[39m &amp#27;[90m&amp#27;[39m
&amp#27;[35m[HTTP]&amp#27;[39m &amp#27;[37m-->&amp#27;[39m &amp#27;[37mPOST&amp#27;[39m &amp#27;[37m/wd/hub/session/150697d2-88ad-4621-9ba9-be0b626f0aad/element/8ebfc346-d7d2-4c77-85f3-a4056d8f1316/click&amp#27;[39m
&amp#27;[35m[HTTP]&amp#27;[39m &amp#27;[90m{"id":"8ebfc346-d7d2-4c77-85f3-a4056d8f1316"}&amp#27;[39m
[debug] &amp#27;[35m[W3C (150697d2)]&amp#27;[39m Calling AppiumDriver.click() with args: ["8ebfc346-d7d2-4c77-85f3-a4056d8f1316","150697d2-88ad-4621-9ba9-be0b626f0aad"]
[debug] &amp#27;[35m[WD Proxy]&amp#27;[39m Matched '/element/8ebfc346-d7d2-4c77-85f3-a4056d8f1316/click' to command name 'click'
[debug] &amp#27;[35m[WD Proxy]&amp#27;[39m Proxying [POST /element/8ebfc346-d7d2-4c77-85f3-a4056d8f1316/click] to [POST http://127.0.0.1:8220/wd/hub/session/f48b9f1e-45fc-433c-8440-58a47b2b4d05/element/8ebfc346-d7d2-4c77-85f3-a4056d8f1316/click] with body: {"element":"8ebfc346-d7d2-4c77-85f3-a4056d8f1316"}
[debug] &amp#27;[35m[WD Proxy]&amp#27;[39m Got response with status 200: {"sessionId":"f48b9f1e-45fc-433c-8440-58a47b2b4d05","value":null}
[debug] &amp#27;[35m[W3C (150697d2)]&amp#27;[39m Responding to client with driver.click() result: null
&amp#27;[35m[HTTP]&amp#27;[39m &amp#27;[37m<-- POST /wd/hub/session/150697d2-88ad-4621-9ba9-be0b626f0aad/element/8ebfc346-d7d2-4c77-85f3-a4056d8f1316/click &amp#27;[39m&amp#27;[32m200&amp#27;[39m &amp#27;[90m677 ms - 14&amp#27;[39m
&amp#27;[35m[HTTP]&amp#27;[39m &amp#27;[90m&amp#27;[39m
&amp#27;[35m[HTTP]&amp#27;[39m &amp#27;[37m-->&amp#27;[39m &amp#27;[37mGET&amp#27;[39m &amp#27;[37m/wd/hub/session/150697d2-88ad-4621-9ba9-be0b626f0aad/context&amp#27;[39m
&amp#27;[35m[HTTP]&amp#27;[39m &amp#27;[90m{}&amp#27;[39m
[debug] &amp#27;[35m[W3C (150697d2)]&amp#27;[39m Calling AppiumDriver.getCurrentContext() with args: ["150697d2-88ad-4621-9ba9-be0b626f0aad"]
[debug] &amp#27;[35m[W3C (150697d2)]&amp#27;[39m Responding to client with driver.getCurrentContext() result: "NATIVE_APP"
&amp#27;[35m[HTTP]&amp#27;[39m &amp#27;[37m<-- GET /wd/hub/session/150697d2-88ad-4621-9ba9-be0b626f0aad/context &amp#27;[39m&amp#27;[32m200&amp#27;[39m &amp#27;[90m2 ms - 22&amp#27;[39m
&amp#27;[35m[HTTP]&amp#27;[39m &amp#27;[90m&amp#27;[39m
&amp#27;[35m[HTTP]&amp#27;[39m &amp#27;[37m-->&amp#27;[39m &amp#27;[37mPOST&amp#27;[39m &amp#27;[37m/wd/hub/session/150697d2-88ad-4621-9ba9-be0b626f0aad/elements&amp#27;[39m
&amp#27;[35m[HTTP]&amp#27;[39m &amp#27;[90m{"using":"class name","value":"android.widget.Button"}&amp#27;[39m
[debug] &amp#27;[35m[W3C (150697d2)]&amp#27;[39m Calling AppiumDriver.findElements() with args: ["class name","android.widget.Button","150697d2-88ad-4621-9ba9-be0b626f0aad"]
[debug] &amp#27;[35m[BaseDriver]&amp#27;[39m Valid locator strategies for this request: xpath, id, class name, accessibility id, -android uiautomator
[debug] &amp#27;[35m[BaseDriver]&amp#27;[39m Waiting up to 10000 ms for condition
[debug] &amp#27;[35m[WD Proxy]&amp#27;[39m Matched '/elements' to command name 'findElements'
[debug] &amp#27;[35m[WD Proxy]&amp#27;[39m Proxying [POST /elements] to [POST http://127.0.0.1:8220/wd/hub/session/f48b9f1e-45fc-433c-8440-58a47b2b4d05/elements] with body: {"strategy":"class name","selector":"android.widget.Button","context":"","multiple":true}
[debug] &amp#27;[35m[WD Proxy]&amp#27;[39m Got response with status 200: {"sessionId":"f48b9f1e-45fc-433c-8440-58a47b2b4d05","value":[{"ELEMENT":"7f51f6b5-fcf2-4985-8fc6-071627264186","element-6066-11e4-a52e-4f735466cecf":"7f51f6b5-fcf2-4985-8fc6-071627264186"},{"ELEMENT":"93b59c85-2cf3-4f95-a472-1da4a1b85c61","element-6066-11e4-a52e-4f735466cecf":"93b59c85-2cf3-4f95-a472-1da4a1b85c61"},{"ELEMENT":"694c7651-77a9-4189-af76-e3dfc767601d","element-6066-11e4-a52e-4f735466cecf":"694c7651-77a9-4189-af76-e3dfc767601d"},{"ELEMENT":"3c4c6ebf-7912-4c8b-88f4-f3a43f7896e0","element-6066-11e4-a52e-4f735466cecf":"3c4c6ebf-7912-4c8b-88f4-f3a43f7896e0"},{"ELEMENT":"4c32a9f8-ed83-407c-a501-9880a40ff62c","element-6066-11e4-a52e-4f735466cecf":"4c32a9f8-ed83-407c-a501-9880a40ff62c"},{"ELEMENT":"cb6d4997-e85c-4386-908f-eb6531afff5a","element-6066-11e4-a52e-4f735466cecf":"cb6d4997-e85c-4386-908f-eb6531afff5a"},{"ELEMENT":"c06e71c4-c15e-4cf1-b2f9-670f3f16bc78","element-6066-11e4-a52e-4f735466cecf":"c06e71c4-c15e-4cf1-b2f9-670f3f16bc78"},{"ELEMENT":"dd1bb962-b426-4530-a793-0e3b7c87c6f2","element-6066-...
[debug] &amp#27;[35m[W3C (150697d2)]&amp#27;[39m Responding to client with driver.findElements() result: [{"element-6066-11e4-a52e-4f735466cecf":"7f51f6b5-fcf2-4985-8fc6-071627264186","ELEMENT":"7f51f6b5-fcf2-4985-8fc6-071627264186"},{"element-6066-11e4-a52e-4f735466cecf":"93b59c85-2cf3-4f95-a472-1da4a1b85c61","ELEMENT":"93b59c85-2cf3-4f95-a472-1da4a1b85c61"},{"element-6066-11e4-a52e-4f735466cecf":"694c7651-77a9-4189-af76-e3dfc767601d","ELEMENT":"694c7651-77a9-4189-af76-e3dfc767601d"},{"element-6066-11e4-a52e-4f735466cecf":"3c4c6ebf-7912-4c8b-88f4-f3a43f7896e0","ELEMENT":"3c4c6ebf-7912-4c8b-88f4-f3a43f7896e0"},{"element-6066-11e4-a52e-4f735466cecf":"4c32a9f8-ed83-407c-a501-9880a40ff62c","ELEMENT":"4c32a9f8-ed83-407c-a501-9880a40ff62c"},{"element-6066-11e4-a52e-4f735466cecf":"cb6d4997-e85c-4386-908f-eb6531afff5a","ELEMENT":"cb6d4997-e85c-4386-908f-eb6531afff5a"},{"element-6066-11e4-a52e-4f735466cecf":"c06e71c4-c15e-4cf1-b2f9-670f3f16bc78","ELEMENT":"c06e71c4-c15e-4cf1-b2f9-670f3f16bc78"},{"element-6066-11e4-a52e-4f735466cecf":"dd1bb962-b426-4530-a793-0e3b7c87c6f2","ELEMENT":"dd1bb962-b426-4530-a793-0e3b7c87c6f...
&amp#27;[35m[HTTP]&amp#27;[39m &amp#27;[37m<-- POST /wd/hub/session/150697d2-88ad-4621-9ba9-be0b626f0aad/elements &amp#27;[39m&amp#27;[32m200&amp#27;[39m &amp#27;[90m310 ms - 2571&amp#27;[39m
&amp#27;[35m[HTTP]&amp#27;[39m &amp#27;[90m&amp#27;[39m
&amp#27;[35m[HTTP]&amp#27;[39m &amp#27;[37m-->&amp#27;[39m &amp#27;[37mPOST&amp#27;[39m &amp#27;[37m/wd/hub/session/150697d2-88ad-4621-9ba9-be0b626f0aad/element/4c5ccbb3-aa32-4c47-b77f-e491c647d59e/click&amp#27;[39m
&amp#27;[35m[HTTP]&amp#27;[39m &amp#27;[90m{"id":"4c5ccbb3-aa32-4c47-b77f-e491c647d59e"}&amp#27;[39m
[debug] &amp#27;[35m[W3C (150697d2)]&amp#27;[39m Calling AppiumDriver.click() with args: ["4c5ccbb3-aa32-4c47-b77f-e491c647d59e","150697d2-88ad-4621-9ba9-be0b626f0aad"]
[debug] &amp#27;[35m[WD Proxy]&amp#27;[39m Matched '/element/4c5ccbb3-aa32-4c47-b77f-e491c647d59e/click' to command name 'click'
[debug] &amp#27;[35m[WD Proxy]&amp#27;[39m Proxying [POST /element/4c5ccbb3-aa32-4c47-b77f-e491c647d59e/click] to [POST http://127.0.0.1:8220/wd/hub/session/f48b9f1e-45fc-433c-8440-58a47b2b4d05/element/4c5ccbb3-aa32-4c47-b77f-e491c647d59e/click] with body: {"element":"4c5ccbb3-aa32-4c47-b77f-e491c647d59e"}
[debug] &amp#27;[35m[WD Proxy]&amp#27;[39m Got response with status 200: {"sessionId":"f48b9f1e-45fc-433c-8440-58a47b2b4d05","value":null}
[debug] &amp#27;[35m[W3C (150697d2)]&amp#27;[39m Responding to client with driver.click() result: null
&amp#27;[35m[HTTP]&amp#27;[39m &amp#27;[37m<-- POST /wd/hub/session/150697d2-88ad-4621-9ba9-be0b626f0aad/element/4c5ccbb3-aa32-4c47-b77f-e491c647d59e/click &amp#27;[39m&amp#27;[32m200&amp#27;[39m &amp#27;[90m173 ms - 14&amp#27;[39m
&amp#27;[35m[HTTP]&amp#27;[39m &amp#27;[90m&amp#27;[39m
&amp#27;[35m[HTTP]&amp#27;[39m &amp#27;[37m-->&amp#27;[39m &amp#27;[37mGET&amp#27;[39m &amp#27;[37m/wd/hub/session/150697d2-88ad-4621-9ba9-be0b626f0aad/context&amp#27;[39m
&amp#27;[35m[HTTP]&amp#27;[39m &amp#27;[90m{}&amp#27;[39m
[debug] &amp#27;[35m[W3C (150697d2)]&amp#27;[39m Calling AppiumDriver.getCurrentContext() with args: ["150697d2-88ad-4621-9ba9-be0b626f0aad"]
[debug] &amp#27;[35m[W3C (150697d2)]&amp#27;[39m Responding to client with driver.getCurrentContext() result: "NATIVE_APP"
&amp#27;[35m[HTTP]&amp#27;[39m &amp#27;[37m<-- GET /wd/hub/session/150697d2-88ad-4621-9ba9-be0b626f0aad/context &amp#27;[39m&amp#27;[32m200&amp#27;[39m &amp#27;[90m5 ms - 22&amp#27;[39m
&amp#27;[35m[HTTP]&amp#27;[39m &amp#27;[90m&amp#27;[39m
&amp#27;[35m[HTTP]&amp#27;[39m &amp#27;[37m-->&amp#27;[39m &amp#27;[37mPOST&amp#27;[39m &amp#27;[37m/wd/hub/session/150697d2-88ad-4621-9ba9-be0b626f0aad/element&amp#27;[39m
&amp#27;[35m[HTTP]&amp#27;[39m &amp#27;[90m{"using":"id","value":"com.sec.android.app.popupcalculator:id/calc_edt_formula"}&amp#27;[39m
[debug] &amp#27;[35m[W3C (150697d2)]&amp#27;[39m Calling AppiumDriver.findElement() with args: ["id","com.sec.android.app.popupcalculator:id/calc_edt_formula","150697d2-88ad-4621-9ba9-be0b626f0aad"]
[debug] &amp#27;[35m[BaseDriver]&amp#27;[39m Valid locator strategies for this request: xpath, id, class name, accessibility id, -android uiautomator
[debug] &amp#27;[35m[BaseDriver]&amp#27;[39m Waiting up to 10000 ms for condition
[debug] &amp#27;[35m[WD Proxy]&amp#27;[39m Matched '/element' to command name 'findElement'
[debug] &amp#27;[35m[WD Proxy]&amp#27;[39m Proxying [POST /element] to [POST http://127.0.0.1:8220/wd/hub/session/f48b9f1e-45fc-433c-8440-58a47b2b4d05/element] with body: {"strategy":"id","selector":"com.sec.android.app.popupcalculator:id/calc_edt_formula","context":"","multiple":false}
[debug] &amp#27;[35m[WD Proxy]&amp#27;[39m Got response with status 200: {"sessionId":"f48b9f1e-45fc-433c-8440-58a47b2b4d05","value":{"ELEMENT":"dd9baac4-a597-4b99-afad-a304730ce47c","element-6066-11e4-a52e-4f735466cecf":"dd9baac4-a597-4b99-afad-a304730ce47c"}}
[debug] &amp#27;[35m[W3C (150697d2)]&amp#27;[39m Responding to client with driver.findElement() result: {"element-6066-11e4-a52e-4f735466cecf":"dd9baac4-a597-4b99-afad-a304730ce47c","ELEMENT":"dd9baac4-a597-4b99-afad-a304730ce47c"}
&amp#27;[35m[HTTP]&amp#27;[39m &amp#27;[37m<-- POST /wd/hub/session/150697d2-88ad-4621-9ba9-be0b626f0aad/element &amp#27;[39m&amp#27;[32m200&amp#27;[39m &amp#27;[90m1035 ms - 137&amp#27;[39m
&amp#27;[35m[HTTP]&amp#27;[39m &amp#27;[90m&amp#27;[39m
&amp#27;[35m[HTTP]&amp#27;[39m &amp#27;[37m-->&amp#27;[39m &amp#27;[37mGET&amp#27;[39m &amp#27;[37m/wd/hub/session/150697d2-88ad-4621-9ba9-be0b626f0aad/element/dd9baac4-a597-4b99-afad-a304730ce47c/attribute/text&amp#27;[39m
&amp#27;[35m[HTTP]&amp#27;[39m &amp#27;[90m{}&amp#27;[39m
[debug] &amp#27;[35m[W3C (150697d2)]&amp#27;[39m Calling AppiumDriver.getAttribute() with args: ["text","dd9baac4-a597-4b99-afad-a304730ce47c","150697d2-88ad-4621-9ba9-be0b626f0aad"]
[debug] &amp#27;[35m[WD Proxy]&amp#27;[39m Matched '/element/dd9baac4-a597-4b99-afad-a304730ce47c/attribute/text' to command name 'getAttribute'
[debug] &amp#27;[35m[WD Proxy]&amp#27;[39m Proxying [GET /element/dd9baac4-a597-4b99-afad-a304730ce47c/attribute/text] to [GET http://127.0.0.1:8220/wd/hub/session/f48b9f1e-45fc-433c-8440-58a47b2b4d05/element/dd9baac4-a597-4b99-afad-a304730ce47c/attribute/text] with no body
[debug] &amp#27;[35m[WD Proxy]&amp#27;[39m Got response with status 200: {"sessionId":"f48b9f1e-45fc-433c-8440-58a47b2b4d05","value":"123+456"}
[debug] &amp#27;[35m[W3C (150697d2)]&amp#27;[39m Responding to client with driver.getAttribute() result: "123+456"
&amp#27;[35m[HTTP]&amp#27;[39m &amp#27;[37m<-- GET /wd/hub/session/150697d2-88ad-4621-9ba9-be0b626f0aad/element/dd9baac4-a597-4b99-afad-a304730ce47c/attribute/text &amp#27;[39m&amp#27;[32m200&amp#27;[39m &amp#27;[90m188 ms - 19&amp#27;[39m
&amp#27;[35m[HTTP]&amp#27;[39m &amp#27;[90m&amp#27;[39m
&amp#27;[35m[HTTP]&amp#27;[39m &amp#27;[37m-->&amp#27;[39m &amp#27;[37mGET&amp#27;[39m &amp#27;[37m/wd/hub/session/150697d2-88ad-4621-9ba9-be0b626f0aad/context&amp#27;[39m
&amp#27;[35m[HTTP]&amp#27;[39m &amp#27;[90m{}&amp#27;[39m
[debug] &amp#27;[35m[W3C (150697d2)]&amp#27;[39m Calling AppiumDriver.getCurrentContext() with args: ["150697d2-88ad-4621-9ba9-be0b626f0aad"]
[debug] &amp#27;[35m[W3C (150697d2)]&amp#27;[39m Responding to client with driver.getCurrentContext() result: "NATIVE_APP"
&amp#27;[35m[HTTP]&amp#27;[39m &amp#27;[37m<-- GET /wd/hub/session/150697d2-88ad-4621-9ba9-be0b626f0aad/context &amp#27;[39m&amp#27;[32m200&amp#27;[39m &amp#27;[90m2 ms - 22&amp#27;[39m
&amp#27;[35m[HTTP]&amp#27;[39m &amp#27;[90m&amp#27;[39m
&amp#27;[35m[HTTP]&amp#27;[39m &amp#27;[37m-->&amp#27;[39m &amp#27;[37mPOST&amp#27;[39m &amp#27;[37m/wd/hub/session/150697d2-88ad-4621-9ba9-be0b626f0aad/elements&amp#27;[39m
&amp#27;[35m[HTTP]&amp#27;[39m &amp#27;[90m{"using":"class name","value":"android.widget.Button"}&amp#27;[39m
[debug] &amp#27;[35m[W3C (150697d2)]&amp#27;[39m Calling AppiumDriver.findElements() with args: ["class name","android.widget.Button","150697d2-88ad-4621-9ba9-be0b626f0aad"]
[debug] &amp#27;[35m[BaseDriver]&amp#27;[39m Valid locator strategies for this request: xpath, id, class name, accessibility id, -android uiautomator
[debug] &amp#27;[35m[BaseDriver]&amp#27;[39m Waiting up to 10000 ms for condition
[debug] &amp#27;[35m[WD Proxy]&amp#27;[39m Matched '/elements' to command name 'findElements'
[debug] &amp#27;[35m[WD Proxy]&amp#27;[39m Proxying [POST /elements] to [POST http://127.0.0.1:8220/wd/hub/session/f48b9f1e-45fc-433c-8440-58a47b2b4d05/elements] with body: {"strategy":"class name","selector":"android.widget.Button","context":"","multiple":true}
[debug] &amp#27;[35m[WD Proxy]&amp#27;[39m Got response with status 200: {"sessionId":"f48b9f1e-45fc-433c-8440-58a47b2b4d05","value":[{"ELEMENT":"7872545f-14b0-405c-8ed8-230120d1a262","element-6066-11e4-a52e-4f735466cecf":"7872545f-14b0-405c-8ed8-230120d1a262"},{"ELEMENT":"4e122d34-16c3-4e24-99ed-8b3db582cf97","element-6066-11e4-a52e-4f735466cecf":"4e122d34-16c3-4e24-99ed-8b3db582cf97"},{"ELEMENT":"ef839bd5-30af-43b0-bf80-5bafc4aaaa4c","element-6066-11e4-a52e-4f735466cecf":"ef839bd5-30af-43b0-bf80-5bafc4aaaa4c"},{"ELEMENT":"15e4b639-63f6-4cb4-85b8-4232e1302553","element-6066-11e4-a52e-4f735466cecf":"15e4b639-63f6-4cb4-85b8-4232e1302553"},{"ELEMENT":"d6bc08f6-2d71-4295-a300-bffd204ed26a","element-6066-11e4-a52e-4f735466cecf":"d6bc08f6-2d71-4295-a300-bffd204ed26a"},{"ELEMENT":"41af03c6-2c68-4d5b-9611-23c114cb6f33","element-6066-11e4-a52e-4f735466cecf":"41af03c6-2c68-4d5b-9611-23c114cb6f33"},{"ELEMENT":"6dca482d-05b9-4925-9fce-cf41694bd6a8","element-6066-11e4-a52e-4f735466cecf":"6dca482d-05b9-4925-9fce-cf41694bd6a8"},{"ELEMENT":"c54bdd20-51d9-4041-907e-e79aef777b78","element-6066-...
[debug] &amp#27;[35m[W3C (150697d2)]&amp#27;[39m Responding to client with driver.findElements() result: [{"element-6066-11e4-a52e-4f735466cecf":"7872545f-14b0-405c-8ed8-230120d1a262","ELEMENT":"7872545f-14b0-405c-8ed8-230120d1a262"},{"element-6066-11e4-a52e-4f735466cecf":"4e122d34-16c3-4e24-99ed-8b3db582cf97","ELEMENT":"4e122d34-16c3-4e24-99ed-8b3db582cf97"},{"element-6066-11e4-a52e-4f735466cecf":"ef839bd5-30af-43b0-bf80-5bafc4aaaa4c","ELEMENT":"ef839bd5-30af-43b0-bf80-5bafc4aaaa4c"},{"element-6066-11e4-a52e-4f735466cecf":"15e4b639-63f6-4cb4-85b8-4232e1302553","ELEMENT":"15e4b639-63f6-4cb4-85b8-4232e1302553"},{"element-6066-11e4-a52e-4f735466cecf":"d6bc08f6-2d71-4295-a300-bffd204ed26a","ELEMENT":"d6bc08f6-2d71-4295-a300-bffd204ed26a"},{"element-6066-11e4-a52e-4f735466cecf":"41af03c6-2c68-4d5b-9611-23c114cb6f33","ELEMENT":"41af03c6-2c68-4d5b-9611-23c114cb6f33"},{"element-6066-11e4-a52e-4f735466cecf":"6dca482d-05b9-4925-9fce-cf41694bd6a8","ELEMENT":"6dca482d-05b9-4925-9fce-cf41694bd6a8"},{"element-6066-11e4-a52e-4f735466cecf":"c54bdd20-51d9-4041-907e-e79aef777b78","ELEMENT":"c54bdd20-51d9-4041-907e-e79aef777b7...
&amp#27;[35m[HTTP]&amp#27;[39m &amp#27;[37m<-- POST /wd/hub/session/150697d2-88ad-4621-9ba9-be0b626f0aad/elements &amp#27;[39m&amp#27;[32m200&amp#27;[39m &amp#27;[90m504 ms - 2571&amp#27;[39m
&amp#27;[35m[HTTP]&amp#27;[39m &amp#27;[90m&amp#27;[39m
&amp#27;[35m[HTTP]&amp#27;[39m &amp#27;[37m-->&amp#27;[39m &amp#27;[37mPOST&amp#27;[39m &amp#27;[37m/wd/hub/session/150697d2-88ad-4621-9ba9-be0b626f0aad/element/a96f0c4a-2358-4069-8ae8-eee1c80527e9/click&amp#27;[39m
&amp#27;[35m[HTTP]&amp#27;[39m &amp#27;[90m{"id":"a96f0c4a-2358-4069-8ae8-eee1c80527e9"}&amp#27;[39m
[debug] &amp#27;[35m[W3C (150697d2)]&amp#27;[39m Calling AppiumDriver.click() with args: ["a96f0c4a-2358-4069-8ae8-eee1c80527e9","150697d2-88ad-4621-9ba9-be0b626f0aad"]
[debug] &amp#27;[35m[WD Proxy]&amp#27;[39m Matched '/element/a96f0c4a-2358-4069-8ae8-eee1c80527e9/click' to command name 'click'
[debug] &amp#27;[35m[WD Proxy]&amp#27;[39m Proxying [POST /element/a96f0c4a-2358-4069-8ae8-eee1c80527e9/click] to [POST http://127.0.0.1:8220/wd/hub/session/f48b9f1e-45fc-433c-8440-58a47b2b4d05/element/a96f0c4a-2358-4069-8ae8-eee1c80527e9/click] with body: {"element":"a96f0c4a-2358-4069-8ae8-eee1c80527e9"}
[debug] &amp#27;[35m[WD Proxy]&amp#27;[39m Got response with status 200: {"sessionId":"f48b9f1e-45fc-433c-8440-58a47b2b4d05","value":null}
[debug] &amp#27;[35m[W3C (150697d2)]&amp#27;[39m Responding to client with driver.click() result: null
&amp#27;[35m[HTTP]&amp#27;[39m &amp#27;[37m<-- POST /wd/hub/session/150697d2-88ad-4621-9ba9-be0b626f0aad/element/a96f0c4a-2358-4069-8ae8-eee1c80527e9/click &amp#27;[39m&amp#27;[32m200&amp#27;[39m &amp#27;[90m774 ms - 14&amp#27;[39m
&amp#27;[35m[HTTP]&amp#27;[39m &amp#27;[90m&amp#27;[39m
&amp#27;[35m[HTTP]&amp#27;[39m &amp#27;[37m-->&amp#27;[39m &amp#27;[37mGET&amp#27;[39m &amp#27;[37m/wd/hub/session/150697d2-88ad-4621-9ba9-be0b626f0aad/context&amp#27;[39m
&amp#27;[35m[HTTP]&amp#27;[39m &amp#27;[90m{}&amp#27;[39m
[debug] &amp#27;[35m[W3C (150697d2)]&amp#27;[39m Calling AppiumDriver.getCurrentContext() with args: ["150697d2-88ad-4621-9ba9-be0b626f0aad"]
[debug] &amp#27;[35m[W3C (150697d2)]&amp#27;[39m Responding to client with driver.getCurrentContext() result: "NATIVE_APP"
&amp#27;[35m[HTTP]&amp#27;[39m &amp#27;[37m<-- GET /wd/hub/session/150697d2-88ad-4621-9ba9-be0b626f0aad/context &amp#27;[39m&amp#27;[32m200&amp#27;[39m &amp#27;[90m6 ms - 22&amp#27;[39m
&amp#27;[35m[HTTP]&amp#27;[39m &amp#27;[90m&amp#27;[39m
&amp#27;[35m[HTTP]&amp#27;[39m &amp#27;[37m-->&amp#27;[39m &amp#27;[37mPOST&amp#27;[39m &amp#27;[37m/wd/hub/session/150697d2-88ad-4621-9ba9-be0b626f0aad/element&amp#27;[39m
&amp#27;[35m[HTTP]&amp#27;[39m &amp#27;[90m{"using":"id","value":"com.sec.android.app.popupcalculator:id/calc_edt_formula"}&amp#27;[39m
[debug] &amp#27;[35m[W3C (150697d2)]&amp#27;[39m Calling AppiumDriver.findElement() with args: ["id","com.sec.android.app.popupcalculator:id/calc_edt_formula","150697d2-88ad-4621-9ba9-be0b626f0aad"]
[debug] &amp#27;[35m[BaseDriver]&amp#27;[39m Valid locator strategies for this request: xpath, id, class name, accessibility id, -android uiautomator
[debug] &amp#27;[35m[BaseDriver]&amp#27;[39m Waiting up to 10000 ms for condition
[debug] &amp#27;[35m[WD Proxy]&amp#27;[39m Matched '/element' to command name 'findElement'
[debug] &amp#27;[35m[WD Proxy]&amp#27;[39m Proxying [POST /element] to [POST http://127.0.0.1:8220/wd/hub/session/f48b9f1e-45fc-433c-8440-58a47b2b4d05/element] with body: {"strategy":"id","selector":"com.sec.android.app.popupcalculator:id/calc_edt_formula","context":"","multiple":false}
[debug] &amp#27;[35m[WD Proxy]&amp#27;[39m Got response with status 200: {"sessionId":"f48b9f1e-45fc-433c-8440-58a47b2b4d05","value":{"ELEMENT":"d86ff153-c654-4f2e-8b51-68515b4ab1aa","element-6066-11e4-a52e-4f735466cecf":"d86ff153-c654-4f2e-8b51-68515b4ab1aa"}}
[debug] &amp#27;[35m[W3C (150697d2)]&amp#27;[39m Responding to client with driver.findElement() result: {"element-6066-11e4-a52e-4f735466cecf":"d86ff153-c654-4f2e-8b51-68515b4ab1aa","ELEMENT":"d86ff153-c654-4f2e-8b51-68515b4ab1aa"}
&amp#27;[35m[HTTP]&amp#27;[39m &amp#27;[37m<-- POST /wd/hub/session/150697d2-88ad-4621-9ba9-be0b626f0aad/element &amp#27;[39m&amp#27;[32m200&amp#27;[39m &amp#27;[90m61 ms - 137&amp#27;[39m
&amp#27;[35m[HTTP]&amp#27;[39m &amp#27;[90m&amp#27;[39m
&amp#27;[35m[HTTP]&amp#27;[39m &amp#27;[37m-->&amp#27;[39m &amp#27;[37mGET&amp#27;[39m &amp#27;[37m/wd/hub/session/150697d2-88ad-4621-9ba9-be0b626f0aad/element/d86ff153-c654-4f2e-8b51-68515b4ab1aa/attribute/text&amp#27;[39m
&amp#27;[35m[HTTP]&amp#27;[39m &amp#27;[90m{}&amp#27;[39m
[debug] &amp#27;[35m[W3C (150697d2)]&amp#27;[39m Calling AppiumDriver.getAttribute() with args: ["text","d86ff153-c654-4f2e-8b51-68515b4ab1aa","150697d2-88ad-4621-9ba9-be0b626f0aad"]
[debug] &amp#27;[35m[WD Proxy]&amp#27;[39m Matched '/element/d86ff153-c654-4f2e-8b51-68515b4ab1aa/attribute/text' to command name 'getAttribute'
[debug] &amp#27;[35m[WD Proxy]&amp#27;[39m Proxying [GET /element/d86ff153-c654-4f2e-8b51-68515b4ab1aa/attribute/text] to [GET http://127.0.0.1:8220/wd/hub/session/f48b9f1e-45fc-433c-8440-58a47b2b4d05/element/d86ff153-c654-4f2e-8b51-68515b4ab1aa/attribute/text] with no body
[debug] &amp#27;[35m[WD Proxy]&amp#27;[39m Got response with status 200: {"sessionId":"f48b9f1e-45fc-433c-8440-58a47b2b4d05","value":"579"}
[debug] &amp#27;[35m[W3C (150697d2)]&amp#27;[39m Responding to client with driver.getAttribute() result: "579"
&amp#27;[35m[HTTP]&amp#27;[39m &amp#27;[37m<-- GET /wd/hub/session/150697d2-88ad-4621-9ba9-be0b626f0aad/element/d86ff153-c654-4f2e-8b51-68515b4ab1aa/attribute/text &amp#27;[39m&amp#27;[32m200&amp#27;[39m &amp#27;[90m26 ms - 15&amp#27;[39m
579
123+456
[Ljava.lang.String;@363a52f
579
579
TestData1
&amp#27;[35m[HTTP]&amp#27;[39m &amp#27;[90m&amp#27;[39m
]]></system-out>
    <system-err><![CDATA[Dec 26, 2020 3:27:30 PM io.appium.java_client.remote.AppiumCommandExecutor$1 lambda$0
INFO: Detected dialect: W3C
]]></system-err>
  </testcase>
  <testcase name="writeMobileCalculatorTestScenarios[TestData2](2)" classname="Java.Framework.MobileCalculatorTestScenarios" time="10.662">
    <system-out><![CDATA[&amp#27;[35m[HTTP]&amp#27;[39m &amp#27;[37m-->&amp#27;[39m &amp#27;[37mGET&amp#27;[39m &amp#27;[37m/wd/hub/session/150697d2-88ad-4621-9ba9-be0b626f0aad/context&amp#27;[39m
&amp#27;[35m[HTTP]&amp#27;[39m &amp#27;[90m{}&amp#27;[39m
[debug] &amp#27;[35m[W3C (150697d2)]&amp#27;[39m Calling AppiumDriver.getCurrentContext() with args: ["150697d2-88ad-4621-9ba9-be0b626f0aad"]
[debug] &amp#27;[35m[W3C (150697d2)]&amp#27;[39m Responding to client with driver.getCurrentContext() result: "NATIVE_APP"
&amp#27;[35m[HTTP]&amp#27;[39m &amp#27;[37m<-- GET /wd/hub/session/150697d2-88ad-4621-9ba9-be0b626f0aad/context &amp#27;[39m&amp#27;[32m200&amp#27;[39m &amp#27;[90m2 ms - 22&amp#27;[39m
&amp#27;[35m[HTTP]&amp#27;[39m &amp#27;[90m&amp#27;[39m
&amp#27;[35m[HTTP]&amp#27;[39m &amp#27;[37m-->&amp#27;[39m &amp#27;[37mPOST&amp#27;[39m &amp#27;[37m/wd/hub/session/150697d2-88ad-4621-9ba9-be0b626f0aad/elements&amp#27;[39m
&amp#27;[35m[HTTP]&amp#27;[39m &amp#27;[90m{"using":"class name","value":"android.widget.Button"}&amp#27;[39m
[debug] &amp#27;[35m[W3C (150697d2)]&amp#27;[39m Calling AppiumDriver.findElements() with args: ["class name","android.widget.Button","150697d2-88ad-4621-9ba9-be0b626f0aad"]
[debug] &amp#27;[35m[BaseDriver]&amp#27;[39m Valid locator strategies for this request: xpath, id, class name, accessibility id, -android uiautomator
[debug] &amp#27;[35m[BaseDriver]&amp#27;[39m Waiting up to 10000 ms for condition
[debug] &amp#27;[35m[WD Proxy]&amp#27;[39m Matched '/elements' to command name 'findElements'
[debug] &amp#27;[35m[WD Proxy]&amp#27;[39m Proxying [POST /elements] to [POST http://127.0.0.1:8220/wd/hub/session/f48b9f1e-45fc-433c-8440-58a47b2b4d05/elements] with body: {"strategy":"class name","selector":"android.widget.Button","context":"","multiple":true}
[debug] &amp#27;[35m[WD Proxy]&amp#27;[39m Got response with status 200: {"sessionId":"f48b9f1e-45fc-433c-8440-58a47b2b4d05","value":[{"ELEMENT":"92a7a9b3-f97d-4d10-a41e-28594649b12e","element-6066-11e4-a52e-4f735466cecf":"92a7a9b3-f97d-4d10-a41e-28594649b12e"},{"ELEMENT":"936397d2-eb41-47d9-b1ad-53ba60392fc2","element-6066-11e4-a52e-4f735466cecf":"936397d2-eb41-47d9-b1ad-53ba60392fc2"},{"ELEMENT":"8a84556a-94f2-4840-b910-a792d5aa49ef","element-6066-11e4-a52e-4f735466cecf":"8a84556a-94f2-4840-b910-a792d5aa49ef"},{"ELEMENT":"d4b9400c-52b3-49ff-9a61-b03d1504cc14","element-6066-11e4-a52e-4f735466cecf":"d4b9400c-52b3-49ff-9a61-b03d1504cc14"},{"ELEMENT":"af18924d-ecf9-4059-a198-2861b23e14c4","element-6066-11e4-a52e-4f735466cecf":"af18924d-ecf9-4059-a198-2861b23e14c4"},{"ELEMENT":"54748d59-1f6c-4ecc-af50-2ef01189595c","element-6066-11e4-a52e-4f735466cecf":"54748d59-1f6c-4ecc-af50-2ef01189595c"},{"ELEMENT":"a2d88347-71e9-4c70-b0fb-8ce049b894f5","element-6066-11e4-a52e-4f735466cecf":"a2d88347-71e9-4c70-b0fb-8ce049b894f5"},{"ELEMENT":"66939fdc-8660-4fa0-8feb-7d9e1c266a54","element-6066-...
[debug] &amp#27;[35m[W3C (150697d2)]&amp#27;[39m Responding to client with driver.findElements() result: [{"element-6066-11e4-a52e-4f735466cecf":"92a7a9b3-f97d-4d10-a41e-28594649b12e","ELEMENT":"92a7a9b3-f97d-4d10-a41e-28594649b12e"},{"element-6066-11e4-a52e-4f735466cecf":"936397d2-eb41-47d9-b1ad-53ba60392fc2","ELEMENT":"936397d2-eb41-47d9-b1ad-53ba60392fc2"},{"element-6066-11e4-a52e-4f735466cecf":"8a84556a-94f2-4840-b910-a792d5aa49ef","ELEMENT":"8a84556a-94f2-4840-b910-a792d5aa49ef"},{"element-6066-11e4-a52e-4f735466cecf":"d4b9400c-52b3-49ff-9a61-b03d1504cc14","ELEMENT":"d4b9400c-52b3-49ff-9a61-b03d1504cc14"},{"element-6066-11e4-a52e-4f735466cecf":"af18924d-ecf9-4059-a198-2861b23e14c4","ELEMENT":"af18924d-ecf9-4059-a198-2861b23e14c4"},{"element-6066-11e4-a52e-4f735466cecf":"54748d59-1f6c-4ecc-af50-2ef01189595c","ELEMENT":"54748d59-1f6c-4ecc-af50-2ef01189595c"},{"element-6066-11e4-a52e-4f735466cecf":"a2d88347-71e9-4c70-b0fb-8ce049b894f5","ELEMENT":"a2d88347-71e9-4c70-b0fb-8ce049b894f5"},{"element-6066-11e4-a52e-4f735466cecf":"66939fdc-8660-4fa0-8feb-7d9e1c266a54","ELEMENT":"66939fdc-8660-4fa0-8feb-7d9e1c266a5...
&amp#27;[35m[HTTP]&amp#27;[39m &amp#27;[37m<-- POST /wd/hub/session/150697d2-88ad-4621-9ba9-be0b626f0aad/elements &amp#27;[39m&amp#27;[32m200&amp#27;[39m &amp#27;[90m52 ms - 2571&amp#27;[39m
&amp#27;[35m[HTTP]&amp#27;[39m &amp#27;[90m&amp#27;[39m
&amp#27;[35m[HTTP]&amp#27;[39m &amp#27;[37m-->&amp#27;[39m &amp#27;[37mPOST&amp#27;[39m &amp#27;[37m/wd/hub/session/150697d2-88ad-4621-9ba9-be0b626f0aad/element/ada23b58-347c-40b8-8abe-d16955172230/click&amp#27;[39m
&amp#27;[35m[HTTP]&amp#27;[39m &amp#27;[90m{"id":"ada23b58-347c-40b8-8abe-d16955172230"}&amp#27;[39m
[debug] &amp#27;[35m[W3C (150697d2)]&amp#27;[39m Calling AppiumDriver.click() with args: ["ada23b58-347c-40b8-8abe-d16955172230","150697d2-88ad-4621-9ba9-be0b626f0aad"]
[debug] &amp#27;[35m[WD Proxy]&amp#27;[39m Matched '/element/ada23b58-347c-40b8-8abe-d16955172230/click' to command name 'click'
[debug] &amp#27;[35m[WD Proxy]&amp#27;[39m Proxying [POST /element/ada23b58-347c-40b8-8abe-d16955172230/click] to [POST http://127.0.0.1:8220/wd/hub/session/f48b9f1e-45fc-433c-8440-58a47b2b4d05/element/ada23b58-347c-40b8-8abe-d16955172230/click] with body: {"element":"ada23b58-347c-40b8-8abe-d16955172230"}
[debug] &amp#27;[35m[WD Proxy]&amp#27;[39m Got response with status 200: {"sessionId":"f48b9f1e-45fc-433c-8440-58a47b2b4d05","value":null}
[debug] &amp#27;[35m[W3C (150697d2)]&amp#27;[39m Responding to client with driver.click() result: null
&amp#27;[35m[HTTP]&amp#27;[39m &amp#27;[37m<-- POST /wd/hub/session/150697d2-88ad-4621-9ba9-be0b626f0aad/element/ada23b58-347c-40b8-8abe-d16955172230/click &amp#27;[39m&amp#27;[32m200&amp#27;[39m &amp#27;[90m70 ms - 14&amp#27;[39m
&amp#27;[35m[HTTP]&amp#27;[39m &amp#27;[90m&amp#27;[39m
&amp#27;[35m[HTTP]&amp#27;[39m &amp#27;[37m-->&amp#27;[39m &amp#27;[37mGET&amp#27;[39m &amp#27;[37m/wd/hub/session/150697d2-88ad-4621-9ba9-be0b626f0aad/context&amp#27;[39m
&amp#27;[35m[HTTP]&amp#27;[39m &amp#27;[90m{}&amp#27;[39m
[debug] &amp#27;[35m[W3C (150697d2)]&amp#27;[39m Calling AppiumDriver.getCurrentContext() with args: ["150697d2-88ad-4621-9ba9-be0b626f0aad"]
[debug] &amp#27;[35m[W3C (150697d2)]&amp#27;[39m Responding to client with driver.getCurrentContext() result: "NATIVE_APP"
&amp#27;[35m[HTTP]&amp#27;[39m &amp#27;[37m<-- GET /wd/hub/session/150697d2-88ad-4621-9ba9-be0b626f0aad/context &amp#27;[39m&amp#27;[32m200&amp#27;[39m &amp#27;[90m2 ms - 22&amp#27;[39m
&amp#27;[35m[HTTP]&amp#27;[39m &amp#27;[90m&amp#27;[39m
&amp#27;[35m[HTTP]&amp#27;[39m &amp#27;[37m-->&amp#27;[39m &amp#27;[37mPOST&amp#27;[39m &amp#27;[37m/wd/hub/session/150697d2-88ad-4621-9ba9-be0b626f0aad/elements&amp#27;[39m
&amp#27;[35m[HTTP]&amp#27;[39m &amp#27;[90m{"using":"class name","value":"android.widget.Button"}&amp#27;[39m
[debug] &amp#27;[35m[W3C (150697d2)]&amp#27;[39m Calling AppiumDriver.findElements() with args: ["class name","android.widget.Button","150697d2-88ad-4621-9ba9-be0b626f0aad"]
[debug] &amp#27;[35m[BaseDriver]&amp#27;[39m Valid locator strategies for this request: xpath, id, class name, accessibility id, -android uiautomator
[debug] &amp#27;[35m[BaseDriver]&amp#27;[39m Waiting up to 10000 ms for condition
[debug] &amp#27;[35m[WD Proxy]&amp#27;[39m Matched '/elements' to command name 'findElements'
[debug] &amp#27;[35m[WD Proxy]&amp#27;[39m Proxying [POST /elements] to [POST http://127.0.0.1:8220/wd/hub/session/f48b9f1e-45fc-433c-8440-58a47b2b4d05/elements] with body: {"strategy":"class name","selector":"android.widget.Button","context":"","multiple":true}
[debug] &amp#27;[35m[WD Proxy]&amp#27;[39m Got response with status 200: {"sessionId":"f48b9f1e-45fc-433c-8440-58a47b2b4d05","value":[{"ELEMENT":"1059d11a-16f1-4ba9-b87f-7d7c0dcd12cf","element-6066-11e4-a52e-4f735466cecf":"1059d11a-16f1-4ba9-b87f-7d7c0dcd12cf"},{"ELEMENT":"d002fa64-e1cb-4031-ae7c-3d6a1f736964","element-6066-11e4-a52e-4f735466cecf":"d002fa64-e1cb-4031-ae7c-3d6a1f736964"},{"ELEMENT":"ece1a539-f825-4012-9cbd-119d2bb355ca","element-6066-11e4-a52e-4f735466cecf":"ece1a539-f825-4012-9cbd-119d2bb355ca"},{"ELEMENT":"49358901-045b-4df3-a818-50defe9c4fee","element-6066-11e4-a52e-4f735466cecf":"49358901-045b-4df3-a818-50defe9c4fee"},{"ELEMENT":"88fdf05f-ec59-4a82-8c00-f6c3c77d59b0","element-6066-11e4-a52e-4f735466cecf":"88fdf05f-ec59-4a82-8c00-f6c3c77d59b0"},{"ELEMENT":"b92d5568-4a84-4a6d-97a3-3082e841d41a","element-6066-11e4-a52e-4f735466cecf":"b92d5568-4a84-4a6d-97a3-3082e841d41a"},{"ELEMENT":"b2f66a14-f91e-4449-a705-b6ad2470b487","element-6066-11e4-a52e-4f735466cecf":"b2f66a14-f91e-4449-a705-b6ad2470b487"},{"ELEMENT":"b2ce0fc5-ae79-4fe9-9e65-46ea93b72859","element-6066-...
[debug] &amp#27;[35m[W3C (150697d2)]&amp#27;[39m Responding to client with driver.findElements() result: [{"element-6066-11e4-a52e-4f735466cecf":"1059d11a-16f1-4ba9-b87f-7d7c0dcd12cf","ELEMENT":"1059d11a-16f1-4ba9-b87f-7d7c0dcd12cf"},{"element-6066-11e4-a52e-4f735466cecf":"d002fa64-e1cb-4031-ae7c-3d6a1f736964","ELEMENT":"d002fa64-e1cb-4031-ae7c-3d6a1f736964"},{"element-6066-11e4-a52e-4f735466cecf":"ece1a539-f825-4012-9cbd-119d2bb355ca","ELEMENT":"ece1a539-f825-4012-9cbd-119d2bb355ca"},{"element-6066-11e4-a52e-4f735466cecf":"49358901-045b-4df3-a818-50defe9c4fee","ELEMENT":"49358901-045b-4df3-a818-50defe9c4fee"},{"element-6066-11e4-a52e-4f735466cecf":"88fdf05f-ec59-4a82-8c00-f6c3c77d59b0","ELEMENT":"88fdf05f-ec59-4a82-8c00-f6c3c77d59b0"},{"element-6066-11e4-a52e-4f735466cecf":"b92d5568-4a84-4a6d-97a3-3082e841d41a","ELEMENT":"b92d5568-4a84-4a6d-97a3-3082e841d41a"},{"element-6066-11e4-a52e-4f735466cecf":"b2f66a14-f91e-4449-a705-b6ad2470b487","ELEMENT":"b2f66a14-f91e-4449-a705-b6ad2470b487"},{"element-6066-11e4-a52e-4f735466cecf":"b2ce0fc5-ae79-4fe9-9e65-46ea93b72859","ELEMENT":"b2ce0fc5-ae79-4fe9-9e65-46ea93b7285...
&amp#27;[35m[HTTP]&amp#27;[39m &amp#27;[37m<-- POST /wd/hub/session/150697d2-88ad-4621-9ba9-be0b626f0aad/elements &amp#27;[39m&amp#27;[32m200&amp#27;[39m &amp#27;[90m2898 ms - 2571&amp#27;[39m
&amp#27;[35m[HTTP]&amp#27;[39m &amp#27;[90m&amp#27;[39m
&amp#27;[35m[HTTP]&amp#27;[39m &amp#27;[37m-->&amp#27;[39m &amp#27;[37mPOST&amp#27;[39m &amp#27;[37m/wd/hub/session/150697d2-88ad-4621-9ba9-be0b626f0aad/element/608b4a32-a11e-41cc-a27e-0ed187dbbdd4/click&amp#27;[39m
&amp#27;[35m[HTTP]&amp#27;[39m &amp#27;[90m{"id":"608b4a32-a11e-41cc-a27e-0ed187dbbdd4"}&amp#27;[39m
[debug] &amp#27;[35m[W3C (150697d2)]&amp#27;[39m Calling AppiumDriver.click() with args: ["608b4a32-a11e-41cc-a27e-0ed187dbbdd4","150697d2-88ad-4621-9ba9-be0b626f0aad"]
[debug] &amp#27;[35m[WD Proxy]&amp#27;[39m Matched '/element/608b4a32-a11e-41cc-a27e-0ed187dbbdd4/click' to command name 'click'
[debug] &amp#27;[35m[WD Proxy]&amp#27;[39m Proxying [POST /element/608b4a32-a11e-41cc-a27e-0ed187dbbdd4/click] to [POST http://127.0.0.1:8220/wd/hub/session/f48b9f1e-45fc-433c-8440-58a47b2b4d05/element/608b4a32-a11e-41cc-a27e-0ed187dbbdd4/click] with body: {"element":"608b4a32-a11e-41cc-a27e-0ed187dbbdd4"}
[debug] &amp#27;[35m[WD Proxy]&amp#27;[39m Got response with status 200: {"sessionId":"f48b9f1e-45fc-433c-8440-58a47b2b4d05","value":null}
[debug] &amp#27;[35m[W3C (150697d2)]&amp#27;[39m Responding to client with driver.click() result: null
&amp#27;[35m[HTTP]&amp#27;[39m &amp#27;[37m<-- POST /wd/hub/session/150697d2-88ad-4621-9ba9-be0b626f0aad/element/608b4a32-a11e-41cc-a27e-0ed187dbbdd4/click &amp#27;[39m&amp#27;[32m200&amp#27;[39m &amp#27;[90m785 ms - 14&amp#27;[39m
&amp#27;[35m[HTTP]&amp#27;[39m &amp#27;[90m&amp#27;[39m
&amp#27;[35m[HTTP]&amp#27;[39m &amp#27;[37m-->&amp#27;[39m &amp#27;[37mGET&amp#27;[39m &amp#27;[37m/wd/hub/session/150697d2-88ad-4621-9ba9-be0b626f0aad/context&amp#27;[39m
&amp#27;[35m[HTTP]&amp#27;[39m &amp#27;[90m{}&amp#27;[39m
[debug] &amp#27;[35m[W3C (150697d2)]&amp#27;[39m Calling AppiumDriver.getCurrentContext() with args: ["150697d2-88ad-4621-9ba9-be0b626f0aad"]
[debug] &amp#27;[35m[W3C (150697d2)]&amp#27;[39m Responding to client with driver.getCurrentContext() result: "NATIVE_APP"
&amp#27;[35m[HTTP]&amp#27;[39m &amp#27;[37m<-- GET /wd/hub/session/150697d2-88ad-4621-9ba9-be0b626f0aad/context &amp#27;[39m&amp#27;[32m200&amp#27;[39m &amp#27;[90m2 ms - 22&amp#27;[39m
&amp#27;[35m[HTTP]&amp#27;[39m &amp#27;[90m&amp#27;[39m
&amp#27;[35m[HTTP]&amp#27;[39m &amp#27;[37m-->&amp#27;[39m &amp#27;[37mPOST&amp#27;[39m &amp#27;[37m/wd/hub/session/150697d2-88ad-4621-9ba9-be0b626f0aad/elements&amp#27;[39m
&amp#27;[35m[HTTP]&amp#27;[39m &amp#27;[90m{"using":"class name","value":"android.widget.Button"}&amp#27;[39m
[debug] &amp#27;[35m[W3C (150697d2)]&amp#27;[39m Calling AppiumDriver.findElements() with args: ["class name","android.widget.Button","150697d2-88ad-4621-9ba9-be0b626f0aad"]
[debug] &amp#27;[35m[BaseDriver]&amp#27;[39m Valid locator strategies for this request: xpath, id, class name, accessibility id, -android uiautomator
[debug] &amp#27;[35m[BaseDriver]&amp#27;[39m Waiting up to 10000 ms for condition
[debug] &amp#27;[35m[WD Proxy]&amp#27;[39m Matched '/elements' to command name 'findElements'
[debug] &amp#27;[35m[WD Proxy]&amp#27;[39m Proxying [POST /elements] to [POST http://127.0.0.1:8220/wd/hub/session/f48b9f1e-45fc-433c-8440-58a47b2b4d05/elements] with body: {"strategy":"class name","selector":"android.widget.Button","context":"","multiple":true}
[debug] &amp#27;[35m[WD Proxy]&amp#27;[39m Got response with status 200: {"sessionId":"f48b9f1e-45fc-433c-8440-58a47b2b4d05","value":[{"ELEMENT":"7fedcd3c-fcb1-4f1e-afe1-fc6a78e7fe26","element-6066-11e4-a52e-4f735466cecf":"7fedcd3c-fcb1-4f1e-afe1-fc6a78e7fe26"},{"ELEMENT":"2e46684a-b60f-470b-85ad-d56590424af0","element-6066-11e4-a52e-4f735466cecf":"2e46684a-b60f-470b-85ad-d56590424af0"},{"ELEMENT":"5bab3953-83c8-48e4-84c7-d9c6ed9b6c8e","element-6066-11e4-a52e-4f735466cecf":"5bab3953-83c8-48e4-84c7-d9c6ed9b6c8e"},{"ELEMENT":"99b22731-d7c6-4bd6-bb50-93ab6ba20817","element-6066-11e4-a52e-4f735466cecf":"99b22731-d7c6-4bd6-bb50-93ab6ba20817"},{"ELEMENT":"285cfcb9-b2f6-45c5-b068-a217c3cd2b4c","element-6066-11e4-a52e-4f735466cecf":"285cfcb9-b2f6-45c5-b068-a217c3cd2b4c"},{"ELEMENT":"736e4a89-5ce1-4164-80d0-abf2f86ab452","element-6066-11e4-a52e-4f735466cecf":"736e4a89-5ce1-4164-80d0-abf2f86ab452"},{"ELEMENT":"d7737447-d555-4e04-ab5b-e19d03927bad","element-6066-11e4-a52e-4f735466cecf":"d7737447-d555-4e04-ab5b-e19d03927bad"},{"ELEMENT":"595234ef-f8e0-4469-a5a6-20c37beb3a72","element-6066-...
[debug] &amp#27;[35m[W3C (150697d2)]&amp#27;[39m Responding to client with driver.findElements() result: [{"element-6066-11e4-a52e-4f735466cecf":"7fedcd3c-fcb1-4f1e-afe1-fc6a78e7fe26","ELEMENT":"7fedcd3c-fcb1-4f1e-afe1-fc6a78e7fe26"},{"element-6066-11e4-a52e-4f735466cecf":"2e46684a-b60f-470b-85ad-d56590424af0","ELEMENT":"2e46684a-b60f-470b-85ad-d56590424af0"},{"element-6066-11e4-a52e-4f735466cecf":"5bab3953-83c8-48e4-84c7-d9c6ed9b6c8e","ELEMENT":"5bab3953-83c8-48e4-84c7-d9c6ed9b6c8e"},{"element-6066-11e4-a52e-4f735466cecf":"99b22731-d7c6-4bd6-bb50-93ab6ba20817","ELEMENT":"99b22731-d7c6-4bd6-bb50-93ab6ba20817"},{"element-6066-11e4-a52e-4f735466cecf":"285cfcb9-b2f6-45c5-b068-a217c3cd2b4c","ELEMENT":"285cfcb9-b2f6-45c5-b068-a217c3cd2b4c"},{"element-6066-11e4-a52e-4f735466cecf":"736e4a89-5ce1-4164-80d0-abf2f86ab452","ELEMENT":"736e4a89-5ce1-4164-80d0-abf2f86ab452"},{"element-6066-11e4-a52e-4f735466cecf":"d7737447-d555-4e04-ab5b-e19d03927bad","ELEMENT":"d7737447-d555-4e04-ab5b-e19d03927bad"},{"element-6066-11e4-a52e-4f735466cecf":"595234ef-f8e0-4469-a5a6-20c37beb3a72","ELEMENT":"595234ef-f8e0-4469-a5a6-20c37beb3a7...
&amp#27;[35m[HTTP]&amp#27;[39m &amp#27;[37m<-- POST /wd/hub/session/150697d2-88ad-4621-9ba9-be0b626f0aad/elements &amp#27;[39m&amp#27;[32m200&amp#27;[39m &amp#27;[90m226 ms - 2571&amp#27;[39m
&amp#27;[35m[HTTP]&amp#27;[39m &amp#27;[90m&amp#27;[39m
&amp#27;[35m[HTTP]&amp#27;[39m &amp#27;[37m-->&amp#27;[39m &amp#27;[37mPOST&amp#27;[39m &amp#27;[37m/wd/hub/session/150697d2-88ad-4621-9ba9-be0b626f0aad/element/03145e25-bf9b-44c2-a388-7fd01bb01510/click&amp#27;[39m
&amp#27;[35m[HTTP]&amp#27;[39m &amp#27;[90m{"id":"03145e25-bf9b-44c2-a388-7fd01bb01510"}&amp#27;[39m
[debug] &amp#27;[35m[W3C (150697d2)]&amp#27;[39m Calling AppiumDriver.click() with args: ["03145e25-bf9b-44c2-a388-7fd01bb01510","150697d2-88ad-4621-9ba9-be0b626f0aad"]
[debug] &amp#27;[35m[WD Proxy]&amp#27;[39m Matched '/element/03145e25-bf9b-44c2-a388-7fd01bb01510/click' to command name 'click'
[debug] &amp#27;[35m[WD Proxy]&amp#27;[39m Proxying [POST /element/03145e25-bf9b-44c2-a388-7fd01bb01510/click] to [POST http://127.0.0.1:8220/wd/hub/session/f48b9f1e-45fc-433c-8440-58a47b2b4d05/element/03145e25-bf9b-44c2-a388-7fd01bb01510/click] with body: {"element":"03145e25-bf9b-44c2-a388-7fd01bb01510"}
[debug] &amp#27;[35m[WD Proxy]&amp#27;[39m Got response with status 200: {"sessionId":"f48b9f1e-45fc-433c-8440-58a47b2b4d05","value":null}
[debug] &amp#27;[35m[W3C (150697d2)]&amp#27;[39m Responding to client with driver.click() result: null
&amp#27;[35m[HTTP]&amp#27;[39m &amp#27;[37m<-- POST /wd/hub/session/150697d2-88ad-4621-9ba9-be0b626f0aad/element/03145e25-bf9b-44c2-a388-7fd01bb01510/click &amp#27;[39m&amp#27;[32m200&amp#27;[39m &amp#27;[90m113 ms - 14&amp#27;[39m
&amp#27;[35m[HTTP]&amp#27;[39m &amp#27;[90m&amp#27;[39m
&amp#27;[35m[HTTP]&amp#27;[39m &amp#27;[37m-->&amp#27;[39m &amp#27;[37mGET&amp#27;[39m &amp#27;[37m/wd/hub/session/150697d2-88ad-4621-9ba9-be0b626f0aad/context&amp#27;[39m
&amp#27;[35m[HTTP]&amp#27;[39m &amp#27;[90m{}&amp#27;[39m
[debug] &amp#27;[35m[W3C (150697d2)]&amp#27;[39m Calling AppiumDriver.getCurrentContext() with args: ["150697d2-88ad-4621-9ba9-be0b626f0aad"]
[debug] &amp#27;[35m[W3C (150697d2)]&amp#27;[39m Responding to client with driver.getCurrentContext() result: "NATIVE_APP"
&amp#27;[35m[HTTP]&amp#27;[39m &amp#27;[37m<-- GET /wd/hub/session/150697d2-88ad-4621-9ba9-be0b626f0aad/context &amp#27;[39m&amp#27;[32m200&amp#27;[39m &amp#27;[90m10 ms - 22&amp#27;[39m
&amp#27;[35m[HTTP]&amp#27;[39m &amp#27;[90m&amp#27;[39m
&amp#27;[35m[HTTP]&amp#27;[39m &amp#27;[37m-->&amp#27;[39m &amp#27;[37mPOST&amp#27;[39m &amp#27;[37m/wd/hub/session/150697d2-88ad-4621-9ba9-be0b626f0aad/element&amp#27;[39m
&amp#27;[35m[HTTP]&amp#27;[39m &amp#27;[90m{"using":"id","value":"com.sec.android.app.popupcalculator:id/calc_edt_formula"}&amp#27;[39m
[debug] &amp#27;[35m[W3C (150697d2)]&amp#27;[39m Calling AppiumDriver.findElement() with args: ["id","com.sec.android.app.popupcalculator:id/calc_edt_formula","150697d2-88ad-4621-9ba9-be0b626f0aad"]
[debug] &amp#27;[35m[BaseDriver]&amp#27;[39m Valid locator strategies for this request: xpath, id, class name, accessibility id, -android uiautomator
[debug] &amp#27;[35m[BaseDriver]&amp#27;[39m Waiting up to 10000 ms for condition
[debug] &amp#27;[35m[WD Proxy]&amp#27;[39m Matched '/element' to command name 'findElement'
[debug] &amp#27;[35m[WD Proxy]&amp#27;[39m Proxying [POST /element] to [POST http://127.0.0.1:8220/wd/hub/session/f48b9f1e-45fc-433c-8440-58a47b2b4d05/element] with body: {"strategy":"id","selector":"com.sec.android.app.popupcalculator:id/calc_edt_formula","context":"","multiple":false}
[debug] &amp#27;[35m[WD Proxy]&amp#27;[39m Got response with status 200: {"sessionId":"f48b9f1e-45fc-433c-8440-58a47b2b4d05","value":{"ELEMENT":"67490e5d-f259-4814-b709-9d89811281ec","element-6066-11e4-a52e-4f735466cecf":"67490e5d-f259-4814-b709-9d89811281ec"}}
[debug] &amp#27;[35m[W3C (150697d2)]&amp#27;[39m Responding to client with driver.findElement() result: {"element-6066-11e4-a52e-4f735466cecf":"67490e5d-f259-4814-b709-9d89811281ec","ELEMENT":"67490e5d-f259-4814-b709-9d89811281ec"}
&amp#27;[35m[HTTP]&amp#27;[39m &amp#27;[37m<-- POST /wd/hub/session/150697d2-88ad-4621-9ba9-be0b626f0aad/element &amp#27;[39m&amp#27;[32m200&amp#27;[39m &amp#27;[90m859 ms - 137&amp#27;[39m
&amp#27;[35m[HTTP]&amp#27;[39m &amp#27;[90m&amp#27;[39m
&amp#27;[35m[HTTP]&amp#27;[39m &amp#27;[37m-->&amp#27;[39m &amp#27;[37mGET&amp#27;[39m &amp#27;[37m/wd/hub/session/150697d2-88ad-4621-9ba9-be0b626f0aad/element/67490e5d-f259-4814-b709-9d89811281ec/attribute/text&amp#27;[39m
&amp#27;[35m[HTTP]&amp#27;[39m &amp#27;[90m{}&amp#27;[39m
[debug] &amp#27;[35m[W3C (150697d2)]&amp#27;[39m Calling AppiumDriver.getAttribute() with args: ["text","67490e5d-f259-4814-b709-9d89811281ec","150697d2-88ad-4621-9ba9-be0b626f0aad"]
[debug] &amp#27;[35m[WD Proxy]&amp#27;[39m Matched '/element/67490e5d-f259-4814-b709-9d89811281ec/attribute/text' to command name 'getAttribute'
[debug] &amp#27;[35m[WD Proxy]&amp#27;[39m Proxying [GET /element/67490e5d-f259-4814-b709-9d89811281ec/attribute/text] to [GET http://127.0.0.1:8220/wd/hub/session/f48b9f1e-45fc-433c-8440-58a47b2b4d05/element/67490e5d-f259-4814-b709-9d89811281ec/attribute/text] with no body
[debug] &amp#27;[35m[WD Proxy]&amp#27;[39m Got response with status 200: {"sessionId":"f48b9f1e-45fc-433c-8440-58a47b2b4d05","value":"123"}
[debug] &amp#27;[35m[W3C (150697d2)]&amp#27;[39m Responding to client with driver.getAttribute() result: "123"
&amp#27;[35m[HTTP]&amp#27;[39m &amp#27;[37m<-- GET /wd/hub/session/150697d2-88ad-4621-9ba9-be0b626f0aad/element/67490e5d-f259-4814-b709-9d89811281ec/attribute/text &amp#27;[39m&amp#27;[32m200&amp#27;[39m &amp#27;[90m66 ms - 15&amp#27;[39m
&amp#27;[35m[HTTP]&amp#27;[39m &amp#27;[90m&amp#27;[39m
&amp#27;[35m[HTTP]&amp#27;[39m &amp#27;[37m-->&amp#27;[39m &amp#27;[37mGET&amp#27;[39m &amp#27;[37m/wd/hub/session/150697d2-88ad-4621-9ba9-be0b626f0aad/context&amp#27;[39m
&amp#27;[35m[HTTP]&amp#27;[39m &amp#27;[90m{}&amp#27;[39m
[debug] &amp#27;[35m[W3C (150697d2)]&amp#27;[39m Calling AppiumDriver.getCurrentContext() with args: ["150697d2-88ad-4621-9ba9-be0b626f0aad"]
[debug] &amp#27;[35m[W3C (150697d2)]&amp#27;[39m Responding to client with driver.getCurrentContext() result: "NATIVE_APP"
&amp#27;[35m[HTTP]&amp#27;[39m &amp#27;[37m<-- GET /wd/hub/session/150697d2-88ad-4621-9ba9-be0b626f0aad/context &amp#27;[39m&amp#27;[32m200&amp#27;[39m &amp#27;[90m3 ms - 22&amp#27;[39m
&amp#27;[35m[HTTP]&amp#27;[39m &amp#27;[90m&amp#27;[39m
&amp#27;[35m[HTTP]&amp#27;[39m &amp#27;[37m-->&amp#27;[39m &amp#27;[37mPOST&amp#27;[39m &amp#27;[37m/wd/hub/session/150697d2-88ad-4621-9ba9-be0b626f0aad/elements&amp#27;[39m
&amp#27;[35m[HTTP]&amp#27;[39m &amp#27;[90m{"using":"class name","value":"android.widget.Button"}&amp#27;[39m
[debug] &amp#27;[35m[W3C (150697d2)]&amp#27;[39m Calling AppiumDriver.findElements() with args: ["class name","android.widget.Button","150697d2-88ad-4621-9ba9-be0b626f0aad"]
[debug] &amp#27;[35m[BaseDriver]&amp#27;[39m Valid locator strategies for this request: xpath, id, class name, accessibility id, -android uiautomator
[debug] &amp#27;[35m[BaseDriver]&amp#27;[39m Waiting up to 10000 ms for condition
[debug] &amp#27;[35m[WD Proxy]&amp#27;[39m Matched '/elements' to command name 'findElements'
[debug] &amp#27;[35m[WD Proxy]&amp#27;[39m Proxying [POST /elements] to [POST http://127.0.0.1:8220/wd/hub/session/f48b9f1e-45fc-433c-8440-58a47b2b4d05/elements] with body: {"strategy":"class name","selector":"android.widget.Button","context":"","multiple":true}
[debug] &amp#27;[35m[WD Proxy]&amp#27;[39m Got response with status 200: {"sessionId":"f48b9f1e-45fc-433c-8440-58a47b2b4d05","value":[{"ELEMENT":"7fe959a5-e5e7-4974-bc43-eeed9ccfcb60","element-6066-11e4-a52e-4f735466cecf":"7fe959a5-e5e7-4974-bc43-eeed9ccfcb60"},{"ELEMENT":"0f6485dc-83c6-42af-96ae-13fd6df35057","element-6066-11e4-a52e-4f735466cecf":"0f6485dc-83c6-42af-96ae-13fd6df35057"},{"ELEMENT":"3f30107a-01bf-4bcb-982e-fc7aaafc8bec","element-6066-11e4-a52e-4f735466cecf":"3f30107a-01bf-4bcb-982e-fc7aaafc8bec"},{"ELEMENT":"2c5a1e5f-bb2e-46a6-a630-902375dc49c7","element-6066-11e4-a52e-4f735466cecf":"2c5a1e5f-bb2e-46a6-a630-902375dc49c7"},{"ELEMENT":"1981b04a-1f67-4d97-b64e-61251553e4dc","element-6066-11e4-a52e-4f735466cecf":"1981b04a-1f67-4d97-b64e-61251553e4dc"},{"ELEMENT":"f1af0de8-fb85-4ddf-b341-b0504b6b0b99","element-6066-11e4-a52e-4f735466cecf":"f1af0de8-fb85-4ddf-b341-b0504b6b0b99"},{"ELEMENT":"881f4a54-5e17-42eb-8aa4-8f209c31667d","element-6066-11e4-a52e-4f735466cecf":"881f4a54-5e17-42eb-8aa4-8f209c31667d"},{"ELEMENT":"c4492a57-1a75-4b7b-bd9b-fff902b57e12","element-6066-...
[debug] &amp#27;[35m[W3C (150697d2)]&amp#27;[39m Responding to client with driver.findElements() result: [{"element-6066-11e4-a52e-4f735466cecf":"7fe959a5-e5e7-4974-bc43-eeed9ccfcb60","ELEMENT":"7fe959a5-e5e7-4974-bc43-eeed9ccfcb60"},{"element-6066-11e4-a52e-4f735466cecf":"0f6485dc-83c6-42af-96ae-13fd6df35057","ELEMENT":"0f6485dc-83c6-42af-96ae-13fd6df35057"},{"element-6066-11e4-a52e-4f735466cecf":"3f30107a-01bf-4bcb-982e-fc7aaafc8bec","ELEMENT":"3f30107a-01bf-4bcb-982e-fc7aaafc8bec"},{"element-6066-11e4-a52e-4f735466cecf":"2c5a1e5f-bb2e-46a6-a630-902375dc49c7","ELEMENT":"2c5a1e5f-bb2e-46a6-a630-902375dc49c7"},{"element-6066-11e4-a52e-4f735466cecf":"1981b04a-1f67-4d97-b64e-61251553e4dc","ELEMENT":"1981b04a-1f67-4d97-b64e-61251553e4dc"},{"element-6066-11e4-a52e-4f735466cecf":"f1af0de8-fb85-4ddf-b341-b0504b6b0b99","ELEMENT":"f1af0de8-fb85-4ddf-b341-b0504b6b0b99"},{"element-6066-11e4-a52e-4f735466cecf":"881f4a54-5e17-42eb-8aa4-8f209c31667d","ELEMENT":"881f4a54-5e17-42eb-8aa4-8f209c31667d"},{"element-6066-11e4-a52e-4f735466cecf":"c4492a57-1a75-4b7b-bd9b-fff902b57e12","ELEMENT":"c4492a57-1a75-4b7b-bd9b-fff902b57e1...
&amp#27;[35m[HTTP]&amp#27;[39m &amp#27;[37m<-- POST /wd/hub/session/150697d2-88ad-4621-9ba9-be0b626f0aad/elements &amp#27;[39m&amp#27;[32m200&amp#27;[39m &amp#27;[90m264 ms - 2571&amp#27;[39m
&amp#27;[35m[HTTP]&amp#27;[39m &amp#27;[90m&amp#27;[39m
&amp#27;[35m[HTTP]&amp#27;[39m &amp#27;[37m-->&amp#27;[39m &amp#27;[37mPOST&amp#27;[39m &amp#27;[37m/wd/hub/session/150697d2-88ad-4621-9ba9-be0b626f0aad/element/fc0695d1-f98a-4dc0-9b44-c6a84a17269a/click&amp#27;[39m
&amp#27;[35m[HTTP]&amp#27;[39m &amp#27;[90m{"id":"fc0695d1-f98a-4dc0-9b44-c6a84a17269a"}&amp#27;[39m
[debug] &amp#27;[35m[W3C (150697d2)]&amp#27;[39m Calling AppiumDriver.click() with args: ["fc0695d1-f98a-4dc0-9b44-c6a84a17269a","150697d2-88ad-4621-9ba9-be0b626f0aad"]
[debug] &amp#27;[35m[WD Proxy]&amp#27;[39m Matched '/element/fc0695d1-f98a-4dc0-9b44-c6a84a17269a/click' to command name 'click'
[debug] &amp#27;[35m[WD Proxy]&amp#27;[39m Proxying [POST /element/fc0695d1-f98a-4dc0-9b44-c6a84a17269a/click] to [POST http://127.0.0.1:8220/wd/hub/session/f48b9f1e-45fc-433c-8440-58a47b2b4d05/element/fc0695d1-f98a-4dc0-9b44-c6a84a17269a/click] with body: {"element":"fc0695d1-f98a-4dc0-9b44-c6a84a17269a"}
[debug] &amp#27;[35m[WD Proxy]&amp#27;[39m Got response with status 200: {"sessionId":"f48b9f1e-45fc-433c-8440-58a47b2b4d05","value":null}
[debug] &amp#27;[35m[W3C (150697d2)]&amp#27;[39m Responding to client with driver.click() result: null
&amp#27;[35m[HTTP]&amp#27;[39m &amp#27;[37m<-- POST /wd/hub/session/150697d2-88ad-4621-9ba9-be0b626f0aad/element/fc0695d1-f98a-4dc0-9b44-c6a84a17269a/click &amp#27;[39m&amp#27;[32m200&amp#27;[39m &amp#27;[90m137 ms - 14&amp#27;[39m
&amp#27;[35m[HTTP]&amp#27;[39m &amp#27;[90m&amp#27;[39m
&amp#27;[35m[HTTP]&amp#27;[39m &amp#27;[37m-->&amp#27;[39m &amp#27;[37mGET&amp#27;[39m &amp#27;[37m/wd/hub/session/150697d2-88ad-4621-9ba9-be0b626f0aad/context&amp#27;[39m
&amp#27;[35m[HTTP]&amp#27;[39m &amp#27;[90m{}&amp#27;[39m
[debug] &amp#27;[35m[W3C (150697d2)]&amp#27;[39m Calling AppiumDriver.getCurrentContext() with args: ["150697d2-88ad-4621-9ba9-be0b626f0aad"]
[debug] &amp#27;[35m[W3C (150697d2)]&amp#27;[39m Responding to client with driver.getCurrentContext() result: "NATIVE_APP"
&amp#27;[35m[HTTP]&amp#27;[39m &amp#27;[37m<-- GET /wd/hub/session/150697d2-88ad-4621-9ba9-be0b626f0aad/context &amp#27;[39m&amp#27;[32m200&amp#27;[39m &amp#27;[90m2 ms - 22&amp#27;[39m
&amp#27;[35m[HTTP]&amp#27;[39m &amp#27;[90m&amp#27;[39m
&amp#27;[35m[HTTP]&amp#27;[39m &amp#27;[37m-->&amp#27;[39m &amp#27;[37mPOST&amp#27;[39m &amp#27;[37m/wd/hub/session/150697d2-88ad-4621-9ba9-be0b626f0aad/elements&amp#27;[39m
&amp#27;[35m[HTTP]&amp#27;[39m &amp#27;[90m{"using":"class name","value":"android.widget.Button"}&amp#27;[39m
[debug] &amp#27;[35m[W3C (150697d2)]&amp#27;[39m Calling AppiumDriver.findElements() with args: ["class name","android.widget.Button","150697d2-88ad-4621-9ba9-be0b626f0aad"]
[debug] &amp#27;[35m[BaseDriver]&amp#27;[39m Valid locator strategies for this request: xpath, id, class name, accessibility id, -android uiautomator
[debug] &amp#27;[35m[BaseDriver]&amp#27;[39m Waiting up to 10000 ms for condition
[debug] &amp#27;[35m[WD Proxy]&amp#27;[39m Matched '/elements' to command name 'findElements'
[debug] &amp#27;[35m[WD Proxy]&amp#27;[39m Proxying [POST /elements] to [POST http://127.0.0.1:8220/wd/hub/session/f48b9f1e-45fc-433c-8440-58a47b2b4d05/elements] with body: {"strategy":"class name","selector":"android.widget.Button","context":"","multiple":true}
[debug] &amp#27;[35m[WD Proxy]&amp#27;[39m Got response with status 200: {"sessionId":"f48b9f1e-45fc-433c-8440-58a47b2b4d05","value":[{"ELEMENT":"cdce8b9a-aa3a-43ad-bae2-8b1247934770","element-6066-11e4-a52e-4f735466cecf":"cdce8b9a-aa3a-43ad-bae2-8b1247934770"},{"ELEMENT":"361a9023-2379-4e60-9e35-8b9ad5b3271c","element-6066-11e4-a52e-4f735466cecf":"361a9023-2379-4e60-9e35-8b9ad5b3271c"},{"ELEMENT":"38c7edb7-cddf-46d5-8060-aba3361aa49d","element-6066-11e4-a52e-4f735466cecf":"38c7edb7-cddf-46d5-8060-aba3361aa49d"},{"ELEMENT":"aa5ce5fe-acce-4376-b826-320096997551","element-6066-11e4-a52e-4f735466cecf":"aa5ce5fe-acce-4376-b826-320096997551"},{"ELEMENT":"65eb4764-e971-4337-b853-234678301282","element-6066-11e4-a52e-4f735466cecf":"65eb4764-e971-4337-b853-234678301282"},{"ELEMENT":"dc599b3c-55ea-419d-895e-b94620fbb7fe","element-6066-11e4-a52e-4f735466cecf":"dc599b3c-55ea-419d-895e-b94620fbb7fe"},{"ELEMENT":"d0e659be-02d7-4494-a216-d673ce7dbc1b","element-6066-11e4-a52e-4f735466cecf":"d0e659be-02d7-4494-a216-d673ce7dbc1b"},{"ELEMENT":"fa1b62fb-699a-4e24-8951-068270fc2ac3","element-6066-...
[debug] &amp#27;[35m[W3C (150697d2)]&amp#27;[39m Responding to client with driver.findElements() result: [{"element-6066-11e4-a52e-4f735466cecf":"cdce8b9a-aa3a-43ad-bae2-8b1247934770","ELEMENT":"cdce8b9a-aa3a-43ad-bae2-8b1247934770"},{"element-6066-11e4-a52e-4f735466cecf":"361a9023-2379-4e60-9e35-8b9ad5b3271c","ELEMENT":"361a9023-2379-4e60-9e35-8b9ad5b3271c"},{"element-6066-11e4-a52e-4f735466cecf":"38c7edb7-cddf-46d5-8060-aba3361aa49d","ELEMENT":"38c7edb7-cddf-46d5-8060-aba3361aa49d"},{"element-6066-11e4-a52e-4f735466cecf":"aa5ce5fe-acce-4376-b826-320096997551","ELEMENT":"aa5ce5fe-acce-4376-b826-320096997551"},{"element-6066-11e4-a52e-4f735466cecf":"65eb4764-e971-4337-b853-234678301282","ELEMENT":"65eb4764-e971-4337-b853-234678301282"},{"element-6066-11e4-a52e-4f735466cecf":"dc599b3c-55ea-419d-895e-b94620fbb7fe","ELEMENT":"dc599b3c-55ea-419d-895e-b94620fbb7fe"},{"element-6066-11e4-a52e-4f735466cecf":"d0e659be-02d7-4494-a216-d673ce7dbc1b","ELEMENT":"d0e659be-02d7-4494-a216-d673ce7dbc1b"},{"element-6066-11e4-a52e-4f735466cecf":"fa1b62fb-699a-4e24-8951-068270fc2ac3","ELEMENT":"fa1b62fb-699a-4e24-8951-068270fc2ac...
&amp#27;[35m[HTTP]&amp#27;[39m &amp#27;[37m<-- POST /wd/hub/session/150697d2-88ad-4621-9ba9-be0b626f0aad/elements &amp#27;[39m&amp#27;[32m200&amp#27;[39m &amp#27;[90m865 ms - 2571&amp#27;[39m
&amp#27;[35m[HTTP]&amp#27;[39m &amp#27;[90m&amp#27;[39m
&amp#27;[35m[HTTP]&amp#27;[39m &amp#27;[37m-->&amp#27;[39m &amp#27;[37mPOST&amp#27;[39m &amp#27;[37m/wd/hub/session/150697d2-88ad-4621-9ba9-be0b626f0aad/element/e9198a79-c13d-408e-a143-af729a083d20/click&amp#27;[39m
&amp#27;[35m[HTTP]&amp#27;[39m &amp#27;[90m{"id":"e9198a79-c13d-408e-a143-af729a083d20"}&amp#27;[39m
[debug] &amp#27;[35m[W3C (150697d2)]&amp#27;[39m Calling AppiumDriver.click() with args: ["e9198a79-c13d-408e-a143-af729a083d20","150697d2-88ad-4621-9ba9-be0b626f0aad"]
[debug] &amp#27;[35m[WD Proxy]&amp#27;[39m Matched '/element/e9198a79-c13d-408e-a143-af729a083d20/click' to command name 'click'
[debug] &amp#27;[35m[WD Proxy]&amp#27;[39m Proxying [POST /element/e9198a79-c13d-408e-a143-af729a083d20/click] to [POST http://127.0.0.1:8220/wd/hub/session/f48b9f1e-45fc-433c-8440-58a47b2b4d05/element/e9198a79-c13d-408e-a143-af729a083d20/click] with body: {"element":"e9198a79-c13d-408e-a143-af729a083d20"}
[debug] &amp#27;[35m[WD Proxy]&amp#27;[39m Got response with status 200: {"sessionId":"f48b9f1e-45fc-433c-8440-58a47b2b4d05","value":null}
[debug] &amp#27;[35m[W3C (150697d2)]&amp#27;[39m Responding to client with driver.click() result: null
&amp#27;[35m[HTTP]&amp#27;[39m &amp#27;[37m<-- POST /wd/hub/session/150697d2-88ad-4621-9ba9-be0b626f0aad/element/e9198a79-c13d-408e-a143-af729a083d20/click &amp#27;[39m&amp#27;[32m200&amp#27;[39m &amp#27;[90m327 ms - 14&amp#27;[39m
&amp#27;[35m[HTTP]&amp#27;[39m &amp#27;[90m&amp#27;[39m
&amp#27;[35m[HTTP]&amp#27;[39m &amp#27;[37m-->&amp#27;[39m &amp#27;[37mGET&amp#27;[39m &amp#27;[37m/wd/hub/session/150697d2-88ad-4621-9ba9-be0b626f0aad/context&amp#27;[39m
&amp#27;[35m[HTTP]&amp#27;[39m &amp#27;[90m{}&amp#27;[39m
[debug] &amp#27;[35m[W3C (150697d2)]&amp#27;[39m Calling AppiumDriver.getCurrentContext() with args: ["150697d2-88ad-4621-9ba9-be0b626f0aad"]
[debug] &amp#27;[35m[W3C (150697d2)]&amp#27;[39m Responding to client with driver.getCurrentContext() result: "NATIVE_APP"
&amp#27;[35m[HTTP]&amp#27;[39m &amp#27;[37m<-- GET /wd/hub/session/150697d2-88ad-4621-9ba9-be0b626f0aad/context &amp#27;[39m&amp#27;[32m200&amp#27;[39m &amp#27;[90m2 ms - 22&amp#27;[39m
&amp#27;[35m[HTTP]&amp#27;[39m &amp#27;[90m&amp#27;[39m
&amp#27;[35m[HTTP]&amp#27;[39m &amp#27;[37m-->&amp#27;[39m &amp#27;[37mPOST&amp#27;[39m &amp#27;[37m/wd/hub/session/150697d2-88ad-4621-9ba9-be0b626f0aad/elements&amp#27;[39m
&amp#27;[35m[HTTP]&amp#27;[39m &amp#27;[90m{"using":"class name","value":"android.widget.Button"}&amp#27;[39m
[debug] &amp#27;[35m[W3C (150697d2)]&amp#27;[39m Calling AppiumDriver.findElements() with args: ["class name","android.widget.Button","150697d2-88ad-4621-9ba9-be0b626f0aad"]
[debug] &amp#27;[35m[BaseDriver]&amp#27;[39m Valid locator strategies for this request: xpath, id, class name, accessibility id, -android uiautomator
[debug] &amp#27;[35m[BaseDriver]&amp#27;[39m Waiting up to 10000 ms for condition
[debug] &amp#27;[35m[WD Proxy]&amp#27;[39m Matched '/elements' to command name 'findElements'
[debug] &amp#27;[35m[WD Proxy]&amp#27;[39m Proxying [POST /elements] to [POST http://127.0.0.1:8220/wd/hub/session/f48b9f1e-45fc-433c-8440-58a47b2b4d05/elements] with body: {"strategy":"class name","selector":"android.widget.Button","context":"","multiple":true}
[debug] &amp#27;[35m[WD Proxy]&amp#27;[39m Got response with status 200: {"sessionId":"f48b9f1e-45fc-433c-8440-58a47b2b4d05","value":[{"ELEMENT":"da17fe28-2b20-4b23-9848-97ceb59e3a97","element-6066-11e4-a52e-4f735466cecf":"da17fe28-2b20-4b23-9848-97ceb59e3a97"},{"ELEMENT":"61a697db-14bd-4e3c-9dfa-92f91f2a8f9e","element-6066-11e4-a52e-4f735466cecf":"61a697db-14bd-4e3c-9dfa-92f91f2a8f9e"},{"ELEMENT":"9231aecf-e7e9-4725-ad5f-ec288097ba48","element-6066-11e4-a52e-4f735466cecf":"9231aecf-e7e9-4725-ad5f-ec288097ba48"},{"ELEMENT":"031fddca-9388-4ae2-9664-0ccf0d02e349","element-6066-11e4-a52e-4f735466cecf":"031fddca-9388-4ae2-9664-0ccf0d02e349"},{"ELEMENT":"5e74ed9d-2673-4459-9aa2-e0a3104f282a","element-6066-11e4-a52e-4f735466cecf":"5e74ed9d-2673-4459-9aa2-e0a3104f282a"},{"ELEMENT":"c602331e-d83a-41e8-b674-c65b3b83a4af","element-6066-11e4-a52e-4f735466cecf":"c602331e-d83a-41e8-b674-c65b3b83a4af"},{"ELEMENT":"4cdd4343-5a22-4fac-9cc1-51624fa066b0","element-6066-11e4-a52e-4f735466cecf":"4cdd4343-5a22-4fac-9cc1-51624fa066b0"},{"ELEMENT":"938119ef-be90-4fbe-9ac0-300655d07add","element-6066-...
[debug] &amp#27;[35m[W3C (150697d2)]&amp#27;[39m Responding to client with driver.findElements() result: [{"element-6066-11e4-a52e-4f735466cecf":"da17fe28-2b20-4b23-9848-97ceb59e3a97","ELEMENT":"da17fe28-2b20-4b23-9848-97ceb59e3a97"},{"element-6066-11e4-a52e-4f735466cecf":"61a697db-14bd-4e3c-9dfa-92f91f2a8f9e","ELEMENT":"61a697db-14bd-4e3c-9dfa-92f91f2a8f9e"},{"element-6066-11e4-a52e-4f735466cecf":"9231aecf-e7e9-4725-ad5f-ec288097ba48","ELEMENT":"9231aecf-e7e9-4725-ad5f-ec288097ba48"},{"element-6066-11e4-a52e-4f735466cecf":"031fddca-9388-4ae2-9664-0ccf0d02e349","ELEMENT":"031fddca-9388-4ae2-9664-0ccf0d02e349"},{"element-6066-11e4-a52e-4f735466cecf":"5e74ed9d-2673-4459-9aa2-e0a3104f282a","ELEMENT":"5e74ed9d-2673-4459-9aa2-e0a3104f282a"},{"element-6066-11e4-a52e-4f735466cecf":"c602331e-d83a-41e8-b674-c65b3b83a4af","ELEMENT":"c602331e-d83a-41e8-b674-c65b3b83a4af"},{"element-6066-11e4-a52e-4f735466cecf":"4cdd4343-5a22-4fac-9cc1-51624fa066b0","ELEMENT":"4cdd4343-5a22-4fac-9cc1-51624fa066b0"},{"element-6066-11e4-a52e-4f735466cecf":"938119ef-be90-4fbe-9ac0-300655d07add","ELEMENT":"938119ef-be90-4fbe-9ac0-300655d07ad...
&amp#27;[35m[HTTP]&amp#27;[39m &amp#27;[37m<-- POST /wd/hub/session/150697d2-88ad-4621-9ba9-be0b626f0aad/elements &amp#27;[39m&amp#27;[32m200&amp#27;[39m &amp#27;[90m729 ms - 2571&amp#27;[39m
&amp#27;[35m[HTTP]&amp#27;[39m &amp#27;[90m&amp#27;[39m
&amp#27;[35m[HTTP]&amp#27;[39m &amp#27;[37m-->&amp#27;[39m &amp#27;[37mPOST&amp#27;[39m &amp#27;[37m/wd/hub/session/150697d2-88ad-4621-9ba9-be0b626f0aad/element/d01d805b-dcac-4f58-8c91-a08521ca671d/click&amp#27;[39m
&amp#27;[35m[HTTP]&amp#27;[39m &amp#27;[90m{"id":"d01d805b-dcac-4f58-8c91-a08521ca671d"}&amp#27;[39m
[debug] &amp#27;[35m[W3C (150697d2)]&amp#27;[39m Calling AppiumDriver.click() with args: ["d01d805b-dcac-4f58-8c91-a08521ca671d","150697d2-88ad-4621-9ba9-be0b626f0aad"]
[debug] &amp#27;[35m[WD Proxy]&amp#27;[39m Matched '/element/d01d805b-dcac-4f58-8c91-a08521ca671d/click' to command name 'click'
[debug] &amp#27;[35m[WD Proxy]&amp#27;[39m Proxying [POST /element/d01d805b-dcac-4f58-8c91-a08521ca671d/click] to [POST http://127.0.0.1:8220/wd/hub/session/f48b9f1e-45fc-433c-8440-58a47b2b4d05/element/d01d805b-dcac-4f58-8c91-a08521ca671d/click] with body: {"element":"d01d805b-dcac-4f58-8c91-a08521ca671d"}
[debug] &amp#27;[35m[WD Proxy]&amp#27;[39m Got response with status 200: {"sessionId":"f48b9f1e-45fc-433c-8440-58a47b2b4d05","value":null}
[debug] &amp#27;[35m[W3C (150697d2)]&amp#27;[39m Responding to client with driver.click() result: null
&amp#27;[35m[HTTP]&amp#27;[39m &amp#27;[37m<-- POST /wd/hub/session/150697d2-88ad-4621-9ba9-be0b626f0aad/element/d01d805b-dcac-4f58-8c91-a08521ca671d/click &amp#27;[39m&amp#27;[32m200&amp#27;[39m &amp#27;[90m652 ms - 14&amp#27;[39m
&amp#27;[35m[HTTP]&amp#27;[39m &amp#27;[90m&amp#27;[39m
&amp#27;[35m[HTTP]&amp#27;[39m &amp#27;[37m-->&amp#27;[39m &amp#27;[37mGET&amp#27;[39m &amp#27;[37m/wd/hub/session/150697d2-88ad-4621-9ba9-be0b626f0aad/context&amp#27;[39m
&amp#27;[35m[HTTP]&amp#27;[39m &amp#27;[90m{}&amp#27;[39m
[debug] &amp#27;[35m[W3C (150697d2)]&amp#27;[39m Calling AppiumDriver.getCurrentContext() with args: ["150697d2-88ad-4621-9ba9-be0b626f0aad"]
[debug] &amp#27;[35m[W3C (150697d2)]&amp#27;[39m Responding to client with driver.getCurrentContext() result: "NATIVE_APP"
&amp#27;[35m[HTTP]&amp#27;[39m &amp#27;[37m<-- GET /wd/hub/session/150697d2-88ad-4621-9ba9-be0b626f0aad/context &amp#27;[39m&amp#27;[32m200&amp#27;[39m &amp#27;[90m5 ms - 22&amp#27;[39m
&amp#27;[35m[HTTP]&amp#27;[39m &amp#27;[90m&amp#27;[39m
&amp#27;[35m[HTTP]&amp#27;[39m &amp#27;[37m-->&amp#27;[39m &amp#27;[37mPOST&amp#27;[39m &amp#27;[37m/wd/hub/session/150697d2-88ad-4621-9ba9-be0b626f0aad/elements&amp#27;[39m
&amp#27;[35m[HTTP]&amp#27;[39m &amp#27;[90m{"using":"class name","value":"android.widget.Button"}&amp#27;[39m
[debug] &amp#27;[35m[W3C (150697d2)]&amp#27;[39m Calling AppiumDriver.findElements() with args: ["class name","android.widget.Button","150697d2-88ad-4621-9ba9-be0b626f0aad"]
[debug] &amp#27;[35m[BaseDriver]&amp#27;[39m Valid locator strategies for this request: xpath, id, class name, accessibility id, -android uiautomator
[debug] &amp#27;[35m[BaseDriver]&amp#27;[39m Waiting up to 10000 ms for condition
[debug] &amp#27;[35m[WD Proxy]&amp#27;[39m Matched '/elements' to command name 'findElements'
[debug] &amp#27;[35m[WD Proxy]&amp#27;[39m Proxying [POST /elements] to [POST http://127.0.0.1:8220/wd/hub/session/f48b9f1e-45fc-433c-8440-58a47b2b4d05/elements] with body: {"strategy":"class name","selector":"android.widget.Button","context":"","multiple":true}
[debug] &amp#27;[35m[WD Proxy]&amp#27;[39m Got response with status 200: {"sessionId":"f48b9f1e-45fc-433c-8440-58a47b2b4d05","value":[{"ELEMENT":"f6f18f1c-78c9-481c-b151-783343273f42","element-6066-11e4-a52e-4f735466cecf":"f6f18f1c-78c9-481c-b151-783343273f42"},{"ELEMENT":"86c7a3e5-18c1-49a2-91e4-7c75ffbe4c34","element-6066-11e4-a52e-4f735466cecf":"86c7a3e5-18c1-49a2-91e4-7c75ffbe4c34"},{"ELEMENT":"4997d15d-1855-4625-8775-f2117cf724b1","element-6066-11e4-a52e-4f735466cecf":"4997d15d-1855-4625-8775-f2117cf724b1"},{"ELEMENT":"5101e202-f315-459d-b6bd-b071c66cda30","element-6066-11e4-a52e-4f735466cecf":"5101e202-f315-459d-b6bd-b071c66cda30"},{"ELEMENT":"43f02591-2d46-473d-9c11-c3d3e9c2078f","element-6066-11e4-a52e-4f735466cecf":"43f02591-2d46-473d-9c11-c3d3e9c2078f"},{"ELEMENT":"18db0827-f0fb-4df0-8443-b219d4042d9a","element-6066-11e4-a52e-4f735466cecf":"18db0827-f0fb-4df0-8443-b219d4042d9a"},{"ELEMENT":"67932ff7-65f7-47bc-a34f-a93847e0e4c8","element-6066-11e4-a52e-4f735466cecf":"67932ff7-65f7-47bc-a34f-a93847e0e4c8"},{"ELEMENT":"4a268cb6-b53d-424d-8736-c4f2b287f2ef","element-6066-...
[debug] &amp#27;[35m[W3C (150697d2)]&amp#27;[39m Responding to client with driver.findElements() result: [{"element-6066-11e4-a52e-4f735466cecf":"f6f18f1c-78c9-481c-b151-783343273f42","ELEMENT":"f6f18f1c-78c9-481c-b151-783343273f42"},{"element-6066-11e4-a52e-4f735466cecf":"86c7a3e5-18c1-49a2-91e4-7c75ffbe4c34","ELEMENT":"86c7a3e5-18c1-49a2-91e4-7c75ffbe4c34"},{"element-6066-11e4-a52e-4f735466cecf":"4997d15d-1855-4625-8775-f2117cf724b1","ELEMENT":"4997d15d-1855-4625-8775-f2117cf724b1"},{"element-6066-11e4-a52e-4f735466cecf":"5101e202-f315-459d-b6bd-b071c66cda30","ELEMENT":"5101e202-f315-459d-b6bd-b071c66cda30"},{"element-6066-11e4-a52e-4f735466cecf":"43f02591-2d46-473d-9c11-c3d3e9c2078f","ELEMENT":"43f02591-2d46-473d-9c11-c3d3e9c2078f"},{"element-6066-11e4-a52e-4f735466cecf":"18db0827-f0fb-4df0-8443-b219d4042d9a","ELEMENT":"18db0827-f0fb-4df0-8443-b219d4042d9a"},{"element-6066-11e4-a52e-4f735466cecf":"67932ff7-65f7-47bc-a34f-a93847e0e4c8","ELEMENT":"67932ff7-65f7-47bc-a34f-a93847e0e4c8"},{"element-6066-11e4-a52e-4f735466cecf":"4a268cb6-b53d-424d-8736-c4f2b287f2ef","ELEMENT":"4a268cb6-b53d-424d-8736-c4f2b287f2e...
&amp#27;[35m[HTTP]&amp#27;[39m &amp#27;[37m<-- POST /wd/hub/session/150697d2-88ad-4621-9ba9-be0b626f0aad/elements &amp#27;[39m&amp#27;[32m200&amp#27;[39m &amp#27;[90m424 ms - 2571&amp#27;[39m
&amp#27;[35m[HTTP]&amp#27;[39m &amp#27;[90m&amp#27;[39m
&amp#27;[35m[HTTP]&amp#27;[39m &amp#27;[37m-->&amp#27;[39m &amp#27;[37mPOST&amp#27;[39m &amp#27;[37m/wd/hub/session/150697d2-88ad-4621-9ba9-be0b626f0aad/element/47682480-b8fc-4f84-a28e-d0d659a52eea/click&amp#27;[39m
&amp#27;[35m[HTTP]&amp#27;[39m &amp#27;[90m{"id":"47682480-b8fc-4f84-a28e-d0d659a52eea"}&amp#27;[39m
[debug] &amp#27;[35m[W3C (150697d2)]&amp#27;[39m Calling AppiumDriver.click() with args: ["47682480-b8fc-4f84-a28e-d0d659a52eea","150697d2-88ad-4621-9ba9-be0b626f0aad"]
[debug] &amp#27;[35m[WD Proxy]&amp#27;[39m Matched '/element/47682480-b8fc-4f84-a28e-d0d659a52eea/click' to command name 'click'
[debug] &amp#27;[35m[WD Proxy]&amp#27;[39m Proxying [POST /element/47682480-b8fc-4f84-a28e-d0d659a52eea/click] to [POST http://127.0.0.1:8220/wd/hub/session/f48b9f1e-45fc-433c-8440-58a47b2b4d05/element/47682480-b8fc-4f84-a28e-d0d659a52eea/click] with body: {"element":"47682480-b8fc-4f84-a28e-d0d659a52eea"}
[debug] &amp#27;[35m[WD Proxy]&amp#27;[39m Got response with status 200: {"sessionId":"f48b9f1e-45fc-433c-8440-58a47b2b4d05","value":null}
[debug] &amp#27;[35m[W3C (150697d2)]&amp#27;[39m Responding to client with driver.click() result: null
&amp#27;[35m[HTTP]&amp#27;[39m &amp#27;[37m<-- POST /wd/hub/session/150697d2-88ad-4621-9ba9-be0b626f0aad/element/47682480-b8fc-4f84-a28e-d0d659a52eea/click &amp#27;[39m&amp#27;[32m200&amp#27;[39m &amp#27;[90m81 ms - 14&amp#27;[39m
&amp#27;[35m[HTTP]&amp#27;[39m &amp#27;[90m&amp#27;[39m
&amp#27;[35m[HTTP]&amp#27;[39m &amp#27;[37m-->&amp#27;[39m &amp#27;[37mGET&amp#27;[39m &amp#27;[37m/wd/hub/session/150697d2-88ad-4621-9ba9-be0b626f0aad/context&amp#27;[39m
&amp#27;[35m[HTTP]&amp#27;[39m &amp#27;[90m{}&amp#27;[39m
[debug] &amp#27;[35m[W3C (150697d2)]&amp#27;[39m Calling AppiumDriver.getCurrentContext() with args: ["150697d2-88ad-4621-9ba9-be0b626f0aad"]
[debug] &amp#27;[35m[W3C (150697d2)]&amp#27;[39m Responding to client with driver.getCurrentContext() result: "NATIVE_APP"
&amp#27;[35m[HTTP]&amp#27;[39m &amp#27;[37m<-- GET /wd/hub/session/150697d2-88ad-4621-9ba9-be0b626f0aad/context &amp#27;[39m&amp#27;[32m200&amp#27;[39m &amp#27;[90m3 ms - 22&amp#27;[39m
&amp#27;[35m[HTTP]&amp#27;[39m &amp#27;[90m&amp#27;[39m
&amp#27;[35m[HTTP]&amp#27;[39m &amp#27;[37m-->&amp#27;[39m &amp#27;[37mPOST&amp#27;[39m &amp#27;[37m/wd/hub/session/150697d2-88ad-4621-9ba9-be0b626f0aad/element&amp#27;[39m
&amp#27;[35m[HTTP]&amp#27;[39m &amp#27;[90m{"using":"id","value":"com.sec.android.app.popupcalculator:id/calc_edt_formula"}&amp#27;[39m
[debug] &amp#27;[35m[W3C (150697d2)]&amp#27;[39m Calling AppiumDriver.findElement() with args: ["id","com.sec.android.app.popupcalculator:id/calc_edt_formula","150697d2-88ad-4621-9ba9-be0b626f0aad"]
[debug] &amp#27;[35m[BaseDriver]&amp#27;[39m Valid locator strategies for this request: xpath, id, class name, accessibility id, -android uiautomator
[debug] &amp#27;[35m[BaseDriver]&amp#27;[39m Waiting up to 10000 ms for condition
[debug] &amp#27;[35m[WD Proxy]&amp#27;[39m Matched '/element' to command name 'findElement'
[debug] &amp#27;[35m[WD Proxy]&amp#27;[39m Proxying [POST /element] to [POST http://127.0.0.1:8220/wd/hub/session/f48b9f1e-45fc-433c-8440-58a47b2b4d05/element] with body: {"strategy":"id","selector":"com.sec.android.app.popupcalculator:id/calc_edt_formula","context":"","multiple":false}
[debug] &amp#27;[35m[WD Proxy]&amp#27;[39m Got response with status 200: {"sessionId":"f48b9f1e-45fc-433c-8440-58a47b2b4d05","value":{"ELEMENT":"58afd52b-925e-4124-b562-69e4b72328a0","element-6066-11e4-a52e-4f735466cecf":"58afd52b-925e-4124-b562-69e4b72328a0"}}
[debug] &amp#27;[35m[W3C (150697d2)]&amp#27;[39m Responding to client with driver.findElement() result: {"element-6066-11e4-a52e-4f735466cecf":"58afd52b-925e-4124-b562-69e4b72328a0","ELEMENT":"58afd52b-925e-4124-b562-69e4b72328a0"}
&amp#27;[35m[HTTP]&amp#27;[39m &amp#27;[37m<-- POST /wd/hub/session/150697d2-88ad-4621-9ba9-be0b626f0aad/element &amp#27;[39m&amp#27;[32m200&amp#27;[39m &amp#27;[90m618 ms - 137&amp#27;[39m
&amp#27;[35m[HTTP]&amp#27;[39m &amp#27;[90m&amp#27;[39m
&amp#27;[35m[HTTP]&amp#27;[39m &amp#27;[37m-->&amp#27;[39m &amp#27;[37mGET&amp#27;[39m &amp#27;[37m/wd/hub/session/150697d2-88ad-4621-9ba9-be0b626f0aad/element/58afd52b-925e-4124-b562-69e4b72328a0/attribute/text&amp#27;[39m
&amp#27;[35m[HTTP]&amp#27;[39m &amp#27;[90m{}&amp#27;[39m
[debug] &amp#27;[35m[W3C (150697d2)]&amp#27;[39m Calling AppiumDriver.getAttribute() with args: ["text","58afd52b-925e-4124-b562-69e4b72328a0","150697d2-88ad-4621-9ba9-be0b626f0aad"]
[debug] &amp#27;[35m[WD Proxy]&amp#27;[39m Matched '/element/58afd52b-925e-4124-b562-69e4b72328a0/attribute/text' to command name 'getAttribute'
[debug] &amp#27;[35m[WD Proxy]&amp#27;[39m Proxying [GET /element/58afd52b-925e-4124-b562-69e4b72328a0/attribute/text] to [GET http://127.0.0.1:8220/wd/hub/session/f48b9f1e-45fc-433c-8440-58a47b2b4d05/element/58afd52b-925e-4124-b562-69e4b72328a0/attribute/text] with no body
[debug] &amp#27;[35m[WD Proxy]&amp#27;[39m Got response with status 200: {"sessionId":"f48b9f1e-45fc-433c-8440-58a47b2b4d05","value":"123+456"}
[debug] &amp#27;[35m[W3C (150697d2)]&amp#27;[39m Responding to client with driver.getAttribute() result: "123+456"
&amp#27;[35m[HTTP]&amp#27;[39m &amp#27;[37m<-- GET /wd/hub/session/150697d2-88ad-4621-9ba9-be0b626f0aad/element/58afd52b-925e-4124-b562-69e4b72328a0/attribute/text &amp#27;[39m&amp#27;[32m200&amp#27;[39m &amp#27;[90m64 ms - 19&amp#27;[39m
&amp#27;[35m[HTTP]&amp#27;[39m &amp#27;[90m&amp#27;[39m
&amp#27;[35m[HTTP]&amp#27;[39m &amp#27;[37m-->&amp#27;[39m &amp#27;[37mGET&amp#27;[39m &amp#27;[37m/wd/hub/session/150697d2-88ad-4621-9ba9-be0b626f0aad/context&amp#27;[39m
&amp#27;[35m[HTTP]&amp#27;[39m &amp#27;[90m{}&amp#27;[39m
[debug] &amp#27;[35m[W3C (150697d2)]&amp#27;[39m Calling AppiumDriver.getCurrentContext() with args: ["150697d2-88ad-4621-9ba9-be0b626f0aad"]
[debug] &amp#27;[35m[W3C (150697d2)]&amp#27;[39m Responding to client with driver.getCurrentContext() result: "NATIVE_APP"
&amp#27;[35m[HTTP]&amp#27;[39m &amp#27;[37m<-- GET /wd/hub/session/150697d2-88ad-4621-9ba9-be0b626f0aad/context &amp#27;[39m&amp#27;[32m200&amp#27;[39m &amp#27;[90m3 ms - 22&amp#27;[39m
&amp#27;[35m[HTTP]&amp#27;[39m &amp#27;[90m&amp#27;[39m
&amp#27;[35m[HTTP]&amp#27;[39m &amp#27;[37m-->&amp#27;[39m &amp#27;[37mPOST&amp#27;[39m &amp#27;[37m/wd/hub/session/150697d2-88ad-4621-9ba9-be0b626f0aad/elements&amp#27;[39m
&amp#27;[35m[HTTP]&amp#27;[39m &amp#27;[90m{"using":"class name","value":"android.widget.Button"}&amp#27;[39m
[debug] &amp#27;[35m[W3C (150697d2)]&amp#27;[39m Calling AppiumDriver.findElements() with args: ["class name","android.widget.Button","150697d2-88ad-4621-9ba9-be0b626f0aad"]
[debug] &amp#27;[35m[BaseDriver]&amp#27;[39m Valid locator strategies for this request: xpath, id, class name, accessibility id, -android uiautomator
[debug] &amp#27;[35m[BaseDriver]&amp#27;[39m Waiting up to 10000 ms for condition
[debug] &amp#27;[35m[WD Proxy]&amp#27;[39m Matched '/elements' to command name 'findElements'
[debug] &amp#27;[35m[WD Proxy]&amp#27;[39m Proxying [POST /elements] to [POST http://127.0.0.1:8220/wd/hub/session/f48b9f1e-45fc-433c-8440-58a47b2b4d05/elements] with body: {"strategy":"class name","selector":"android.widget.Button","context":"","multiple":true}
[debug] &amp#27;[35m[WD Proxy]&amp#27;[39m Got response with status 200: {"sessionId":"f48b9f1e-45fc-433c-8440-58a47b2b4d05","value":[{"ELEMENT":"150156da-b895-49cd-8cd6-5e1e72ba1463","element-6066-11e4-a52e-4f735466cecf":"150156da-b895-49cd-8cd6-5e1e72ba1463"},{"ELEMENT":"9dbe9167-3fb6-4b50-99bb-fee72912fa2e","element-6066-11e4-a52e-4f735466cecf":"9dbe9167-3fb6-4b50-99bb-fee72912fa2e"},{"ELEMENT":"c9f66ee6-25a3-4e73-9fed-76412b39431a","element-6066-11e4-a52e-4f735466cecf":"c9f66ee6-25a3-4e73-9fed-76412b39431a"},{"ELEMENT":"c88e603e-73c3-4bef-87b3-0bbc294eb8ee","element-6066-11e4-a52e-4f735466cecf":"c88e603e-73c3-4bef-87b3-0bbc294eb8ee"},{"ELEMENT":"e6cded87-f4ec-4d8c-87ae-5099264851fc","element-6066-11e4-a52e-4f735466cecf":"e6cded87-f4ec-4d8c-87ae-5099264851fc"},{"ELEMENT":"8546697b-84e1-45bb-b51f-f3bd4ddf70cb","element-6066-11e4-a52e-4f735466cecf":"8546697b-84e1-45bb-b51f-f3bd4ddf70cb"},{"ELEMENT":"5fb014ed-dc60-4896-ae58-e70777ef1b2b","element-6066-11e4-a52e-4f735466cecf":"5fb014ed-dc60-4896-ae58-e70777ef1b2b"},{"ELEMENT":"cd2d8048-c705-4cf5-a169-00d7aad2d01b","element-6066-...
[debug] &amp#27;[35m[W3C (150697d2)]&amp#27;[39m Responding to client with driver.findElements() result: [{"element-6066-11e4-a52e-4f735466cecf":"150156da-b895-49cd-8cd6-5e1e72ba1463","ELEMENT":"150156da-b895-49cd-8cd6-5e1e72ba1463"},{"element-6066-11e4-a52e-4f735466cecf":"9dbe9167-3fb6-4b50-99bb-fee72912fa2e","ELEMENT":"9dbe9167-3fb6-4b50-99bb-fee72912fa2e"},{"element-6066-11e4-a52e-4f735466cecf":"c9f66ee6-25a3-4e73-9fed-76412b39431a","ELEMENT":"c9f66ee6-25a3-4e73-9fed-76412b39431a"},{"element-6066-11e4-a52e-4f735466cecf":"c88e603e-73c3-4bef-87b3-0bbc294eb8ee","ELEMENT":"c88e603e-73c3-4bef-87b3-0bbc294eb8ee"},{"element-6066-11e4-a52e-4f735466cecf":"e6cded87-f4ec-4d8c-87ae-5099264851fc","ELEMENT":"e6cded87-f4ec-4d8c-87ae-5099264851fc"},{"element-6066-11e4-a52e-4f735466cecf":"8546697b-84e1-45bb-b51f-f3bd4ddf70cb","ELEMENT":"8546697b-84e1-45bb-b51f-f3bd4ddf70cb"},{"element-6066-11e4-a52e-4f735466cecf":"5fb014ed-dc60-4896-ae58-e70777ef1b2b","ELEMENT":"5fb014ed-dc60-4896-ae58-e70777ef1b2b"},{"element-6066-11e4-a52e-4f735466cecf":"cd2d8048-c705-4cf5-a169-00d7aad2d01b","ELEMENT":"cd2d8048-c705-4cf5-a169-00d7aad2d01...
&amp#27;[35m[HTTP]&amp#27;[39m &amp#27;[37m<-- POST /wd/hub/session/150697d2-88ad-4621-9ba9-be0b626f0aad/elements &amp#27;[39m&amp#27;[32m200&amp#27;[39m &amp#27;[90m307 ms - 2571&amp#27;[39m
&amp#27;[35m[HTTP]&amp#27;[39m &amp#27;[90m&amp#27;[39m
&amp#27;[35m[HTTP]&amp#27;[39m &amp#27;[37m-->&amp#27;[39m &amp#27;[37mPOST&amp#27;[39m &amp#27;[37m/wd/hub/session/150697d2-88ad-4621-9ba9-be0b626f0aad/element/75b22de3-b2f7-42b2-af6b-c7ce60767fb2/click&amp#27;[39m
&amp#27;[35m[HTTP]&amp#27;[39m &amp#27;[90m{"id":"75b22de3-b2f7-42b2-af6b-c7ce60767fb2"}&amp#27;[39m
[debug] &amp#27;[35m[W3C (150697d2)]&amp#27;[39m Calling AppiumDriver.click() with args: ["75b22de3-b2f7-42b2-af6b-c7ce60767fb2","150697d2-88ad-4621-9ba9-be0b626f0aad"]
[debug] &amp#27;[35m[WD Proxy]&amp#27;[39m Matched '/element/75b22de3-b2f7-42b2-af6b-c7ce60767fb2/click' to command name 'click'
[debug] &amp#27;[35m[WD Proxy]&amp#27;[39m Proxying [POST /element/75b22de3-b2f7-42b2-af6b-c7ce60767fb2/click] to [POST http://127.0.0.1:8220/wd/hub/session/f48b9f1e-45fc-433c-8440-58a47b2b4d05/element/75b22de3-b2f7-42b2-af6b-c7ce60767fb2/click] with body: {"element":"75b22de3-b2f7-42b2-af6b-c7ce60767fb2"}
[debug] &amp#27;[35m[WD Proxy]&amp#27;[39m Got response with status 200: {"sessionId":"f48b9f1e-45fc-433c-8440-58a47b2b4d05","value":null}
[debug] &amp#27;[35m[W3C (150697d2)]&amp#27;[39m Responding to client with driver.click() result: null
&amp#27;[35m[HTTP]&amp#27;[39m &amp#27;[37m<-- POST /wd/hub/session/150697d2-88ad-4621-9ba9-be0b626f0aad/element/75b22de3-b2f7-42b2-af6b-c7ce60767fb2/click &amp#27;[39m&amp#27;[32m200&amp#27;[39m &amp#27;[90m81 ms - 14&amp#27;[39m
&amp#27;[35m[HTTP]&amp#27;[39m &amp#27;[90m&amp#27;[39m
&amp#27;[35m[HTTP]&amp#27;[39m &amp#27;[37m-->&amp#27;[39m &amp#27;[37mGET&amp#27;[39m &amp#27;[37m/wd/hub/session/150697d2-88ad-4621-9ba9-be0b626f0aad/context&amp#27;[39m
&amp#27;[35m[HTTP]&amp#27;[39m &amp#27;[90m{}&amp#27;[39m
[debug] &amp#27;[35m[W3C (150697d2)]&amp#27;[39m Calling AppiumDriver.getCurrentContext() with args: ["150697d2-88ad-4621-9ba9-be0b626f0aad"]
[debug] &amp#27;[35m[W3C (150697d2)]&amp#27;[39m Responding to client with driver.getCurrentContext() result: "NATIVE_APP"
&amp#27;[35m[HTTP]&amp#27;[39m &amp#27;[37m<-- GET /wd/hub/session/150697d2-88ad-4621-9ba9-be0b626f0aad/context &amp#27;[39m&amp#27;[32m200&amp#27;[39m &amp#27;[90m2 ms - 22&amp#27;[39m
&amp#27;[35m[HTTP]&amp#27;[39m &amp#27;[90m&amp#27;[39m
&amp#27;[35m[HTTP]&amp#27;[39m &amp#27;[37m-->&amp#27;[39m &amp#27;[37mPOST&amp#27;[39m &amp#27;[37m/wd/hub/session/150697d2-88ad-4621-9ba9-be0b626f0aad/element&amp#27;[39m
&amp#27;[35m[HTTP]&amp#27;[39m &amp#27;[90m{"using":"id","value":"com.sec.android.app.popupcalculator:id/calc_edt_formula"}&amp#27;[39m
[debug] &amp#27;[35m[W3C (150697d2)]&amp#27;[39m Calling AppiumDriver.findElement() with args: ["id","com.sec.android.app.popupcalculator:id/calc_edt_formula","150697d2-88ad-4621-9ba9-be0b626f0aad"]
[debug] &amp#27;[35m[BaseDriver]&amp#27;[39m Valid locator strategies for this request: xpath, id, class name, accessibility id, -android uiautomator
[debug] &amp#27;[35m[BaseDriver]&amp#27;[39m Waiting up to 10000 ms for condition
[debug] &amp#27;[35m[WD Proxy]&amp#27;[39m Matched '/element' to command name 'findElement'
[debug] &amp#27;[35m[WD Proxy]&amp#27;[39m Proxying [POST /element] to [POST http://127.0.0.1:8220/wd/hub/session/f48b9f1e-45fc-433c-8440-58a47b2b4d05/element] with body: {"strategy":"id","selector":"com.sec.android.app.popupcalculator:id/calc_edt_formula","context":"","multiple":false}
[debug] &amp#27;[35m[WD Proxy]&amp#27;[39m Got response with status 200: {"sessionId":"f48b9f1e-45fc-433c-8440-58a47b2b4d05","value":{"ELEMENT":"f505a0f7-49ae-4b2b-8de7-bc5e5bbb163d","element-6066-11e4-a52e-4f735466cecf":"f505a0f7-49ae-4b2b-8de7-bc5e5bbb163d"}}
[debug] &amp#27;[35m[W3C (150697d2)]&amp#27;[39m Responding to client with driver.findElement() result: {"element-6066-11e4-a52e-4f735466cecf":"f505a0f7-49ae-4b2b-8de7-bc5e5bbb163d","ELEMENT":"f505a0f7-49ae-4b2b-8de7-bc5e5bbb163d"}
&amp#27;[35m[HTTP]&amp#27;[39m &amp#27;[37m<-- POST /wd/hub/session/150697d2-88ad-4621-9ba9-be0b626f0aad/element &amp#27;[39m&amp#27;[32m200&amp#27;[39m &amp#27;[90m617 ms - 137&amp#27;[39m
&amp#27;[35m[HTTP]&amp#27;[39m &amp#27;[90m&amp#27;[39m
&amp#27;[35m[HTTP]&amp#27;[39m &amp#27;[37m-->&amp#27;[39m &amp#27;[37mGET&amp#27;[39m &amp#27;[37m/wd/hub/session/150697d2-88ad-4621-9ba9-be0b626f0aad/element/f505a0f7-49ae-4b2b-8de7-bc5e5bbb163d/attribute/text&amp#27;[39m
&amp#27;[35m[HTTP]&amp#27;[39m &amp#27;[90m{}&amp#27;[39m
[debug] &amp#27;[35m[W3C (150697d2)]&amp#27;[39m Calling AppiumDriver.getAttribute() with args: ["text","f505a0f7-49ae-4b2b-8de7-bc5e5bbb163d","150697d2-88ad-4621-9ba9-be0b626f0aad"]
[debug] &amp#27;[35m[WD Proxy]&amp#27;[39m Matched '/element/f505a0f7-49ae-4b2b-8de7-bc5e5bbb163d/attribute/text' to command name 'getAttribute'
[debug] &amp#27;[35m[WD Proxy]&amp#27;[39m Proxying [GET /element/f505a0f7-49ae-4b2b-8de7-bc5e5bbb163d/attribute/text] to [GET http://127.0.0.1:8220/wd/hub/session/f48b9f1e-45fc-433c-8440-58a47b2b4d05/element/f505a0f7-49ae-4b2b-8de7-bc5e5bbb163d/attribute/text] with no body
[debug] &amp#27;[35m[WD Proxy]&amp#27;[39m Got response with status 200: {"sessionId":"f48b9f1e-45fc-433c-8440-58a47b2b4d05","value":"579"}
[debug] &amp#27;[35m[W3C (150697d2)]&amp#27;[39m Responding to client with driver.getAttribute() result: "579"
579
123+456
&amp#27;[35m[HTTP]&amp#27;[Ljava.lang.String;@77258e59
[39m579
 &amp#27;579
[TestData2
37m<-- GET /wd/hub/session/]]></system-out>
  </testcase>
</testsuite>