<?xml version="1.0" encoding="UTF-8"?>
<!-- Generated by org.testng.reporters.JUnitReportReporter -->
<testsuite skipped="0" hostname="Malini" name="MapAPI" tests="1" failures="0" timestamp="2020-12-12T18:19:57 AEST" time="5.429" errors="0">
  <testcase name="SerializeDeserialize" time="5.429" classname="MapAPI"/>
  <system-out/>
</testsuite> <!-- MapAPI -->
