<?xml version="1.0" encoding="UTF-8"?>
<!-- Generated by org.testng.reporters.JUnitReportReporter -->
<testsuite skipped="0" hostname="Malini" name="OAuth" tests="1" failures="0" timestamp="2020-12-12T10:18:55 AEST" time="5.464" errors="0">
  <testcase name="getIssue" time="5.464" classname="OAuth"/>
  <system-out/>
</testsuite> <!-- OAuth -->
