<?xml version="1.0" encoding="UTF-8"?>
<!-- Generated by org.testng.reporters.JUnitReportReporter -->
<testsuite skipped="0" hostname="Malini" name="GetResponseparse" tests="1" failures="0" timestamp="2020-12-07T12:50:40 AEST" time="9.199" errors="0">
  <testcase name="getIssue" time="9.199" classname="GetResponseparse"/>
  <system-out/>
</testsuite> <!-- GetResponseparse -->
