<?xml version="1.0" encoding="UTF-8"?>
<!-- Generated by org.testng.reporters.JUnitReportReporter -->
<testsuite skipped="0" hostname="Malini" name="DynamicPayload" tests="3" failures="0" timestamp="2020-12-03T09:57:37 AEST" time="10.170" errors="0">
  <testcase name="getPayloadDynamic" time="1.934" classname="DynamicPayload"/>
  <system-out/>
  <testcase name="getPayloadDynamic" time="2.408" classname="DynamicPayload"/>
  <system-out/>
  <testcase name="getPayloadDynamic" time="5.828" classname="DynamicPayload"/>
  <system-out/>
</testsuite> <!-- DynamicPayload -->
