<?xml version="1.0" encoding="UTF-8"?>
<!-- Generated by org.testng.reporters.JUnitReportReporter -->
<testsuite skipped="0" hostname="Malini" name="FilterSession" tests="1" failures="0" timestamp="2020-12-07T09:31:56 AEST" time="7.108" errors="0">
  <testcase name="createIssue" time="7.108" classname="FilterSession"/>
  <system-out/>
</testsuite> <!-- FilterSession -->
