<?xml version="1.0" encoding="UTF-8"?>
<!-- Generated by org.testng.reporters.JUnitReportReporter -->
<testsuite skipped="0" hostname="Malini" name="MapAPISpecBuilder" tests="1" failures="0" timestamp="2020-12-12T18:51:25 AEST" time="5.479" errors="0">
  <testcase name="SerializeDeserialize" time="5.479" classname="MapAPISpecBuilder"/>
  <system-out/>
</testsuite> <!-- MapAPISpecBuilder -->
