<?xml version="1.0" encoding="UTF-8"?>
<!-- Generated by org.testng.reporters.JUnitReportReporter -->
<testsuite skipped="0" hostname="Malini" name="JIRA" tests="1" failures="0" timestamp="2020-12-06T22:00:12 AEST" time="5.204" errors="0">
  <testcase name="createIssue" time="5.204" classname="JIRA"/>
  <system-out/>
</testsuite> <!-- JIRA -->
