<?xml version="1.0" encoding="UTF-8"?>
<!-- Generated by org.testng.reporters.JUnitReportReporter -->
<testsuite skipped="0" hostname="Malini" name="JsonParse" tests="1" failures="0" timestamp="2020-12-02T21:17:01 AEST" time="2.396" errors="0">
  <testcase name="testCase1" time="2.396" classname="JsonParse"/>
  <system-out/>
</testsuite> <!-- JsonParse -->
