<?xml version="1.0" encoding="UTF-8"?>
<!-- Generated by org.testng.reporters.JUnitReportReporter -->
<testsuite skipped="0" hostname="Malini" name="Java.Framework.MobileCalculatorTestScenarios" tests="2" failures="0" timestamp="26 Dec 2020 05:27:55 GMT" time="23.959" errors="0">
  <testcase name="writeMobileCalculatorTestScenarios" time="13.299" classname="Java.Framework.MobileCalculatorTestScenarios"/>
  <testcase name="writeMobileCalculatorTestScenarios" time="10.660" classname="Java.Framework.MobileCalculatorTestScenarios"/>
</testsuite> <!-- Java.Framework.MobileCalculatorTestScenarios -->
