<?xml version="1.0" encoding="UTF-8"?>
<!-- Generated by org.testng.reporters.JUnitReportReporter -->
<testsuite skipped="0" hostname="Malini" name="Java.Framework.MobileCalculatorTestScenarios" tests="2" failures="0" timestamp="26 Dec 2020 03:43:25 GMT" time="12.411" errors="0">
  <testcase name="writeMobileCalculatorTestScenarios" time="6.667" classname="Java.Framework.MobileCalculatorTestScenarios"/>
  <testcase name="writeMobileCalculatorTestScenarios" time="5.744" classname="Java.Framework.MobileCalculatorTestScenarios"/>
</testsuite> <!-- Java.Framework.MobileCalculatorTestScenarios -->
