<?xml version="1.0" encoding="UTF-8"?>
<!-- Generated by org.testng.reporters.JUnitReportReporter -->
<testsuite skipped="0" hostname="Malini" name="Java.Framework.MobileCalculatorTestScenarios" tests="2" failures="0" timestamp="26 Dec 2020 09:34:32 GMT" time="14.948" errors="0">
  <testcase name="writeMobileCalculatorTestScenarios" time="7.766" classname="Java.Framework.MobileCalculatorTestScenarios"/>
  <testcase name="writeMobileCalculatorTestScenarios" time="7.182" classname="Java.Framework.MobileCalculatorTestScenarios"/>
</testsuite> <!-- Java.Framework.MobileCalculatorTestScenarios -->
